2025-06-04 14:48:24,970 [Worker-6: Loading available Gradle versions] INFO  o.e.b.c.i.u.g.PublishedGradleVersions - Gradle version information cache is not available. Remote download required.
2025-06-04 14:52:49,362 [Worker-19: Launching mavenrun-3f2892ab-e51c-4851-a366-9b14770e0ee3] INFO  o.eclipse.m2e.core.internal.Bundles - getClasspathEntries(Bundle=org.eclipse.m2e.maven.runtime_3.9.900.20250220-2013 [637])
2025-06-04 14:52:49,365 [Worker-19: Launching mavenrun-3f2892ab-e51c-4851-a366-9b14770e0ee3] INFO  o.eclipse.m2e.core.internal.Bundles - 	Entry: C:\Users\satyaprakashm\.p2\pool\plugins\org.eclipse.m2e.maven.runtime_3.9.900.20250220-2013
2025-06-04 14:52:49,366 [Worker-19: Launching mavenrun-3f2892ab-e51c-4851-a366-9b14770e0ee3] INFO  o.eclipse.m2e.core.internal.Bundles - 	Entry: C:\Users\satyaprakashm\.p2\pool\plugins\org.eclipse.m2e.maven.runtime_3.9.900.20250220-2013\jars\aopalliance-1.0.jar
2025-06-04 14:52:49,366 [Worker-19: Launching mavenrun-3f2892ab-e51c-4851-a366-9b14770e0ee3] INFO  o.eclipse.m2e.core.internal.Bundles - 	Entry: C:\Users\satyaprakashm\.p2\pool\plugins\org.eclipse.m2e.maven.runtime_3.9.900.20250220-2013\jars\guice-5.1.0.jar
2025-06-04 14:52:49,367 [Worker-19: Launching mavenrun-3f2892ab-e51c-4851-a366-9b14770e0ee3] INFO  o.eclipse.m2e.core.internal.Bundles - 	Entry: C:\Users\satyaprakashm\.p2\pool\plugins\org.eclipse.m2e.maven.runtime_3.9.900.20250220-2013\jars\httpclient-4.5.14.jar
2025-06-04 14:52:49,367 [Worker-19: Launching mavenrun-3f2892ab-e51c-4851-a366-9b14770e0ee3] INFO  o.eclipse.m2e.core.internal.Bundles - 	Entry: C:\Users\satyaprakashm\.p2\pool\plugins\org.eclipse.m2e.maven.runtime_3.9.900.20250220-2013\jars\httpcore-4.4.16.jar
2025-06-04 14:52:49,367 [Worker-19: Launching mavenrun-3f2892ab-e51c-4851-a366-9b14770e0ee3] INFO  o.eclipse.m2e.core.internal.Bundles - 	Entry: C:\Users\satyaprakashm\.p2\pool\plugins\org.eclipse.m2e.maven.runtime_3.9.900.20250220-2013\jars\jansi-2.4.1.jar
2025-06-04 14:52:49,368 [Worker-19: Launching mavenrun-3f2892ab-e51c-4851-a366-9b14770e0ee3] INFO  o.eclipse.m2e.core.internal.Bundles - 	Entry: C:\Users\satyaprakashm\.p2\pool\plugins\org.eclipse.m2e.maven.runtime_3.9.900.20250220-2013\jars\jcl-over-slf4j-1.7.36.jar
2025-06-04 14:52:49,368 [Worker-19: Launching mavenrun-3f2892ab-e51c-4851-a366-9b14770e0ee3] INFO  o.eclipse.m2e.core.internal.Bundles - 	Entry: C:\Users\satyaprakashm\.p2\pool\plugins\org.eclipse.m2e.maven.runtime_3.9.900.20250220-2013\jars\maven-artifact-3.9.9.jar
2025-06-04 14:52:49,369 [Worker-19: Launching mavenrun-3f2892ab-e51c-4851-a366-9b14770e0ee3] INFO  o.eclipse.m2e.core.internal.Bundles - 	Entry: C:\Users\satyaprakashm\.p2\pool\plugins\org.eclipse.m2e.maven.runtime_3.9.900.20250220-2013\jars\maven-builder-support-3.9.9.jar
2025-06-04 14:52:49,369 [Worker-19: Launching mavenrun-3f2892ab-e51c-4851-a366-9b14770e0ee3] INFO  o.eclipse.m2e.core.internal.Bundles - 	Entry: C:\Users\satyaprakashm\.p2\pool\plugins\org.eclipse.m2e.maven.runtime_3.9.900.20250220-2013\jars\maven-compat-3.9.9.jar
2025-06-04 14:52:49,369 [Worker-19: Launching mavenrun-3f2892ab-e51c-4851-a366-9b14770e0ee3] INFO  o.eclipse.m2e.core.internal.Bundles - 	Entry: C:\Users\satyaprakashm\.p2\pool\plugins\org.eclipse.m2e.maven.runtime_3.9.900.20250220-2013\jars\maven-core-3.9.9.jar
2025-06-04 14:52:49,369 [Worker-19: Launching mavenrun-3f2892ab-e51c-4851-a366-9b14770e0ee3] INFO  o.eclipse.m2e.core.internal.Bundles - 	Entry: C:\Users\satyaprakashm\.p2\pool\plugins\org.eclipse.m2e.maven.runtime_3.9.900.20250220-2013\jars\maven-embedder-3.9.9.jar
2025-06-04 14:52:49,369 [Worker-19: Launching mavenrun-3f2892ab-e51c-4851-a366-9b14770e0ee3] INFO  o.eclipse.m2e.core.internal.Bundles - 	Entry: C:\Users\satyaprakashm\.p2\pool\plugins\org.eclipse.m2e.maven.runtime_3.9.900.20250220-2013\jars\maven-model-3.9.9.jar
2025-06-04 14:52:49,369 [Worker-19: Launching mavenrun-3f2892ab-e51c-4851-a366-9b14770e0ee3] INFO  o.eclipse.m2e.core.internal.Bundles - 	Entry: C:\Users\satyaprakashm\.p2\pool\plugins\org.eclipse.m2e.maven.runtime_3.9.900.20250220-2013\jars\maven-model-builder-3.9.9.jar
2025-06-04 14:52:49,369 [Worker-19: Launching mavenrun-3f2892ab-e51c-4851-a366-9b14770e0ee3] INFO  o.eclipse.m2e.core.internal.Bundles - 	Entry: C:\Users\satyaprakashm\.p2\pool\plugins\org.eclipse.m2e.maven.runtime_3.9.900.20250220-2013\jars\maven-plugin-api-3.9.9.jar
2025-06-04 14:52:49,371 [Worker-19: Launching mavenrun-3f2892ab-e51c-4851-a366-9b14770e0ee3] INFO  o.eclipse.m2e.core.internal.Bundles - 	Entry: C:\Users\satyaprakashm\.p2\pool\plugins\org.eclipse.m2e.maven.runtime_3.9.900.20250220-2013\jars\maven-repository-metadata-3.9.9.jar
2025-06-04 14:52:49,371 [Worker-19: Launching mavenrun-3f2892ab-e51c-4851-a366-9b14770e0ee3] INFO  o.eclipse.m2e.core.internal.Bundles - 	Entry: C:\Users\satyaprakashm\.p2\pool\plugins\org.eclipse.m2e.maven.runtime_3.9.900.20250220-2013\jars\maven-resolver-api-1.9.22.jar
2025-06-04 14:52:49,371 [Worker-19: Launching mavenrun-3f2892ab-e51c-4851-a366-9b14770e0ee3] INFO  o.eclipse.m2e.core.internal.Bundles - 	Entry: C:\Users\satyaprakashm\.p2\pool\plugins\org.eclipse.m2e.maven.runtime_3.9.900.20250220-2013\jars\maven-resolver-connector-basic-1.9.22.jar
2025-06-04 14:52:49,371 [Worker-19: Launching mavenrun-3f2892ab-e51c-4851-a366-9b14770e0ee3] INFO  o.eclipse.m2e.core.internal.Bundles - 	Entry: C:\Users\satyaprakashm\.p2\pool\plugins\org.eclipse.m2e.maven.runtime_3.9.900.20250220-2013\jars\maven-resolver-impl-1.9.22.jar
2025-06-04 14:52:49,371 [Worker-19: Launching mavenrun-3f2892ab-e51c-4851-a366-9b14770e0ee3] INFO  o.eclipse.m2e.core.internal.Bundles - 	Entry: C:\Users\satyaprakashm\.p2\pool\plugins\org.eclipse.m2e.maven.runtime_3.9.900.20250220-2013\jars\maven-resolver-named-locks-1.9.22.jar
2025-06-04 14:52:49,371 [Worker-19: Launching mavenrun-3f2892ab-e51c-4851-a366-9b14770e0ee3] INFO  o.eclipse.m2e.core.internal.Bundles - 	Entry: C:\Users\satyaprakashm\.p2\pool\plugins\org.eclipse.m2e.maven.runtime_3.9.900.20250220-2013\jars\maven-resolver-provider-3.9.9.jar
2025-06-04 14:52:49,371 [Worker-19: Launching mavenrun-3f2892ab-e51c-4851-a366-9b14770e0ee3] INFO  o.eclipse.m2e.core.internal.Bundles - 	Entry: C:\Users\satyaprakashm\.p2\pool\plugins\org.eclipse.m2e.maven.runtime_3.9.900.20250220-2013\jars\maven-resolver-spi-1.9.22.jar
2025-06-04 14:52:49,371 [Worker-19: Launching mavenrun-3f2892ab-e51c-4851-a366-9b14770e0ee3] INFO  o.eclipse.m2e.core.internal.Bundles - 	Entry: C:\Users\satyaprakashm\.p2\pool\plugins\org.eclipse.m2e.maven.runtime_3.9.900.20250220-2013\jars\maven-resolver-transport-file-1.9.22.jar
2025-06-04 14:52:49,373 [Worker-19: Launching mavenrun-3f2892ab-e51c-4851-a366-9b14770e0ee3] INFO  o.eclipse.m2e.core.internal.Bundles - 	Entry: C:\Users\satyaprakashm\.p2\pool\plugins\org.eclipse.m2e.maven.runtime_3.9.900.20250220-2013\jars\maven-resolver-transport-http-1.9.22.jar
2025-06-04 14:52:49,373 [Worker-19: Launching mavenrun-3f2892ab-e51c-4851-a366-9b14770e0ee3] INFO  o.eclipse.m2e.core.internal.Bundles - 	Entry: C:\Users\satyaprakashm\.p2\pool\plugins\org.eclipse.m2e.maven.runtime_3.9.900.20250220-2013\jars\maven-resolver-transport-wagon-1.9.22.jar
2025-06-04 14:52:49,373 [Worker-19: Launching mavenrun-3f2892ab-e51c-4851-a366-9b14770e0ee3] INFO  o.eclipse.m2e.core.internal.Bundles - 	Entry: C:\Users\satyaprakashm\.p2\pool\plugins\org.eclipse.m2e.maven.runtime_3.9.900.20250220-2013\jars\maven-resolver-util-1.9.22.jar
2025-06-04 14:52:49,373 [Worker-19: Launching mavenrun-3f2892ab-e51c-4851-a366-9b14770e0ee3] INFO  o.eclipse.m2e.core.internal.Bundles - 	Entry: C:\Users\satyaprakashm\.p2\pool\plugins\org.eclipse.m2e.maven.runtime_3.9.900.20250220-2013\jars\maven-settings-3.9.9.jar
2025-06-04 14:52:49,373 [Worker-19: Launching mavenrun-3f2892ab-e51c-4851-a366-9b14770e0ee3] INFO  o.eclipse.m2e.core.internal.Bundles - 	Entry: C:\Users\satyaprakashm\.p2\pool\plugins\org.eclipse.m2e.maven.runtime_3.9.900.20250220-2013\jars\maven-settings-builder-3.9.9.jar
2025-06-04 14:52:49,373 [Worker-19: Launching mavenrun-3f2892ab-e51c-4851-a366-9b14770e0ee3] INFO  o.eclipse.m2e.core.internal.Bundles - 	Entry: C:\Users\satyaprakashm\.p2\pool\plugins\org.eclipse.m2e.maven.runtime_3.9.900.20250220-2013\jars\maven-shared-utils-3.4.2.jar
2025-06-04 14:52:49,373 [Worker-19: Launching mavenrun-3f2892ab-e51c-4851-a366-9b14770e0ee3] INFO  o.eclipse.m2e.core.internal.Bundles - 	Entry: C:\Users\satyaprakashm\.p2\pool\plugins\org.eclipse.m2e.maven.runtime_3.9.900.20250220-2013\jars\org.eclipse.sisu.inject-0.9.0.M3.jar
2025-06-04 14:52:49,375 [Worker-19: Launching mavenrun-3f2892ab-e51c-4851-a366-9b14770e0ee3] INFO  o.eclipse.m2e.core.internal.Bundles - 	Entry: C:\Users\satyaprakashm\.p2\pool\plugins\org.eclipse.m2e.maven.runtime_3.9.900.20250220-2013\jars\org.eclipse.sisu.plexus-0.9.0.M3.jar
2025-06-04 14:52:49,375 [Worker-19: Launching mavenrun-3f2892ab-e51c-4851-a366-9b14770e0ee3] INFO  o.eclipse.m2e.core.internal.Bundles - 	Entry: C:\Users\satyaprakashm\.p2\pool\plugins\org.eclipse.m2e.maven.runtime_3.9.900.20250220-2013\jars\plexus-build-api-0.0.7.jar
2025-06-04 14:52:49,375 [Worker-19: Launching mavenrun-3f2892ab-e51c-4851-a366-9b14770e0ee3] INFO  o.eclipse.m2e.core.internal.Bundles - 	Entry: C:\Users\satyaprakashm\.p2\pool\plugins\org.eclipse.m2e.maven.runtime_3.9.900.20250220-2013\jars\plexus-build-api-1.2.0.jar
2025-06-04 14:52:49,375 [Worker-19: Launching mavenrun-3f2892ab-e51c-4851-a366-9b14770e0ee3] INFO  o.eclipse.m2e.core.internal.Bundles - 	Entry: C:\Users\satyaprakashm\.p2\pool\plugins\org.eclipse.m2e.maven.runtime_3.9.900.20250220-2013\jars\plexus-cipher-2.0.jar
2025-06-04 14:52:49,375 [Worker-19: Launching mavenrun-3f2892ab-e51c-4851-a366-9b14770e0ee3] INFO  o.eclipse.m2e.core.internal.Bundles - 	Entry: C:\Users\satyaprakashm\.p2\pool\plugins\org.eclipse.m2e.maven.runtime_3.9.900.20250220-2013\jars\plexus-classworlds-2.8.0.jar
2025-06-04 14:52:49,375 [Worker-19: Launching mavenrun-3f2892ab-e51c-4851-a366-9b14770e0ee3] INFO  o.eclipse.m2e.core.internal.Bundles - 	Entry: C:\Users\satyaprakashm\.p2\pool\plugins\org.eclipse.m2e.maven.runtime_3.9.900.20250220-2013\jars\plexus-component-annotations-2.1.0.jar
2025-06-04 14:52:49,375 [Worker-19: Launching mavenrun-3f2892ab-e51c-4851-a366-9b14770e0ee3] INFO  o.eclipse.m2e.core.internal.Bundles - 	Entry: C:\Users\satyaprakashm\.p2\pool\plugins\org.eclipse.m2e.maven.runtime_3.9.900.20250220-2013\jars\plexus-interpolation-1.27.jar
2025-06-04 14:52:49,375 [Worker-19: Launching mavenrun-3f2892ab-e51c-4851-a366-9b14770e0ee3] INFO  o.eclipse.m2e.core.internal.Bundles - 	Entry: C:\Users\satyaprakashm\.p2\pool\plugins\org.eclipse.m2e.maven.runtime_3.9.900.20250220-2013\jars\plexus-sec-dispatcher-2.0.jar
2025-06-04 14:52:49,375 [Worker-19: Launching mavenrun-3f2892ab-e51c-4851-a366-9b14770e0ee3] INFO  o.eclipse.m2e.core.internal.Bundles - 	Entry: C:\Users\satyaprakashm\.p2\pool\plugins\org.eclipse.m2e.maven.runtime_3.9.900.20250220-2013\jars\plexus-utils-3.5.1.jar
2025-06-04 14:52:49,375 [Worker-19: Launching mavenrun-3f2892ab-e51c-4851-a366-9b14770e0ee3] INFO  o.eclipse.m2e.core.internal.Bundles - 	Entry: C:\Users\satyaprakashm\.p2\pool\plugins\org.eclipse.m2e.maven.runtime_3.9.900.20250220-2013\jars\plexus-xml-3.0.1.jar
2025-06-04 14:52:49,375 [Worker-19: Launching mavenrun-3f2892ab-e51c-4851-a366-9b14770e0ee3] INFO  o.eclipse.m2e.core.internal.Bundles - 	Entry: C:\Users\satyaprakashm\.p2\pool\plugins\org.eclipse.m2e.maven.runtime_3.9.900.20250220-2013\jars\wagon-file-3.5.3.jar
2025-06-04 14:52:49,375 [Worker-19: Launching mavenrun-3f2892ab-e51c-4851-a366-9b14770e0ee3] INFO  o.eclipse.m2e.core.internal.Bundles - 	Entry: C:\Users\satyaprakashm\.p2\pool\plugins\org.eclipse.m2e.maven.runtime_3.9.900.20250220-2013\jars\wagon-http-3.5.3.jar
2025-06-04 14:52:49,375 [Worker-19: Launching mavenrun-3f2892ab-e51c-4851-a366-9b14770e0ee3] INFO  o.eclipse.m2e.core.internal.Bundles - 	Entry: C:\Users\satyaprakashm\.p2\pool\plugins\org.eclipse.m2e.maven.runtime_3.9.900.20250220-2013\jars\wagon-http-shared-3.5.3.jar
2025-06-04 14:52:49,375 [Worker-19: Launching mavenrun-3f2892ab-e51c-4851-a366-9b14770e0ee3] INFO  o.eclipse.m2e.core.internal.Bundles - 	Entry: C:\Users\satyaprakashm\.p2\pool\plugins\org.eclipse.m2e.maven.runtime_3.9.900.20250220-2013\jars\wagon-provider-api-3.5.3.jar
2025-06-04 14:52:49,375 [Worker-19: Launching mavenrun-3f2892ab-e51c-4851-a366-9b14770e0ee3] INFO  o.eclipse.m2e.core.internal.Bundles - getClasspathEntries(Bundle=com.google.guava_33.4.6.jre [16])
2025-06-04 14:52:49,375 [Worker-19: Launching mavenrun-3f2892ab-e51c-4851-a366-9b14770e0ee3] INFO  o.eclipse.m2e.core.internal.Bundles - 	Entry: C:\Users\satyaprakashm\.p2\pool\plugins\com.google.guava_33.4.6.jre.jar
2025-06-04 14:52:49,375 [Worker-19: Launching mavenrun-3f2892ab-e51c-4851-a366-9b14770e0ee3] INFO  o.eclipse.m2e.core.internal.Bundles - getClasspathEntries(Bundle=slf4j.api_2.0.17 [1004])
2025-06-04 14:52:49,375 [Worker-19: Launching mavenrun-3f2892ab-e51c-4851-a366-9b14770e0ee3] INFO  o.eclipse.m2e.core.internal.Bundles - 	Entry: C:\Users\satyaprakashm\.p2\pool\plugins\slf4j.api_2.0.17.jar
2025-06-04 14:52:49,375 [Worker-19: Launching mavenrun-3f2892ab-e51c-4851-a366-9b14770e0ee3] INFO  o.eclipse.m2e.core.internal.Bundles - getClasspathEntries(Bundle=javax.inject_1.0.0.v20220405-0441 [1014])
2025-06-04 14:52:49,375 [Worker-19: Launching mavenrun-3f2892ab-e51c-4851-a366-9b14770e0ee3] INFO  o.eclipse.m2e.core.internal.Bundles - 	Entry: C:\Users\satyaprakashm\.p2\pool\plugins\javax.inject_1.0.0.v20220405-0441.jar
2025-06-04 14:52:49,375 [Worker-19: Launching mavenrun-3f2892ab-e51c-4851-a366-9b14770e0ee3] INFO  o.eclipse.m2e.core.internal.Bundles - getClasspathEntries(Bundle=javax.annotation_1.3.5.v20230504-0748 [1013])
2025-06-04 14:52:49,375 [Worker-19: Launching mavenrun-3f2892ab-e51c-4851-a366-9b14770e0ee3] INFO  o.eclipse.m2e.core.internal.Bundles - 	Entry: C:\Users\satyaprakashm\.p2\pool\plugins\javax.annotation_1.3.5.v20230504-0748.jar
2025-06-04 14:52:49,375 [Worker-19: Launching mavenrun-3f2892ab-e51c-4851-a366-9b14770e0ee3] INFO  o.eclipse.m2e.core.internal.Bundles - getClasspathEntries(Bundle=org.apache.commons.cli_1.9.0 [74])
2025-06-04 14:52:49,375 [Worker-19: Launching mavenrun-3f2892ab-e51c-4851-a366-9b14770e0ee3] INFO  o.eclipse.m2e.core.internal.Bundles - 	Entry: C:\Users\satyaprakashm\.p2\pool\plugins\org.apache.commons.cli_1.9.0.jar
2025-06-04 14:52:49,375 [Worker-19: Launching mavenrun-3f2892ab-e51c-4851-a366-9b14770e0ee3] INFO  o.eclipse.m2e.core.internal.Bundles - getClasspathEntries(Bundle=org.apache.commons.commons-codec_1.16.0 [76])
2025-06-04 14:52:49,375 [Worker-19: Launching mavenrun-3f2892ab-e51c-4851-a366-9b14770e0ee3] INFO  o.eclipse.m2e.core.internal.Bundles - 	Entry: C:\Users\satyaprakashm\.p2\pool\plugins\org.apache.commons.commons-codec_1.16.0.jar
2025-06-04 14:52:49,375 [Worker-19: Launching mavenrun-3f2892ab-e51c-4851-a366-9b14770e0ee3] INFO  o.eclipse.m2e.core.internal.Bundles - getClasspathEntries(Bundle=com.google.guava.failureaccess_1.0.3 [17])
2025-06-04 14:52:49,375 [Worker-19: Launching mavenrun-3f2892ab-e51c-4851-a366-9b14770e0ee3] INFO  o.eclipse.m2e.core.internal.Bundles - 	Entry: C:\Users\satyaprakashm\.p2\pool\plugins\com.google.guava.failureaccess_1.0.3.jar
2025-06-04 14:52:49,388 [Worker-19: Launching mavenrun-3f2892ab-e51c-4851-a366-9b14770e0ee3] INFO  o.e.m.i.launch.MavenLaunchDelegate - Run build in "C:\Users\SATYAP~1\AppData\Local\Temp\m2e-archetypeGenerator10056462629640102450":
2025-06-04 14:52:49,390 [Worker-19: Launching mavenrun-3f2892ab-e51c-4851-a366-9b14770e0ee3] INFO  o.e.m.i.launch.MavenLaunchDelegate -  mvn  -DarchetypeGroupId=de.bripkens -DarchetypeArtifactId=java-quickstart -DarchetypeVersion=0.2.0 -DgroupId=Infinite -DartifactId=Lms -Dversion=0.0.1-SNAPSHOT -Dpackage=com.java.lms -DoutputDirectory="C:\Java Training\LMS" -Dstyle.color=always -U archetype:generate
2025-06-04 14:53:34,519 [Worker-22: Launching mavenrun-ad0b2313-648b-4c16-810f-28c16b8be807] INFO  o.eclipse.m2e.core.internal.Bundles - getClasspathEntries(Bundle=org.eclipse.m2e.maven.runtime_3.9.900.20250220-2013 [637])
2025-06-04 14:53:34,520 [Worker-22: Launching mavenrun-ad0b2313-648b-4c16-810f-28c16b8be807] INFO  o.eclipse.m2e.core.internal.Bundles - 	Entry: C:\Users\satyaprakashm\.p2\pool\plugins\org.eclipse.m2e.maven.runtime_3.9.900.20250220-2013
2025-06-04 14:53:34,521 [Worker-22: Launching mavenrun-ad0b2313-648b-4c16-810f-28c16b8be807] INFO  o.eclipse.m2e.core.internal.Bundles - 	Entry: C:\Users\satyaprakashm\.p2\pool\plugins\org.eclipse.m2e.maven.runtime_3.9.900.20250220-2013\jars\aopalliance-1.0.jar
2025-06-04 14:53:34,522 [Worker-22: Launching mavenrun-ad0b2313-648b-4c16-810f-28c16b8be807] INFO  o.eclipse.m2e.core.internal.Bundles - 	Entry: C:\Users\satyaprakashm\.p2\pool\plugins\org.eclipse.m2e.maven.runtime_3.9.900.20250220-2013\jars\guice-5.1.0.jar
2025-06-04 14:53:34,523 [Worker-22: Launching mavenrun-ad0b2313-648b-4c16-810f-28c16b8be807] INFO  o.eclipse.m2e.core.internal.Bundles - 	Entry: C:\Users\satyaprakashm\.p2\pool\plugins\org.eclipse.m2e.maven.runtime_3.9.900.20250220-2013\jars\httpclient-4.5.14.jar
2025-06-04 14:53:34,523 [Worker-22: Launching mavenrun-ad0b2313-648b-4c16-810f-28c16b8be807] INFO  o.eclipse.m2e.core.internal.Bundles - 	Entry: C:\Users\satyaprakashm\.p2\pool\plugins\org.eclipse.m2e.maven.runtime_3.9.900.20250220-2013\jars\httpcore-4.4.16.jar
2025-06-04 14:53:34,524 [Worker-22: Launching mavenrun-ad0b2313-648b-4c16-810f-28c16b8be807] INFO  o.eclipse.m2e.core.internal.Bundles - 	Entry: C:\Users\satyaprakashm\.p2\pool\plugins\org.eclipse.m2e.maven.runtime_3.9.900.20250220-2013\jars\jansi-2.4.1.jar
2025-06-04 14:53:34,524 [Worker-22: Launching mavenrun-ad0b2313-648b-4c16-810f-28c16b8be807] INFO  o.eclipse.m2e.core.internal.Bundles - 	Entry: C:\Users\satyaprakashm\.p2\pool\plugins\org.eclipse.m2e.maven.runtime_3.9.900.20250220-2013\jars\jcl-over-slf4j-1.7.36.jar
2025-06-04 14:53:34,524 [Worker-22: Launching mavenrun-ad0b2313-648b-4c16-810f-28c16b8be807] INFO  o.eclipse.m2e.core.internal.Bundles - 	Entry: C:\Users\satyaprakashm\.p2\pool\plugins\org.eclipse.m2e.maven.runtime_3.9.900.20250220-2013\jars\maven-artifact-3.9.9.jar
2025-06-04 14:53:34,525 [Worker-22: Launching mavenrun-ad0b2313-648b-4c16-810f-28c16b8be807] INFO  o.eclipse.m2e.core.internal.Bundles - 	Entry: C:\Users\satyaprakashm\.p2\pool\plugins\org.eclipse.m2e.maven.runtime_3.9.900.20250220-2013\jars\maven-builder-support-3.9.9.jar
2025-06-04 14:53:34,525 [Worker-22: Launching mavenrun-ad0b2313-648b-4c16-810f-28c16b8be807] INFO  o.eclipse.m2e.core.internal.Bundles - 	Entry: C:\Users\satyaprakashm\.p2\pool\plugins\org.eclipse.m2e.maven.runtime_3.9.900.20250220-2013\jars\maven-compat-3.9.9.jar
2025-06-04 14:53:34,525 [Worker-22: Launching mavenrun-ad0b2313-648b-4c16-810f-28c16b8be807] INFO  o.eclipse.m2e.core.internal.Bundles - 	Entry: C:\Users\satyaprakashm\.p2\pool\plugins\org.eclipse.m2e.maven.runtime_3.9.900.20250220-2013\jars\maven-core-3.9.9.jar
2025-06-04 14:53:34,525 [Worker-22: Launching mavenrun-ad0b2313-648b-4c16-810f-28c16b8be807] INFO  o.eclipse.m2e.core.internal.Bundles - 	Entry: C:\Users\satyaprakashm\.p2\pool\plugins\org.eclipse.m2e.maven.runtime_3.9.900.20250220-2013\jars\maven-embedder-3.9.9.jar
2025-06-04 14:53:34,525 [Worker-22: Launching mavenrun-ad0b2313-648b-4c16-810f-28c16b8be807] INFO  o.eclipse.m2e.core.internal.Bundles - 	Entry: C:\Users\satyaprakashm\.p2\pool\plugins\org.eclipse.m2e.maven.runtime_3.9.900.20250220-2013\jars\maven-model-3.9.9.jar
2025-06-04 14:53:34,525 [Worker-22: Launching mavenrun-ad0b2313-648b-4c16-810f-28c16b8be807] INFO  o.eclipse.m2e.core.internal.Bundles - 	Entry: C:\Users\satyaprakashm\.p2\pool\plugins\org.eclipse.m2e.maven.runtime_3.9.900.20250220-2013\jars\maven-model-builder-3.9.9.jar
2025-06-04 14:53:34,526 [Worker-22: Launching mavenrun-ad0b2313-648b-4c16-810f-28c16b8be807] INFO  o.eclipse.m2e.core.internal.Bundles - 	Entry: C:\Users\satyaprakashm\.p2\pool\plugins\org.eclipse.m2e.maven.runtime_3.9.900.20250220-2013\jars\maven-plugin-api-3.9.9.jar
2025-06-04 14:53:34,526 [Worker-22: Launching mavenrun-ad0b2313-648b-4c16-810f-28c16b8be807] INFO  o.eclipse.m2e.core.internal.Bundles - 	Entry: C:\Users\satyaprakashm\.p2\pool\plugins\org.eclipse.m2e.maven.runtime_3.9.900.20250220-2013\jars\maven-repository-metadata-3.9.9.jar
2025-06-04 14:53:34,528 [Worker-22: Launching mavenrun-ad0b2313-648b-4c16-810f-28c16b8be807] INFO  o.eclipse.m2e.core.internal.Bundles - 	Entry: C:\Users\satyaprakashm\.p2\pool\plugins\org.eclipse.m2e.maven.runtime_3.9.900.20250220-2013\jars\maven-resolver-api-1.9.22.jar
2025-06-04 14:53:34,528 [Worker-22: Launching mavenrun-ad0b2313-648b-4c16-810f-28c16b8be807] INFO  o.eclipse.m2e.core.internal.Bundles - 	Entry: C:\Users\satyaprakashm\.p2\pool\plugins\org.eclipse.m2e.maven.runtime_3.9.900.20250220-2013\jars\maven-resolver-connector-basic-1.9.22.jar
2025-06-04 14:53:34,529 [Worker-22: Launching mavenrun-ad0b2313-648b-4c16-810f-28c16b8be807] INFO  o.eclipse.m2e.core.internal.Bundles - 	Entry: C:\Users\satyaprakashm\.p2\pool\plugins\org.eclipse.m2e.maven.runtime_3.9.900.20250220-2013\jars\maven-resolver-impl-1.9.22.jar
2025-06-04 14:53:34,530 [Worker-22: Launching mavenrun-ad0b2313-648b-4c16-810f-28c16b8be807] INFO  o.eclipse.m2e.core.internal.Bundles - 	Entry: C:\Users\satyaprakashm\.p2\pool\plugins\org.eclipse.m2e.maven.runtime_3.9.900.20250220-2013\jars\maven-resolver-named-locks-1.9.22.jar
2025-06-04 14:53:34,530 [Worker-22: Launching mavenrun-ad0b2313-648b-4c16-810f-28c16b8be807] INFO  o.eclipse.m2e.core.internal.Bundles - 	Entry: C:\Users\satyaprakashm\.p2\pool\plugins\org.eclipse.m2e.maven.runtime_3.9.900.20250220-2013\jars\maven-resolver-provider-3.9.9.jar
2025-06-04 14:53:34,530 [Worker-22: Launching mavenrun-ad0b2313-648b-4c16-810f-28c16b8be807] INFO  o.eclipse.m2e.core.internal.Bundles - 	Entry: C:\Users\satyaprakashm\.p2\pool\plugins\org.eclipse.m2e.maven.runtime_3.9.900.20250220-2013\jars\maven-resolver-spi-1.9.22.jar
2025-06-04 14:53:34,531 [Worker-22: Launching mavenrun-ad0b2313-648b-4c16-810f-28c16b8be807] INFO  o.eclipse.m2e.core.internal.Bundles - 	Entry: C:\Users\satyaprakashm\.p2\pool\plugins\org.eclipse.m2e.maven.runtime_3.9.900.20250220-2013\jars\maven-resolver-transport-file-1.9.22.jar
2025-06-04 14:53:34,531 [Worker-22: Launching mavenrun-ad0b2313-648b-4c16-810f-28c16b8be807] INFO  o.eclipse.m2e.core.internal.Bundles - 	Entry: C:\Users\satyaprakashm\.p2\pool\plugins\org.eclipse.m2e.maven.runtime_3.9.900.20250220-2013\jars\maven-resolver-transport-http-1.9.22.jar
2025-06-04 14:53:34,531 [Worker-22: Launching mavenrun-ad0b2313-648b-4c16-810f-28c16b8be807] INFO  o.eclipse.m2e.core.internal.Bundles - 	Entry: C:\Users\satyaprakashm\.p2\pool\plugins\org.eclipse.m2e.maven.runtime_3.9.900.20250220-2013\jars\maven-resolver-transport-wagon-1.9.22.jar
2025-06-04 14:53:34,531 [Worker-22: Launching mavenrun-ad0b2313-648b-4c16-810f-28c16b8be807] INFO  o.eclipse.m2e.core.internal.Bundles - 	Entry: C:\Users\satyaprakashm\.p2\pool\plugins\org.eclipse.m2e.maven.runtime_3.9.900.20250220-2013\jars\maven-resolver-util-1.9.22.jar
2025-06-04 14:53:34,532 [Worker-22: Launching mavenrun-ad0b2313-648b-4c16-810f-28c16b8be807] INFO  o.eclipse.m2e.core.internal.Bundles - 	Entry: C:\Users\satyaprakashm\.p2\pool\plugins\org.eclipse.m2e.maven.runtime_3.9.900.20250220-2013\jars\maven-settings-3.9.9.jar
2025-06-04 14:53:34,532 [Worker-22: Launching mavenrun-ad0b2313-648b-4c16-810f-28c16b8be807] INFO  o.eclipse.m2e.core.internal.Bundles - 	Entry: C:\Users\satyaprakashm\.p2\pool\plugins\org.eclipse.m2e.maven.runtime_3.9.900.20250220-2013\jars\maven-settings-builder-3.9.9.jar
2025-06-04 14:53:34,532 [Worker-22: Launching mavenrun-ad0b2313-648b-4c16-810f-28c16b8be807] INFO  o.eclipse.m2e.core.internal.Bundles - 	Entry: C:\Users\satyaprakashm\.p2\pool\plugins\org.eclipse.m2e.maven.runtime_3.9.900.20250220-2013\jars\maven-shared-utils-3.4.2.jar
2025-06-04 14:53:34,533 [Worker-22: Launching mavenrun-ad0b2313-648b-4c16-810f-28c16b8be807] INFO  o.eclipse.m2e.core.internal.Bundles - 	Entry: C:\Users\satyaprakashm\.p2\pool\plugins\org.eclipse.m2e.maven.runtime_3.9.900.20250220-2013\jars\org.eclipse.sisu.inject-0.9.0.M3.jar
2025-06-04 14:53:34,533 [Worker-22: Launching mavenrun-ad0b2313-648b-4c16-810f-28c16b8be807] INFO  o.eclipse.m2e.core.internal.Bundles - 	Entry: C:\Users\satyaprakashm\.p2\pool\plugins\org.eclipse.m2e.maven.runtime_3.9.900.20250220-2013\jars\org.eclipse.sisu.plexus-0.9.0.M3.jar
2025-06-04 14:53:34,533 [Worker-22: Launching mavenrun-ad0b2313-648b-4c16-810f-28c16b8be807] INFO  o.eclipse.m2e.core.internal.Bundles - 	Entry: C:\Users\satyaprakashm\.p2\pool\plugins\org.eclipse.m2e.maven.runtime_3.9.900.20250220-2013\jars\plexus-build-api-0.0.7.jar
2025-06-04 14:53:34,533 [Worker-22: Launching mavenrun-ad0b2313-648b-4c16-810f-28c16b8be807] INFO  o.eclipse.m2e.core.internal.Bundles - 	Entry: C:\Users\satyaprakashm\.p2\pool\plugins\org.eclipse.m2e.maven.runtime_3.9.900.20250220-2013\jars\plexus-build-api-1.2.0.jar
2025-06-04 14:53:34,534 [Worker-22: Launching mavenrun-ad0b2313-648b-4c16-810f-28c16b8be807] INFO  o.eclipse.m2e.core.internal.Bundles - 	Entry: C:\Users\satyaprakashm\.p2\pool\plugins\org.eclipse.m2e.maven.runtime_3.9.900.20250220-2013\jars\plexus-cipher-2.0.jar
2025-06-04 14:53:34,534 [Worker-22: Launching mavenrun-ad0b2313-648b-4c16-810f-28c16b8be807] INFO  o.eclipse.m2e.core.internal.Bundles - 	Entry: C:\Users\satyaprakashm\.p2\pool\plugins\org.eclipse.m2e.maven.runtime_3.9.900.20250220-2013\jars\plexus-classworlds-2.8.0.jar
2025-06-04 14:53:34,534 [Worker-22: Launching mavenrun-ad0b2313-648b-4c16-810f-28c16b8be807] INFO  o.eclipse.m2e.core.internal.Bundles - 	Entry: C:\Users\satyaprakashm\.p2\pool\plugins\org.eclipse.m2e.maven.runtime_3.9.900.20250220-2013\jars\plexus-component-annotations-2.1.0.jar
2025-06-04 14:53:34,535 [Worker-22: Launching mavenrun-ad0b2313-648b-4c16-810f-28c16b8be807] INFO  o.eclipse.m2e.core.internal.Bundles - 	Entry: C:\Users\satyaprakashm\.p2\pool\plugins\org.eclipse.m2e.maven.runtime_3.9.900.20250220-2013\jars\plexus-interpolation-1.27.jar
2025-06-04 14:53:34,535 [Worker-22: Launching mavenrun-ad0b2313-648b-4c16-810f-28c16b8be807] INFO  o.eclipse.m2e.core.internal.Bundles - 	Entry: C:\Users\satyaprakashm\.p2\pool\plugins\org.eclipse.m2e.maven.runtime_3.9.900.20250220-2013\jars\plexus-sec-dispatcher-2.0.jar
2025-06-04 14:53:34,535 [Worker-22: Launching mavenrun-ad0b2313-648b-4c16-810f-28c16b8be807] INFO  o.eclipse.m2e.core.internal.Bundles - 	Entry: C:\Users\satyaprakashm\.p2\pool\plugins\org.eclipse.m2e.maven.runtime_3.9.900.20250220-2013\jars\plexus-utils-3.5.1.jar
2025-06-04 14:53:34,535 [Worker-22: Launching mavenrun-ad0b2313-648b-4c16-810f-28c16b8be807] INFO  o.eclipse.m2e.core.internal.Bundles - 	Entry: C:\Users\satyaprakashm\.p2\pool\plugins\org.eclipse.m2e.maven.runtime_3.9.900.20250220-2013\jars\plexus-xml-3.0.1.jar
2025-06-04 14:53:34,535 [Worker-22: Launching mavenrun-ad0b2313-648b-4c16-810f-28c16b8be807] INFO  o.eclipse.m2e.core.internal.Bundles - 	Entry: C:\Users\satyaprakashm\.p2\pool\plugins\org.eclipse.m2e.maven.runtime_3.9.900.20250220-2013\jars\wagon-file-3.5.3.jar
2025-06-04 14:53:34,537 [Worker-22: Launching mavenrun-ad0b2313-648b-4c16-810f-28c16b8be807] INFO  o.eclipse.m2e.core.internal.Bundles - 	Entry: C:\Users\satyaprakashm\.p2\pool\plugins\org.eclipse.m2e.maven.runtime_3.9.900.20250220-2013\jars\wagon-http-3.5.3.jar
2025-06-04 14:53:34,537 [Worker-22: Launching mavenrun-ad0b2313-648b-4c16-810f-28c16b8be807] INFO  o.eclipse.m2e.core.internal.Bundles - 	Entry: C:\Users\satyaprakashm\.p2\pool\plugins\org.eclipse.m2e.maven.runtime_3.9.900.20250220-2013\jars\wagon-http-shared-3.5.3.jar
2025-06-04 14:53:34,537 [Worker-22: Launching mavenrun-ad0b2313-648b-4c16-810f-28c16b8be807] INFO  o.eclipse.m2e.core.internal.Bundles - 	Entry: C:\Users\satyaprakashm\.p2\pool\plugins\org.eclipse.m2e.maven.runtime_3.9.900.20250220-2013\jars\wagon-provider-api-3.5.3.jar
2025-06-04 14:53:34,538 [Worker-22: Launching mavenrun-ad0b2313-648b-4c16-810f-28c16b8be807] INFO  o.eclipse.m2e.core.internal.Bundles - getClasspathEntries(Bundle=com.google.guava_33.4.6.jre [16])
2025-06-04 14:53:34,538 [Worker-22: Launching mavenrun-ad0b2313-648b-4c16-810f-28c16b8be807] INFO  o.eclipse.m2e.core.internal.Bundles - 	Entry: C:\Users\satyaprakashm\.p2\pool\plugins\com.google.guava_33.4.6.jre.jar
2025-06-04 14:53:34,538 [Worker-22: Launching mavenrun-ad0b2313-648b-4c16-810f-28c16b8be807] INFO  o.eclipse.m2e.core.internal.Bundles - getClasspathEntries(Bundle=slf4j.api_2.0.17 [1004])
2025-06-04 14:53:34,539 [Worker-22: Launching mavenrun-ad0b2313-648b-4c16-810f-28c16b8be807] INFO  o.eclipse.m2e.core.internal.Bundles - 	Entry: C:\Users\satyaprakashm\.p2\pool\plugins\slf4j.api_2.0.17.jar
2025-06-04 14:53:34,539 [Worker-22: Launching mavenrun-ad0b2313-648b-4c16-810f-28c16b8be807] INFO  o.eclipse.m2e.core.internal.Bundles - getClasspathEntries(Bundle=javax.inject_1.0.0.v20220405-0441 [1014])
2025-06-04 14:53:34,540 [Worker-22: Launching mavenrun-ad0b2313-648b-4c16-810f-28c16b8be807] INFO  o.eclipse.m2e.core.internal.Bundles - 	Entry: C:\Users\satyaprakashm\.p2\pool\plugins\javax.inject_1.0.0.v20220405-0441.jar
2025-06-04 14:53:34,540 [Worker-22: Launching mavenrun-ad0b2313-648b-4c16-810f-28c16b8be807] INFO  o.eclipse.m2e.core.internal.Bundles - getClasspathEntries(Bundle=javax.annotation_1.3.5.v20230504-0748 [1013])
2025-06-04 14:53:34,541 [Worker-22: Launching mavenrun-ad0b2313-648b-4c16-810f-28c16b8be807] INFO  o.eclipse.m2e.core.internal.Bundles - 	Entry: C:\Users\satyaprakashm\.p2\pool\plugins\javax.annotation_1.3.5.v20230504-0748.jar
2025-06-04 14:53:34,541 [Worker-22: Launching mavenrun-ad0b2313-648b-4c16-810f-28c16b8be807] INFO  o.eclipse.m2e.core.internal.Bundles - getClasspathEntries(Bundle=org.apache.commons.cli_1.9.0 [74])
2025-06-04 14:53:34,541 [Worker-22: Launching mavenrun-ad0b2313-648b-4c16-810f-28c16b8be807] INFO  o.eclipse.m2e.core.internal.Bundles - 	Entry: C:\Users\satyaprakashm\.p2\pool\plugins\org.apache.commons.cli_1.9.0.jar
2025-06-04 14:53:34,542 [Worker-22: Launching mavenrun-ad0b2313-648b-4c16-810f-28c16b8be807] INFO  o.eclipse.m2e.core.internal.Bundles - getClasspathEntries(Bundle=org.apache.commons.commons-codec_1.16.0 [76])
2025-06-04 14:53:34,542 [Worker-22: Launching mavenrun-ad0b2313-648b-4c16-810f-28c16b8be807] INFO  o.eclipse.m2e.core.internal.Bundles - 	Entry: C:\Users\satyaprakashm\.p2\pool\plugins\org.apache.commons.commons-codec_1.16.0.jar
2025-06-04 14:53:34,543 [Worker-22: Launching mavenrun-ad0b2313-648b-4c16-810f-28c16b8be807] INFO  o.eclipse.m2e.core.internal.Bundles - getClasspathEntries(Bundle=com.google.guava.failureaccess_1.0.3 [17])
2025-06-04 14:53:34,544 [Worker-22: Launching mavenrun-ad0b2313-648b-4c16-810f-28c16b8be807] INFO  o.eclipse.m2e.core.internal.Bundles - 	Entry: C:\Users\satyaprakashm\.p2\pool\plugins\com.google.guava.failureaccess_1.0.3.jar
2025-06-04 14:53:34,545 [Worker-22: Launching mavenrun-ad0b2313-648b-4c16-810f-28c16b8be807] INFO  o.e.m.i.launch.MavenLaunchDelegate - Run build in "C:\Users\SATYAP~1\AppData\Local\Temp\m2e-archetypeGenerator16768365959989882392":
2025-06-04 14:53:34,546 [Worker-22: Launching mavenrun-ad0b2313-648b-4c16-810f-28c16b8be807] INFO  o.e.m.i.launch.MavenLaunchDelegate -  mvn  -DarchetypeGroupId=de.bripkens -DarchetypeArtifactId=java-quickstart -DarchetypeVersion=0.2.0 -DgroupId=Infinite -DartifactId=Lms -Dversion=0.0.1-SNAPSHOT -Dpackage=com.java.lms -DoutputDirectory="C:\Java Training\LMS" -B -Dstyle.color=always -U archetype:generate
2025-06-04 14:53:41,570 [Worker-25: Creating java-quickstart] INFO  o.e.m.c.i.p.ProjectConfigurationManager - Collecting project info '/pom.xml' C:\Java Training\LMS\Lms\pom.xml
2025-06-04 14:53:44,279 [Worker-25: Creating java-quickstart] INFO  o.e.m.c.i.l.LifecycleMappingFactory - Using org.eclipse.m2e.jdt.JarLifecycleMapping lifecycle mapping for MavenProject: Infinite:Lms:0.0.1-SNAPSHOT @ C:\Java Training\LMS\Lms\pom.xml.
2025-06-04 14:53:45,236 [Worker-25: Creating java-quickstart] INFO  o.e.m.j.i.AbstractJavaProjectConfigurator - Adding source folder /Lms/src/main/java
2025-06-04 14:53:45,238 [Worker-25: Creating java-quickstart] INFO  o.e.m.j.i.AbstractJavaProjectConfigurator - Adding resource folder /Lms/src/main/resources
2025-06-04 14:53:45,244 [Worker-25: Creating java-quickstart] INFO  o.e.m.j.i.AbstractJavaProjectConfigurator - Adding source folder /Lms/src/test/java
2025-06-04 14:53:45,245 [Worker-25: Creating java-quickstart] INFO  o.e.m.j.i.AbstractJavaProjectConfigurator - Adding resource folder /Lms/src/test/resources
2025-06-04 14:53:45,448 [Worker-25: Creating java-quickstart] INFO  o.e.m.c.i.p.ProjectConfigurationManager - Imported and configured 1 project(s) in 3 sec
2025-06-04 14:53:47,270 [Worker-23: Building] INFO  o.a.m.s.f.DefaultMavenResourcesFiltering - skip non existing resourceDirectory C:\Java Training\LMS\Lms\src\main\resources
2025-06-04 14:53:47,276 [Worker-23: Building] INFO  o.a.m.s.f.DefaultMavenResourcesFiltering - skip non existing resourceDirectory C:\Java Training\LMS\Lms\src\test\resources
2025-06-04 14:55:45,571 [Worker-27: Building] INFO  o.a.m.s.f.DefaultMavenResourcesFiltering - skip non existing resourceDirectory C:\Java Training\LMS\Lms\src\main\resources
2025-06-04 14:55:45,575 [Worker-27: Building] INFO  o.a.m.s.f.DefaultMavenResourcesFiltering - skip non existing resourceDirectory C:\Java Training\LMS\Lms\src\test\resources
2025-06-04 14:55:52,267 [Worker-25: Building] INFO  o.a.m.s.f.DefaultMavenResourcesFiltering - skip non existing resourceDirectory C:\Java Training\LMS\Lms\src\main\resources
2025-06-04 14:55:52,273 [Worker-25: Building] INFO  o.a.m.s.f.DefaultMavenResourcesFiltering - skip non existing resourceDirectory C:\Java Training\LMS\Lms\src\test\resources
2025-06-04 14:58:51,925 [Worker-25: Building] INFO  o.a.m.s.f.DefaultMavenResourcesFiltering - skip non existing resourceDirectory C:\Java Training\LMS\Lms\src\main\resources
2025-06-04 14:58:51,929 [Worker-25: Building] INFO  o.a.m.s.f.DefaultMavenResourcesFiltering - skip non existing resourceDirectory C:\Java Training\LMS\Lms\src\test\resources
2025-06-04 14:59:21,472 [Worker-22: Building] INFO  o.a.m.s.f.DefaultMavenResourcesFiltering - skip non existing resourceDirectory C:\Java Training\LMS\Lms\src\main\resources
2025-06-04 14:59:21,477 [Worker-22: Building] INFO  o.a.m.s.f.DefaultMavenResourcesFiltering - skip non existing resourceDirectory C:\Java Training\LMS\Lms\src\test\resources
2025-06-04 14:59:36,168 [Worker-25: Building] INFO  o.a.m.s.f.DefaultMavenResourcesFiltering - skip non existing resourceDirectory C:\Java Training\LMS\Lms\src\main\resources
2025-06-04 14:59:36,171 [Worker-25: Building] INFO  o.a.m.s.f.DefaultMavenResourcesFiltering - skip non existing resourceDirectory C:\Java Training\LMS\Lms\src\test\resources
2025-06-04 15:00:15,810 [Worker-23: Building] INFO  o.a.m.s.f.DefaultMavenResourcesFiltering - skip non existing resourceDirectory C:\Java Training\LMS\Lms\src\main\resources
2025-06-04 15:00:15,813 [Worker-23: Building] INFO  o.a.m.s.f.DefaultMavenResourcesFiltering - skip non existing resourceDirectory C:\Java Training\LMS\Lms\src\test\resources
2025-06-04 15:00:25,172 [Worker-25: Building] INFO  o.a.m.s.f.DefaultMavenResourcesFiltering - skip non existing resourceDirectory C:\Java Training\LMS\Lms\src\main\resources
2025-06-04 15:00:25,175 [Worker-25: Building] INFO  o.a.m.s.f.DefaultMavenResourcesFiltering - skip non existing resourceDirectory C:\Java Training\LMS\Lms\src\test\resources
2025-06-04 15:00:40,766 [Worker-27: Building] INFO  o.a.m.s.f.DefaultMavenResourcesFiltering - skip non existing resourceDirectory C:\Java Training\LMS\Lms\src\main\resources
2025-06-04 15:00:40,769 [Worker-27: Building] INFO  o.a.m.s.f.DefaultMavenResourcesFiltering - skip non existing resourceDirectory C:\Java Training\LMS\Lms\src\test\resources
2025-06-04 15:00:48,761 [Worker-3: Building] INFO  o.a.m.s.f.DefaultMavenResourcesFiltering - skip non existing resourceDirectory C:\Java Training\LMS\Lms\src\main\resources
2025-06-04 15:00:48,763 [Worker-3: Building] INFO  o.a.m.s.f.DefaultMavenResourcesFiltering - skip non existing resourceDirectory C:\Java Training\LMS\Lms\src\test\resources
2025-06-04 15:01:54,533 [Worker-22: Building] INFO  o.e.m.c.i.l.LifecycleMappingFactory - Using org.eclipse.m2e.jdt.JarLifecycleMapping lifecycle mapping for MavenProject: Infinite:Lms:0.0.1-SNAPSHOT @ C:\Java Training\LMS\Lms\pom.xml.
2025-06-04 15:01:54,585 [Worker-22: Building] WARN  o.e.m.c.i.embedder.EclipseLogger - The artifact mysql:mysql-connector-java:jar:8.0.33 has been relocated to com.mysql:mysql-connector-j:jar:8.0.33: MySQL Connector/J artifacts moved to reverse-DNS compliant Maven 2+ coordinates.
2025-06-04 15:01:54,839 [Worker-22: Building] INFO  o.a.m.s.f.DefaultMavenResourcesFiltering - skip non existing resourceDirectory C:\Java Training\LMS\Lms\src\main\resources
2025-06-04 15:01:54,844 [Worker-22: Building] INFO  o.a.m.s.f.DefaultMavenResourcesFiltering - skip non existing resourceDirectory C:\Java Training\LMS\Lms\src\test\resources
2025-06-04 15:01:56,628 [Worker-23: Building] INFO  o.a.m.s.f.DefaultMavenResourcesFiltering - skip non existing resourceDirectory C:\Java Training\LMS\Lms\src\main\resources
2025-06-04 15:01:56,632 [Worker-23: Building] INFO  o.a.m.s.f.DefaultMavenResourcesFiltering - skip non existing resourceDirectory C:\Java Training\LMS\Lms\src\test\resources
2025-06-04 15:02:05,796 [Worker-19: Building] INFO  o.a.m.s.f.DefaultMavenResourcesFiltering - skip non existing resourceDirectory C:\Java Training\LMS\Lms\src\main\resources
2025-06-04 15:02:05,798 [Worker-19: Building] INFO  o.a.m.s.f.DefaultMavenResourcesFiltering - skip non existing resourceDirectory C:\Java Training\LMS\Lms\src\test\resources
2025-06-04 15:02:12,385 [Worker-26: Building] INFO  o.a.m.s.f.DefaultMavenResourcesFiltering - skip non existing resourceDirectory C:\Java Training\LMS\Lms\src\main\resources
2025-06-04 15:02:12,389 [Worker-26: Building] INFO  o.a.m.s.f.DefaultMavenResourcesFiltering - skip non existing resourceDirectory C:\Java Training\LMS\Lms\src\test\resources
2025-06-04 15:04:59,844 [Worker-19: Building] INFO  o.a.m.s.f.DefaultMavenResourcesFiltering - skip non existing resourceDirectory C:\Java Training\LMS\Lms\src\main\resources
2025-06-04 15:04:59,846 [Worker-19: Building] INFO  o.a.m.s.f.DefaultMavenResourcesFiltering - skip non existing resourceDirectory C:\Java Training\LMS\Lms\src\test\resources
2025-06-04 15:05:05,488 [Worker-28: Building] INFO  o.a.m.s.f.DefaultMavenResourcesFiltering - skip non existing resourceDirectory C:\Java Training\LMS\Lms\src\main\resources
2025-06-04 15:05:05,490 [Worker-28: Building] INFO  o.a.m.s.f.DefaultMavenResourcesFiltering - skip non existing resourceDirectory C:\Java Training\LMS\Lms\src\test\resources
2025-06-04 15:05:18,581 [Worker-28: Building] INFO  o.a.m.s.f.DefaultMavenResourcesFiltering - skip non existing resourceDirectory C:\Java Training\LMS\Lms\src\main\resources
2025-06-04 15:05:18,583 [Worker-28: Building] INFO  o.a.m.s.f.DefaultMavenResourcesFiltering - skip non existing resourceDirectory C:\Java Training\LMS\Lms\src\test\resources
2025-06-04 15:05:25,365 [Worker-28: Building] INFO  o.a.m.s.f.DefaultMavenResourcesFiltering - skip non existing resourceDirectory C:\Java Training\LMS\Lms\src\main\resources
2025-06-04 15:05:25,367 [Worker-28: Building] INFO  o.a.m.s.f.DefaultMavenResourcesFiltering - skip non existing resourceDirectory C:\Java Training\LMS\Lms\src\test\resources
2025-06-04 15:05:32,455 [Worker-19: Building] INFO  o.a.m.s.f.DefaultMavenResourcesFiltering - skip non existing resourceDirectory C:\Java Training\LMS\Lms\src\main\resources
2025-06-04 15:05:32,457 [Worker-19: Building] INFO  o.a.m.s.f.DefaultMavenResourcesFiltering - skip non existing resourceDirectory C:\Java Training\LMS\Lms\src\test\resources
2025-06-04 15:06:50,283 [Worker-28: Building] INFO  o.a.m.s.f.DefaultMavenResourcesFiltering - skip non existing resourceDirectory C:\Java Training\LMS\Lms\src\main\resources
2025-06-04 15:06:50,288 [Worker-28: Building] INFO  o.a.m.s.f.DefaultMavenResourcesFiltering - skip non existing resourceDirectory C:\Java Training\LMS\Lms\src\test\resources
2025-06-04 15:07:06,416 [Worker-30: Building] INFO  o.a.m.s.f.DefaultMavenResourcesFiltering - skip non existing resourceDirectory C:\Java Training\LMS\Lms\src\main\resources
2025-06-04 15:07:06,423 [Worker-30: Building] INFO  o.a.m.s.f.DefaultMavenResourcesFiltering - skip non existing resourceDirectory C:\Java Training\LMS\Lms\src\test\resources
2025-06-04 15:07:12,924 [Worker-30: Building] INFO  o.a.m.s.f.DefaultMavenResourcesFiltering - skip non existing resourceDirectory C:\Java Training\LMS\Lms\src\main\resources
2025-06-04 15:07:12,926 [Worker-30: Building] INFO  o.a.m.s.f.DefaultMavenResourcesFiltering - skip non existing resourceDirectory C:\Java Training\LMS\Lms\src\test\resources
