2025-06-04 09:52:15,006 [Worker-1: Loading available Gradle versions] INFO  o.e.b.c.i.u.g.PublishedGradleVersions - Gradle version information cache is not available. Remote download required.
2025-06-04 09:53:26,337 [Worker-11: Launching mavenrun-cc00643a-463f-4bc4-a838-ab305510592c] INFO  o.eclipse.m2e.core.internal.Bundles - getClasspathEntries(Bundle=org.eclipse.m2e.maven.runtime_3.9.900.20250220-2013 [637])
2025-06-04 09:53:26,341 [Worker-11: Launching mavenrun-cc00643a-463f-4bc4-a838-ab305510592c] INFO  o.eclipse.m2e.core.internal.Bundles - 	Entry: C:\Users\satyaprakashm\.p2\pool\plugins\org.eclipse.m2e.maven.runtime_3.9.900.20250220-2013
2025-06-04 09:53:26,341 [Worker-11: Launching mavenrun-cc00643a-463f-4bc4-a838-ab305510592c] INFO  o.eclipse.m2e.core.internal.Bundles - 	Entry: C:\Users\satyaprakashm\.p2\pool\plugins\org.eclipse.m2e.maven.runtime_3.9.900.20250220-2013\jars\aopalliance-1.0.jar
2025-06-04 09:53:26,342 [Worker-11: Launching mavenrun-cc00643a-463f-4bc4-a838-ab305510592c] INFO  o.eclipse.m2e.core.internal.Bundles - 	Entry: C:\Users\satyaprakashm\.p2\pool\plugins\org.eclipse.m2e.maven.runtime_3.9.900.20250220-2013\jars\guice-5.1.0.jar
2025-06-04 09:53:26,342 [Worker-11: Launching mavenrun-cc00643a-463f-4bc4-a838-ab305510592c] INFO  o.eclipse.m2e.core.internal.Bundles - 	Entry: C:\Users\satyaprakashm\.p2\pool\plugins\org.eclipse.m2e.maven.runtime_3.9.900.20250220-2013\jars\httpclient-4.5.14.jar
2025-06-04 09:53:26,342 [Worker-11: Launching mavenrun-cc00643a-463f-4bc4-a838-ab305510592c] INFO  o.eclipse.m2e.core.internal.Bundles - 	Entry: C:\Users\satyaprakashm\.p2\pool\plugins\org.eclipse.m2e.maven.runtime_3.9.900.20250220-2013\jars\httpcore-4.4.16.jar
2025-06-04 09:53:26,342 [Worker-11: Launching mavenrun-cc00643a-463f-4bc4-a838-ab305510592c] INFO  o.eclipse.m2e.core.internal.Bundles - 	Entry: C:\Users\satyaprakashm\.p2\pool\plugins\org.eclipse.m2e.maven.runtime_3.9.900.20250220-2013\jars\jansi-2.4.1.jar
2025-06-04 09:53:26,342 [Worker-11: Launching mavenrun-cc00643a-463f-4bc4-a838-ab305510592c] INFO  o.eclipse.m2e.core.internal.Bundles - 	Entry: C:\Users\satyaprakashm\.p2\pool\plugins\org.eclipse.m2e.maven.runtime_3.9.900.20250220-2013\jars\jcl-over-slf4j-1.7.36.jar
2025-06-04 09:53:26,342 [Worker-11: Launching mavenrun-cc00643a-463f-4bc4-a838-ab305510592c] INFO  o.eclipse.m2e.core.internal.Bundles - 	Entry: C:\Users\satyaprakashm\.p2\pool\plugins\org.eclipse.m2e.maven.runtime_3.9.900.20250220-2013\jars\maven-artifact-3.9.9.jar
2025-06-04 09:53:26,344 [Worker-11: Launching mavenrun-cc00643a-463f-4bc4-a838-ab305510592c] INFO  o.eclipse.m2e.core.internal.Bundles - 	Entry: C:\Users\satyaprakashm\.p2\pool\plugins\org.eclipse.m2e.maven.runtime_3.9.900.20250220-2013\jars\maven-builder-support-3.9.9.jar
2025-06-04 09:53:26,344 [Worker-11: Launching mavenrun-cc00643a-463f-4bc4-a838-ab305510592c] INFO  o.eclipse.m2e.core.internal.Bundles - 	Entry: C:\Users\satyaprakashm\.p2\pool\plugins\org.eclipse.m2e.maven.runtime_3.9.900.20250220-2013\jars\maven-compat-3.9.9.jar
2025-06-04 09:53:26,344 [Worker-11: Launching mavenrun-cc00643a-463f-4bc4-a838-ab305510592c] INFO  o.eclipse.m2e.core.internal.Bundles - 	Entry: C:\Users\satyaprakashm\.p2\pool\plugins\org.eclipse.m2e.maven.runtime_3.9.900.20250220-2013\jars\maven-core-3.9.9.jar
2025-06-04 09:53:26,344 [Worker-11: Launching mavenrun-cc00643a-463f-4bc4-a838-ab305510592c] INFO  o.eclipse.m2e.core.internal.Bundles - 	Entry: C:\Users\satyaprakashm\.p2\pool\plugins\org.eclipse.m2e.maven.runtime_3.9.900.20250220-2013\jars\maven-embedder-3.9.9.jar
2025-06-04 09:53:26,344 [Worker-11: Launching mavenrun-cc00643a-463f-4bc4-a838-ab305510592c] INFO  o.eclipse.m2e.core.internal.Bundles - 	Entry: C:\Users\satyaprakashm\.p2\pool\plugins\org.eclipse.m2e.maven.runtime_3.9.900.20250220-2013\jars\maven-model-3.9.9.jar
2025-06-04 09:53:26,344 [Worker-11: Launching mavenrun-cc00643a-463f-4bc4-a838-ab305510592c] INFO  o.eclipse.m2e.core.internal.Bundles - 	Entry: C:\Users\satyaprakashm\.p2\pool\plugins\org.eclipse.m2e.maven.runtime_3.9.900.20250220-2013\jars\maven-model-builder-3.9.9.jar
2025-06-04 09:53:26,345 [Worker-11: Launching mavenrun-cc00643a-463f-4bc4-a838-ab305510592c] INFO  o.eclipse.m2e.core.internal.Bundles - 	Entry: C:\Users\satyaprakashm\.p2\pool\plugins\org.eclipse.m2e.maven.runtime_3.9.900.20250220-2013\jars\maven-plugin-api-3.9.9.jar
2025-06-04 09:53:26,345 [Worker-11: Launching mavenrun-cc00643a-463f-4bc4-a838-ab305510592c] INFO  o.eclipse.m2e.core.internal.Bundles - 	Entry: C:\Users\satyaprakashm\.p2\pool\plugins\org.eclipse.m2e.maven.runtime_3.9.900.20250220-2013\jars\maven-repository-metadata-3.9.9.jar
2025-06-04 09:53:26,345 [Worker-11: Launching mavenrun-cc00643a-463f-4bc4-a838-ab305510592c] INFO  o.eclipse.m2e.core.internal.Bundles - 	Entry: C:\Users\satyaprakashm\.p2\pool\plugins\org.eclipse.m2e.maven.runtime_3.9.900.20250220-2013\jars\maven-resolver-api-1.9.22.jar
2025-06-04 09:53:26,346 [Worker-11: Launching mavenrun-cc00643a-463f-4bc4-a838-ab305510592c] INFO  o.eclipse.m2e.core.internal.Bundles - 	Entry: C:\Users\satyaprakashm\.p2\pool\plugins\org.eclipse.m2e.maven.runtime_3.9.900.20250220-2013\jars\maven-resolver-connector-basic-1.9.22.jar
2025-06-04 09:53:26,346 [Worker-11: Launching mavenrun-cc00643a-463f-4bc4-a838-ab305510592c] INFO  o.eclipse.m2e.core.internal.Bundles - 	Entry: C:\Users\satyaprakashm\.p2\pool\plugins\org.eclipse.m2e.maven.runtime_3.9.900.20250220-2013\jars\maven-resolver-impl-1.9.22.jar
2025-06-04 09:53:26,346 [Worker-11: Launching mavenrun-cc00643a-463f-4bc4-a838-ab305510592c] INFO  o.eclipse.m2e.core.internal.Bundles - 	Entry: C:\Users\satyaprakashm\.p2\pool\plugins\org.eclipse.m2e.maven.runtime_3.9.900.20250220-2013\jars\maven-resolver-named-locks-1.9.22.jar
2025-06-04 09:53:26,347 [Worker-11: Launching mavenrun-cc00643a-463f-4bc4-a838-ab305510592c] INFO  o.eclipse.m2e.core.internal.Bundles - 	Entry: C:\Users\satyaprakashm\.p2\pool\plugins\org.eclipse.m2e.maven.runtime_3.9.900.20250220-2013\jars\maven-resolver-provider-3.9.9.jar
2025-06-04 09:53:26,347 [Worker-11: Launching mavenrun-cc00643a-463f-4bc4-a838-ab305510592c] INFO  o.eclipse.m2e.core.internal.Bundles - 	Entry: C:\Users\satyaprakashm\.p2\pool\plugins\org.eclipse.m2e.maven.runtime_3.9.900.20250220-2013\jars\maven-resolver-spi-1.9.22.jar
2025-06-04 09:53:26,347 [Worker-11: Launching mavenrun-cc00643a-463f-4bc4-a838-ab305510592c] INFO  o.eclipse.m2e.core.internal.Bundles - 	Entry: C:\Users\satyaprakashm\.p2\pool\plugins\org.eclipse.m2e.maven.runtime_3.9.900.20250220-2013\jars\maven-resolver-transport-file-1.9.22.jar
2025-06-04 09:53:26,347 [Worker-11: Launching mavenrun-cc00643a-463f-4bc4-a838-ab305510592c] INFO  o.eclipse.m2e.core.internal.Bundles - 	Entry: C:\Users\satyaprakashm\.p2\pool\plugins\org.eclipse.m2e.maven.runtime_3.9.900.20250220-2013\jars\maven-resolver-transport-http-1.9.22.jar
2025-06-04 09:53:26,347 [Worker-11: Launching mavenrun-cc00643a-463f-4bc4-a838-ab305510592c] INFO  o.eclipse.m2e.core.internal.Bundles - 	Entry: C:\Users\satyaprakashm\.p2\pool\plugins\org.eclipse.m2e.maven.runtime_3.9.900.20250220-2013\jars\maven-resolver-transport-wagon-1.9.22.jar
2025-06-04 09:53:26,348 [Worker-11: Launching mavenrun-cc00643a-463f-4bc4-a838-ab305510592c] INFO  o.eclipse.m2e.core.internal.Bundles - 	Entry: C:\Users\satyaprakashm\.p2\pool\plugins\org.eclipse.m2e.maven.runtime_3.9.900.20250220-2013\jars\maven-resolver-util-1.9.22.jar
2025-06-04 09:53:26,348 [Worker-11: Launching mavenrun-cc00643a-463f-4bc4-a838-ab305510592c] INFO  o.eclipse.m2e.core.internal.Bundles - 	Entry: C:\Users\satyaprakashm\.p2\pool\plugins\org.eclipse.m2e.maven.runtime_3.9.900.20250220-2013\jars\maven-settings-3.9.9.jar
2025-06-04 09:53:26,348 [Worker-11: Launching mavenrun-cc00643a-463f-4bc4-a838-ab305510592c] INFO  o.eclipse.m2e.core.internal.Bundles - 	Entry: C:\Users\satyaprakashm\.p2\pool\plugins\org.eclipse.m2e.maven.runtime_3.9.900.20250220-2013\jars\maven-settings-builder-3.9.9.jar
2025-06-04 09:53:26,348 [Worker-11: Launching mavenrun-cc00643a-463f-4bc4-a838-ab305510592c] INFO  o.eclipse.m2e.core.internal.Bundles - 	Entry: C:\Users\satyaprakashm\.p2\pool\plugins\org.eclipse.m2e.maven.runtime_3.9.900.20250220-2013\jars\maven-shared-utils-3.4.2.jar
2025-06-04 09:53:26,348 [Worker-11: Launching mavenrun-cc00643a-463f-4bc4-a838-ab305510592c] INFO  o.eclipse.m2e.core.internal.Bundles - 	Entry: C:\Users\satyaprakashm\.p2\pool\plugins\org.eclipse.m2e.maven.runtime_3.9.900.20250220-2013\jars\org.eclipse.sisu.inject-0.9.0.M3.jar
2025-06-04 09:53:26,348 [Worker-11: Launching mavenrun-cc00643a-463f-4bc4-a838-ab305510592c] INFO  o.eclipse.m2e.core.internal.Bundles - 	Entry: C:\Users\satyaprakashm\.p2\pool\plugins\org.eclipse.m2e.maven.runtime_3.9.900.20250220-2013\jars\org.eclipse.sisu.plexus-0.9.0.M3.jar
2025-06-04 09:53:26,349 [Worker-11: Launching mavenrun-cc00643a-463f-4bc4-a838-ab305510592c] INFO  o.eclipse.m2e.core.internal.Bundles - 	Entry: C:\Users\satyaprakashm\.p2\pool\plugins\org.eclipse.m2e.maven.runtime_3.9.900.20250220-2013\jars\plexus-build-api-0.0.7.jar
2025-06-04 09:53:26,349 [Worker-11: Launching mavenrun-cc00643a-463f-4bc4-a838-ab305510592c] INFO  o.eclipse.m2e.core.internal.Bundles - 	Entry: C:\Users\satyaprakashm\.p2\pool\plugins\org.eclipse.m2e.maven.runtime_3.9.900.20250220-2013\jars\plexus-build-api-1.2.0.jar
2025-06-04 09:53:26,349 [Worker-11: Launching mavenrun-cc00643a-463f-4bc4-a838-ab305510592c] INFO  o.eclipse.m2e.core.internal.Bundles - 	Entry: C:\Users\satyaprakashm\.p2\pool\plugins\org.eclipse.m2e.maven.runtime_3.9.900.20250220-2013\jars\plexus-cipher-2.0.jar
2025-06-04 09:53:26,349 [Worker-11: Launching mavenrun-cc00643a-463f-4bc4-a838-ab305510592c] INFO  o.eclipse.m2e.core.internal.Bundles - 	Entry: C:\Users\satyaprakashm\.p2\pool\plugins\org.eclipse.m2e.maven.runtime_3.9.900.20250220-2013\jars\plexus-classworlds-2.8.0.jar
2025-06-04 09:53:26,349 [Worker-11: Launching mavenrun-cc00643a-463f-4bc4-a838-ab305510592c] INFO  o.eclipse.m2e.core.internal.Bundles - 	Entry: C:\Users\satyaprakashm\.p2\pool\plugins\org.eclipse.m2e.maven.runtime_3.9.900.20250220-2013\jars\plexus-component-annotations-2.1.0.jar
2025-06-04 09:53:26,349 [Worker-11: Launching mavenrun-cc00643a-463f-4bc4-a838-ab305510592c] INFO  o.eclipse.m2e.core.internal.Bundles - 	Entry: C:\Users\satyaprakashm\.p2\pool\plugins\org.eclipse.m2e.maven.runtime_3.9.900.20250220-2013\jars\plexus-interpolation-1.27.jar
2025-06-04 09:53:26,350 [Worker-11: Launching mavenrun-cc00643a-463f-4bc4-a838-ab305510592c] INFO  o.eclipse.m2e.core.internal.Bundles - 	Entry: C:\Users\satyaprakashm\.p2\pool\plugins\org.eclipse.m2e.maven.runtime_3.9.900.20250220-2013\jars\plexus-sec-dispatcher-2.0.jar
2025-06-04 09:53:26,350 [Worker-11: Launching mavenrun-cc00643a-463f-4bc4-a838-ab305510592c] INFO  o.eclipse.m2e.core.internal.Bundles - 	Entry: C:\Users\satyaprakashm\.p2\pool\plugins\org.eclipse.m2e.maven.runtime_3.9.900.20250220-2013\jars\plexus-utils-3.5.1.jar
2025-06-04 09:53:26,350 [Worker-11: Launching mavenrun-cc00643a-463f-4bc4-a838-ab305510592c] INFO  o.eclipse.m2e.core.internal.Bundles - 	Entry: C:\Users\satyaprakashm\.p2\pool\plugins\org.eclipse.m2e.maven.runtime_3.9.900.20250220-2013\jars\plexus-xml-3.0.1.jar
2025-06-04 09:53:26,350 [Worker-11: Launching mavenrun-cc00643a-463f-4bc4-a838-ab305510592c] INFO  o.eclipse.m2e.core.internal.Bundles - 	Entry: C:\Users\satyaprakashm\.p2\pool\plugins\org.eclipse.m2e.maven.runtime_3.9.900.20250220-2013\jars\wagon-file-3.5.3.jar
2025-06-04 09:53:26,350 [Worker-11: Launching mavenrun-cc00643a-463f-4bc4-a838-ab305510592c] INFO  o.eclipse.m2e.core.internal.Bundles - 	Entry: C:\Users\satyaprakashm\.p2\pool\plugins\org.eclipse.m2e.maven.runtime_3.9.900.20250220-2013\jars\wagon-http-3.5.3.jar
2025-06-04 09:53:26,351 [Worker-11: Launching mavenrun-cc00643a-463f-4bc4-a838-ab305510592c] INFO  o.eclipse.m2e.core.internal.Bundles - 	Entry: C:\Users\satyaprakashm\.p2\pool\plugins\org.eclipse.m2e.maven.runtime_3.9.900.20250220-2013\jars\wagon-http-shared-3.5.3.jar
2025-06-04 09:53:26,351 [Worker-11: Launching mavenrun-cc00643a-463f-4bc4-a838-ab305510592c] INFO  o.eclipse.m2e.core.internal.Bundles - 	Entry: C:\Users\satyaprakashm\.p2\pool\plugins\org.eclipse.m2e.maven.runtime_3.9.900.20250220-2013\jars\wagon-provider-api-3.5.3.jar
2025-06-04 09:53:26,353 [Worker-11: Launching mavenrun-cc00643a-463f-4bc4-a838-ab305510592c] INFO  o.eclipse.m2e.core.internal.Bundles - getClasspathEntries(Bundle=com.google.guava_33.4.6.jre [16])
2025-06-04 09:53:26,354 [Worker-11: Launching mavenrun-cc00643a-463f-4bc4-a838-ab305510592c] INFO  o.eclipse.m2e.core.internal.Bundles - 	Entry: C:\Users\satyaprakashm\.p2\pool\plugins\com.google.guava_33.4.6.jre.jar
2025-06-04 09:53:26,354 [Worker-11: Launching mavenrun-cc00643a-463f-4bc4-a838-ab305510592c] INFO  o.eclipse.m2e.core.internal.Bundles - getClasspathEntries(Bundle=slf4j.api_2.0.17 [1004])
2025-06-04 09:53:26,354 [Worker-11: Launching mavenrun-cc00643a-463f-4bc4-a838-ab305510592c] INFO  o.eclipse.m2e.core.internal.Bundles - 	Entry: C:\Users\satyaprakashm\.p2\pool\plugins\slf4j.api_2.0.17.jar
2025-06-04 09:53:26,354 [Worker-11: Launching mavenrun-cc00643a-463f-4bc4-a838-ab305510592c] INFO  o.eclipse.m2e.core.internal.Bundles - getClasspathEntries(Bundle=javax.inject_1.0.0.v20220405-0441 [1014])
2025-06-04 09:53:26,354 [Worker-11: Launching mavenrun-cc00643a-463f-4bc4-a838-ab305510592c] INFO  o.eclipse.m2e.core.internal.Bundles - 	Entry: C:\Users\satyaprakashm\.p2\pool\plugins\javax.inject_1.0.0.v20220405-0441.jar
2025-06-04 09:53:26,354 [Worker-11: Launching mavenrun-cc00643a-463f-4bc4-a838-ab305510592c] INFO  o.eclipse.m2e.core.internal.Bundles - getClasspathEntries(Bundle=javax.annotation_1.3.5.v20230504-0748 [1013])
2025-06-04 09:53:26,355 [Worker-11: Launching mavenrun-cc00643a-463f-4bc4-a838-ab305510592c] INFO  o.eclipse.m2e.core.internal.Bundles - 	Entry: C:\Users\satyaprakashm\.p2\pool\plugins\javax.annotation_1.3.5.v20230504-0748.jar
2025-06-04 09:53:26,355 [Worker-11: Launching mavenrun-cc00643a-463f-4bc4-a838-ab305510592c] INFO  o.eclipse.m2e.core.internal.Bundles - getClasspathEntries(Bundle=org.apache.commons.cli_1.9.0 [74])
2025-06-04 09:53:26,355 [Worker-11: Launching mavenrun-cc00643a-463f-4bc4-a838-ab305510592c] INFO  o.eclipse.m2e.core.internal.Bundles - 	Entry: C:\Users\satyaprakashm\.p2\pool\plugins\org.apache.commons.cli_1.9.0.jar
2025-06-04 09:53:26,355 [Worker-11: Launching mavenrun-cc00643a-463f-4bc4-a838-ab305510592c] INFO  o.eclipse.m2e.core.internal.Bundles - getClasspathEntries(Bundle=org.apache.commons.commons-codec_1.16.0 [76])
2025-06-04 09:53:26,356 [Worker-11: Launching mavenrun-cc00643a-463f-4bc4-a838-ab305510592c] INFO  o.eclipse.m2e.core.internal.Bundles - 	Entry: C:\Users\satyaprakashm\.p2\pool\plugins\org.apache.commons.commons-codec_1.16.0.jar
2025-06-04 09:53:26,356 [Worker-11: Launching mavenrun-cc00643a-463f-4bc4-a838-ab305510592c] INFO  o.eclipse.m2e.core.internal.Bundles - getClasspathEntries(Bundle=com.google.guava.failureaccess_1.0.3 [17])
2025-06-04 09:53:26,356 [Worker-11: Launching mavenrun-cc00643a-463f-4bc4-a838-ab305510592c] INFO  o.eclipse.m2e.core.internal.Bundles - 	Entry: C:\Users\satyaprakashm\.p2\pool\plugins\com.google.guava.failureaccess_1.0.3.jar
2025-06-04 09:53:26,364 [Worker-11: Launching mavenrun-cc00643a-463f-4bc4-a838-ab305510592c] INFO  o.e.m.i.launch.MavenLaunchDelegate - Run build in "C:\Users\SATYAP~1\AppData\Local\Temp\m2e-archetypeGenerator15543821071985415747":
2025-06-04 09:53:26,369 [Worker-11: Launching mavenrun-cc00643a-463f-4bc4-a838-ab305510592c] INFO  o.e.m.i.launch.MavenLaunchDelegate -  mvn  -DarchetypeGroupId=org.glassfish.jersey.archetypes -DarchetypeArtifactId=jersey-quickstart-webapp -DarchetypeVersion=4.0.0-M2 -DgroupId=Infinite -DartifactId=FacadePattern -Dversion=0.0.1-SNAPSHOT -Dpackage=com.java.facade.example1 -DoutputDirectory="C:\Java Training\FacadePattern" -B -Dstyle.color=always -U archetype:generate
2025-06-04 09:53:45,840 [Worker-10: Creating jersey-quickstart-webapp] INFO  o.e.m.c.i.p.ProjectConfigurationManager - Collecting project info '/pom.xml' C:\Java Training\FacadePattern\FacadePattern\pom.xml
2025-06-04 09:53:47,588 [Worker-10: Creating jersey-quickstart-webapp] INFO  o.e.m.c.i.l.LifecycleMappingFactory - Using org.maven.ide.eclipse.wtp.WarLifecycleMapping lifecycle mapping for MavenProject: Infinite:FacadePattern:0.0.1-SNAPSHOT @ C:\Java Training\FacadePattern\FacadePattern\pom.xml.
2025-06-04 09:53:48,859 [Worker-10: Creating jersey-quickstart-webapp] INFO  o.e.m.j.i.AbstractJavaProjectConfigurator - Adding source folder /FacadePattern/src/main/java
2025-06-04 09:53:48,862 [Worker-10: Creating jersey-quickstart-webapp] INFO  o.e.m.j.i.AbstractJavaProjectConfigurator - Adding resource folder /FacadePattern/src/main/resources
2025-06-04 09:53:48,867 [Worker-10: Creating jersey-quickstart-webapp] INFO  o.e.m.j.i.AbstractJavaProjectConfigurator - Adding source folder /FacadePattern/src/test/java
2025-06-04 09:53:48,868 [Worker-10: Creating jersey-quickstart-webapp] INFO  o.e.m.j.i.AbstractJavaProjectConfigurator - Adding resource folder /FacadePattern/src/test/resources
2025-06-04 09:53:52,515 [Worker-10: Creating jersey-quickstart-webapp] INFO  o.e.m.c.i.p.ProjectConfigurationManager - Imported and configured 1 project(s) in 6 sec
2025-06-04 09:53:53,438 [Worker-20: Building] INFO  o.a.m.s.f.DefaultMavenResourcesFiltering - skip non existing resourceDirectory C:\Java Training\FacadePattern\FacadePattern\src\main\resources
2025-06-04 09:53:53,445 [Worker-20: Building] INFO  o.a.m.s.f.DefaultMavenResourcesFiltering - skip non existing resourceDirectory C:\Java Training\FacadePattern\FacadePattern\src\test\resources
2025-06-04 09:54:06,739 [Worker-13: Building] INFO  o.a.m.s.f.DefaultMavenResourcesFiltering - skip non existing resourceDirectory C:\Java Training\FacadePattern\FacadePattern\src\main\resources
2025-06-04 09:54:06,744 [Worker-13: Building] INFO  o.a.m.s.f.DefaultMavenResourcesFiltering - skip non existing resourceDirectory C:\Java Training\FacadePattern\FacadePattern\src\test\resources
2025-06-04 09:55:42,507 [Worker-15: Building] INFO  o.a.m.s.f.DefaultMavenResourcesFiltering - skip non existing resourceDirectory C:\Java Training\FacadePattern\FacadePattern\src\main\resources
2025-06-04 09:55:42,512 [Worker-15: Building] INFO  o.a.m.s.f.DefaultMavenResourcesFiltering - skip non existing resourceDirectory C:\Java Training\FacadePattern\FacadePattern\src\test\resources
2025-06-04 09:56:30,383 [Worker-12: Building] INFO  o.a.m.s.f.DefaultMavenResourcesFiltering - skip non existing resourceDirectory C:\Java Training\FacadePattern\FacadePattern\src\main\resources
2025-06-04 09:56:30,387 [Worker-12: Building] INFO  o.a.m.s.f.DefaultMavenResourcesFiltering - skip non existing resourceDirectory C:\Java Training\FacadePattern\FacadePattern\src\test\resources
2025-06-04 09:57:23,983 [Worker-6: Building] INFO  o.a.m.s.f.DefaultMavenResourcesFiltering - skip non existing resourceDirectory C:\Java Training\FacadePattern\FacadePattern\src\main\resources
2025-06-04 09:57:23,987 [Worker-6: Building] INFO  o.a.m.s.f.DefaultMavenResourcesFiltering - skip non existing resourceDirectory C:\Java Training\FacadePattern\FacadePattern\src\test\resources
2025-06-04 09:58:55,619 [Worker-1: Building] INFO  o.a.m.s.f.DefaultMavenResourcesFiltering - skip non existing resourceDirectory C:\Java Training\FacadePattern\FacadePattern\src\main\resources
2025-06-04 09:58:55,621 [Worker-1: Building] INFO  o.a.m.s.f.DefaultMavenResourcesFiltering - skip non existing resourceDirectory C:\Java Training\FacadePattern\FacadePattern\src\test\resources
2025-06-04 10:02:55,477 [Worker-14: Building] INFO  o.a.m.s.f.DefaultMavenResourcesFiltering - skip non existing resourceDirectory C:\Java Training\FacadePattern\FacadePattern\src\main\resources
2025-06-04 10:02:55,481 [Worker-14: Building] INFO  o.a.m.s.f.DefaultMavenResourcesFiltering - skip non existing resourceDirectory C:\Java Training\FacadePattern\FacadePattern\src\test\resources
2025-06-04 10:06:03,228 [Worker-7: Launching MainProg] INFO  o.a.m.s.f.DefaultMavenResourcesFiltering - skip non existing resourceDirectory C:\Java Training\FacadePattern\FacadePattern\src\main\resources
2025-06-04 10:06:03,229 [Worker-7: Launching MainProg] INFO  o.a.m.s.f.DefaultMavenResourcesFiltering - skip non existing resourceDirectory C:\Java Training\FacadePattern\FacadePattern\src\test\resources
2025-06-04 10:06:37,497 [Worker-7: Launching MainProg] INFO  o.a.m.s.f.DefaultMavenResourcesFiltering - skip non existing resourceDirectory C:\Java Training\FacadePattern\FacadePattern\src\main\resources
2025-06-04 10:06:37,500 [Worker-7: Launching MainProg] INFO  o.a.m.s.f.DefaultMavenResourcesFiltering - skip non existing resourceDirectory C:\Java Training\FacadePattern\FacadePattern\src\test\resources
2025-06-04 10:10:20,596 [Worker-22: Launching MainProg] INFO  o.a.m.s.f.DefaultMavenResourcesFiltering - skip non existing resourceDirectory C:\Java Training\FacadePattern\FacadePattern\src\main\resources
2025-06-04 10:10:20,600 [Worker-22: Launching MainProg] INFO  o.a.m.s.f.DefaultMavenResourcesFiltering - skip non existing resourceDirectory C:\Java Training\FacadePattern\FacadePattern\src\test\resources
2025-06-04 10:15:14,016 [Worker-25: Building] INFO  o.a.m.s.f.DefaultMavenResourcesFiltering - skip non existing resourceDirectory C:\Java Training\FacadePattern\FacadePattern\src\main\resources
2025-06-04 10:15:14,019 [Worker-25: Building] INFO  o.a.m.s.f.DefaultMavenResourcesFiltering - skip non existing resourceDirectory C:\Java Training\FacadePattern\FacadePattern\src\test\resources
2025-06-04 10:18:33,388 [Worker-29: Building] INFO  o.a.m.s.f.DefaultMavenResourcesFiltering - skip non existing resourceDirectory C:\Java Training\FacadePattern\FacadePattern\src\main\resources
2025-06-04 10:18:33,391 [Worker-29: Building] INFO  o.a.m.s.f.DefaultMavenResourcesFiltering - skip non existing resourceDirectory C:\Java Training\FacadePattern\FacadePattern\src\test\resources
2025-06-04 10:20:08,553 [Worker-29: Building] INFO  o.a.m.s.f.DefaultMavenResourcesFiltering - skip non existing resourceDirectory C:\Java Training\FacadePattern\FacadePattern\src\main\resources
2025-06-04 10:20:08,556 [Worker-29: Building] INFO  o.a.m.s.f.DefaultMavenResourcesFiltering - skip non existing resourceDirectory C:\Java Training\FacadePattern\FacadePattern\src\test\resources
2025-06-04 10:22:02,364 [Worker-23: Building] INFO  o.a.m.s.f.DefaultMavenResourcesFiltering - skip non existing resourceDirectory C:\Java Training\FacadePattern\FacadePattern\src\main\resources
2025-06-04 10:22:02,367 [Worker-23: Building] INFO  o.a.m.s.f.DefaultMavenResourcesFiltering - skip non existing resourceDirectory C:\Java Training\FacadePattern\FacadePattern\src\test\resources
2025-06-04 10:27:31,886 [Worker-33: Building] INFO  o.a.m.s.f.DefaultMavenResourcesFiltering - skip non existing resourceDirectory C:\Java Training\FacadePattern\FacadePattern\src\main\resources
2025-06-04 10:27:31,889 [Worker-33: Building] INFO  o.a.m.s.f.DefaultMavenResourcesFiltering - skip non existing resourceDirectory C:\Java Training\FacadePattern\FacadePattern\src\test\resources
2025-06-04 10:29:26,468 [Worker-39: Building] INFO  o.a.m.s.f.DefaultMavenResourcesFiltering - skip non existing resourceDirectory C:\Java Training\FacadePattern\FacadePattern\src\main\resources
2025-06-04 10:29:26,471 [Worker-39: Building] INFO  o.a.m.s.f.DefaultMavenResourcesFiltering - skip non existing resourceDirectory C:\Java Training\FacadePattern\FacadePattern\src\test\resources
2025-06-04 10:29:31,425 [Worker-35: Building] INFO  o.a.m.s.f.DefaultMavenResourcesFiltering - skip non existing resourceDirectory C:\Java Training\FacadePattern\FacadePattern\src\main\resources
2025-06-04 10:29:31,429 [Worker-35: Building] INFO  o.a.m.s.f.DefaultMavenResourcesFiltering - skip non existing resourceDirectory C:\Java Training\FacadePattern\FacadePattern\src\test\resources
2025-06-04 10:29:54,295 [Worker-35: Building] INFO  o.a.m.s.f.DefaultMavenResourcesFiltering - skip non existing resourceDirectory C:\Java Training\FacadePattern\FacadePattern\src\main\resources
2025-06-04 10:29:54,299 [Worker-35: Building] INFO  o.a.m.s.f.DefaultMavenResourcesFiltering - skip non existing resourceDirectory C:\Java Training\FacadePattern\FacadePattern\src\test\resources
2025-06-04 10:31:45,303 [Worker-35: Building] INFO  o.a.m.s.f.DefaultMavenResourcesFiltering - skip non existing resourceDirectory C:\Java Training\FacadePattern\FacadePattern\src\main\resources
2025-06-04 10:31:45,305 [Worker-35: Building] INFO  o.a.m.s.f.DefaultMavenResourcesFiltering - skip non existing resourceDirectory C:\Java Training\FacadePattern\FacadePattern\src\test\resources
2025-06-04 10:33:45,236 [Worker-35: Building] INFO  o.a.m.s.f.DefaultMavenResourcesFiltering - skip non existing resourceDirectory C:\Java Training\FacadePattern\FacadePattern\src\main\resources
2025-06-04 10:33:45,239 [Worker-35: Building] INFO  o.a.m.s.f.DefaultMavenResourcesFiltering - skip non existing resourceDirectory C:\Java Training\FacadePattern\FacadePattern\src\test\resources
2025-06-04 10:35:18,263 [Worker-39: Building] INFO  o.a.m.s.f.DefaultMavenResourcesFiltering - skip non existing resourceDirectory C:\Java Training\FacadePattern\FacadePattern\src\main\resources
2025-06-04 10:35:18,268 [Worker-39: Building] INFO  o.a.m.s.f.DefaultMavenResourcesFiltering - skip non existing resourceDirectory C:\Java Training\FacadePattern\FacadePattern\src\test\resources
2025-06-04 10:36:12,593 [Worker-42: Building] INFO  o.a.m.s.f.DefaultMavenResourcesFiltering - skip non existing resourceDirectory C:\Java Training\FacadePattern\FacadePattern\src\main\resources
2025-06-04 10:36:12,594 [Worker-42: Building] INFO  o.a.m.s.f.DefaultMavenResourcesFiltering - skip non existing resourceDirectory C:\Java Training\FacadePattern\FacadePattern\src\test\resources
2025-06-04 10:36:24,222 [Worker-42: Building] INFO  o.a.m.s.f.DefaultMavenResourcesFiltering - skip non existing resourceDirectory C:\Java Training\FacadePattern\FacadePattern\src\main\resources
2025-06-04 10:36:24,235 [Worker-42: Building] INFO  o.a.m.s.f.DefaultMavenResourcesFiltering - skip non existing resourceDirectory C:\Java Training\FacadePattern\FacadePattern\src\test\resources
2025-06-04 10:36:28,502 [Worker-42: Building] INFO  o.a.m.s.f.DefaultMavenResourcesFiltering - skip non existing resourceDirectory C:\Java Training\FacadePattern\FacadePattern\src\main\resources
2025-06-04 10:36:28,504 [Worker-42: Building] INFO  o.a.m.s.f.DefaultMavenResourcesFiltering - skip non existing resourceDirectory C:\Java Training\FacadePattern\FacadePattern\src\test\resources
2025-06-04 10:36:53,538 [Worker-44: Building] INFO  o.a.m.s.f.DefaultMavenResourcesFiltering - skip non existing resourceDirectory C:\Java Training\FacadePattern\FacadePattern\src\main\resources
2025-06-04 10:36:53,540 [Worker-44: Building] INFO  o.a.m.s.f.DefaultMavenResourcesFiltering - skip non existing resourceDirectory C:\Java Training\FacadePattern\FacadePattern\src\test\resources
2025-06-04 10:36:59,576 [Worker-42: Building] INFO  o.a.m.s.f.DefaultMavenResourcesFiltering - skip non existing resourceDirectory C:\Java Training\FacadePattern\FacadePattern\src\main\resources
2025-06-04 10:36:59,577 [Worker-42: Building] INFO  o.a.m.s.f.DefaultMavenResourcesFiltering - skip non existing resourceDirectory C:\Java Training\FacadePattern\FacadePattern\src\test\resources
2025-06-04 10:37:03,069 [Worker-35: Building] INFO  o.a.m.s.f.DefaultMavenResourcesFiltering - skip non existing resourceDirectory C:\Java Training\FacadePattern\FacadePattern\src\main\resources
2025-06-04 10:37:03,072 [Worker-35: Building] INFO  o.a.m.s.f.DefaultMavenResourcesFiltering - skip non existing resourceDirectory C:\Java Training\FacadePattern\FacadePattern\src\test\resources
2025-06-04 10:37:10,603 [Worker-35: Building] INFO  o.a.m.s.f.DefaultMavenResourcesFiltering - skip non existing resourceDirectory C:\Java Training\FacadePattern\FacadePattern\src\main\resources
2025-06-04 10:37:10,606 [Worker-35: Building] INFO  o.a.m.s.f.DefaultMavenResourcesFiltering - skip non existing resourceDirectory C:\Java Training\FacadePattern\FacadePattern\src\test\resources
2025-06-04 10:37:12,674 [Worker-44: Building] INFO  o.a.m.s.f.DefaultMavenResourcesFiltering - skip non existing resourceDirectory C:\Java Training\FacadePattern\FacadePattern\src\main\resources
2025-06-04 10:37:12,677 [Worker-44: Building] INFO  o.a.m.s.f.DefaultMavenResourcesFiltering - skip non existing resourceDirectory C:\Java Training\FacadePattern\FacadePattern\src\test\resources
2025-06-04 10:37:17,255 [Worker-35: Building] INFO  o.a.m.s.f.DefaultMavenResourcesFiltering - skip non existing resourceDirectory C:\Java Training\FacadePattern\FacadePattern\src\main\resources
2025-06-04 10:37:17,257 [Worker-35: Building] INFO  o.a.m.s.f.DefaultMavenResourcesFiltering - skip non existing resourceDirectory C:\Java Training\FacadePattern\FacadePattern\src\test\resources
2025-06-04 10:37:24,226 [Worker-44: Building] INFO  o.a.m.s.f.DefaultMavenResourcesFiltering - skip non existing resourceDirectory C:\Java Training\FacadePattern\FacadePattern\src\main\resources
2025-06-04 10:37:24,227 [Worker-44: Building] INFO  o.a.m.s.f.DefaultMavenResourcesFiltering - skip non existing resourceDirectory C:\Java Training\FacadePattern\FacadePattern\src\test\resources
2025-06-04 10:38:38,108 [Worker-42: Building] INFO  o.a.m.s.f.DefaultMavenResourcesFiltering - skip non existing resourceDirectory C:\Java Training\FacadePattern\FacadePattern\src\main\resources
2025-06-04 10:38:38,112 [Worker-42: Building] INFO  o.a.m.s.f.DefaultMavenResourcesFiltering - skip non existing resourceDirectory C:\Java Training\FacadePattern\FacadePattern\src\test\resources
2025-06-04 10:38:42,410 [Worker-34: Building] INFO  o.a.m.s.f.DefaultMavenResourcesFiltering - skip non existing resourceDirectory C:\Java Training\FacadePattern\FacadePattern\src\main\resources
2025-06-04 10:38:42,411 [Worker-34: Building] INFO  o.a.m.s.f.DefaultMavenResourcesFiltering - skip non existing resourceDirectory C:\Java Training\FacadePattern\FacadePattern\src\test\resources
2025-06-04 10:38:47,932 [Worker-34: Building] INFO  o.a.m.s.f.DefaultMavenResourcesFiltering - skip non existing resourceDirectory C:\Java Training\FacadePattern\FacadePattern\src\main\resources
2025-06-04 10:38:47,934 [Worker-34: Building] INFO  o.a.m.s.f.DefaultMavenResourcesFiltering - skip non existing resourceDirectory C:\Java Training\FacadePattern\FacadePattern\src\test\resources
2025-06-04 10:38:52,413 [Worker-34: Building] INFO  o.a.m.s.f.DefaultMavenResourcesFiltering - skip non existing resourceDirectory C:\Java Training\FacadePattern\FacadePattern\src\main\resources
2025-06-04 10:38:52,414 [Worker-34: Building] INFO  o.a.m.s.f.DefaultMavenResourcesFiltering - skip non existing resourceDirectory C:\Java Training\FacadePattern\FacadePattern\src\test\resources
2025-06-04 10:38:59,429 [Worker-43: Building] INFO  o.a.m.s.f.DefaultMavenResourcesFiltering - skip non existing resourceDirectory C:\Java Training\FacadePattern\FacadePattern\src\main\resources
2025-06-04 10:38:59,431 [Worker-43: Building] INFO  o.a.m.s.f.DefaultMavenResourcesFiltering - skip non existing resourceDirectory C:\Java Training\FacadePattern\FacadePattern\src\test\resources
2025-06-04 10:39:01,539 [Worker-42: Building] INFO  o.a.m.s.f.DefaultMavenResourcesFiltering - skip non existing resourceDirectory C:\Java Training\FacadePattern\FacadePattern\src\main\resources
2025-06-04 10:39:01,541 [Worker-42: Building] INFO  o.a.m.s.f.DefaultMavenResourcesFiltering - skip non existing resourceDirectory C:\Java Training\FacadePattern\FacadePattern\src\test\resources
2025-06-04 10:39:06,958 [Worker-42: Building] INFO  o.a.m.s.f.DefaultMavenResourcesFiltering - skip non existing resourceDirectory C:\Java Training\FacadePattern\FacadePattern\src\main\resources
2025-06-04 10:39:06,960 [Worker-42: Building] INFO  o.a.m.s.f.DefaultMavenResourcesFiltering - skip non existing resourceDirectory C:\Java Training\FacadePattern\FacadePattern\src\test\resources
2025-06-04 10:39:09,060 [Worker-44: Building] INFO  o.a.m.s.f.DefaultMavenResourcesFiltering - skip non existing resourceDirectory C:\Java Training\FacadePattern\FacadePattern\src\main\resources
2025-06-04 10:39:09,062 [Worker-44: Building] INFO  o.a.m.s.f.DefaultMavenResourcesFiltering - skip non existing resourceDirectory C:\Java Training\FacadePattern\FacadePattern\src\test\resources
2025-06-04 10:39:20,531 [Worker-42: Building] INFO  o.a.m.s.f.DefaultMavenResourcesFiltering - skip non existing resourceDirectory C:\Java Training\FacadePattern\FacadePattern\src\main\resources
2025-06-04 10:39:20,533 [Worker-42: Building] INFO  o.a.m.s.f.DefaultMavenResourcesFiltering - skip non existing resourceDirectory C:\Java Training\FacadePattern\FacadePattern\src\test\resources
2025-06-04 10:39:24,092 [Worker-43: Building] INFO  o.a.m.s.f.DefaultMavenResourcesFiltering - skip non existing resourceDirectory C:\Java Training\FacadePattern\FacadePattern\src\main\resources
2025-06-04 10:39:24,093 [Worker-43: Building] INFO  o.a.m.s.f.DefaultMavenResourcesFiltering - skip non existing resourceDirectory C:\Java Training\FacadePattern\FacadePattern\src\test\resources
2025-06-04 10:39:36,068 [Worker-46: Building] INFO  o.a.m.s.f.DefaultMavenResourcesFiltering - skip non existing resourceDirectory C:\Java Training\FacadePattern\FacadePattern\src\main\resources
2025-06-04 10:39:36,070 [Worker-46: Building] INFO  o.a.m.s.f.DefaultMavenResourcesFiltering - skip non existing resourceDirectory C:\Java Training\FacadePattern\FacadePattern\src\test\resources
2025-06-04 10:39:38,151 [Worker-46: Building] INFO  o.a.m.s.f.DefaultMavenResourcesFiltering - skip non existing resourceDirectory C:\Java Training\FacadePattern\FacadePattern\src\main\resources
2025-06-04 10:39:38,153 [Worker-46: Building] INFO  o.a.m.s.f.DefaultMavenResourcesFiltering - skip non existing resourceDirectory C:\Java Training\FacadePattern\FacadePattern\src\test\resources
2025-06-04 10:39:41,736 [Worker-43: Building] INFO  o.a.m.s.f.DefaultMavenResourcesFiltering - skip non existing resourceDirectory C:\Java Training\FacadePattern\FacadePattern\src\main\resources
2025-06-04 10:39:41,738 [Worker-43: Building] INFO  o.a.m.s.f.DefaultMavenResourcesFiltering - skip non existing resourceDirectory C:\Java Training\FacadePattern\FacadePattern\src\test\resources
2025-06-04 10:39:44,830 [Worker-44: Building] INFO  o.a.m.s.f.DefaultMavenResourcesFiltering - skip non existing resourceDirectory C:\Java Training\FacadePattern\FacadePattern\src\main\resources
2025-06-04 10:39:44,832 [Worker-44: Building] INFO  o.a.m.s.f.DefaultMavenResourcesFiltering - skip non existing resourceDirectory C:\Java Training\FacadePattern\FacadePattern\src\test\resources
2025-06-04 10:40:18,533 [Worker-43: Building] INFO  o.a.m.s.f.DefaultMavenResourcesFiltering - skip non existing resourceDirectory C:\Java Training\FacadePattern\FacadePattern\src\main\resources
2025-06-04 10:40:18,535 [Worker-43: Building] INFO  o.a.m.s.f.DefaultMavenResourcesFiltering - skip non existing resourceDirectory C:\Java Training\FacadePattern\FacadePattern\src\test\resources
2025-06-04 10:40:24,073 [Worker-43: Building] INFO  o.a.m.s.f.DefaultMavenResourcesFiltering - skip non existing resourceDirectory C:\Java Training\FacadePattern\FacadePattern\src\main\resources
2025-06-04 10:40:24,074 [Worker-43: Building] INFO  o.a.m.s.f.DefaultMavenResourcesFiltering - skip non existing resourceDirectory C:\Java Training\FacadePattern\FacadePattern\src\test\resources
2025-06-04 10:40:28,217 [Worker-43: Building] INFO  o.a.m.s.f.DefaultMavenResourcesFiltering - skip non existing resourceDirectory C:\Java Training\FacadePattern\FacadePattern\src\main\resources
2025-06-04 10:40:28,219 [Worker-43: Building] INFO  o.a.m.s.f.DefaultMavenResourcesFiltering - skip non existing resourceDirectory C:\Java Training\FacadePattern\FacadePattern\src\test\resources
2025-06-04 10:40:36,234 [Worker-43: Building] INFO  o.a.m.s.f.DefaultMavenResourcesFiltering - skip non existing resourceDirectory C:\Java Training\FacadePattern\FacadePattern\src\main\resources
2025-06-04 10:40:36,235 [Worker-43: Building] INFO  o.a.m.s.f.DefaultMavenResourcesFiltering - skip non existing resourceDirectory C:\Java Training\FacadePattern\FacadePattern\src\test\resources
2025-06-04 10:40:40,403 [Worker-34: Building] INFO  o.a.m.s.f.DefaultMavenResourcesFiltering - skip non existing resourceDirectory C:\Java Training\FacadePattern\FacadePattern\src\main\resources
2025-06-04 10:40:40,405 [Worker-34: Building] INFO  o.a.m.s.f.DefaultMavenResourcesFiltering - skip non existing resourceDirectory C:\Java Training\FacadePattern\FacadePattern\src\test\resources
2025-06-04 10:40:43,788 [Worker-46: Building] INFO  o.a.m.s.f.DefaultMavenResourcesFiltering - skip non existing resourceDirectory C:\Java Training\FacadePattern\FacadePattern\src\main\resources
2025-06-04 10:40:43,791 [Worker-46: Building] INFO  o.a.m.s.f.DefaultMavenResourcesFiltering - skip non existing resourceDirectory C:\Java Training\FacadePattern\FacadePattern\src\test\resources
2025-06-04 10:40:53,349 [Worker-43: Building] INFO  o.a.m.s.f.DefaultMavenResourcesFiltering - skip non existing resourceDirectory C:\Java Training\FacadePattern\FacadePattern\src\main\resources
2025-06-04 10:40:53,352 [Worker-43: Building] INFO  o.a.m.s.f.DefaultMavenResourcesFiltering - skip non existing resourceDirectory C:\Java Training\FacadePattern\FacadePattern\src\test\resources
2025-06-04 10:40:58,365 [Worker-34: Building] INFO  o.a.m.s.f.DefaultMavenResourcesFiltering - skip non existing resourceDirectory C:\Java Training\FacadePattern\FacadePattern\src\main\resources
2025-06-04 10:40:58,367 [Worker-34: Building] INFO  o.a.m.s.f.DefaultMavenResourcesFiltering - skip non existing resourceDirectory C:\Java Training\FacadePattern\FacadePattern\src\test\resources
2025-06-04 10:41:02,815 [Worker-46: Building] INFO  o.a.m.s.f.DefaultMavenResourcesFiltering - skip non existing resourceDirectory C:\Java Training\FacadePattern\FacadePattern\src\main\resources
2025-06-04 10:41:02,820 [Worker-46: Building] INFO  o.a.m.s.f.DefaultMavenResourcesFiltering - skip non existing resourceDirectory C:\Java Training\FacadePattern\FacadePattern\src\test\resources
2025-06-04 10:41:07,867 [Worker-34: Building] INFO  o.a.m.s.f.DefaultMavenResourcesFiltering - skip non existing resourceDirectory C:\Java Training\FacadePattern\FacadePattern\src\main\resources
2025-06-04 10:41:07,869 [Worker-34: Building] INFO  o.a.m.s.f.DefaultMavenResourcesFiltering - skip non existing resourceDirectory C:\Java Training\FacadePattern\FacadePattern\src\test\resources
2025-06-04 10:41:12,374 [Worker-47: Building] INFO  o.a.m.s.f.DefaultMavenResourcesFiltering - skip non existing resourceDirectory C:\Java Training\FacadePattern\FacadePattern\src\main\resources
2025-06-04 10:41:12,376 [Worker-47: Building] INFO  o.a.m.s.f.DefaultMavenResourcesFiltering - skip non existing resourceDirectory C:\Java Training\FacadePattern\FacadePattern\src\test\resources
2025-06-04 10:41:21,418 [Worker-47: Building] INFO  o.a.m.s.f.DefaultMavenResourcesFiltering - skip non existing resourceDirectory C:\Java Training\FacadePattern\FacadePattern\src\main\resources
2025-06-04 10:41:21,420 [Worker-47: Building] INFO  o.a.m.s.f.DefaultMavenResourcesFiltering - skip non existing resourceDirectory C:\Java Training\FacadePattern\FacadePattern\src\test\resources
2025-06-04 10:41:24,919 [Worker-44: Building] INFO  o.a.m.s.f.DefaultMavenResourcesFiltering - skip non existing resourceDirectory C:\Java Training\FacadePattern\FacadePattern\src\main\resources
2025-06-04 10:41:24,921 [Worker-44: Building] INFO  o.a.m.s.f.DefaultMavenResourcesFiltering - skip non existing resourceDirectory C:\Java Training\FacadePattern\FacadePattern\src\test\resources
2025-06-04 10:42:23,270 [Worker-47: Building] INFO  o.a.m.s.f.DefaultMavenResourcesFiltering - skip non existing resourceDirectory C:\Java Training\FacadePattern\FacadePattern\src\main\resources
2025-06-04 10:42:23,274 [Worker-47: Building] INFO  o.a.m.s.f.DefaultMavenResourcesFiltering - skip non existing resourceDirectory C:\Java Training\FacadePattern\FacadePattern\src\test\resources
2025-06-04 10:42:27,585 [Worker-42: Building] INFO  o.a.m.s.f.DefaultMavenResourcesFiltering - skip non existing resourceDirectory C:\Java Training\FacadePattern\FacadePattern\src\main\resources
2025-06-04 10:42:27,587 [Worker-42: Building] INFO  o.a.m.s.f.DefaultMavenResourcesFiltering - skip non existing resourceDirectory C:\Java Training\FacadePattern\FacadePattern\src\test\resources
2025-06-04 10:42:35,084 [Worker-44: Building] INFO  o.a.m.s.f.DefaultMavenResourcesFiltering - skip non existing resourceDirectory C:\Java Training\FacadePattern\FacadePattern\src\main\resources
2025-06-04 10:42:35,086 [Worker-44: Building] INFO  o.a.m.s.f.DefaultMavenResourcesFiltering - skip non existing resourceDirectory C:\Java Training\FacadePattern\FacadePattern\src\test\resources
2025-06-04 10:42:47,147 [Worker-41: Building] INFO  o.a.m.s.f.DefaultMavenResourcesFiltering - skip non existing resourceDirectory C:\Java Training\FacadePattern\FacadePattern\src\main\resources
2025-06-04 10:42:47,149 [Worker-41: Building] INFO  o.a.m.s.f.DefaultMavenResourcesFiltering - skip non existing resourceDirectory C:\Java Training\FacadePattern\FacadePattern\src\test\resources
2025-06-04 10:42:52,658 [Worker-46: Building] INFO  o.a.m.s.f.DefaultMavenResourcesFiltering - skip non existing resourceDirectory C:\Java Training\FacadePattern\FacadePattern\src\main\resources
2025-06-04 10:42:52,660 [Worker-46: Building] INFO  o.a.m.s.f.DefaultMavenResourcesFiltering - skip non existing resourceDirectory C:\Java Training\FacadePattern\FacadePattern\src\test\resources
2025-06-04 10:42:58,240 [Worker-43: Building] INFO  o.a.m.s.f.DefaultMavenResourcesFiltering - skip non existing resourceDirectory C:\Java Training\FacadePattern\FacadePattern\src\main\resources
2025-06-04 10:42:58,248 [Worker-43: Building] INFO  o.a.m.s.f.DefaultMavenResourcesFiltering - skip non existing resourceDirectory C:\Java Training\FacadePattern\FacadePattern\src\test\resources
2025-06-04 10:43:05,313 [Worker-34: Building] INFO  o.a.m.s.f.DefaultMavenResourcesFiltering - skip non existing resourceDirectory C:\Java Training\FacadePattern\FacadePattern\src\main\resources
2025-06-04 10:43:05,315 [Worker-34: Building] INFO  o.a.m.s.f.DefaultMavenResourcesFiltering - skip non existing resourceDirectory C:\Java Training\FacadePattern\FacadePattern\src\test\resources
2025-06-04 10:43:10,729 [Worker-44: Building] INFO  o.a.m.s.f.DefaultMavenResourcesFiltering - skip non existing resourceDirectory C:\Java Training\FacadePattern\FacadePattern\src\main\resources
2025-06-04 10:43:10,731 [Worker-44: Building] INFO  o.a.m.s.f.DefaultMavenResourcesFiltering - skip non existing resourceDirectory C:\Java Training\FacadePattern\FacadePattern\src\test\resources
2025-06-04 10:43:32,256 [Worker-47: Building] INFO  o.a.m.s.f.DefaultMavenResourcesFiltering - skip non existing resourceDirectory C:\Java Training\FacadePattern\FacadePattern\src\main\resources
2025-06-04 10:43:32,257 [Worker-47: Building] INFO  o.a.m.s.f.DefaultMavenResourcesFiltering - skip non existing resourceDirectory C:\Java Training\FacadePattern\FacadePattern\src\test\resources
2025-06-04 10:45:09,849 [Worker-48: Building] INFO  o.a.m.s.f.DefaultMavenResourcesFiltering - skip non existing resourceDirectory C:\Java Training\FacadePattern\FacadePattern\src\main\resources
2025-06-04 10:45:09,851 [Worker-48: Building] INFO  o.a.m.s.f.DefaultMavenResourcesFiltering - skip non existing resourceDirectory C:\Java Training\FacadePattern\FacadePattern\src\test\resources
2025-06-04 10:45:13,041 [Worker-43: Building] INFO  o.a.m.s.f.DefaultMavenResourcesFiltering - skip non existing resourceDirectory C:\Java Training\FacadePattern\FacadePattern\src\main\resources
2025-06-04 10:45:13,043 [Worker-43: Building] INFO  o.a.m.s.f.DefaultMavenResourcesFiltering - skip non existing resourceDirectory C:\Java Training\FacadePattern\FacadePattern\src\test\resources
2025-06-04 10:45:21,162 [Worker-34: Building] INFO  o.a.m.s.f.DefaultMavenResourcesFiltering - skip non existing resourceDirectory C:\Java Training\FacadePattern\FacadePattern\src\main\resources
2025-06-04 10:45:21,164 [Worker-34: Building] INFO  o.a.m.s.f.DefaultMavenResourcesFiltering - skip non existing resourceDirectory C:\Java Training\FacadePattern\FacadePattern\src\test\resources
2025-06-04 10:45:25,614 [Worker-44: Building] INFO  o.a.m.s.f.DefaultMavenResourcesFiltering - skip non existing resourceDirectory C:\Java Training\FacadePattern\FacadePattern\src\main\resources
2025-06-04 10:45:25,617 [Worker-44: Building] INFO  o.a.m.s.f.DefaultMavenResourcesFiltering - skip non existing resourceDirectory C:\Java Training\FacadePattern\FacadePattern\src\test\resources
2025-06-04 10:45:29,694 [Worker-34: Building] INFO  o.a.m.s.f.DefaultMavenResourcesFiltering - skip non existing resourceDirectory C:\Java Training\FacadePattern\FacadePattern\src\main\resources
2025-06-04 10:45:29,696 [Worker-34: Building] INFO  o.a.m.s.f.DefaultMavenResourcesFiltering - skip non existing resourceDirectory C:\Java Training\FacadePattern\FacadePattern\src\test\resources
2025-06-04 10:45:35,181 [Worker-49: Building] INFO  o.a.m.s.f.DefaultMavenResourcesFiltering - skip non existing resourceDirectory C:\Java Training\FacadePattern\FacadePattern\src\main\resources
2025-06-04 10:45:35,182 [Worker-49: Building] INFO  o.a.m.s.f.DefaultMavenResourcesFiltering - skip non existing resourceDirectory C:\Java Training\FacadePattern\FacadePattern\src\test\resources
2025-06-04 10:45:45,693 [Worker-43: Building] INFO  o.a.m.s.f.DefaultMavenResourcesFiltering - skip non existing resourceDirectory C:\Java Training\FacadePattern\FacadePattern\src\main\resources
2025-06-04 10:45:45,695 [Worker-43: Building] INFO  o.a.m.s.f.DefaultMavenResourcesFiltering - skip non existing resourceDirectory C:\Java Training\FacadePattern\FacadePattern\src\test\resources
2025-06-04 10:45:50,178 [Worker-48: Building] INFO  o.a.m.s.f.DefaultMavenResourcesFiltering - skip non existing resourceDirectory C:\Java Training\FacadePattern\FacadePattern\src\main\resources
2025-06-04 10:45:50,180 [Worker-48: Building] INFO  o.a.m.s.f.DefaultMavenResourcesFiltering - skip non existing resourceDirectory C:\Java Training\FacadePattern\FacadePattern\src\test\resources
2025-06-04 10:45:52,250 [Worker-49: Building] INFO  o.a.m.s.f.DefaultMavenResourcesFiltering - skip non existing resourceDirectory C:\Java Training\FacadePattern\FacadePattern\src\main\resources
2025-06-04 10:45:52,252 [Worker-49: Building] INFO  o.a.m.s.f.DefaultMavenResourcesFiltering - skip non existing resourceDirectory C:\Java Training\FacadePattern\FacadePattern\src\test\resources
2025-06-04 10:45:54,381 [Worker-50: Building] INFO  o.a.m.s.f.DefaultMavenResourcesFiltering - skip non existing resourceDirectory C:\Java Training\FacadePattern\FacadePattern\src\main\resources
2025-06-04 10:45:54,383 [Worker-50: Building] INFO  o.a.m.s.f.DefaultMavenResourcesFiltering - skip non existing resourceDirectory C:\Java Training\FacadePattern\FacadePattern\src\test\resources
2025-06-04 10:45:57,461 [Worker-44: Building] INFO  o.a.m.s.f.DefaultMavenResourcesFiltering - skip non existing resourceDirectory C:\Java Training\FacadePattern\FacadePattern\src\main\resources
2025-06-04 10:45:57,463 [Worker-44: Building] INFO  o.a.m.s.f.DefaultMavenResourcesFiltering - skip non existing resourceDirectory C:\Java Training\FacadePattern\FacadePattern\src\test\resources
2025-06-04 10:46:00,829 [Worker-34: Building] INFO  o.a.m.s.f.DefaultMavenResourcesFiltering - skip non existing resourceDirectory C:\Java Training\FacadePattern\FacadePattern\src\main\resources
2025-06-04 10:46:00,830 [Worker-34: Building] INFO  o.a.m.s.f.DefaultMavenResourcesFiltering - skip non existing resourceDirectory C:\Java Training\FacadePattern\FacadePattern\src\test\resources
2025-06-04 10:46:02,902 [Worker-44: Building] INFO  o.a.m.s.f.DefaultMavenResourcesFiltering - skip non existing resourceDirectory C:\Java Training\FacadePattern\FacadePattern\src\main\resources
2025-06-04 10:46:02,903 [Worker-44: Building] INFO  o.a.m.s.f.DefaultMavenResourcesFiltering - skip non existing resourceDirectory C:\Java Training\FacadePattern\FacadePattern\src\test\resources
2025-06-04 10:46:04,985 [Worker-44: Building] INFO  o.a.m.s.f.DefaultMavenResourcesFiltering - skip non existing resourceDirectory C:\Java Training\FacadePattern\FacadePattern\src\main\resources
2025-06-04 10:46:04,987 [Worker-44: Building] INFO  o.a.m.s.f.DefaultMavenResourcesFiltering - skip non existing resourceDirectory C:\Java Training\FacadePattern\FacadePattern\src\test\resources
2025-06-04 10:46:10,868 [Worker-43: Building] INFO  o.a.m.s.f.DefaultMavenResourcesFiltering - skip non existing resourceDirectory C:\Java Training\FacadePattern\FacadePattern\src\main\resources
2025-06-04 10:46:10,870 [Worker-43: Building] INFO  o.a.m.s.f.DefaultMavenResourcesFiltering - skip non existing resourceDirectory C:\Java Training\FacadePattern\FacadePattern\src\test\resources
2025-06-04 10:46:17,729 [Worker-34: Building] INFO  o.a.m.s.f.DefaultMavenResourcesFiltering - skip non existing resourceDirectory C:\Java Training\FacadePattern\FacadePattern\src\main\resources
2025-06-04 10:46:17,731 [Worker-34: Building] INFO  o.a.m.s.f.DefaultMavenResourcesFiltering - skip non existing resourceDirectory C:\Java Training\FacadePattern\FacadePattern\src\test\resources
2025-06-04 10:46:20,884 [Worker-49: Building] INFO  o.a.m.s.f.DefaultMavenResourcesFiltering - skip non existing resourceDirectory C:\Java Training\FacadePattern\FacadePattern\src\main\resources
2025-06-04 10:46:20,885 [Worker-49: Building] INFO  o.a.m.s.f.DefaultMavenResourcesFiltering - skip non existing resourceDirectory C:\Java Training\FacadePattern\FacadePattern\src\test\resources
2025-06-04 10:46:23,007 [Worker-43: Building] INFO  o.a.m.s.f.DefaultMavenResourcesFiltering - skip non existing resourceDirectory C:\Java Training\FacadePattern\FacadePattern\src\main\resources
2025-06-04 10:46:23,008 [Worker-43: Building] INFO  o.a.m.s.f.DefaultMavenResourcesFiltering - skip non existing resourceDirectory C:\Java Training\FacadePattern\FacadePattern\src\test\resources
2025-06-04 10:46:33,907 [Worker-50: Building] INFO  o.a.m.s.f.DefaultMavenResourcesFiltering - skip non existing resourceDirectory C:\Java Training\FacadePattern\FacadePattern\src\main\resources
2025-06-04 10:46:33,908 [Worker-50: Building] INFO  o.a.m.s.f.DefaultMavenResourcesFiltering - skip non existing resourceDirectory C:\Java Training\FacadePattern\FacadePattern\src\test\resources
2025-06-04 10:46:36,086 [Worker-34: Building] INFO  o.a.m.s.f.DefaultMavenResourcesFiltering - skip non existing resourceDirectory C:\Java Training\FacadePattern\FacadePattern\src\main\resources
2025-06-04 10:46:36,088 [Worker-34: Building] INFO  o.a.m.s.f.DefaultMavenResourcesFiltering - skip non existing resourceDirectory C:\Java Training\FacadePattern\FacadePattern\src\test\resources
2025-06-04 10:46:43,504 [Worker-48: Building] INFO  o.a.m.s.f.DefaultMavenResourcesFiltering - skip non existing resourceDirectory C:\Java Training\FacadePattern\FacadePattern\src\main\resources
2025-06-04 10:46:43,507 [Worker-48: Building] INFO  o.a.m.s.f.DefaultMavenResourcesFiltering - skip non existing resourceDirectory C:\Java Training\FacadePattern\FacadePattern\src\test\resources
2025-06-04 10:46:51,084 [Worker-49: Building] INFO  o.a.m.s.f.DefaultMavenResourcesFiltering - skip non existing resourceDirectory C:\Java Training\FacadePattern\FacadePattern\src\main\resources
2025-06-04 10:46:51,086 [Worker-49: Building] INFO  o.a.m.s.f.DefaultMavenResourcesFiltering - skip non existing resourceDirectory C:\Java Training\FacadePattern\FacadePattern\src\test\resources
2025-06-04 10:46:57,510 [Worker-43: Building] INFO  o.a.m.s.f.DefaultMavenResourcesFiltering - skip non existing resourceDirectory C:\Java Training\FacadePattern\FacadePattern\src\main\resources
2025-06-04 10:46:57,511 [Worker-43: Building] INFO  o.a.m.s.f.DefaultMavenResourcesFiltering - skip non existing resourceDirectory C:\Java Training\FacadePattern\FacadePattern\src\test\resources
2025-06-04 10:47:00,645 [Worker-49: Building] INFO  o.a.m.s.f.DefaultMavenResourcesFiltering - skip non existing resourceDirectory C:\Java Training\FacadePattern\FacadePattern\src\main\resources
2025-06-04 10:47:00,647 [Worker-49: Building] INFO  o.a.m.s.f.DefaultMavenResourcesFiltering - skip non existing resourceDirectory C:\Java Training\FacadePattern\FacadePattern\src\test\resources
2025-06-04 10:47:02,718 [Worker-34: Building] INFO  o.a.m.s.f.DefaultMavenResourcesFiltering - skip non existing resourceDirectory C:\Java Training\FacadePattern\FacadePattern\src\main\resources
2025-06-04 10:47:02,720 [Worker-34: Building] INFO  o.a.m.s.f.DefaultMavenResourcesFiltering - skip non existing resourceDirectory C:\Java Training\FacadePattern\FacadePattern\src\test\resources
2025-06-04 10:47:07,105 [Worker-48: Building] INFO  o.a.m.s.f.DefaultMavenResourcesFiltering - skip non existing resourceDirectory C:\Java Training\FacadePattern\FacadePattern\src\main\resources
2025-06-04 10:47:07,106 [Worker-48: Building] INFO  o.a.m.s.f.DefaultMavenResourcesFiltering - skip non existing resourceDirectory C:\Java Training\FacadePattern\FacadePattern\src\test\resources
2025-06-04 10:47:10,347 [Worker-48: Building] INFO  o.a.m.s.f.DefaultMavenResourcesFiltering - skip non existing resourceDirectory C:\Java Training\FacadePattern\FacadePattern\src\main\resources
2025-06-04 10:47:10,350 [Worker-48: Building] INFO  o.a.m.s.f.DefaultMavenResourcesFiltering - skip non existing resourceDirectory C:\Java Training\FacadePattern\FacadePattern\src\test\resources
2025-06-04 10:47:16,099 [Worker-49: Building] INFO  o.a.m.s.f.DefaultMavenResourcesFiltering - skip non existing resourceDirectory C:\Java Training\FacadePattern\FacadePattern\src\main\resources
2025-06-04 10:47:16,100 [Worker-49: Building] INFO  o.a.m.s.f.DefaultMavenResourcesFiltering - skip non existing resourceDirectory C:\Java Training\FacadePattern\FacadePattern\src\test\resources
2025-06-04 10:47:41,670 [Worker-44: Building] INFO  o.a.m.s.f.DefaultMavenResourcesFiltering - skip non existing resourceDirectory C:\Java Training\FacadePattern\FacadePattern\src\main\resources
2025-06-04 10:47:41,672 [Worker-44: Building] INFO  o.a.m.s.f.DefaultMavenResourcesFiltering - skip non existing resourceDirectory C:\Java Training\FacadePattern\FacadePattern\src\test\resources
2025-06-04 10:47:50,453 [Worker-44: Building] INFO  o.a.m.s.f.DefaultMavenResourcesFiltering - skip non existing resourceDirectory C:\Java Training\FacadePattern\FacadePattern\src\main\resources
2025-06-04 10:47:50,454 [Worker-44: Building] INFO  o.a.m.s.f.DefaultMavenResourcesFiltering - skip non existing resourceDirectory C:\Java Training\FacadePattern\FacadePattern\src\test\resources
2025-06-04 10:47:54,982 [Worker-48: Building] INFO  o.a.m.s.f.DefaultMavenResourcesFiltering - skip non existing resourceDirectory C:\Java Training\FacadePattern\FacadePattern\src\main\resources
2025-06-04 10:47:54,983 [Worker-48: Building] INFO  o.a.m.s.f.DefaultMavenResourcesFiltering - skip non existing resourceDirectory C:\Java Training\FacadePattern\FacadePattern\src\test\resources
2025-06-04 10:48:00,574 [Worker-48: Building] INFO  o.a.m.s.f.DefaultMavenResourcesFiltering - skip non existing resourceDirectory C:\Java Training\FacadePattern\FacadePattern\src\main\resources
2025-06-04 10:48:00,576 [Worker-48: Building] INFO  o.a.m.s.f.DefaultMavenResourcesFiltering - skip non existing resourceDirectory C:\Java Training\FacadePattern\FacadePattern\src\test\resources
2025-06-04 10:48:12,543 [Worker-48: Building] INFO  o.a.m.s.f.DefaultMavenResourcesFiltering - skip non existing resourceDirectory C:\Java Training\FacadePattern\FacadePattern\src\main\resources
2025-06-04 10:48:12,546 [Worker-48: Building] INFO  o.a.m.s.f.DefaultMavenResourcesFiltering - skip non existing resourceDirectory C:\Java Training\FacadePattern\FacadePattern\src\test\resources
2025-06-04 10:48:18,214 [Worker-44: Building] INFO  o.a.m.s.f.DefaultMavenResourcesFiltering - skip non existing resourceDirectory C:\Java Training\FacadePattern\FacadePattern\src\main\resources
2025-06-04 10:48:18,215 [Worker-44: Building] INFO  o.a.m.s.f.DefaultMavenResourcesFiltering - skip non existing resourceDirectory C:\Java Training\FacadePattern\FacadePattern\src\test\resources
2025-06-04 10:48:26,074 [Worker-49: Building] INFO  o.a.m.s.f.DefaultMavenResourcesFiltering - skip non existing resourceDirectory C:\Java Training\FacadePattern\FacadePattern\src\main\resources
2025-06-04 10:48:26,076 [Worker-49: Building] INFO  o.a.m.s.f.DefaultMavenResourcesFiltering - skip non existing resourceDirectory C:\Java Training\FacadePattern\FacadePattern\src\test\resources
2025-06-04 10:48:31,144 [Worker-48: Building] INFO  o.a.m.s.f.DefaultMavenResourcesFiltering - skip non existing resourceDirectory C:\Java Training\FacadePattern\FacadePattern\src\main\resources
2025-06-04 10:48:31,146 [Worker-48: Building] INFO  o.a.m.s.f.DefaultMavenResourcesFiltering - skip non existing resourceDirectory C:\Java Training\FacadePattern\FacadePattern\src\test\resources
2025-06-04 10:48:34,659 [Worker-50: Building] INFO  o.a.m.s.f.DefaultMavenResourcesFiltering - skip non existing resourceDirectory C:\Java Training\FacadePattern\FacadePattern\src\main\resources
2025-06-04 10:48:34,660 [Worker-50: Building] INFO  o.a.m.s.f.DefaultMavenResourcesFiltering - skip non existing resourceDirectory C:\Java Training\FacadePattern\FacadePattern\src\test\resources
2025-06-04 10:48:39,141 [Worker-34: Building] INFO  o.a.m.s.f.DefaultMavenResourcesFiltering - skip non existing resourceDirectory C:\Java Training\FacadePattern\FacadePattern\src\main\resources
2025-06-04 10:48:39,144 [Worker-34: Building] INFO  o.a.m.s.f.DefaultMavenResourcesFiltering - skip non existing resourceDirectory C:\Java Training\FacadePattern\FacadePattern\src\test\resources
2025-06-04 10:48:42,267 [Worker-34: Building] INFO  o.a.m.s.f.DefaultMavenResourcesFiltering - skip non existing resourceDirectory C:\Java Training\FacadePattern\FacadePattern\src\main\resources
2025-06-04 10:48:42,268 [Worker-34: Building] INFO  o.a.m.s.f.DefaultMavenResourcesFiltering - skip non existing resourceDirectory C:\Java Training\FacadePattern\FacadePattern\src\test\resources
2025-06-04 10:48:51,252 [Worker-50: Building] INFO  o.a.m.s.f.DefaultMavenResourcesFiltering - skip non existing resourceDirectory C:\Java Training\FacadePattern\FacadePattern\src\main\resources
2025-06-04 10:48:51,253 [Worker-50: Building] INFO  o.a.m.s.f.DefaultMavenResourcesFiltering - skip non existing resourceDirectory C:\Java Training\FacadePattern\FacadePattern\src\test\resources
2025-06-04 10:48:53,361 [Worker-34: Building] INFO  o.a.m.s.f.DefaultMavenResourcesFiltering - skip non existing resourceDirectory C:\Java Training\FacadePattern\FacadePattern\src\main\resources
2025-06-04 10:48:53,363 [Worker-34: Building] INFO  o.a.m.s.f.DefaultMavenResourcesFiltering - skip non existing resourceDirectory C:\Java Training\FacadePattern\FacadePattern\src\test\resources
2025-06-04 10:48:55,439 [Worker-48: Building] INFO  o.a.m.s.f.DefaultMavenResourcesFiltering - skip non existing resourceDirectory C:\Java Training\FacadePattern\FacadePattern\src\main\resources
2025-06-04 10:48:55,441 [Worker-48: Building] INFO  o.a.m.s.f.DefaultMavenResourcesFiltering - skip non existing resourceDirectory C:\Java Training\FacadePattern\FacadePattern\src\test\resources
2025-06-04 10:49:10,242 [Worker-44: Building] INFO  o.a.m.s.f.DefaultMavenResourcesFiltering - skip non existing resourceDirectory C:\Java Training\FacadePattern\FacadePattern\src\main\resources
2025-06-04 10:49:10,243 [Worker-44: Building] INFO  o.a.m.s.f.DefaultMavenResourcesFiltering - skip non existing resourceDirectory C:\Java Training\FacadePattern\FacadePattern\src\test\resources
2025-06-04 10:49:14,316 [Worker-34: Building] INFO  o.a.m.s.f.DefaultMavenResourcesFiltering - skip non existing resourceDirectory C:\Java Training\FacadePattern\FacadePattern\src\main\resources
2025-06-04 10:49:14,318 [Worker-34: Building] INFO  o.a.m.s.f.DefaultMavenResourcesFiltering - skip non existing resourceDirectory C:\Java Training\FacadePattern\FacadePattern\src\test\resources
2025-06-04 10:49:26,524 [Worker-48: Building] INFO  o.a.m.s.f.DefaultMavenResourcesFiltering - skip non existing resourceDirectory C:\Java Training\FacadePattern\FacadePattern\src\main\resources
2025-06-04 10:49:26,526 [Worker-48: Building] INFO  o.a.m.s.f.DefaultMavenResourcesFiltering - skip non existing resourceDirectory C:\Java Training\FacadePattern\FacadePattern\src\test\resources
2025-06-04 10:49:40,414 [Worker-44: Building] INFO  o.a.m.s.f.DefaultMavenResourcesFiltering - skip non existing resourceDirectory C:\Java Training\FacadePattern\FacadePattern\src\main\resources
2025-06-04 10:49:40,416 [Worker-44: Building] INFO  o.a.m.s.f.DefaultMavenResourcesFiltering - skip non existing resourceDirectory C:\Java Training\FacadePattern\FacadePattern\src\test\resources
2025-06-04 10:49:53,387 [Worker-43: Building] INFO  o.a.m.s.f.DefaultMavenResourcesFiltering - skip non existing resourceDirectory C:\Java Training\FacadePattern\FacadePattern\src\main\resources
2025-06-04 10:49:53,389 [Worker-43: Building] INFO  o.a.m.s.f.DefaultMavenResourcesFiltering - skip non existing resourceDirectory C:\Java Training\FacadePattern\FacadePattern\src\test\resources
2025-06-04 10:50:01,978 [Worker-51: Building] INFO  o.a.m.s.f.DefaultMavenResourcesFiltering - skip non existing resourceDirectory C:\Java Training\FacadePattern\FacadePattern\src\main\resources
2025-06-04 10:50:01,980 [Worker-51: Building] INFO  o.a.m.s.f.DefaultMavenResourcesFiltering - skip non existing resourceDirectory C:\Java Training\FacadePattern\FacadePattern\src\test\resources
2025-06-04 10:50:05,940 [Worker-43: Building] INFO  o.a.m.s.f.DefaultMavenResourcesFiltering - skip non existing resourceDirectory C:\Java Training\FacadePattern\FacadePattern\src\main\resources
2025-06-04 10:50:05,941 [Worker-43: Building] INFO  o.a.m.s.f.DefaultMavenResourcesFiltering - skip non existing resourceDirectory C:\Java Training\FacadePattern\FacadePattern\src\test\resources
2025-06-04 10:50:11,435 [Worker-48: Building] INFO  o.a.m.s.f.DefaultMavenResourcesFiltering - skip non existing resourceDirectory C:\Java Training\FacadePattern\FacadePattern\src\main\resources
2025-06-04 10:50:11,437 [Worker-48: Building] INFO  o.a.m.s.f.DefaultMavenResourcesFiltering - skip non existing resourceDirectory C:\Java Training\FacadePattern\FacadePattern\src\test\resources
2025-06-04 10:50:44,487 [Worker-48: Building] INFO  o.a.m.s.f.DefaultMavenResourcesFiltering - skip non existing resourceDirectory C:\Java Training\FacadePattern\FacadePattern\src\main\resources
2025-06-04 10:50:44,489 [Worker-48: Building] INFO  o.a.m.s.f.DefaultMavenResourcesFiltering - skip non existing resourceDirectory C:\Java Training\FacadePattern\FacadePattern\src\test\resources
2025-06-04 10:50:46,595 [Worker-50: Building] INFO  o.a.m.s.f.DefaultMavenResourcesFiltering - skip non existing resourceDirectory C:\Java Training\FacadePattern\FacadePattern\src\main\resources
2025-06-04 10:50:46,597 [Worker-50: Building] INFO  o.a.m.s.f.DefaultMavenResourcesFiltering - skip non existing resourceDirectory C:\Java Training\FacadePattern\FacadePattern\src\test\resources
2025-06-04 10:50:50,027 [Worker-43: Building] INFO  o.a.m.s.f.DefaultMavenResourcesFiltering - skip non existing resourceDirectory C:\Java Training\FacadePattern\FacadePattern\src\main\resources
2025-06-04 10:50:50,028 [Worker-43: Building] INFO  o.a.m.s.f.DefaultMavenResourcesFiltering - skip non existing resourceDirectory C:\Java Training\FacadePattern\FacadePattern\src\test\resources
2025-06-04 10:52:39,707 [Worker-52: Building] INFO  o.a.m.s.f.DefaultMavenResourcesFiltering - skip non existing resourceDirectory C:\Java Training\FacadePattern\FacadePattern\src\main\resources
2025-06-04 10:52:39,708 [Worker-52: Building] INFO  o.a.m.s.f.DefaultMavenResourcesFiltering - skip non existing resourceDirectory C:\Java Training\FacadePattern\FacadePattern\src\test\resources
2025-06-04 10:52:41,783 [Worker-54: Building] INFO  o.a.m.s.f.DefaultMavenResourcesFiltering - skip non existing resourceDirectory C:\Java Training\FacadePattern\FacadePattern\src\main\resources
2025-06-04 10:52:41,785 [Worker-54: Building] INFO  o.a.m.s.f.DefaultMavenResourcesFiltering - skip non existing resourceDirectory C:\Java Training\FacadePattern\FacadePattern\src\test\resources
2025-06-04 10:52:58,708 [Worker-51: Building] INFO  o.a.m.s.f.DefaultMavenResourcesFiltering - skip non existing resourceDirectory C:\Java Training\FacadePattern\FacadePattern\src\main\resources
2025-06-04 10:52:58,709 [Worker-51: Building] INFO  o.a.m.s.f.DefaultMavenResourcesFiltering - skip non existing resourceDirectory C:\Java Training\FacadePattern\FacadePattern\src\test\resources
2025-06-04 10:53:49,317 [Worker-44: Building] INFO  o.a.m.s.f.DefaultMavenResourcesFiltering - skip non existing resourceDirectory C:\Java Training\FacadePattern\FacadePattern\src\main\resources
2025-06-04 10:53:49,321 [Worker-44: Building] INFO  o.a.m.s.f.DefaultMavenResourcesFiltering - skip non existing resourceDirectory C:\Java Training\FacadePattern\FacadePattern\src\test\resources
2025-06-04 10:53:57,261 [Worker-53: Building] INFO  o.a.m.s.f.DefaultMavenResourcesFiltering - skip non existing resourceDirectory C:\Java Training\FacadePattern\FacadePattern\src\main\resources
2025-06-04 10:53:57,262 [Worker-53: Building] INFO  o.a.m.s.f.DefaultMavenResourcesFiltering - skip non existing resourceDirectory C:\Java Training\FacadePattern\FacadePattern\src\test\resources
2025-06-04 10:53:58,354 [Worker-44: Building] INFO  o.a.m.s.f.DefaultMavenResourcesFiltering - skip non existing resourceDirectory C:\Java Training\FacadePattern\FacadePattern\src\main\resources
2025-06-04 10:53:58,356 [Worker-44: Building] INFO  o.a.m.s.f.DefaultMavenResourcesFiltering - skip non existing resourceDirectory C:\Java Training\FacadePattern\FacadePattern\src\test\resources
2025-06-04 10:54:02,314 [Worker-53: Building] INFO  o.a.m.s.f.DefaultMavenResourcesFiltering - skip non existing resourceDirectory C:\Java Training\FacadePattern\FacadePattern\src\main\resources
2025-06-04 10:54:02,316 [Worker-53: Building] INFO  o.a.m.s.f.DefaultMavenResourcesFiltering - skip non existing resourceDirectory C:\Java Training\FacadePattern\FacadePattern\src\test\resources
2025-06-04 10:54:03,414 [Worker-54: Building] INFO  o.a.m.s.f.DefaultMavenResourcesFiltering - skip non existing resourceDirectory C:\Java Training\FacadePattern\FacadePattern\src\main\resources
2025-06-04 10:54:03,418 [Worker-54: Building] INFO  o.a.m.s.f.DefaultMavenResourcesFiltering - skip non existing resourceDirectory C:\Java Training\FacadePattern\FacadePattern\src\test\resources
2025-06-04 10:54:10,351 [Worker-52: Building] INFO  o.a.m.s.f.DefaultMavenResourcesFiltering - skip non existing resourceDirectory C:\Java Training\FacadePattern\FacadePattern\src\main\resources
2025-06-04 10:54:10,353 [Worker-52: Building] INFO  o.a.m.s.f.DefaultMavenResourcesFiltering - skip non existing resourceDirectory C:\Java Training\FacadePattern\FacadePattern\src\test\resources
2025-06-04 10:54:13,954 [Worker-53: Building] INFO  o.a.m.s.f.DefaultMavenResourcesFiltering - skip non existing resourceDirectory C:\Java Training\FacadePattern\FacadePattern\src\main\resources
2025-06-04 10:54:13,955 [Worker-53: Building] INFO  o.a.m.s.f.DefaultMavenResourcesFiltering - skip non existing resourceDirectory C:\Java Training\FacadePattern\FacadePattern\src\test\resources
2025-06-04 10:54:17,466 [Worker-44: Building] INFO  o.a.m.s.f.DefaultMavenResourcesFiltering - skip non existing resourceDirectory C:\Java Training\FacadePattern\FacadePattern\src\main\resources
2025-06-04 10:54:17,468 [Worker-44: Building] INFO  o.a.m.s.f.DefaultMavenResourcesFiltering - skip non existing resourceDirectory C:\Java Training\FacadePattern\FacadePattern\src\test\resources
2025-06-04 10:54:20,916 [Worker-49: Building] INFO  o.a.m.s.f.DefaultMavenResourcesFiltering - skip non existing resourceDirectory C:\Java Training\FacadePattern\FacadePattern\src\main\resources
2025-06-04 10:54:20,917 [Worker-49: Building] INFO  o.a.m.s.f.DefaultMavenResourcesFiltering - skip non existing resourceDirectory C:\Java Training\FacadePattern\FacadePattern\src\test\resources
2025-06-04 10:54:24,033 [Worker-53: Building] INFO  o.a.m.s.f.DefaultMavenResourcesFiltering - skip non existing resourceDirectory C:\Java Training\FacadePattern\FacadePattern\src\main\resources
2025-06-04 10:54:24,035 [Worker-53: Building] INFO  o.a.m.s.f.DefaultMavenResourcesFiltering - skip non existing resourceDirectory C:\Java Training\FacadePattern\FacadePattern\src\test\resources
2025-06-04 10:54:26,100 [Worker-52: Building] INFO  o.a.m.s.f.DefaultMavenResourcesFiltering - skip non existing resourceDirectory C:\Java Training\FacadePattern\FacadePattern\src\main\resources
2025-06-04 10:54:26,101 [Worker-52: Building] INFO  o.a.m.s.f.DefaultMavenResourcesFiltering - skip non existing resourceDirectory C:\Java Training\FacadePattern\FacadePattern\src\test\resources
2025-06-04 10:54:42,408 [Worker-54: Building] INFO  o.a.m.s.f.DefaultMavenResourcesFiltering - skip non existing resourceDirectory C:\Java Training\FacadePattern\FacadePattern\src\main\resources
2025-06-04 10:54:42,412 [Worker-54: Building] INFO  o.a.m.s.f.DefaultMavenResourcesFiltering - skip non existing resourceDirectory C:\Java Training\FacadePattern\FacadePattern\src\test\resources
2025-06-04 10:54:45,524 [Worker-49: Building] INFO  o.a.m.s.f.DefaultMavenResourcesFiltering - skip non existing resourceDirectory C:\Java Training\FacadePattern\FacadePattern\src\main\resources
2025-06-04 10:54:45,526 [Worker-49: Building] INFO  o.a.m.s.f.DefaultMavenResourcesFiltering - skip non existing resourceDirectory C:\Java Training\FacadePattern\FacadePattern\src\test\resources
2025-06-04 10:54:52,167 [Worker-52: Building] INFO  o.a.m.s.f.DefaultMavenResourcesFiltering - skip non existing resourceDirectory C:\Java Training\FacadePattern\FacadePattern\src\main\resources
2025-06-04 10:54:52,169 [Worker-52: Building] INFO  o.a.m.s.f.DefaultMavenResourcesFiltering - skip non existing resourceDirectory C:\Java Training\FacadePattern\FacadePattern\src\test\resources
2025-06-04 10:55:02,213 [Worker-52: Building] INFO  o.a.m.s.f.DefaultMavenResourcesFiltering - skip non existing resourceDirectory C:\Java Training\FacadePattern\FacadePattern\src\main\resources
2025-06-04 10:55:02,214 [Worker-52: Building] INFO  o.a.m.s.f.DefaultMavenResourcesFiltering - skip non existing resourceDirectory C:\Java Training\FacadePattern\FacadePattern\src\test\resources
2025-06-04 10:55:05,339 [Worker-52: Building] INFO  o.a.m.s.f.DefaultMavenResourcesFiltering - skip non existing resourceDirectory C:\Java Training\FacadePattern\FacadePattern\src\main\resources
2025-06-04 10:55:05,341 [Worker-52: Building] INFO  o.a.m.s.f.DefaultMavenResourcesFiltering - skip non existing resourceDirectory C:\Java Training\FacadePattern\FacadePattern\src\test\resources
2025-06-04 10:55:07,429 [Worker-44: Building] INFO  o.a.m.s.f.DefaultMavenResourcesFiltering - skip non existing resourceDirectory C:\Java Training\FacadePattern\FacadePattern\src\main\resources
2025-06-04 10:55:07,430 [Worker-44: Building] INFO  o.a.m.s.f.DefaultMavenResourcesFiltering - skip non existing resourceDirectory C:\Java Training\FacadePattern\FacadePattern\src\test\resources
2025-06-04 10:55:09,673 [Worker-54: Building] INFO  o.a.m.s.f.DefaultMavenResourcesFiltering - skip non existing resourceDirectory C:\Java Training\FacadePattern\FacadePattern\src\main\resources
2025-06-04 10:55:09,674 [Worker-54: Building] INFO  o.a.m.s.f.DefaultMavenResourcesFiltering - skip non existing resourceDirectory C:\Java Training\FacadePattern\FacadePattern\src\test\resources
2025-06-04 10:55:15,303 [Worker-44: Building] INFO  o.a.m.s.f.DefaultMavenResourcesFiltering - skip non existing resourceDirectory C:\Java Training\FacadePattern\FacadePattern\src\main\resources
2025-06-04 10:55:15,306 [Worker-44: Building] INFO  o.a.m.s.f.DefaultMavenResourcesFiltering - skip non existing resourceDirectory C:\Java Training\FacadePattern\FacadePattern\src\test\resources
2025-06-04 10:55:22,776 [Worker-53: Building] INFO  o.a.m.s.f.DefaultMavenResourcesFiltering - skip non existing resourceDirectory C:\Java Training\FacadePattern\FacadePattern\src\main\resources
2025-06-04 10:55:22,778 [Worker-53: Building] INFO  o.a.m.s.f.DefaultMavenResourcesFiltering - skip non existing resourceDirectory C:\Java Training\FacadePattern\FacadePattern\src\test\resources
2025-06-04 10:55:25,908 [Worker-54: Building] INFO  o.a.m.s.f.DefaultMavenResourcesFiltering - skip non existing resourceDirectory C:\Java Training\FacadePattern\FacadePattern\src\main\resources
2025-06-04 10:55:25,910 [Worker-54: Building] INFO  o.a.m.s.f.DefaultMavenResourcesFiltering - skip non existing resourceDirectory C:\Java Training\FacadePattern\FacadePattern\src\test\resources
2025-06-04 10:55:26,989 [Worker-49: Building] INFO  o.a.m.s.f.DefaultMavenResourcesFiltering - skip non existing resourceDirectory C:\Java Training\FacadePattern\FacadePattern\src\main\resources
2025-06-04 10:55:26,990 [Worker-49: Building] INFO  o.a.m.s.f.DefaultMavenResourcesFiltering - skip non existing resourceDirectory C:\Java Training\FacadePattern\FacadePattern\src\test\resources
2025-06-04 10:55:32,359 [Worker-54: Building] INFO  o.a.m.s.f.DefaultMavenResourcesFiltering - skip non existing resourceDirectory C:\Java Training\FacadePattern\FacadePattern\src\main\resources
2025-06-04 10:55:32,361 [Worker-54: Building] INFO  o.a.m.s.f.DefaultMavenResourcesFiltering - skip non existing resourceDirectory C:\Java Training\FacadePattern\FacadePattern\src\test\resources
2025-06-04 10:55:35,862 [Worker-53: Building] INFO  o.a.m.s.f.DefaultMavenResourcesFiltering - skip non existing resourceDirectory C:\Java Training\FacadePattern\FacadePattern\src\main\resources
2025-06-04 10:55:35,863 [Worker-53: Building] INFO  o.a.m.s.f.DefaultMavenResourcesFiltering - skip non existing resourceDirectory C:\Java Training\FacadePattern\FacadePattern\src\test\resources
2025-06-04 10:55:40,798 [Worker-49: Building] INFO  o.a.m.s.f.DefaultMavenResourcesFiltering - skip non existing resourceDirectory C:\Java Training\FacadePattern\FacadePattern\src\main\resources
2025-06-04 10:55:40,799 [Worker-49: Building] INFO  o.a.m.s.f.DefaultMavenResourcesFiltering - skip non existing resourceDirectory C:\Java Training\FacadePattern\FacadePattern\src\test\resources
2025-06-04 10:55:57,634 [Worker-52: Building] INFO  o.a.m.s.f.DefaultMavenResourcesFiltering - skip non existing resourceDirectory C:\Java Training\FacadePattern\FacadePattern\src\main\resources
2025-06-04 10:55:57,636 [Worker-52: Building] INFO  o.a.m.s.f.DefaultMavenResourcesFiltering - skip non existing resourceDirectory C:\Java Training\FacadePattern\FacadePattern\src\test\resources
2025-06-04 10:56:13,375 [Worker-53: Building] INFO  o.a.m.s.f.DefaultMavenResourcesFiltering - skip non existing resourceDirectory C:\Java Training\FacadePattern\FacadePattern\src\main\resources
2025-06-04 10:56:13,376 [Worker-53: Building] INFO  o.a.m.s.f.DefaultMavenResourcesFiltering - skip non existing resourceDirectory C:\Java Training\FacadePattern\FacadePattern\src\test\resources
2025-06-04 10:56:16,655 [Worker-55: Building] INFO  o.a.m.s.f.DefaultMavenResourcesFiltering - skip non existing resourceDirectory C:\Java Training\FacadePattern\FacadePattern\src\main\resources
2025-06-04 10:56:16,657 [Worker-55: Building] INFO  o.a.m.s.f.DefaultMavenResourcesFiltering - skip non existing resourceDirectory C:\Java Training\FacadePattern\FacadePattern\src\test\resources
2025-06-04 10:56:18,753 [Worker-52: Building] INFO  o.a.m.s.f.DefaultMavenResourcesFiltering - skip non existing resourceDirectory C:\Java Training\FacadePattern\FacadePattern\src\main\resources
2025-06-04 10:56:18,754 [Worker-52: Building] INFO  o.a.m.s.f.DefaultMavenResourcesFiltering - skip non existing resourceDirectory C:\Java Training\FacadePattern\FacadePattern\src\test\resources
2025-06-04 10:56:21,955 [Worker-55: Building] INFO  o.a.m.s.f.DefaultMavenResourcesFiltering - skip non existing resourceDirectory C:\Java Training\FacadePattern\FacadePattern\src\main\resources
2025-06-04 10:56:21,957 [Worker-55: Building] INFO  o.a.m.s.f.DefaultMavenResourcesFiltering - skip non existing resourceDirectory C:\Java Training\FacadePattern\FacadePattern\src\test\resources
2025-06-04 10:56:25,928 [Worker-53: Building] INFO  o.a.m.s.f.DefaultMavenResourcesFiltering - skip non existing resourceDirectory C:\Java Training\FacadePattern\FacadePattern\src\main\resources
2025-06-04 10:56:25,930 [Worker-53: Building] INFO  o.a.m.s.f.DefaultMavenResourcesFiltering - skip non existing resourceDirectory C:\Java Training\FacadePattern\FacadePattern\src\test\resources
2025-06-04 10:56:30,962 [Worker-54: Building] INFO  o.a.m.s.f.DefaultMavenResourcesFiltering - skip non existing resourceDirectory C:\Java Training\FacadePattern\FacadePattern\src\main\resources
2025-06-04 10:56:30,964 [Worker-54: Building] INFO  o.a.m.s.f.DefaultMavenResourcesFiltering - skip non existing resourceDirectory C:\Java Training\FacadePattern\FacadePattern\src\test\resources
2025-06-04 10:56:36,972 [Worker-52: Building] INFO  o.a.m.s.f.DefaultMavenResourcesFiltering - skip non existing resourceDirectory C:\Java Training\FacadePattern\FacadePattern\src\main\resources
2025-06-04 10:56:36,974 [Worker-52: Building] INFO  o.a.m.s.f.DefaultMavenResourcesFiltering - skip non existing resourceDirectory C:\Java Training\FacadePattern\FacadePattern\src\test\resources
2025-06-04 10:56:40,047 [Worker-52: Building] INFO  o.a.m.s.f.DefaultMavenResourcesFiltering - skip non existing resourceDirectory C:\Java Training\FacadePattern\FacadePattern\src\main\resources
2025-06-04 10:56:40,048 [Worker-52: Building] INFO  o.a.m.s.f.DefaultMavenResourcesFiltering - skip non existing resourceDirectory C:\Java Training\FacadePattern\FacadePattern\src\test\resources
2025-06-04 10:56:50,024 [Worker-53: Building] INFO  o.a.m.s.f.DefaultMavenResourcesFiltering - skip non existing resourceDirectory C:\Java Training\FacadePattern\FacadePattern\src\main\resources
2025-06-04 10:56:50,026 [Worker-53: Building] INFO  o.a.m.s.f.DefaultMavenResourcesFiltering - skip non existing resourceDirectory C:\Java Training\FacadePattern\FacadePattern\src\test\resources
2025-06-04 10:56:58,544 [Worker-55: Building] INFO  o.a.m.s.f.DefaultMavenResourcesFiltering - skip non existing resourceDirectory C:\Java Training\FacadePattern\FacadePattern\src\main\resources
2025-06-04 10:56:58,546 [Worker-55: Building] INFO  o.a.m.s.f.DefaultMavenResourcesFiltering - skip non existing resourceDirectory C:\Java Training\FacadePattern\FacadePattern\src\test\resources
2025-06-04 10:57:07,578 [Worker-51: Building] INFO  o.a.m.s.f.DefaultMavenResourcesFiltering - skip non existing resourceDirectory C:\Java Training\FacadePattern\FacadePattern\src\main\resources
2025-06-04 10:57:07,579 [Worker-51: Building] INFO  o.a.m.s.f.DefaultMavenResourcesFiltering - skip non existing resourceDirectory C:\Java Training\FacadePattern\FacadePattern\src\test\resources
2025-06-04 10:57:26,078 [Worker-54: Building] INFO  o.a.m.s.f.DefaultMavenResourcesFiltering - skip non existing resourceDirectory C:\Java Training\FacadePattern\FacadePattern\src\main\resources
2025-06-04 10:57:26,080 [Worker-54: Building] INFO  o.a.m.s.f.DefaultMavenResourcesFiltering - skip non existing resourceDirectory C:\Java Training\FacadePattern\FacadePattern\src\test\resources
2025-06-04 10:57:32,339 [Worker-53: Building] INFO  o.a.m.s.f.DefaultMavenResourcesFiltering - skip non existing resourceDirectory C:\Java Training\FacadePattern\FacadePattern\src\main\resources
2025-06-04 10:57:32,340 [Worker-53: Building] INFO  o.a.m.s.f.DefaultMavenResourcesFiltering - skip non existing resourceDirectory C:\Java Training\FacadePattern\FacadePattern\src\test\resources
2025-06-04 10:57:45,340 [Worker-44: Building] INFO  o.a.m.s.f.DefaultMavenResourcesFiltering - skip non existing resourceDirectory C:\Java Training\FacadePattern\FacadePattern\src\main\resources
2025-06-04 10:57:45,341 [Worker-44: Building] INFO  o.a.m.s.f.DefaultMavenResourcesFiltering - skip non existing resourceDirectory C:\Java Training\FacadePattern\FacadePattern\src\test\resources
2025-06-04 10:57:48,477 [Worker-52: Building] INFO  o.a.m.s.f.DefaultMavenResourcesFiltering - skip non existing resourceDirectory C:\Java Training\FacadePattern\FacadePattern\src\main\resources
2025-06-04 10:57:48,479 [Worker-52: Building] INFO  o.a.m.s.f.DefaultMavenResourcesFiltering - skip non existing resourceDirectory C:\Java Training\FacadePattern\FacadePattern\src\test\resources
2025-06-04 10:57:50,542 [Worker-54: Building] INFO  o.a.m.s.f.DefaultMavenResourcesFiltering - skip non existing resourceDirectory C:\Java Training\FacadePattern\FacadePattern\src\main\resources
2025-06-04 10:57:50,543 [Worker-54: Building] INFO  o.a.m.s.f.DefaultMavenResourcesFiltering - skip non existing resourceDirectory C:\Java Training\FacadePattern\FacadePattern\src\test\resources
2025-06-04 10:58:05,029 [Worker-55: Building] INFO  o.a.m.s.f.DefaultMavenResourcesFiltering - skip non existing resourceDirectory C:\Java Training\FacadePattern\FacadePattern\src\main\resources
2025-06-04 10:58:05,031 [Worker-55: Building] INFO  o.a.m.s.f.DefaultMavenResourcesFiltering - skip non existing resourceDirectory C:\Java Training\FacadePattern\FacadePattern\src\test\resources
2025-06-04 10:58:08,939 [Worker-44: Building] INFO  o.a.m.s.f.DefaultMavenResourcesFiltering - skip non existing resourceDirectory C:\Java Training\FacadePattern\FacadePattern\src\main\resources
2025-06-04 10:58:08,940 [Worker-44: Building] INFO  o.a.m.s.f.DefaultMavenResourcesFiltering - skip non existing resourceDirectory C:\Java Training\FacadePattern\FacadePattern\src\test\resources
2025-06-04 10:58:21,979 [Worker-54: Building] INFO  o.a.m.s.f.DefaultMavenResourcesFiltering - skip non existing resourceDirectory C:\Java Training\FacadePattern\FacadePattern\src\main\resources
2025-06-04 10:58:21,981 [Worker-54: Building] INFO  o.a.m.s.f.DefaultMavenResourcesFiltering - skip non existing resourceDirectory C:\Java Training\FacadePattern\FacadePattern\src\test\resources
2025-06-04 10:58:24,067 [Worker-53: Building] INFO  o.a.m.s.f.DefaultMavenResourcesFiltering - skip non existing resourceDirectory C:\Java Training\FacadePattern\FacadePattern\src\main\resources
2025-06-04 10:58:24,070 [Worker-53: Building] INFO  o.a.m.s.f.DefaultMavenResourcesFiltering - skip non existing resourceDirectory C:\Java Training\FacadePattern\FacadePattern\src\test\resources
2025-06-04 10:58:37,544 [Worker-51: Building] INFO  o.a.m.s.f.DefaultMavenResourcesFiltering - skip non existing resourceDirectory C:\Java Training\FacadePattern\FacadePattern\src\main\resources
2025-06-04 10:58:37,546 [Worker-51: Building] INFO  o.a.m.s.f.DefaultMavenResourcesFiltering - skip non existing resourceDirectory C:\Java Training\FacadePattern\FacadePattern\src\test\resources
2025-06-04 10:58:49,097 [Worker-54: Building] INFO  o.a.m.s.f.DefaultMavenResourcesFiltering - skip non existing resourceDirectory C:\Java Training\FacadePattern\FacadePattern\src\main\resources
2025-06-04 10:58:49,098 [Worker-54: Building] INFO  o.a.m.s.f.DefaultMavenResourcesFiltering - skip non existing resourceDirectory C:\Java Training\FacadePattern\FacadePattern\src\test\resources
