2025-06-03 12:55:39,852 [Worker-1: Loading available Gradle versions] INFO  o.e.b.c.i.u.g.PublishedGradleVersions - Gradle version information cache is not available. Remote download required.
2025-06-03 12:56:36,948 [Worker-13: Updating Maven Dependencies] INFO  o.e.m.c.i.l.LifecycleMappingFactory - Using org.maven.ide.eclipse.wtp.WarLifecycleMapping lifecycle mapping for MavenProject: infinite:ExpensesProject:0.0.1-SNAPSHOT @ C:\Users\satyaprakashm\Downloads\ExpensesProject 1\ExpensesProject\pom.xml.
2025-06-03 12:56:37,726 [Worker-13: Updating Maven Dependencies] INFO  o.e.m.c.i.e.AbstractTransferListenerAdapter - Downloading https://repo.maven.apache.org/maven2/javax/servlet/servlet-api/2.5/servlet-api-2.5.pom
2025-06-03 12:56:37,755 [Worker-13: Updating Maven Dependencies] INFO  o.e.m.c.i.e.AbstractTransferListenerAdapter - Downloaded https://repo.maven.apache.org/maven2/javax/servlet/servlet-api/2.5/servlet-api-2.5.pom
2025-06-03 12:56:38,161 [Worker-13: Updating Maven Dependencies] WARN  o.a.m.r.i.DefaultArtifactDescriptorReader - 1 problem was encountered while building the effective model for org.javassist:javassist:jar:3.18.1-GA during dependency collection step for project (use -X to see details)
2025-06-03 12:56:38,506 [Worker-8: Building] INFO  o.e.m.c.i.l.LifecycleMappingFactory - Using org.maven.ide.eclipse.wtp.WarLifecycleMapping lifecycle mapping for MavenProject: infinite:ExpensesProject:0.0.1-SNAPSHOT @ C:\Users\satyaprakashm\Downloads\ExpensesProject 1\ExpensesProject\pom.xml.
2025-06-03 12:56:38,629 [Worker-8: Building] WARN  o.a.m.r.i.DefaultArtifactDescriptorReader - 1 problem was encountered while building the effective model for org.javassist:javassist:jar:3.18.1-GA during dependency collection step for project (use -X to see details)
2025-06-03 12:56:42,498 [Worker-13: Updating Maven Dependencies] WARN  o.e.m.c.i.embedder.EclipseLogger - The artifact mysql:mysql-connector-java:jar:8.0.31 has been relocated to com.mysql:mysql-connector-j:jar:8.0.31: MySQL Connector/J artifacts moved to reverse-DNS compliant Maven 2+ coordinates.
2025-06-03 12:56:43,170 [Worker-13: Updating Maven Dependencies] INFO  o.e.m.c.i.e.AbstractTransferListenerAdapter - Downloading https://repo.maven.apache.org/maven2/javax/servlet/servlet-api/2.5/servlet-api-2.5.jar
2025-06-03 12:56:43,208 [Worker-13: Updating Maven Dependencies] INFO  o.e.m.c.i.e.AbstractTransferListenerAdapter - Downloaded https://repo.maven.apache.org/maven2/javax/servlet/servlet-api/2.5/servlet-api-2.5.jar
2025-06-03 12:56:43,299 [Worker-8: Building] WARN  o.e.m.c.i.embedder.EclipseLogger - The artifact mysql:mysql-connector-java:jar:8.0.31 has been relocated to com.mysql:mysql-connector-j:jar:8.0.31: MySQL Connector/J artifacts moved to reverse-DNS compliant Maven 2+ coordinates.
2025-06-03 12:56:43,873 [Worker-8: Building] WARN  o.e.m.c.i.embedder.EclipseLogger - The artifact mysql:mysql-connector-java:jar:8.0.31 has been relocated to com.mysql:mysql-connector-j:jar:8.0.31: MySQL Connector/J artifacts moved to reverse-DNS compliant Maven 2+ coordinates.
2025-06-03 12:56:47,689 [Worker-23: Download sources and javadoc] INFO  o.e.m.c.i.e.AbstractTransferListenerAdapter - Downloading https://repo.maven.apache.org/maven2/javax/servlet/servlet-api/2.5/servlet-api-2.5-sources.jar
2025-06-03 12:56:47,748 [Worker-23: Download sources and javadoc] INFO  o.e.m.c.i.e.AbstractTransferListenerAdapter - Downloaded https://repo.maven.apache.org/maven2/javax/servlet/servlet-api/2.5/servlet-api-2.5-sources.jar
2025-06-03 12:56:47,758 [Worker-23: Download sources and javadoc] INFO  o.e.m.j.internal.DownloadSourcesJob - Downloaded sources for javax.servlet:servlet-api:2.5
2025-06-03 12:56:48,170 [Worker-8: Building] INFO  o.a.m.s.f.DefaultMavenResourcesFiltering - skip non existing resourceDirectory C:\Users\satyaprakashm\Downloads\ExpensesProject 1\ExpensesProject\src\main\resources
2025-06-03 12:56:48,185 [Worker-8: Building] INFO  o.a.m.s.f.DefaultMavenResourcesFiltering - skip non existing resourceDirectory C:\Users\satyaprakashm\Downloads\ExpensesProject 1\ExpensesProject\src\test\resources
2025-06-03 12:56:55,483 [Worker-21: Updating Maven Dependencies] INFO  o.e.m.c.i.l.LifecycleMappingFactory - Using org.maven.ide.eclipse.wtp.WarLifecycleMapping lifecycle mapping for MavenProject: infinite:ExpensesProject:0.0.1-SNAPSHOT @ C:\Users\satyaprakashm\Downloads\ExpensesProject 1\ExpensesProject\pom.xml.
2025-06-03 12:56:55,572 [Worker-21: Updating Maven Dependencies] WARN  o.a.m.r.i.DefaultArtifactDescriptorReader - 1 problem was encountered while building the effective model for org.javassist:javassist:jar:3.18.1-GA during dependency collection step for project (use -X to see details)
2025-06-03 12:56:59,247 [Worker-21: Updating Maven Dependencies] WARN  o.e.m.c.i.embedder.EclipseLogger - The artifact mysql:mysql-connector-java:jar:8.0.31 has been relocated to com.mysql:mysql-connector-j:jar:8.0.31: MySQL Connector/J artifacts moved to reverse-DNS compliant Maven 2+ coordinates.
2025-06-03 12:56:59,907 [Worker-21: Updating Maven Dependencies] WARN  o.e.m.c.i.embedder.EclipseLogger - The artifact mysql:mysql-connector-java:jar:8.0.31 has been relocated to com.mysql:mysql-connector-j:jar:8.0.31: MySQL Connector/J artifacts moved to reverse-DNS compliant Maven 2+ coordinates.
2025-06-03 13:01:23,178 [Worker-29: Cleaning all projects] INFO  o.e.m.w.i.f.ResourceFilteringBuildParticipant - Cleaning filtered folder for ExpensesProject
2025-06-03 13:01:24,167 [Worker-32: Building] INFO  o.a.m.s.f.DefaultMavenResourcesFiltering - skip non existing resourceDirectory C:\Users\satyaprakashm\Downloads\ExpensesProject 1\ExpensesProject\src\main\resources
2025-06-03 13:01:24,180 [Worker-32: Building] INFO  o.a.m.s.f.DefaultMavenResourcesFiltering - skip non existing resourceDirectory C:\Users\satyaprakashm\Downloads\ExpensesProject 1\ExpensesProject\src\test\resources
2025-06-03 13:01:24,181 [Worker-32: Building] INFO  o.e.m.w.i.f.ResourceFilteringBuildParticipant - Changed resources require a complete clean of filtered resources of ExpensesProject
2025-06-03 13:01:24,186 [Worker-32: Building] INFO  o.e.m.w.i.f.ResourceFilteringBuildParticipant - Executing resource filtering for ExpensesProject
2025-06-03 13:04:43,701 [Worker-34: Building] INFO  o.a.m.s.f.DefaultMavenResourcesFiltering - skip non existing resourceDirectory C:\Users\satyaprakashm\Downloads\ExpensesProject 1\ExpensesProject\src\main\resources
2025-06-03 13:04:43,706 [Worker-34: Building] INFO  o.a.m.s.f.DefaultMavenResourcesFiltering - skip non existing resourceDirectory C:\Users\satyaprakashm\Downloads\ExpensesProject 1\ExpensesProject\src\test\resources
2025-06-03 15:34:12,685 [Worker-39: Building] INFO  o.a.m.s.f.DefaultMavenResourcesFiltering - skip non existing resourceDirectory C:\Users\satyaprakashm\Downloads\ExpensesProject 1\ExpensesProject\src\main\resources
2025-06-03 15:34:12,700 [Worker-39: Building] INFO  o.a.m.s.f.DefaultMavenResourcesFiltering - skip non existing resourceDirectory C:\Users\satyaprakashm\Downloads\ExpensesProject 1\ExpensesProject\src\test\resources
2025-06-03 15:34:17,186 [Worker-37: Building] INFO  o.a.m.s.f.DefaultMavenResourcesFiltering - skip non existing resourceDirectory C:\Users\satyaprakashm\Downloads\ExpensesProject 1\ExpensesProject\src\main\resources
2025-06-03 15:34:17,191 [Worker-37: Building] INFO  o.a.m.s.f.DefaultMavenResourcesFiltering - skip non existing resourceDirectory C:\Users\satyaprakashm\Downloads\ExpensesProject 1\ExpensesProject\src\test\resources
2025-06-03 15:34:21,370 [Worker-38: Building] INFO  o.a.m.s.f.DefaultMavenResourcesFiltering - skip non existing resourceDirectory C:\Users\satyaprakashm\Downloads\ExpensesProject 1\ExpensesProject\src\main\resources
2025-06-03 15:34:21,372 [Worker-38: Building] INFO  o.a.m.s.f.DefaultMavenResourcesFiltering - skip non existing resourceDirectory C:\Users\satyaprakashm\Downloads\ExpensesProject 1\ExpensesProject\src\test\resources
2025-06-03 15:34:23,602 [Worker-38: Building] INFO  o.a.m.s.f.DefaultMavenResourcesFiltering - skip non existing resourceDirectory C:\Users\satyaprakashm\Downloads\ExpensesProject 1\ExpensesProject\src\main\resources
2025-06-03 15:34:23,604 [Worker-38: Building] INFO  o.a.m.s.f.DefaultMavenResourcesFiltering - skip non existing resourceDirectory C:\Users\satyaprakashm\Downloads\ExpensesProject 1\ExpensesProject\src\test\resources
2025-06-03 15:39:04,678 [Worker-36: Building] INFO  o.a.m.s.f.DefaultMavenResourcesFiltering - skip non existing resourceDirectory C:\Users\satyaprakashm\Downloads\ExpensesProject 1\ExpensesProject\src\main\resources
2025-06-03 15:39:04,684 [Worker-36: Building] INFO  o.a.m.s.f.DefaultMavenResourcesFiltering - skip non existing resourceDirectory C:\Users\satyaprakashm\Downloads\ExpensesProject 1\ExpensesProject\src\test\resources
2025-06-03 15:40:16,526 [Worker-36: Building] INFO  o.a.m.s.f.DefaultMavenResourcesFiltering - skip non existing resourceDirectory C:\Users\satyaprakashm\Downloads\ExpensesProject 1\ExpensesProject\src\main\resources
2025-06-03 15:40:16,529 [Worker-36: Building] INFO  o.a.m.s.f.DefaultMavenResourcesFiltering - skip non existing resourceDirectory C:\Users\satyaprakashm\Downloads\ExpensesProject 1\ExpensesProject\src\test\resources
2025-06-03 15:42:19,110 [Worker-39: Building] INFO  o.a.m.s.f.DefaultMavenResourcesFiltering - skip non existing resourceDirectory C:\Users\satyaprakashm\Downloads\ExpensesProject 1\ExpensesProject\src\main\resources
2025-06-03 15:42:19,114 [Worker-39: Building] INFO  o.a.m.s.f.DefaultMavenResourcesFiltering - skip non existing resourceDirectory C:\Users\satyaprakashm\Downloads\ExpensesProject 1\ExpensesProject\src\test\resources
2025-06-03 15:43:04,868 [Worker-36: Building] INFO  o.a.m.s.f.DefaultMavenResourcesFiltering - skip non existing resourceDirectory C:\Users\satyaprakashm\Downloads\ExpensesProject 1\ExpensesProject\src\main\resources
2025-06-03 15:43:04,871 [Worker-36: Building] INFO  o.a.m.s.f.DefaultMavenResourcesFiltering - skip non existing resourceDirectory C:\Users\satyaprakashm\Downloads\ExpensesProject 1\ExpensesProject\src\test\resources
2025-06-03 15:43:51,393 [Worker-41: Building] INFO  o.a.m.s.f.DefaultMavenResourcesFiltering - skip non existing resourceDirectory C:\Users\satyaprakashm\Downloads\ExpensesProject 1\ExpensesProject\src\main\resources
2025-06-03 15:43:51,395 [Worker-41: Building] INFO  o.a.m.s.f.DefaultMavenResourcesFiltering - skip non existing resourceDirectory C:\Users\satyaprakashm\Downloads\ExpensesProject 1\ExpensesProject\src\test\resources
2025-06-03 15:44:31,094 [Worker-36: Building] INFO  o.a.m.s.f.DefaultMavenResourcesFiltering - skip non existing resourceDirectory C:\Users\satyaprakashm\Downloads\ExpensesProject 1\ExpensesProject\src\main\resources
2025-06-03 15:44:31,097 [Worker-36: Building] INFO  o.a.m.s.f.DefaultMavenResourcesFiltering - skip non existing resourceDirectory C:\Users\satyaprakashm\Downloads\ExpensesProject 1\ExpensesProject\src\test\resources
2025-06-03 15:46:34,996 [Worker-36: Building] INFO  o.a.m.s.f.DefaultMavenResourcesFiltering - skip non existing resourceDirectory C:\Users\satyaprakashm\Downloads\ExpensesProject 1\ExpensesProject\src\main\resources
2025-06-03 15:46:34,998 [Worker-36: Building] INFO  o.a.m.s.f.DefaultMavenResourcesFiltering - skip non existing resourceDirectory C:\Users\satyaprakashm\Downloads\ExpensesProject 1\ExpensesProject\src\test\resources
2025-06-03 15:48:21,908 [Worker-40: Building] INFO  o.a.m.s.f.DefaultMavenResourcesFiltering - skip non existing resourceDirectory C:\Users\satyaprakashm\Downloads\ExpensesProject 1\ExpensesProject\src\main\resources
2025-06-03 15:48:21,911 [Worker-40: Building] INFO  o.a.m.s.f.DefaultMavenResourcesFiltering - skip non existing resourceDirectory C:\Users\satyaprakashm\Downloads\ExpensesProject 1\ExpensesProject\src\test\resources
2025-06-03 15:49:54,626 [Worker-36: Building] INFO  o.a.m.s.f.DefaultMavenResourcesFiltering - skip non existing resourceDirectory C:\Users\satyaprakashm\Downloads\ExpensesProject 1\ExpensesProject\src\main\resources
2025-06-03 15:49:54,628 [Worker-36: Building] INFO  o.a.m.s.f.DefaultMavenResourcesFiltering - skip non existing resourceDirectory C:\Users\satyaprakashm\Downloads\ExpensesProject 1\ExpensesProject\src\test\resources
2025-06-03 15:51:39,250 [Worker-31: Building] INFO  o.a.m.s.f.DefaultMavenResourcesFiltering - skip non existing resourceDirectory C:\Users\satyaprakashm\Downloads\ExpensesProject 1\ExpensesProject\src\main\resources
2025-06-03 15:51:39,255 [Worker-31: Building] INFO  o.a.m.s.f.DefaultMavenResourcesFiltering - skip non existing resourceDirectory C:\Users\satyaprakashm\Downloads\ExpensesProject 1\ExpensesProject\src\test\resources
2025-06-03 15:54:09,358 [Worker-36: Building] INFO  o.a.m.s.f.DefaultMavenResourcesFiltering - skip non existing resourceDirectory C:\Users\satyaprakashm\Downloads\ExpensesProject 1\ExpensesProject\src\main\resources
2025-06-03 15:54:09,359 [Worker-36: Building] INFO  o.a.m.s.f.DefaultMavenResourcesFiltering - skip non existing resourceDirectory C:\Users\satyaprakashm\Downloads\ExpensesProject 1\ExpensesProject\src\test\resources
2025-06-03 15:55:44,328 [Worker-36: Building] INFO  o.a.m.s.f.DefaultMavenResourcesFiltering - skip non existing resourceDirectory C:\Users\satyaprakashm\Downloads\ExpensesProject 1\ExpensesProject\src\main\resources
2025-06-03 15:55:44,331 [Worker-36: Building] INFO  o.a.m.s.f.DefaultMavenResourcesFiltering - skip non existing resourceDirectory C:\Users\satyaprakashm\Downloads\ExpensesProject 1\ExpensesProject\src\test\resources
2025-06-03 15:58:48,094 [Worker-37: Building] INFO  o.a.m.s.f.DefaultMavenResourcesFiltering - skip non existing resourceDirectory C:\Users\satyaprakashm\Downloads\ExpensesProject 1\ExpensesProject\src\main\resources
2025-06-03 15:58:48,099 [Worker-37: Building] INFO  o.a.m.s.f.DefaultMavenResourcesFiltering - skip non existing resourceDirectory C:\Users\satyaprakashm\Downloads\ExpensesProject 1\ExpensesProject\src\test\resources
2025-06-03 15:59:34,815 [Worker-30: Building] INFO  o.a.m.s.f.DefaultMavenResourcesFiltering - skip non existing resourceDirectory C:\Users\satyaprakashm\Downloads\ExpensesProject 1\ExpensesProject\src\main\resources
2025-06-03 15:59:34,817 [Worker-30: Building] INFO  o.a.m.s.f.DefaultMavenResourcesFiltering - skip non existing resourceDirectory C:\Users\satyaprakashm\Downloads\ExpensesProject 1\ExpensesProject\src\test\resources
2025-06-03 16:04:30,696 [Worker-38: Building] INFO  o.a.m.s.f.DefaultMavenResourcesFiltering - skip non existing resourceDirectory C:\Users\satyaprakashm\Downloads\ExpensesProject 1\ExpensesProject\src\main\resources
2025-06-03 16:04:30,699 [Worker-38: Building] INFO  o.a.m.s.f.DefaultMavenResourcesFiltering - skip non existing resourceDirectory C:\Users\satyaprakashm\Downloads\ExpensesProject 1\ExpensesProject\src\test\resources
2025-06-03 16:06:17,086 [Worker-37: Building] INFO  o.a.m.s.f.DefaultMavenResourcesFiltering - skip non existing resourceDirectory C:\Users\satyaprakashm\Downloads\ExpensesProject 1\ExpensesProject\src\main\resources
2025-06-03 16:06:17,091 [Worker-37: Building] INFO  o.a.m.s.f.DefaultMavenResourcesFiltering - skip non existing resourceDirectory C:\Users\satyaprakashm\Downloads\ExpensesProject 1\ExpensesProject\src\test\resources
2025-06-03 16:07:17,874 [Worker-43: Building] INFO  o.a.m.s.f.DefaultMavenResourcesFiltering - skip non existing resourceDirectory C:\Users\satyaprakashm\Downloads\ExpensesProject 1\ExpensesProject\src\main\resources
2025-06-03 16:07:17,876 [Worker-43: Building] INFO  o.a.m.s.f.DefaultMavenResourcesFiltering - skip non existing resourceDirectory C:\Users\satyaprakashm\Downloads\ExpensesProject 1\ExpensesProject\src\test\resources
2025-06-03 16:07:54,386 [Worker-36: Building] INFO  o.a.m.s.f.DefaultMavenResourcesFiltering - skip non existing resourceDirectory C:\Users\satyaprakashm\Downloads\ExpensesProject 1\ExpensesProject\src\main\resources
2025-06-03 16:07:54,389 [Worker-36: Building] INFO  o.a.m.s.f.DefaultMavenResourcesFiltering - skip non existing resourceDirectory C:\Users\satyaprakashm\Downloads\ExpensesProject 1\ExpensesProject\src\test\resources
2025-06-03 16:09:07,511 [Worker-38: Building] INFO  o.a.m.s.f.DefaultMavenResourcesFiltering - skip non existing resourceDirectory C:\Users\satyaprakashm\Downloads\ExpensesProject 1\ExpensesProject\src\main\resources
2025-06-03 16:09:07,513 [Worker-38: Building] INFO  o.a.m.s.f.DefaultMavenResourcesFiltering - skip non existing resourceDirectory C:\Users\satyaprakashm\Downloads\ExpensesProject 1\ExpensesProject\src\test\resources
2025-06-03 16:09:20,208 [Worker-41: Building] INFO  o.a.m.s.f.DefaultMavenResourcesFiltering - skip non existing resourceDirectory C:\Users\satyaprakashm\Downloads\ExpensesProject 1\ExpensesProject\src\main\resources
2025-06-03 16:09:20,211 [Worker-41: Building] INFO  o.a.m.s.f.DefaultMavenResourcesFiltering - skip non existing resourceDirectory C:\Users\satyaprakashm\Downloads\ExpensesProject 1\ExpensesProject\src\test\resources
2025-06-03 16:10:15,960 [Worker-41: Building] INFO  o.a.m.s.f.DefaultMavenResourcesFiltering - skip non existing resourceDirectory C:\Users\satyaprakashm\Downloads\ExpensesProject 1\ExpensesProject\src\main\resources
2025-06-03 16:10:15,962 [Worker-41: Building] INFO  o.a.m.s.f.DefaultMavenResourcesFiltering - skip non existing resourceDirectory C:\Users\satyaprakashm\Downloads\ExpensesProject 1\ExpensesProject\src\test\resources
2025-06-03 16:11:10,368 [Worker-36: Building] INFO  o.a.m.s.f.DefaultMavenResourcesFiltering - skip non existing resourceDirectory C:\Users\satyaprakashm\Downloads\ExpensesProject 1\ExpensesProject\src\main\resources
2025-06-03 16:11:10,371 [Worker-36: Building] INFO  o.a.m.s.f.DefaultMavenResourcesFiltering - skip non existing resourceDirectory C:\Users\satyaprakashm\Downloads\ExpensesProject 1\ExpensesProject\src\test\resources
2025-06-03 16:11:19,997 [Worker-43: Building] INFO  o.a.m.s.f.DefaultMavenResourcesFiltering - skip non existing resourceDirectory C:\Users\satyaprakashm\Downloads\ExpensesProject 1\ExpensesProject\src\main\resources
2025-06-03 16:11:19,999 [Worker-43: Building] INFO  o.a.m.s.f.DefaultMavenResourcesFiltering - skip non existing resourceDirectory C:\Users\satyaprakashm\Downloads\ExpensesProject 1\ExpensesProject\src\test\resources
2025-06-03 16:11:28,060 [Worker-30: Building] INFO  o.a.m.s.f.DefaultMavenResourcesFiltering - skip non existing resourceDirectory C:\Users\satyaprakashm\Downloads\ExpensesProject 1\ExpensesProject\src\main\resources
2025-06-03 16:11:28,063 [Worker-30: Building] INFO  o.a.m.s.f.DefaultMavenResourcesFiltering - skip non existing resourceDirectory C:\Users\satyaprakashm\Downloads\ExpensesProject 1\ExpensesProject\src\test\resources
2025-06-03 16:11:36,316 [Worker-42: Building] INFO  o.a.m.s.f.DefaultMavenResourcesFiltering - skip non existing resourceDirectory C:\Users\satyaprakashm\Downloads\ExpensesProject 1\ExpensesProject\src\main\resources
2025-06-03 16:11:36,319 [Worker-42: Building] INFO  o.a.m.s.f.DefaultMavenResourcesFiltering - skip non existing resourceDirectory C:\Users\satyaprakashm\Downloads\ExpensesProject 1\ExpensesProject\src\test\resources
2025-06-03 16:11:48,822 [Worker-40: Building] INFO  o.a.m.s.f.DefaultMavenResourcesFiltering - skip non existing resourceDirectory C:\Users\satyaprakashm\Downloads\ExpensesProject 1\ExpensesProject\src\main\resources
2025-06-03 16:11:48,824 [Worker-40: Building] INFO  o.a.m.s.f.DefaultMavenResourcesFiltering - skip non existing resourceDirectory C:\Users\satyaprakashm\Downloads\ExpensesProject 1\ExpensesProject\src\test\resources
2025-06-03 16:11:53,446 [Worker-38: Building] INFO  o.a.m.s.f.DefaultMavenResourcesFiltering - skip non existing resourceDirectory C:\Users\satyaprakashm\Downloads\ExpensesProject 1\ExpensesProject\src\main\resources
2025-06-03 16:11:53,447 [Worker-38: Building] INFO  o.a.m.s.f.DefaultMavenResourcesFiltering - skip non existing resourceDirectory C:\Users\satyaprakashm\Downloads\ExpensesProject 1\ExpensesProject\src\test\resources
2025-06-03 16:11:58,723 [Worker-42: Building] INFO  o.a.m.s.f.DefaultMavenResourcesFiltering - skip non existing resourceDirectory C:\Users\satyaprakashm\Downloads\ExpensesProject 1\ExpensesProject\src\main\resources
2025-06-03 16:11:58,725 [Worker-42: Building] INFO  o.a.m.s.f.DefaultMavenResourcesFiltering - skip non existing resourceDirectory C:\Users\satyaprakashm\Downloads\ExpensesProject 1\ExpensesProject\src\test\resources
2025-06-03 16:12:01,983 [Worker-43: Building] INFO  o.a.m.s.f.DefaultMavenResourcesFiltering - skip non existing resourceDirectory C:\Users\satyaprakashm\Downloads\ExpensesProject 1\ExpensesProject\src\main\resources
2025-06-03 16:12:01,986 [Worker-43: Building] INFO  o.a.m.s.f.DefaultMavenResourcesFiltering - skip non existing resourceDirectory C:\Users\satyaprakashm\Downloads\ExpensesProject 1\ExpensesProject\src\test\resources
2025-06-03 16:12:04,517 [Worker-39: Building] INFO  o.a.m.s.f.DefaultMavenResourcesFiltering - skip non existing resourceDirectory C:\Users\satyaprakashm\Downloads\ExpensesProject 1\ExpensesProject\src\main\resources
2025-06-03 16:12:04,520 [Worker-39: Building] INFO  o.a.m.s.f.DefaultMavenResourcesFiltering - skip non existing resourceDirectory C:\Users\satyaprakashm\Downloads\ExpensesProject 1\ExpensesProject\src\test\resources
2025-06-03 16:12:06,791 [Worker-40: Building] INFO  o.a.m.s.f.DefaultMavenResourcesFiltering - skip non existing resourceDirectory C:\Users\satyaprakashm\Downloads\ExpensesProject 1\ExpensesProject\src\main\resources
2025-06-03 16:12:06,793 [Worker-40: Building] INFO  o.a.m.s.f.DefaultMavenResourcesFiltering - skip non existing resourceDirectory C:\Users\satyaprakashm\Downloads\ExpensesProject 1\ExpensesProject\src\test\resources
2025-06-03 16:12:21,631 [Worker-40: Building] INFO  o.a.m.s.f.DefaultMavenResourcesFiltering - skip non existing resourceDirectory C:\Users\satyaprakashm\Downloads\ExpensesProject 1\ExpensesProject\src\main\resources
2025-06-03 16:12:21,634 [Worker-40: Building] INFO  o.a.m.s.f.DefaultMavenResourcesFiltering - skip non existing resourceDirectory C:\Users\satyaprakashm\Downloads\ExpensesProject 1\ExpensesProject\src\test\resources
2025-06-03 16:12:25,618 [Worker-43: Building] INFO  o.a.m.s.f.DefaultMavenResourcesFiltering - skip non existing resourceDirectory C:\Users\satyaprakashm\Downloads\ExpensesProject 1\ExpensesProject\src\main\resources
2025-06-03 16:12:25,620 [Worker-43: Building] INFO  o.a.m.s.f.DefaultMavenResourcesFiltering - skip non existing resourceDirectory C:\Users\satyaprakashm\Downloads\ExpensesProject 1\ExpensesProject\src\test\resources
2025-06-03 16:38:20,183 [Worker-31: Building] INFO  o.a.m.s.f.DefaultMavenResourcesFiltering - skip non existing resourceDirectory C:\Users\satyaprakashm\Downloads\ExpensesProject 1\ExpensesProject\src\main\resources
2025-06-03 16:38:20,187 [Worker-31: Building] INFO  o.a.m.s.f.DefaultMavenResourcesFiltering - skip non existing resourceDirectory C:\Users\satyaprakashm\Downloads\ExpensesProject 1\ExpensesProject\src\test\resources
2025-06-03 16:44:16,669 [Worker-41: Building] INFO  o.a.m.s.f.DefaultMavenResourcesFiltering - skip non existing resourceDirectory C:\Users\satyaprakashm\Downloads\ExpensesProject 1\ExpensesProject\src\main\resources
2025-06-03 16:44:16,672 [Worker-41: Building] INFO  o.a.m.s.f.DefaultMavenResourcesFiltering - skip non existing resourceDirectory C:\Users\satyaprakashm\Downloads\ExpensesProject 1\ExpensesProject\src\test\resources
2025-06-03 16:53:36,412 [Worker-5: Loading available Gradle versions] INFO  o.e.b.c.i.u.g.PublishedGradleVersions - Gradle version information cache is up-to-date. Trying to read.
2025-06-03 16:53:42,203 [Worker-15: Building] WARN  o.a.m.r.i.DefaultArtifactDescriptorReader - 1 problem was encountered while building the effective model for org.javassist:javassist:jar:3.18.1-GA during dependency collection step for project (use -X to see details)
2025-06-03 16:53:46,389 [Worker-15: Building] WARN  o.e.m.c.i.embedder.EclipseLogger - The artifact mysql:mysql-connector-java:jar:8.0.31 has been relocated to com.mysql:mysql-connector-j:jar:8.0.31: MySQL Connector/J artifacts moved to reverse-DNS compliant Maven 2+ coordinates.
2025-06-03 16:53:47,397 [Worker-15: Building] INFO  o.a.m.s.f.DefaultMavenResourcesFiltering - skip non existing resourceDirectory C:\Users\satyaprakashm\Downloads\ExpensesProject 1\ExpensesProject\src\main\resources
2025-06-03 16:53:47,408 [Worker-15: Building] INFO  o.a.m.s.f.DefaultMavenResourcesFiltering - skip non existing resourceDirectory C:\Users\satyaprakashm\Downloads\ExpensesProject 1\ExpensesProject\src\test\resources
2025-06-03 16:54:23,443 [Worker-16: Building] INFO  o.a.m.s.f.DefaultMavenResourcesFiltering - skip non existing resourceDirectory C:\Users\satyaprakashm\Downloads\ExpensesProject 1\ExpensesProject\src\main\resources
2025-06-03 16:54:23,447 [Worker-16: Building] INFO  o.a.m.s.f.DefaultMavenResourcesFiltering - skip non existing resourceDirectory C:\Users\satyaprakashm\Downloads\ExpensesProject 1\ExpensesProject\src\test\resources
2025-06-03 17:01:56,763 [Worker-2: Loading available Gradle versions] INFO  o.e.b.c.i.u.g.PublishedGradleVersions - Gradle version information cache is up-to-date. Trying to read.
2025-06-03 17:02:05,702 [Worker-4: Building] WARN  o.a.m.r.i.DefaultArtifactDescriptorReader - 1 problem was encountered while building the effective model for org.javassist:javassist:jar:3.18.1-GA during dependency collection step for project (use -X to see details)
2025-06-03 17:02:11,210 [Worker-4: Building] WARN  o.e.m.c.i.embedder.EclipseLogger - The artifact mysql:mysql-connector-java:jar:8.0.31 has been relocated to com.mysql:mysql-connector-j:jar:8.0.31: MySQL Connector/J artifacts moved to reverse-DNS compliant Maven 2+ coordinates.
2025-06-03 17:06:24,562 [Worker-5: Building] INFO  o.a.m.s.f.DefaultMavenResourcesFiltering - skip non existing resourceDirectory C:\Users\satyaprakashm\Downloads\ExpensesProject 1\ExpensesProject\src\main\resources
2025-06-03 17:06:24,573 [Worker-5: Building] INFO  o.a.m.s.f.DefaultMavenResourcesFiltering - skip non existing resourceDirectory C:\Users\satyaprakashm\Downloads\ExpensesProject 1\ExpensesProject\src\test\resources
2025-06-03 17:09:52,876 [Worker-15: Building] INFO  o.a.m.s.f.DefaultMavenResourcesFiltering - skip non existing resourceDirectory C:\Users\satyaprakashm\Downloads\ExpensesProject 1\ExpensesProject\src\main\resources
2025-06-03 17:09:52,880 [Worker-15: Building] INFO  o.a.m.s.f.DefaultMavenResourcesFiltering - skip non existing resourceDirectory C:\Users\satyaprakashm\Downloads\ExpensesProject 1\ExpensesProject\src\test\resources
2025-06-03 17:10:27,376 [Worker-9: Building] INFO  o.a.m.s.f.DefaultMavenResourcesFiltering - skip non existing resourceDirectory C:\Users\satyaprakashm\Downloads\ExpensesProject 1\ExpensesProject\src\main\resources
2025-06-03 17:10:27,379 [Worker-9: Building] INFO  o.a.m.s.f.DefaultMavenResourcesFiltering - skip non existing resourceDirectory C:\Users\satyaprakashm\Downloads\ExpensesProject 1\ExpensesProject\src\test\resources
2025-06-03 17:12:14,552 [Worker-20: Building] INFO  o.a.m.s.f.DefaultMavenResourcesFiltering - skip non existing resourceDirectory C:\Users\satyaprakashm\Downloads\ExpensesProject 1\ExpensesProject\src\main\resources
2025-06-03 17:12:14,555 [Worker-20: Building] INFO  o.a.m.s.f.DefaultMavenResourcesFiltering - skip non existing resourceDirectory C:\Users\satyaprakashm\Downloads\ExpensesProject 1\ExpensesProject\src\test\resources
2025-06-04 09:25:33,267 [Worker-6: Loading available Gradle versions] INFO  o.e.b.c.i.u.g.PublishedGradleVersions - Gradle version information cache is up-to-date. Trying to read.
2025-06-04 09:25:41,286 [Worker-14: Building] WARN  o.a.m.r.i.DefaultArtifactDescriptorReader - 1 problem was encountered while building the effective model for org.javassist:javassist:jar:3.18.1-GA during dependency collection step for project (use -X to see details)
2025-06-04 09:25:47,611 [Worker-14: Building] WARN  o.e.m.c.i.embedder.EclipseLogger - The artifact mysql:mysql-connector-java:jar:8.0.31 has been relocated to com.mysql:mysql-connector-j:jar:8.0.31: MySQL Connector/J artifacts moved to reverse-DNS compliant Maven 2+ coordinates.
2025-06-04 09:29:07,245 [Worker-14: Cleaning all projects] INFO  o.e.m.w.i.f.ResourceFilteringBuildParticipant - Cleaning filtered folder for ExpensesProject
2025-06-04 09:29:08,457 [Worker-1: Building] INFO  o.a.m.s.f.DefaultMavenResourcesFiltering - skip non existing resourceDirectory C:\Users\satyaprakashm\Downloads\ExpensesProject 1\ExpensesProject\src\main\resources
2025-06-04 09:29:08,463 [Worker-1: Building] INFO  o.a.m.s.f.DefaultMavenResourcesFiltering - skip non existing resourceDirectory C:\Users\satyaprakashm\Downloads\ExpensesProject 1\ExpensesProject\src\test\resources
2025-06-04 09:29:08,464 [Worker-1: Building] INFO  o.e.m.w.i.f.ResourceFilteringBuildParticipant - Changed resources require a complete clean of filtered resources of ExpensesProject
2025-06-04 09:29:08,467 [Worker-1: Building] INFO  o.e.m.w.i.f.ResourceFilteringBuildParticipant - Executing resource filtering for ExpensesProject
