2025-06-03 09:35:46,025 [Worker-2: Loading available Gradle versions] INFO  o.e.b.c.i.u.g.PublishedGradleVersions - Gradle version information cache is not available. Remote download required.
2025-06-03 09:36:49,171 [Worker-5: Updating Maven Dependencies] INFO  o.e.m.c.i.l.LifecycleMappingFactory - Using org.maven.ide.eclipse.wtp.WarLifecycleMapping lifecycle mapping for MavenProject: hexa:ExpensesProject:0.0.1-SNAPSHOT @ C:\Users\satyaprakashm\Downloads\Day38_Project_Complete\Day38_Project_Complete\ExpensesProject\pom.xml.
2025-06-03 09:36:49,382 [Worker-5: Updating Maven Dependencies] WARN  o.a.m.r.i.DefaultArtifactDescriptorReader - 1 problem was encountered while building the effective model for org.javassist:javassist:jar:3.18.1-GA during dependency collection step for project (use -X to see details)
2025-06-03 09:36:51,198 [Worker-4: Building] INFO  o.e.m.c.i.l.LifecycleMappingFactory - Using org.maven.ide.eclipse.wtp.WarLifecycleMapping lifecycle mapping for MavenProject: hexa:ExpensesProject:0.0.1-SNAPSHOT @ C:\Users\satyaprakashm\Downloads\Day38_Project_Complete\Day38_Project_Complete\ExpensesProject\pom.xml.
2025-06-03 09:36:51,277 [Worker-4: Building] WARN  o.a.m.r.i.DefaultArtifactDescriptorReader - 1 problem was encountered while building the effective model for org.javassist:javassist:jar:3.18.1-GA during dependency collection step for project (use -X to see details)
2025-06-03 09:36:53,839 [Worker-4: Building] WARN  o.e.m.c.i.embedder.EclipseLogger - The artifact mysql:mysql-connector-java:jar:8.0.31 has been relocated to com.mysql:mysql-connector-j:jar:8.0.31: MySQL Connector/J artifacts moved to reverse-DNS compliant Maven 2+ coordinates.
2025-06-03 09:36:53,884 [Worker-5: Updating Maven Dependencies] WARN  o.e.m.c.i.embedder.EclipseLogger - The artifact mysql:mysql-connector-java:jar:8.0.31 has been relocated to com.mysql:mysql-connector-j:jar:8.0.31: MySQL Connector/J artifacts moved to reverse-DNS compliant Maven 2+ coordinates.
2025-06-03 09:36:54,223 [Worker-4: Building] WARN  o.e.m.c.i.embedder.EclipseLogger - The artifact mysql:mysql-connector-java:jar:8.0.31 has been relocated to com.mysql:mysql-connector-j:jar:8.0.31: MySQL Connector/J artifacts moved to reverse-DNS compliant Maven 2+ coordinates.
2025-06-03 09:36:56,327 [Worker-4: Building] INFO  o.a.m.s.f.DefaultMavenResourcesFiltering - skip non existing resourceDirectory C:\Users\satyaprakashm\Downloads\Day38_Project_Complete\Day38_Project_Complete\ExpensesProject\src\main\resources
2025-06-03 09:36:56,334 [Worker-4: Building] INFO  o.a.m.s.f.DefaultMavenResourcesFiltering - skip non existing resourceDirectory C:\Users\satyaprakashm\Downloads\Day38_Project_Complete\Day38_Project_Complete\ExpensesProject\src\test\resources
2025-06-03 09:37:00,674 [Worker-20: Updating Maven Dependencies] INFO  o.e.m.c.i.l.LifecycleMappingFactory - Using org.maven.ide.eclipse.wtp.WarLifecycleMapping lifecycle mapping for MavenProject: hexa:ExpensesProject:0.0.1-SNAPSHOT @ C:\Users\satyaprakashm\Downloads\Day38_Project_Complete\Day38_Project_Complete\ExpensesProject\pom.xml.
2025-06-03 09:37:00,752 [Worker-20: Updating Maven Dependencies] WARN  o.a.m.r.i.DefaultArtifactDescriptorReader - 1 problem was encountered while building the effective model for org.javassist:javassist:jar:3.18.1-GA during dependency collection step for project (use -X to see details)
2025-06-03 09:37:02,930 [Worker-20: Updating Maven Dependencies] WARN  o.e.m.c.i.embedder.EclipseLogger - The artifact mysql:mysql-connector-java:jar:8.0.31 has been relocated to com.mysql:mysql-connector-j:jar:8.0.31: MySQL Connector/J artifacts moved to reverse-DNS compliant Maven 2+ coordinates.
2025-06-03 09:37:07,616 [Worker-20: Updating Maven Dependencies] WARN  o.e.m.c.i.embedder.EclipseLogger - The artifact mysql:mysql-connector-java:jar:8.0.31 has been relocated to com.mysql:mysql-connector-j:jar:8.0.31: MySQL Connector/J artifacts moved to reverse-DNS compliant Maven 2+ coordinates.
2025-06-03 09:38:24,914 [Worker-1: Building] INFO  o.a.m.s.f.DefaultMavenResourcesFiltering - skip non existing resourceDirectory C:\Users\satyaprakashm\Downloads\Day38_Project_Complete\Day38_Project_Complete\ExpensesProject\src\main\resources
2025-06-03 09:38:24,924 [Worker-1: Building] INFO  o.a.m.s.f.DefaultMavenResourcesFiltering - skip non existing resourceDirectory C:\Users\satyaprakashm\Downloads\Day38_Project_Complete\Day38_Project_Complete\ExpensesProject\src\test\resources
2025-06-03 09:50:22,589 [Worker-23: Building] INFO  o.a.m.s.f.DefaultMavenResourcesFiltering - Copying 0 resource from src\main\resources to target\classes
2025-06-03 09:50:22,604 [Worker-23: Building] INFO  o.a.m.s.f.DefaultMavenResourcesFiltering - Copying 0 resource from src\test\resources to target\test-classes
2025-06-03 10:16:50,839 [Worker-12: Building] INFO  o.a.m.s.f.DefaultMavenResourcesFiltering - Copying 0 resource from src\main\resources to target\classes
2025-06-03 10:16:50,848 [Worker-12: Building] INFO  o.a.m.s.f.DefaultMavenResourcesFiltering - Copying 0 resource from src\test\resources to target\test-classes
2025-06-03 10:17:16,533 [Worker-19: Building] INFO  o.a.m.s.f.DefaultMavenResourcesFiltering - Copying 0 resource from src\main\resources to target\classes
2025-06-03 10:17:16,537 [Worker-19: Building] INFO  o.a.m.s.f.DefaultMavenResourcesFiltering - Copying 0 resource from src\test\resources to target\test-classes
2025-06-03 10:25:04,933 [Worker-5: Loading available Gradle versions] INFO  o.e.b.c.i.u.g.PublishedGradleVersions - Gradle version information cache is up-to-date. Trying to read.
2025-06-03 10:25:43,216 [Worker-20: Launching Dummy] WARN  o.a.m.r.i.DefaultArtifactDescriptorReader - 1 problem was encountered while building the effective model for org.javassist:javassist:jar:3.18.1-GA during dependency collection step for project (use -X to see details)
2025-06-03 10:25:45,002 [Worker-20: Launching Dummy] WARN  o.e.m.c.i.embedder.EclipseLogger - The artifact mysql:mysql-connector-java:jar:8.0.31 has been relocated to com.mysql:mysql-connector-j:jar:8.0.31: MySQL Connector/J artifacts moved to reverse-DNS compliant Maven 2+ coordinates.
2025-06-03 10:28:09,069 [Worker-0: Loading available Gradle versions] INFO  o.e.b.c.i.u.g.PublishedGradleVersions - Gradle version information cache is up-to-date. Trying to read.
2025-06-03 10:28:23,995 [Worker-18: Updating Maven Dependencies] ERROR o.e.m.j.i.l.MavenLaunchConfigurationListener - Launch configuration Dummy references non-existing project ExpensesProject.
org.eclipse.core.runtime.CoreException: Launch configuration Dummy references non-existing project ExpensesProject.
	at org.eclipse.jdt.launching.JavaRuntime.abort(JavaRuntime.java:1871)
	at org.eclipse.jdt.launching.JavaRuntime.getJavaProject(JavaRuntime.java:1748)
	at org.eclipse.m2e.jdt.internal.launch.MavenLaunchConfigurationListener.updateLaunchConfiguration(MavenLaunchConfigurationListener.java:66)
	at org.eclipse.m2e.jdt.internal.launch.MavenLaunchConfigurationListener.launchConfigurationChanged(MavenLaunchConfigurationListener.java:52)
	at org.eclipse.debug.internal.core.LaunchManager$ConfigurationNotifier.run(LaunchManager.java:220)
	at org.eclipse.core.runtime.SafeRunner.run(SafeRunner.java:47)
	at org.eclipse.debug.internal.core.LaunchManager$ConfigurationNotifier.notify(LaunchManager.java:204)
	at org.eclipse.debug.internal.core.LaunchConfigurationWorkingCopy.setDirty(LaunchConfigurationWorkingCopy.java:527)
	at org.eclipse.debug.internal.core.LaunchConfigurationWorkingCopy.setAttribute(LaunchConfigurationWorkingCopy.java:415)
	at org.eclipse.m2e.jdt.internal.launch.MavenRuntimeClasspathProvider.disable(MavenRuntimeClasspathProvider.java:409)
	at org.eclipse.m2e.jdt.internal.launch.MavenRuntimeClasspathProvider.disable(MavenRuntimeClasspathProvider.java:435)
	at org.eclipse.m2e.jdt.internal.launch.MavenLaunchConfigurationListener.mavenProjectChanged(MavenLaunchConfigurationListener.java:137)
	at org.eclipse.m2e.core.internal.project.registry.ProjectRegistryManager.notifyProjectChangeListeners(ProjectRegistryManager.java:892)
	at org.eclipse.m2e.core.internal.project.registry.ProjectRegistryManager.applyMutableProjectRegistry(ProjectRegistryManager.java:1042)
	at org.eclipse.m2e.core.internal.project.registry.ProjectRegistryRefreshJob.lambda$0(ProjectRegistryRefreshJob.java:162)
	at org.eclipse.m2e.core.internal.embedder.MavenExecutionContext.executeBare(MavenExecutionContext.java:458)
	at org.eclipse.m2e.core.internal.embedder.MavenExecutionContext.execute(MavenExecutionContext.java:339)
	at org.eclipse.m2e.core.internal.embedder.MavenExecutionContext.execute(MavenExecutionContext.java:278)
	at org.eclipse.m2e.core.internal.project.registry.ProjectRegistryRefreshJob.run(ProjectRegistryRefreshJob.java:106)
	at org.eclipse.core.internal.jobs.Worker.run(Worker.java:63)
2025-06-03 10:28:24,005 [Worker-18: Updating Maven Dependencies] ERROR o.e.m.j.i.l.MavenLaunchConfigurationListener - Launch configuration Dummy references non-existing project ExpensesProject.
org.eclipse.core.runtime.CoreException: Launch configuration Dummy references non-existing project ExpensesProject.
	at org.eclipse.jdt.launching.JavaRuntime.abort(JavaRuntime.java:1871)
	at org.eclipse.jdt.launching.JavaRuntime.getJavaProject(JavaRuntime.java:1748)
	at org.eclipse.m2e.jdt.internal.launch.MavenLaunchConfigurationListener.updateLaunchConfiguration(MavenLaunchConfigurationListener.java:66)
	at org.eclipse.m2e.jdt.internal.launch.MavenLaunchConfigurationListener.launchConfigurationChanged(MavenLaunchConfigurationListener.java:52)
	at org.eclipse.debug.internal.core.LaunchManager$ConfigurationNotifier.run(LaunchManager.java:220)
	at org.eclipse.core.runtime.SafeRunner.run(SafeRunner.java:47)
	at org.eclipse.debug.internal.core.LaunchManager$ConfigurationNotifier.notify(LaunchManager.java:204)
	at org.eclipse.debug.internal.core.LaunchConfigurationWorkingCopy.setDirty(LaunchConfigurationWorkingCopy.java:527)
	at org.eclipse.debug.internal.core.LaunchConfigurationWorkingCopy.setAttribute(LaunchConfigurationWorkingCopy.java:415)
	at org.eclipse.m2e.jdt.internal.launch.MavenRuntimeClasspathProvider.disable(MavenRuntimeClasspathProvider.java:410)
	at org.eclipse.m2e.jdt.internal.launch.MavenRuntimeClasspathProvider.disable(MavenRuntimeClasspathProvider.java:435)
	at org.eclipse.m2e.jdt.internal.launch.MavenLaunchConfigurationListener.mavenProjectChanged(MavenLaunchConfigurationListener.java:137)
	at org.eclipse.m2e.core.internal.project.registry.ProjectRegistryManager.notifyProjectChangeListeners(ProjectRegistryManager.java:892)
	at org.eclipse.m2e.core.internal.project.registry.ProjectRegistryManager.applyMutableProjectRegistry(ProjectRegistryManager.java:1042)
	at org.eclipse.m2e.core.internal.project.registry.ProjectRegistryRefreshJob.lambda$0(ProjectRegistryRefreshJob.java:162)
	at org.eclipse.m2e.core.internal.embedder.MavenExecutionContext.executeBare(MavenExecutionContext.java:458)
	at org.eclipse.m2e.core.internal.embedder.MavenExecutionContext.execute(MavenExecutionContext.java:339)
	at org.eclipse.m2e.core.internal.embedder.MavenExecutionContext.execute(MavenExecutionContext.java:278)
	at org.eclipse.m2e.core.internal.project.registry.ProjectRegistryRefreshJob.run(ProjectRegistryRefreshJob.java:106)
	at org.eclipse.core.internal.jobs.Worker.run(Worker.java:63)
2025-06-03 10:28:24,013 [Worker-18: Updating Maven Dependencies] ERROR o.e.m.j.i.l.MavenLaunchConfigurationListener - Launch configuration Dummy references non-existing project ExpensesProject.
org.eclipse.core.runtime.CoreException: Launch configuration Dummy references non-existing project ExpensesProject.
	at org.eclipse.jdt.launching.JavaRuntime.abort(JavaRuntime.java:1871)
	at org.eclipse.jdt.launching.JavaRuntime.getJavaProject(JavaRuntime.java:1748)
	at org.eclipse.m2e.jdt.internal.launch.MavenLaunchConfigurationListener.updateLaunchConfiguration(MavenLaunchConfigurationListener.java:66)
	at org.eclipse.m2e.jdt.internal.launch.MavenLaunchConfigurationListener.launchConfigurationChanged(MavenLaunchConfigurationListener.java:52)
	at org.eclipse.debug.internal.core.LaunchManager$ConfigurationNotifier.run(LaunchManager.java:220)
	at org.eclipse.core.runtime.SafeRunner.run(SafeRunner.java:47)
	at org.eclipse.debug.internal.core.LaunchManager$ConfigurationNotifier.notify(LaunchManager.java:204)
	at org.eclipse.debug.internal.core.LaunchManager.launchConfigurationChanged(LaunchManager.java:2009)
	at org.eclipse.debug.internal.core.LaunchConfigurationWorkingCopy.writeNewFile(LaunchConfigurationWorkingCopy.java:380)
	at org.eclipse.debug.internal.core.LaunchConfigurationWorkingCopy.doSave0(LaunchConfigurationWorkingCopy.java:259)
	at org.eclipse.debug.internal.core.LaunchConfigurationWorkingCopy.doSave(LaunchConfigurationWorkingCopy.java:229)
	at org.eclipse.debug.internal.core.LaunchConfigurationWorkingCopy.doSave(LaunchConfigurationWorkingCopy.java:187)
	at org.eclipse.m2e.jdt.internal.launch.MavenRuntimeClasspathProvider.disable(MavenRuntimeClasspathProvider.java:411)
	at org.eclipse.m2e.jdt.internal.launch.MavenRuntimeClasspathProvider.disable(MavenRuntimeClasspathProvider.java:435)
	at org.eclipse.m2e.jdt.internal.launch.MavenLaunchConfigurationListener.mavenProjectChanged(MavenLaunchConfigurationListener.java:137)
	at org.eclipse.m2e.core.internal.project.registry.ProjectRegistryManager.notifyProjectChangeListeners(ProjectRegistryManager.java:892)
	at org.eclipse.m2e.core.internal.project.registry.ProjectRegistryManager.applyMutableProjectRegistry(ProjectRegistryManager.java:1042)
	at org.eclipse.m2e.core.internal.project.registry.ProjectRegistryRefreshJob.lambda$0(ProjectRegistryRefreshJob.java:162)
	at org.eclipse.m2e.core.internal.embedder.MavenExecutionContext.executeBare(MavenExecutionContext.java:458)
	at org.eclipse.m2e.core.internal.embedder.MavenExecutionContext.execute(MavenExecutionContext.java:339)
	at org.eclipse.m2e.core.internal.embedder.MavenExecutionContext.execute(MavenExecutionContext.java:278)
	at org.eclipse.m2e.core.internal.project.registry.ProjectRegistryRefreshJob.run(ProjectRegistryRefreshJob.java:106)
	at org.eclipse.core.internal.jobs.Worker.run(Worker.java:63)
2025-06-03 10:29:03,060 [Worker-22: Updating Maven Dependencies] INFO  o.e.m.c.i.l.LifecycleMappingFactory - Using org.maven.ide.eclipse.wtp.WarLifecycleMapping lifecycle mapping for MavenProject: hexa:ExpensesProject:0.0.1-SNAPSHOT @ C:\Users\satyaprakashm\Downloads\Day38_Project_Complete\Day38_Project_Complete\ExpensesProject\pom.xml.
2025-06-03 10:29:03,178 [Worker-22: Updating Maven Dependencies] WARN  o.a.m.r.i.DefaultArtifactDescriptorReader - 1 problem was encountered while building the effective model for org.javassist:javassist:jar:3.18.1-GA during dependency collection step for project (use -X to see details)
2025-06-03 10:29:03,716 [Worker-11: Building] INFO  o.e.m.c.i.l.LifecycleMappingFactory - Using org.maven.ide.eclipse.wtp.WarLifecycleMapping lifecycle mapping for MavenProject: hexa:ExpensesProject:0.0.1-SNAPSHOT @ C:\Users\satyaprakashm\Downloads\Day38_Project_Complete\Day38_Project_Complete\ExpensesProject\pom.xml.
2025-06-03 10:29:03,791 [Worker-11: Building] WARN  o.a.m.r.i.DefaultArtifactDescriptorReader - 1 problem was encountered while building the effective model for org.javassist:javassist:jar:3.18.1-GA during dependency collection step for project (use -X to see details)
2025-06-03 10:29:06,095 [Worker-11: Building] WARN  o.e.m.c.i.embedder.EclipseLogger - The artifact mysql:mysql-connector-java:jar:8.0.31 has been relocated to com.mysql:mysql-connector-j:jar:8.0.31: MySQL Connector/J artifacts moved to reverse-DNS compliant Maven 2+ coordinates.
2025-06-03 10:29:06,191 [Worker-22: Updating Maven Dependencies] WARN  o.e.m.c.i.embedder.EclipseLogger - The artifact mysql:mysql-connector-java:jar:8.0.31 has been relocated to com.mysql:mysql-connector-j:jar:8.0.31: MySQL Connector/J artifacts moved to reverse-DNS compliant Maven 2+ coordinates.
2025-06-03 10:29:06,418 [Worker-11: Building] WARN  o.e.m.c.i.embedder.EclipseLogger - The artifact mysql:mysql-connector-java:jar:8.0.31 has been relocated to com.mysql:mysql-connector-j:jar:8.0.31: MySQL Connector/J artifacts moved to reverse-DNS compliant Maven 2+ coordinates.
2025-06-03 10:29:08,937 [Worker-11: Building] INFO  o.a.m.s.f.DefaultMavenResourcesFiltering - skip non existing resourceDirectory C:\Users\satyaprakashm\Downloads\Day38_Project_Complete\Day38_Project_Complete\ExpensesProject\src\main\resources
2025-06-03 10:29:08,943 [Worker-11: Building] INFO  o.a.m.s.f.DefaultMavenResourcesFiltering - skip non existing resourceDirectory C:\Users\satyaprakashm\Downloads\Day38_Project_Complete\Day38_Project_Complete\ExpensesProject\src\test\resources
2025-06-03 10:29:10,884 [Worker-15: Updating Maven Dependencies] INFO  o.e.m.c.i.l.LifecycleMappingFactory - Using org.maven.ide.eclipse.wtp.WarLifecycleMapping lifecycle mapping for MavenProject: hexa:ExpensesProject:0.0.1-SNAPSHOT @ C:\Users\satyaprakashm\Downloads\Day38_Project_Complete\Day38_Project_Complete\ExpensesProject\pom.xml.
2025-06-03 10:29:10,980 [Worker-15: Updating Maven Dependencies] WARN  o.a.m.r.i.DefaultArtifactDescriptorReader - 1 problem was encountered while building the effective model for org.javassist:javassist:jar:3.18.1-GA during dependency collection step for project (use -X to see details)
2025-06-03 10:29:12,669 [Worker-15: Updating Maven Dependencies] WARN  o.e.m.c.i.embedder.EclipseLogger - The artifact mysql:mysql-connector-java:jar:8.0.31 has been relocated to com.mysql:mysql-connector-j:jar:8.0.31: MySQL Connector/J artifacts moved to reverse-DNS compliant Maven 2+ coordinates.
2025-06-03 10:29:19,258 [Worker-15: Updating Maven Dependencies] WARN  o.e.m.c.i.embedder.EclipseLogger - The artifact mysql:mysql-connector-java:jar:8.0.31 has been relocated to com.mysql:mysql-connector-j:jar:8.0.31: MySQL Connector/J artifacts moved to reverse-DNS compliant Maven 2+ coordinates.
2025-06-03 10:29:28,770 [Worker-19: Building] INFO  o.a.m.s.f.DefaultMavenResourcesFiltering - skip non existing resourceDirectory C:\Users\satyaprakashm\Downloads\Day38_Project_Complete\Day38_Project_Complete\ExpensesProject\src\main\resources
2025-06-03 10:29:28,775 [Worker-19: Building] INFO  o.a.m.s.f.DefaultMavenResourcesFiltering - skip non existing resourceDirectory C:\Users\satyaprakashm\Downloads\Day38_Project_Complete\Day38_Project_Complete\ExpensesProject\src\test\resources
2025-06-03 11:07:42,621 [Worker-25: Building] INFO  o.a.m.s.f.DefaultMavenResourcesFiltering - skip non existing resourceDirectory C:\Users\satyaprakashm\Downloads\Day38_Project_Complete\Day38_Project_Complete\ExpensesProject\src\main\resources
2025-06-03 11:07:42,627 [Worker-25: Building] INFO  o.a.m.s.f.DefaultMavenResourcesFiltering - skip non existing resourceDirectory C:\Users\satyaprakashm\Downloads\Day38_Project_Complete\Day38_Project_Complete\ExpensesProject\src\test\resources
2025-06-03 11:18:09,303 [Worker-28: Building] INFO  o.a.m.s.f.DefaultMavenResourcesFiltering - skip non existing resourceDirectory C:\Users\satyaprakashm\Downloads\Day38_Project_Complete\Day38_Project_Complete\ExpensesProject\src\main\resources
2025-06-03 11:18:09,306 [Worker-28: Building] INFO  o.a.m.s.f.DefaultMavenResourcesFiltering - skip non existing resourceDirectory C:\Users\satyaprakashm\Downloads\Day38_Project_Complete\Day38_Project_Complete\ExpensesProject\src\test\resources
2025-06-03 11:52:57,726 [Worker-29: Building] INFO  o.a.m.s.f.DefaultMavenResourcesFiltering - skip non existing resourceDirectory C:\Users\satyaprakashm\Downloads\Day38_Project_Complete\Day38_Project_Complete\ExpensesProject\src\main\resources
2025-06-03 11:52:57,735 [Worker-29: Building] INFO  o.a.m.s.f.DefaultMavenResourcesFiltering - skip non existing resourceDirectory C:\Users\satyaprakashm\Downloads\Day38_Project_Complete\Day38_Project_Complete\ExpensesProject\src\test\resources
2025-06-03 11:53:02,397 [Worker-5: Building] INFO  o.a.m.s.f.DefaultMavenResourcesFiltering - skip non existing resourceDirectory C:\Users\satyaprakashm\Downloads\Day38_Project_Complete\Day38_Project_Complete\ExpensesProject\src\main\resources
2025-06-03 11:53:02,400 [Worker-5: Building] INFO  o.a.m.s.f.DefaultMavenResourcesFiltering - skip non existing resourceDirectory C:\Users\satyaprakashm\Downloads\Day38_Project_Complete\Day38_Project_Complete\ExpensesProject\src\test\resources
2025-06-03 11:55:15,343 [Worker-5: Building] INFO  o.a.m.s.f.DefaultMavenResourcesFiltering - skip non existing resourceDirectory C:\Users\satyaprakashm\Downloads\Day38_Project_Complete\Day38_Project_Complete\ExpensesProject\src\main\resources
2025-06-03 11:55:15,347 [Worker-5: Building] INFO  o.a.m.s.f.DefaultMavenResourcesFiltering - skip non existing resourceDirectory C:\Users\satyaprakashm\Downloads\Day38_Project_Complete\Day38_Project_Complete\ExpensesProject\src\test\resources
2025-06-03 11:59:26,700 [Worker-29: Building] INFO  o.a.m.s.f.DefaultMavenResourcesFiltering - skip non existing resourceDirectory C:\Users\satyaprakashm\Downloads\Day38_Project_Complete\Day38_Project_Complete\ExpensesProject\src\main\resources
2025-06-03 11:59:26,703 [Worker-29: Building] INFO  o.a.m.s.f.DefaultMavenResourcesFiltering - skip non existing resourceDirectory C:\Users\satyaprakashm\Downloads\Day38_Project_Complete\Day38_Project_Complete\ExpensesProject\src\test\resources
2025-06-03 11:59:30,247 [Worker-35: Building] INFO  o.a.m.s.f.DefaultMavenResourcesFiltering - skip non existing resourceDirectory C:\Users\satyaprakashm\Downloads\Day38_Project_Complete\Day38_Project_Complete\ExpensesProject\src\main\resources
2025-06-03 11:59:30,249 [Worker-35: Building] INFO  o.a.m.s.f.DefaultMavenResourcesFiltering - skip non existing resourceDirectory C:\Users\satyaprakashm\Downloads\Day38_Project_Complete\Day38_Project_Complete\ExpensesProject\src\test\resources
2025-06-03 11:59:35,564 [Worker-5: Building] INFO  o.a.m.s.f.DefaultMavenResourcesFiltering - skip non existing resourceDirectory C:\Users\satyaprakashm\Downloads\Day38_Project_Complete\Day38_Project_Complete\ExpensesProject\src\main\resources
2025-06-03 11:59:35,566 [Worker-5: Building] INFO  o.a.m.s.f.DefaultMavenResourcesFiltering - skip non existing resourceDirectory C:\Users\satyaprakashm\Downloads\Day38_Project_Complete\Day38_Project_Complete\ExpensesProject\src\test\resources
2025-06-03 12:00:11,837 [Worker-29: Building] INFO  o.a.m.s.f.DefaultMavenResourcesFiltering - skip non existing resourceDirectory C:\Users\satyaprakashm\Downloads\Day38_Project_Complete\Day38_Project_Complete\ExpensesProject\src\main\resources
2025-06-03 12:00:11,838 [Worker-29: Building] INFO  o.a.m.s.f.DefaultMavenResourcesFiltering - skip non existing resourceDirectory C:\Users\satyaprakashm\Downloads\Day38_Project_Complete\Day38_Project_Complete\ExpensesProject\src\test\resources
2025-06-03 12:00:16,408 [Worker-29: Building] INFO  o.a.m.s.f.DefaultMavenResourcesFiltering - skip non existing resourceDirectory C:\Users\satyaprakashm\Downloads\Day38_Project_Complete\Day38_Project_Complete\ExpensesProject\src\main\resources
2025-06-03 12:00:16,410 [Worker-29: Building] INFO  o.a.m.s.f.DefaultMavenResourcesFiltering - skip non existing resourceDirectory C:\Users\satyaprakashm\Downloads\Day38_Project_Complete\Day38_Project_Complete\ExpensesProject\src\test\resources
2025-06-03 12:00:19,511 [Worker-33: Building] INFO  o.a.m.s.f.DefaultMavenResourcesFiltering - skip non existing resourceDirectory C:\Users\satyaprakashm\Downloads\Day38_Project_Complete\Day38_Project_Complete\ExpensesProject\src\main\resources
2025-06-03 12:00:19,514 [Worker-33: Building] INFO  o.a.m.s.f.DefaultMavenResourcesFiltering - skip non existing resourceDirectory C:\Users\satyaprakashm\Downloads\Day38_Project_Complete\Day38_Project_Complete\ExpensesProject\src\test\resources
2025-06-03 12:05:05,976 [Worker-27: Building] INFO  o.a.m.s.f.DefaultMavenResourcesFiltering - skip non existing resourceDirectory C:\Users\satyaprakashm\Downloads\Day38_Project_Complete\Day38_Project_Complete\ExpensesProject\src\main\resources
2025-06-03 12:05:05,980 [Worker-27: Building] INFO  o.a.m.s.f.DefaultMavenResourcesFiltering - skip non existing resourceDirectory C:\Users\satyaprakashm\Downloads\Day38_Project_Complete\Day38_Project_Complete\ExpensesProject\src\test\resources
2025-06-03 12:05:14,507 [Worker-34: Building] INFO  o.a.m.s.f.DefaultMavenResourcesFiltering - skip non existing resourceDirectory C:\Users\satyaprakashm\Downloads\Day38_Project_Complete\Day38_Project_Complete\ExpensesProject\src\main\resources
2025-06-03 12:05:14,510 [Worker-34: Building] INFO  o.a.m.s.f.DefaultMavenResourcesFiltering - skip non existing resourceDirectory C:\Users\satyaprakashm\Downloads\Day38_Project_Complete\Day38_Project_Complete\ExpensesProject\src\test\resources
2025-06-03 12:05:21,145 [Worker-5: Building] INFO  o.a.m.s.f.DefaultMavenResourcesFiltering - skip non existing resourceDirectory C:\Users\satyaprakashm\Downloads\Day38_Project_Complete\Day38_Project_Complete\ExpensesProject\src\main\resources
2025-06-03 12:05:21,147 [Worker-5: Building] INFO  o.a.m.s.f.DefaultMavenResourcesFiltering - skip non existing resourceDirectory C:\Users\satyaprakashm\Downloads\Day38_Project_Complete\Day38_Project_Complete\ExpensesProject\src\test\resources
2025-06-03 12:05:41,365 [Worker-5: Building] INFO  o.a.m.s.f.DefaultMavenResourcesFiltering - skip non existing resourceDirectory C:\Users\satyaprakashm\Downloads\Day38_Project_Complete\Day38_Project_Complete\ExpensesProject\src\main\resources
2025-06-03 12:05:41,367 [Worker-5: Building] INFO  o.a.m.s.f.DefaultMavenResourcesFiltering - skip non existing resourceDirectory C:\Users\satyaprakashm\Downloads\Day38_Project_Complete\Day38_Project_Complete\ExpensesProject\src\test\resources
2025-06-03 12:10:37,205 [Worker-5: Building] INFO  o.a.m.s.f.DefaultMavenResourcesFiltering - skip non existing resourceDirectory C:\Users\satyaprakashm\Downloads\Day38_Project_Complete\Day38_Project_Complete\ExpensesProject\src\main\resources
2025-06-03 12:10:37,209 [Worker-5: Building] INFO  o.a.m.s.f.DefaultMavenResourcesFiltering - skip non existing resourceDirectory C:\Users\satyaprakashm\Downloads\Day38_Project_Complete\Day38_Project_Complete\ExpensesProject\src\test\resources
2025-06-03 12:23:52,204 [Worker-27: Building] INFO  o.a.m.s.f.DefaultMavenResourcesFiltering - skip non existing resourceDirectory C:\Users\satyaprakashm\Downloads\Day38_Project_Complete\Day38_Project_Complete\ExpensesProject\src\main\resources
2025-06-03 12:23:52,208 [Worker-27: Building] INFO  o.a.m.s.f.DefaultMavenResourcesFiltering - skip non existing resourceDirectory C:\Users\satyaprakashm\Downloads\Day38_Project_Complete\Day38_Project_Complete\ExpensesProject\src\test\resources
2025-06-03 12:24:16,979 [Worker-33: Building] INFO  o.a.m.s.f.DefaultMavenResourcesFiltering - skip non existing resourceDirectory C:\Users\satyaprakashm\Downloads\Day38_Project_Complete\Day38_Project_Complete\ExpensesProject\src\main\resources
2025-06-03 12:24:16,980 [Worker-33: Building] INFO  o.a.m.s.f.DefaultMavenResourcesFiltering - skip non existing resourceDirectory C:\Users\satyaprakashm\Downloads\Day38_Project_Complete\Day38_Project_Complete\ExpensesProject\src\test\resources
2025-06-03 12:24:22,548 [Worker-37: Building] INFO  o.a.m.s.f.DefaultMavenResourcesFiltering - skip non existing resourceDirectory C:\Users\satyaprakashm\Downloads\Day38_Project_Complete\Day38_Project_Complete\ExpensesProject\src\main\resources
2025-06-03 12:24:22,551 [Worker-37: Building] INFO  o.a.m.s.f.DefaultMavenResourcesFiltering - skip non existing resourceDirectory C:\Users\satyaprakashm\Downloads\Day38_Project_Complete\Day38_Project_Complete\ExpensesProject\src\test\resources
2025-06-03 12:24:32,050 [Worker-37: Building] INFO  o.a.m.s.f.DefaultMavenResourcesFiltering - skip non existing resourceDirectory C:\Users\satyaprakashm\Downloads\Day38_Project_Complete\Day38_Project_Complete\ExpensesProject\src\main\resources
2025-06-03 12:24:32,054 [Worker-37: Building] INFO  o.a.m.s.f.DefaultMavenResourcesFiltering - skip non existing resourceDirectory C:\Users\satyaprakashm\Downloads\Day38_Project_Complete\Day38_Project_Complete\ExpensesProject\src\test\resources
2025-06-03 12:24:39,243 [Worker-5: Building] INFO  o.a.m.s.f.DefaultMavenResourcesFiltering - skip non existing resourceDirectory C:\Users\satyaprakashm\Downloads\Day38_Project_Complete\Day38_Project_Complete\ExpensesProject\src\main\resources
2025-06-03 12:24:39,245 [Worker-5: Building] INFO  o.a.m.s.f.DefaultMavenResourcesFiltering - skip non existing resourceDirectory C:\Users\satyaprakashm\Downloads\Day38_Project_Complete\Day38_Project_Complete\ExpensesProject\src\test\resources
2025-06-03 12:25:05,733 [Worker-36: Building] INFO  o.a.m.s.f.DefaultMavenResourcesFiltering - skip non existing resourceDirectory C:\Users\satyaprakashm\Downloads\Day38_Project_Complete\Day38_Project_Complete\ExpensesProject\src\main\resources
2025-06-03 12:25:05,735 [Worker-36: Building] INFO  o.a.m.s.f.DefaultMavenResourcesFiltering - skip non existing resourceDirectory C:\Users\satyaprakashm\Downloads\Day38_Project_Complete\Day38_Project_Complete\ExpensesProject\src\test\resources
2025-06-03 12:25:09,267 [Worker-33: Building] INFO  o.a.m.s.f.DefaultMavenResourcesFiltering - skip non existing resourceDirectory C:\Users\satyaprakashm\Downloads\Day38_Project_Complete\Day38_Project_Complete\ExpensesProject\src\main\resources
2025-06-03 12:25:09,268 [Worker-33: Building] INFO  o.a.m.s.f.DefaultMavenResourcesFiltering - skip non existing resourceDirectory C:\Users\satyaprakashm\Downloads\Day38_Project_Complete\Day38_Project_Complete\ExpensesProject\src\test\resources
2025-06-03 12:25:14,661 [Worker-35: Building] INFO  o.a.m.s.f.DefaultMavenResourcesFiltering - skip non existing resourceDirectory C:\Users\satyaprakashm\Downloads\Day38_Project_Complete\Day38_Project_Complete\ExpensesProject\src\main\resources
2025-06-03 12:25:14,663 [Worker-35: Building] INFO  o.a.m.s.f.DefaultMavenResourcesFiltering - skip non existing resourceDirectory C:\Users\satyaprakashm\Downloads\Day38_Project_Complete\Day38_Project_Complete\ExpensesProject\src\test\resources
2025-06-03 12:25:17,952 [Worker-5: Building] INFO  o.a.m.s.f.DefaultMavenResourcesFiltering - skip non existing resourceDirectory C:\Users\satyaprakashm\Downloads\Day38_Project_Complete\Day38_Project_Complete\ExpensesProject\src\main\resources
2025-06-03 12:25:17,954 [Worker-5: Building] INFO  o.a.m.s.f.DefaultMavenResourcesFiltering - skip non existing resourceDirectory C:\Users\satyaprakashm\Downloads\Day38_Project_Complete\Day38_Project_Complete\ExpensesProject\src\test\resources
2025-06-03 12:25:22,336 [Worker-35: Building] INFO  o.a.m.s.f.DefaultMavenResourcesFiltering - skip non existing resourceDirectory C:\Users\satyaprakashm\Downloads\Day38_Project_Complete\Day38_Project_Complete\ExpensesProject\src\main\resources
2025-06-03 12:25:22,337 [Worker-35: Building] INFO  o.a.m.s.f.DefaultMavenResourcesFiltering - skip non existing resourceDirectory C:\Users\satyaprakashm\Downloads\Day38_Project_Complete\Day38_Project_Complete\ExpensesProject\src\test\resources
2025-06-03 12:25:58,745 [Worker-38: Building] INFO  o.a.m.s.f.DefaultMavenResourcesFiltering - skip non existing resourceDirectory C:\Users\satyaprakashm\Downloads\Day38_Project_Complete\Day38_Project_Complete\ExpensesProject\src\main\resources
2025-06-03 12:25:58,748 [Worker-38: Building] INFO  o.a.m.s.f.DefaultMavenResourcesFiltering - skip non existing resourceDirectory C:\Users\satyaprakashm\Downloads\Day38_Project_Complete\Day38_Project_Complete\ExpensesProject\src\test\resources
2025-06-03 12:26:00,908 [Worker-35: Building] INFO  o.a.m.s.f.DefaultMavenResourcesFiltering - skip non existing resourceDirectory C:\Users\satyaprakashm\Downloads\Day38_Project_Complete\Day38_Project_Complete\ExpensesProject\src\main\resources
2025-06-03 12:26:00,911 [Worker-35: Building] INFO  o.a.m.s.f.DefaultMavenResourcesFiltering - skip non existing resourceDirectory C:\Users\satyaprakashm\Downloads\Day38_Project_Complete\Day38_Project_Complete\ExpensesProject\src\test\resources
2025-06-03 12:26:04,101 [Worker-33: Building] INFO  o.a.m.s.f.DefaultMavenResourcesFiltering - skip non existing resourceDirectory C:\Users\satyaprakashm\Downloads\Day38_Project_Complete\Day38_Project_Complete\ExpensesProject\src\main\resources
2025-06-03 12:26:04,103 [Worker-33: Building] INFO  o.a.m.s.f.DefaultMavenResourcesFiltering - skip non existing resourceDirectory C:\Users\satyaprakashm\Downloads\Day38_Project_Complete\Day38_Project_Complete\ExpensesProject\src\test\resources
2025-06-03 12:26:30,723 [Worker-5: Building] INFO  o.a.m.s.f.DefaultMavenResourcesFiltering - skip non existing resourceDirectory C:\Users\satyaprakashm\Downloads\Day38_Project_Complete\Day38_Project_Complete\ExpensesProject\src\main\resources
2025-06-03 12:26:30,725 [Worker-5: Building] INFO  o.a.m.s.f.DefaultMavenResourcesFiltering - skip non existing resourceDirectory C:\Users\satyaprakashm\Downloads\Day38_Project_Complete\Day38_Project_Complete\ExpensesProject\src\test\resources
2025-06-03 12:26:32,945 [Worker-29: Building] INFO  o.a.m.s.f.DefaultMavenResourcesFiltering - skip non existing resourceDirectory C:\Users\satyaprakashm\Downloads\Day38_Project_Complete\Day38_Project_Complete\ExpensesProject\src\main\resources
2025-06-03 12:26:32,948 [Worker-29: Building] INFO  o.a.m.s.f.DefaultMavenResourcesFiltering - skip non existing resourceDirectory C:\Users\satyaprakashm\Downloads\Day38_Project_Complete\Day38_Project_Complete\ExpensesProject\src\test\resources
2025-06-03 12:34:19,066 [Worker-36: Building] INFO  o.a.m.s.f.DefaultMavenResourcesFiltering - skip non existing resourceDirectory C:\Users\satyaprakashm\Downloads\Day38_Project_Complete\Day38_Project_Complete\ExpensesProject\src\main\resources
2025-06-03 12:34:19,069 [Worker-36: Building] INFO  o.a.m.s.f.DefaultMavenResourcesFiltering - skip non existing resourceDirectory C:\Users\satyaprakashm\Downloads\Day38_Project_Complete\Day38_Project_Complete\ExpensesProject\src\test\resources
2025-06-03 12:34:21,770 [Worker-5: Building] INFO  o.a.m.s.f.DefaultMavenResourcesFiltering - skip non existing resourceDirectory C:\Users\satyaprakashm\Downloads\Day38_Project_Complete\Day38_Project_Complete\ExpensesProject\src\main\resources
2025-06-03 12:34:21,773 [Worker-5: Building] INFO  o.a.m.s.f.DefaultMavenResourcesFiltering - skip non existing resourceDirectory C:\Users\satyaprakashm\Downloads\Day38_Project_Complete\Day38_Project_Complete\ExpensesProject\src\test\resources
2025-06-03 12:34:29,793 [Worker-37: Building] INFO  o.a.m.s.f.DefaultMavenResourcesFiltering - skip non existing resourceDirectory C:\Users\satyaprakashm\Downloads\Day38_Project_Complete\Day38_Project_Complete\ExpensesProject\src\main\resources
2025-06-03 12:34:29,795 [Worker-37: Building] INFO  o.a.m.s.f.DefaultMavenResourcesFiltering - skip non existing resourceDirectory C:\Users\satyaprakashm\Downloads\Day38_Project_Complete\Day38_Project_Complete\ExpensesProject\src\test\resources
2025-06-03 12:38:39,078 [Worker-33: Building] INFO  o.a.m.s.f.DefaultMavenResourcesFiltering - skip non existing resourceDirectory C:\Users\satyaprakashm\Downloads\Day38_Project_Complete\Day38_Project_Complete\ExpensesProject\src\main\resources
2025-06-03 12:38:39,082 [Worker-33: Building] INFO  o.a.m.s.f.DefaultMavenResourcesFiltering - skip non existing resourceDirectory C:\Users\satyaprakashm\Downloads\Day38_Project_Complete\Day38_Project_Complete\ExpensesProject\src\test\resources
2025-06-03 12:39:20,971 [Worker-33: Building] INFO  o.a.m.s.f.DefaultMavenResourcesFiltering - skip non existing resourceDirectory C:\Users\satyaprakashm\Downloads\Day38_Project_Complete\Day38_Project_Complete\ExpensesProject\src\main\resources
2025-06-03 12:39:20,972 [Worker-33: Building] INFO  o.a.m.s.f.DefaultMavenResourcesFiltering - skip non existing resourceDirectory C:\Users\satyaprakashm\Downloads\Day38_Project_Complete\Day38_Project_Complete\ExpensesProject\src\test\resources
2025-06-03 12:39:23,116 [Worker-33: Building] INFO  o.a.m.s.f.DefaultMavenResourcesFiltering - skip non existing resourceDirectory C:\Users\satyaprakashm\Downloads\Day38_Project_Complete\Day38_Project_Complete\ExpensesProject\src\main\resources
2025-06-03 12:39:23,118 [Worker-33: Building] INFO  o.a.m.s.f.DefaultMavenResourcesFiltering - skip non existing resourceDirectory C:\Users\satyaprakashm\Downloads\Day38_Project_Complete\Day38_Project_Complete\ExpensesProject\src\test\resources
2025-06-03 12:39:26,965 [Worker-39: Building] INFO  o.a.m.s.f.DefaultMavenResourcesFiltering - skip non existing resourceDirectory C:\Users\satyaprakashm\Downloads\Day38_Project_Complete\Day38_Project_Complete\ExpensesProject\src\main\resources
2025-06-03 12:39:26,967 [Worker-39: Building] INFO  o.a.m.s.f.DefaultMavenResourcesFiltering - skip non existing resourceDirectory C:\Users\satyaprakashm\Downloads\Day38_Project_Complete\Day38_Project_Complete\ExpensesProject\src\test\resources
2025-06-03 12:39:32,889 [Worker-38: Building] INFO  o.a.m.s.f.DefaultMavenResourcesFiltering - skip non existing resourceDirectory C:\Users\satyaprakashm\Downloads\Day38_Project_Complete\Day38_Project_Complete\ExpensesProject\src\main\resources
2025-06-03 12:39:32,891 [Worker-38: Building] INFO  o.a.m.s.f.DefaultMavenResourcesFiltering - skip non existing resourceDirectory C:\Users\satyaprakashm\Downloads\Day38_Project_Complete\Day38_Project_Complete\ExpensesProject\src\test\resources
2025-06-03 12:53:43,779 [Worker-2: Loading available Gradle versions] INFO  o.e.b.c.i.u.g.PublishedGradleVersions - Gradle version information cache is up-to-date. Trying to read.
2025-06-03 12:53:54,397 [Worker-12: Building] WARN  o.a.m.r.i.DefaultArtifactDescriptorReader - 1 problem was encountered while building the effective model for org.javassist:javassist:jar:3.18.1-GA during dependency collection step for project (use -X to see details)
2025-06-03 12:53:59,956 [Worker-12: Building] WARN  o.e.m.c.i.embedder.EclipseLogger - The artifact mysql:mysql-connector-java:jar:8.0.31 has been relocated to com.mysql:mysql-connector-j:jar:8.0.31: MySQL Connector/J artifacts moved to reverse-DNS compliant Maven 2+ coordinates.
2025-06-03 12:54:01,541 [Worker-12: Building] INFO  o.a.m.s.f.DefaultMavenResourcesFiltering - skip non existing resourceDirectory C:\Users\satyaprakashm\Downloads\Day38_Project_Complete\Day38_Project_Complete\ExpensesProject\src\main\resources
2025-06-03 12:54:01,557 [Worker-12: Building] INFO  o.a.m.s.f.DefaultMavenResourcesFiltering - skip non existing resourceDirectory C:\Users\satyaprakashm\Downloads\Day38_Project_Complete\Day38_Project_Complete\ExpensesProject\src\test\resources
2025-06-03 13:58:11,600 [Worker-3: Loading available Gradle versions] INFO  o.e.b.c.i.u.g.PublishedGradleVersions - Gradle version information cache is up-to-date. Trying to read.
2025-06-03 14:30:31,628 [Worker-26: Building] WARN  o.a.m.r.i.DefaultArtifactDescriptorReader - 1 problem was encountered while building the effective model for org.javassist:javassist:jar:3.18.1-GA during dependency collection step for project (use -X to see details)
2025-06-03 14:30:33,739 [Worker-26: Building] WARN  o.e.m.c.i.embedder.EclipseLogger - The artifact mysql:mysql-connector-java:jar:8.0.31 has been relocated to com.mysql:mysql-connector-j:jar:8.0.31: MySQL Connector/J artifacts moved to reverse-DNS compliant Maven 2+ coordinates.
2025-06-03 14:31:01,956 [Worker-26: Building] INFO  o.a.m.s.f.DefaultMavenResourcesFiltering - skip non existing resourceDirectory C:\Users\satyaprakashm\Downloads\Day38_Project_Complete\Day38_Project_Complete\ExpensesProject\src\main\resources
2025-06-03 14:31:01,963 [Worker-26: Building] INFO  o.a.m.s.f.DefaultMavenResourcesFiltering - skip non existing resourceDirectory C:\Users\satyaprakashm\Downloads\Day38_Project_Complete\Day38_Project_Complete\ExpensesProject\src\test\resources
2025-06-03 14:31:12,587 [Worker-28: Building] INFO  o.a.m.s.f.DefaultMavenResourcesFiltering - skip non existing resourceDirectory C:\Users\satyaprakashm\Downloads\Day38_Project_Complete\Day38_Project_Complete\ExpensesProject\src\main\resources
2025-06-03 14:31:12,590 [Worker-28: Building] INFO  o.a.m.s.f.DefaultMavenResourcesFiltering - skip non existing resourceDirectory C:\Users\satyaprakashm\Downloads\Day38_Project_Complete\Day38_Project_Complete\ExpensesProject\src\test\resources
2025-06-03 14:34:32,471 [Worker-5: Building] INFO  o.a.m.s.f.DefaultMavenResourcesFiltering - skip non existing resourceDirectory C:\Users\satyaprakashm\Downloads\Day38_Project_Complete\Day38_Project_Complete\ExpensesProject\src\main\resources
2025-06-03 14:34:32,475 [Worker-5: Building] INFO  o.a.m.s.f.DefaultMavenResourcesFiltering - skip non existing resourceDirectory C:\Users\satyaprakashm\Downloads\Day38_Project_Complete\Day38_Project_Complete\ExpensesProject\src\test\resources
2025-06-03 14:34:34,756 [Worker-32: Building] INFO  o.a.m.s.f.DefaultMavenResourcesFiltering - skip non existing resourceDirectory C:\Users\satyaprakashm\Downloads\Day38_Project_Complete\Day38_Project_Complete\ExpensesProject\src\main\resources
2025-06-03 14:34:34,758 [Worker-32: Building] INFO  o.a.m.s.f.DefaultMavenResourcesFiltering - skip non existing resourceDirectory C:\Users\satyaprakashm\Downloads\Day38_Project_Complete\Day38_Project_Complete\ExpensesProject\src\test\resources
2025-06-03 14:34:52,790 [Worker-31: Building] INFO  o.a.m.s.f.DefaultMavenResourcesFiltering - skip non existing resourceDirectory C:\Users\satyaprakashm\Downloads\Day38_Project_Complete\Day38_Project_Complete\ExpensesProject\src\main\resources
2025-06-03 14:34:52,793 [Worker-31: Building] INFO  o.a.m.s.f.DefaultMavenResourcesFiltering - skip non existing resourceDirectory C:\Users\satyaprakashm\Downloads\Day38_Project_Complete\Day38_Project_Complete\ExpensesProject\src\test\resources
2025-06-03 14:35:48,939 [Worker-33: Building] INFO  o.a.m.s.f.DefaultMavenResourcesFiltering - skip non existing resourceDirectory C:\Users\satyaprakashm\Downloads\Day38_Project_Complete\Day38_Project_Complete\ExpensesProject\src\main\resources
2025-06-03 14:35:48,942 [Worker-33: Building] INFO  o.a.m.s.f.DefaultMavenResourcesFiltering - skip non existing resourceDirectory C:\Users\satyaprakashm\Downloads\Day38_Project_Complete\Day38_Project_Complete\ExpensesProject\src\test\resources
2025-06-03 14:35:51,123 [Worker-31: Building] INFO  o.a.m.s.f.DefaultMavenResourcesFiltering - skip non existing resourceDirectory C:\Users\satyaprakashm\Downloads\Day38_Project_Complete\Day38_Project_Complete\ExpensesProject\src\main\resources
2025-06-03 14:35:51,125 [Worker-31: Building] INFO  o.a.m.s.f.DefaultMavenResourcesFiltering - skip non existing resourceDirectory C:\Users\satyaprakashm\Downloads\Day38_Project_Complete\Day38_Project_Complete\ExpensesProject\src\test\resources
2025-06-03 14:35:58,514 [Worker-26: Building] INFO  o.a.m.s.f.DefaultMavenResourcesFiltering - skip non existing resourceDirectory C:\Users\satyaprakashm\Downloads\Day38_Project_Complete\Day38_Project_Complete\ExpensesProject\src\main\resources
2025-06-03 14:35:58,516 [Worker-26: Building] INFO  o.a.m.s.f.DefaultMavenResourcesFiltering - skip non existing resourceDirectory C:\Users\satyaprakashm\Downloads\Day38_Project_Complete\Day38_Project_Complete\ExpensesProject\src\test\resources
2025-06-03 14:36:02,212 [Worker-26: Building] INFO  o.a.m.s.f.DefaultMavenResourcesFiltering - skip non existing resourceDirectory C:\Users\satyaprakashm\Downloads\Day38_Project_Complete\Day38_Project_Complete\ExpensesProject\src\main\resources
2025-06-03 14:36:02,215 [Worker-26: Building] INFO  o.a.m.s.f.DefaultMavenResourcesFiltering - skip non existing resourceDirectory C:\Users\satyaprakashm\Downloads\Day38_Project_Complete\Day38_Project_Complete\ExpensesProject\src\test\resources
2025-06-03 14:36:06,335 [Worker-26: Building] INFO  o.a.m.s.f.DefaultMavenResourcesFiltering - skip non existing resourceDirectory C:\Users\satyaprakashm\Downloads\Day38_Project_Complete\Day38_Project_Complete\ExpensesProject\src\main\resources
2025-06-03 14:36:06,339 [Worker-26: Building] INFO  o.a.m.s.f.DefaultMavenResourcesFiltering - skip non existing resourceDirectory C:\Users\satyaprakashm\Downloads\Day38_Project_Complete\Day38_Project_Complete\ExpensesProject\src\test\resources
2025-06-03 14:36:22,524 [Worker-32: Building] INFO  o.a.m.s.f.DefaultMavenResourcesFiltering - skip non existing resourceDirectory C:\Users\satyaprakashm\Downloads\Day38_Project_Complete\Day38_Project_Complete\ExpensesProject\src\main\resources
2025-06-03 14:36:22,526 [Worker-32: Building] INFO  o.a.m.s.f.DefaultMavenResourcesFiltering - skip non existing resourceDirectory C:\Users\satyaprakashm\Downloads\Day38_Project_Complete\Day38_Project_Complete\ExpensesProject\src\test\resources
2025-06-03 14:45:22,152 [Worker-37: Building] INFO  o.a.m.s.f.DefaultMavenResourcesFiltering - skip non existing resourceDirectory C:\Users\satyaprakashm\Downloads\Day38_Project_Complete\Day38_Project_Complete\ExpensesProject\src\main\resources
2025-06-03 14:45:22,154 [Worker-37: Building] INFO  o.a.m.s.f.DefaultMavenResourcesFiltering - skip non existing resourceDirectory C:\Users\satyaprakashm\Downloads\Day38_Project_Complete\Day38_Project_Complete\ExpensesProject\src\test\resources
2025-06-03 15:19:33,342 [Worker-48: Building] INFO  o.a.m.s.f.DefaultMavenResourcesFiltering - skip non existing resourceDirectory C:\Users\satyaprakashm\Downloads\Day38_Project_Complete\Day38_Project_Complete\ExpensesProject\src\main\resources
2025-06-03 15:19:33,350 [Worker-48: Building] INFO  o.a.m.s.f.DefaultMavenResourcesFiltering - skip non existing resourceDirectory C:\Users\satyaprakashm\Downloads\Day38_Project_Complete\Day38_Project_Complete\ExpensesProject\src\test\resources
2025-06-03 15:19:35,654 [Worker-40: Building] INFO  o.a.m.s.f.DefaultMavenResourcesFiltering - skip non existing resourceDirectory C:\Users\satyaprakashm\Downloads\Day38_Project_Complete\Day38_Project_Complete\ExpensesProject\src\main\resources
2025-06-03 15:19:35,659 [Worker-40: Building] INFO  o.a.m.s.f.DefaultMavenResourcesFiltering - skip non existing resourceDirectory C:\Users\satyaprakashm\Downloads\Day38_Project_Complete\Day38_Project_Complete\ExpensesProject\src\test\resources
2025-06-03 15:19:40,643 [Worker-46: Building] INFO  o.a.m.s.f.DefaultMavenResourcesFiltering - skip non existing resourceDirectory C:\Users\satyaprakashm\Downloads\Day38_Project_Complete\Day38_Project_Complete\ExpensesProject\src\main\resources
2025-06-03 15:19:40,647 [Worker-46: Building] INFO  o.a.m.s.f.DefaultMavenResourcesFiltering - skip non existing resourceDirectory C:\Users\satyaprakashm\Downloads\Day38_Project_Complete\Day38_Project_Complete\ExpensesProject\src\test\resources
2025-06-03 15:19:47,699 [Worker-40: Building] INFO  o.a.m.s.f.DefaultMavenResourcesFiltering - skip non existing resourceDirectory C:\Users\satyaprakashm\Downloads\Day38_Project_Complete\Day38_Project_Complete\ExpensesProject\src\main\resources
2025-06-03 15:19:47,702 [Worker-40: Building] INFO  o.a.m.s.f.DefaultMavenResourcesFiltering - skip non existing resourceDirectory C:\Users\satyaprakashm\Downloads\Day38_Project_Complete\Day38_Project_Complete\ExpensesProject\src\test\resources
2025-06-03 15:20:30,282 [Worker-49: Building] INFO  o.a.m.s.f.DefaultMavenResourcesFiltering - skip non existing resourceDirectory C:\Users\satyaprakashm\Downloads\Day38_Project_Complete\Day38_Project_Complete\ExpensesProject\src\main\resources
2025-06-03 15:20:30,288 [Worker-49: Building] INFO  o.a.m.s.f.DefaultMavenResourcesFiltering - skip non existing resourceDirectory C:\Users\satyaprakashm\Downloads\Day38_Project_Complete\Day38_Project_Complete\ExpensesProject\src\test\resources
2025-06-03 15:21:13,527 [Worker-49: Building] INFO  o.a.m.s.f.DefaultMavenResourcesFiltering - skip non existing resourceDirectory C:\Users\satyaprakashm\Downloads\Day38_Project_Complete\Day38_Project_Complete\ExpensesProject\src\main\resources
2025-06-03 15:21:13,533 [Worker-49: Building] INFO  o.a.m.s.f.DefaultMavenResourcesFiltering - skip non existing resourceDirectory C:\Users\satyaprakashm\Downloads\Day38_Project_Complete\Day38_Project_Complete\ExpensesProject\src\test\resources
2025-06-03 15:21:34,519 [Worker-46: Building] INFO  o.a.m.s.f.DefaultMavenResourcesFiltering - skip non existing resourceDirectory C:\Users\satyaprakashm\Downloads\Day38_Project_Complete\Day38_Project_Complete\ExpensesProject\src\main\resources
2025-06-03 15:21:34,522 [Worker-46: Building] INFO  o.a.m.s.f.DefaultMavenResourcesFiltering - skip non existing resourceDirectory C:\Users\satyaprakashm\Downloads\Day38_Project_Complete\Day38_Project_Complete\ExpensesProject\src\test\resources
2025-06-03 15:22:36,839 [Worker-48: Building] INFO  o.a.m.s.f.DefaultMavenResourcesFiltering - skip non existing resourceDirectory C:\Users\satyaprakashm\Downloads\Day38_Project_Complete\Day38_Project_Complete\ExpensesProject\src\main\resources
2025-06-03 15:22:36,842 [Worker-48: Building] INFO  o.a.m.s.f.DefaultMavenResourcesFiltering - skip non existing resourceDirectory C:\Users\satyaprakashm\Downloads\Day38_Project_Complete\Day38_Project_Complete\ExpensesProject\src\test\resources
2025-06-03 15:22:46,019 [Worker-48: Building] INFO  o.a.m.s.f.DefaultMavenResourcesFiltering - skip non existing resourceDirectory C:\Users\satyaprakashm\Downloads\Day38_Project_Complete\Day38_Project_Complete\ExpensesProject\src\main\resources
2025-06-03 15:22:46,021 [Worker-48: Building] INFO  o.a.m.s.f.DefaultMavenResourcesFiltering - skip non existing resourceDirectory C:\Users\satyaprakashm\Downloads\Day38_Project_Complete\Day38_Project_Complete\ExpensesProject\src\test\resources
2025-06-03 15:23:15,294 [Worker-48: Building] INFO  o.a.m.s.f.DefaultMavenResourcesFiltering - skip non existing resourceDirectory C:\Users\satyaprakashm\Downloads\Day38_Project_Complete\Day38_Project_Complete\ExpensesProject\src\main\resources
2025-06-03 15:23:15,298 [Worker-48: Building] INFO  o.a.m.s.f.DefaultMavenResourcesFiltering - skip non existing resourceDirectory C:\Users\satyaprakashm\Downloads\Day38_Project_Complete\Day38_Project_Complete\ExpensesProject\src\test\resources
2025-06-03 15:24:13,743 [Worker-46: Building] INFO  o.a.m.s.f.DefaultMavenResourcesFiltering - skip non existing resourceDirectory C:\Users\satyaprakashm\Downloads\Day38_Project_Complete\Day38_Project_Complete\ExpensesProject\src\main\resources
2025-06-03 15:24:13,746 [Worker-46: Building] INFO  o.a.m.s.f.DefaultMavenResourcesFiltering - skip non existing resourceDirectory C:\Users\satyaprakashm\Downloads\Day38_Project_Complete\Day38_Project_Complete\ExpensesProject\src\test\resources
2025-06-03 15:25:05,623 [Worker-50: Building] INFO  o.a.m.s.f.DefaultMavenResourcesFiltering - skip non existing resourceDirectory C:\Users\satyaprakashm\Downloads\Day38_Project_Complete\Day38_Project_Complete\ExpensesProject\src\main\resources
2025-06-03 15:25:05,625 [Worker-50: Building] INFO  o.a.m.s.f.DefaultMavenResourcesFiltering - skip non existing resourceDirectory C:\Users\satyaprakashm\Downloads\Day38_Project_Complete\Day38_Project_Complete\ExpensesProject\src\test\resources
2025-06-03 15:25:56,372 [Worker-51: Building] INFO  o.a.m.s.f.DefaultMavenResourcesFiltering - skip non existing resourceDirectory C:\Users\satyaprakashm\Downloads\Day38_Project_Complete\Day38_Project_Complete\ExpensesProject\src\main\resources
2025-06-03 15:25:56,374 [Worker-51: Building] INFO  o.a.m.s.f.DefaultMavenResourcesFiltering - skip non existing resourceDirectory C:\Users\satyaprakashm\Downloads\Day38_Project_Complete\Day38_Project_Complete\ExpensesProject\src\test\resources
2025-06-03 15:25:58,538 [Worker-50: Building] INFO  o.a.m.s.f.DefaultMavenResourcesFiltering - skip non existing resourceDirectory C:\Users\satyaprakashm\Downloads\Day38_Project_Complete\Day38_Project_Complete\ExpensesProject\src\main\resources
2025-06-03 15:25:58,540 [Worker-50: Building] INFO  o.a.m.s.f.DefaultMavenResourcesFiltering - skip non existing resourceDirectory C:\Users\satyaprakashm\Downloads\Day38_Project_Complete\Day38_Project_Complete\ExpensesProject\src\test\resources
2025-06-03 15:27:07,607 [Worker-51: Building] INFO  o.a.m.s.f.DefaultMavenResourcesFiltering - skip non existing resourceDirectory C:\Users\satyaprakashm\Downloads\Day38_Project_Complete\Day38_Project_Complete\ExpensesProject\src\main\resources
2025-06-03 15:27:07,611 [Worker-51: Building] INFO  o.a.m.s.f.DefaultMavenResourcesFiltering - skip non existing resourceDirectory C:\Users\satyaprakashm\Downloads\Day38_Project_Complete\Day38_Project_Complete\ExpensesProject\src\test\resources
2025-06-03 15:27:10,025 [Worker-46: Building] INFO  o.a.m.s.f.DefaultMavenResourcesFiltering - skip non existing resourceDirectory C:\Users\satyaprakashm\Downloads\Day38_Project_Complete\Day38_Project_Complete\ExpensesProject\src\main\resources
2025-06-03 15:27:10,027 [Worker-46: Building] INFO  o.a.m.s.f.DefaultMavenResourcesFiltering - skip non existing resourceDirectory C:\Users\satyaprakashm\Downloads\Day38_Project_Complete\Day38_Project_Complete\ExpensesProject\src\test\resources
2025-06-03 15:27:16,005 [Worker-52: Building] INFO  o.a.m.s.f.DefaultMavenResourcesFiltering - skip non existing resourceDirectory C:\Users\satyaprakashm\Downloads\Day38_Project_Complete\Day38_Project_Complete\ExpensesProject\src\main\resources
2025-06-03 15:27:16,007 [Worker-52: Building] INFO  o.a.m.s.f.DefaultMavenResourcesFiltering - skip non existing resourceDirectory C:\Users\satyaprakashm\Downloads\Day38_Project_Complete\Day38_Project_Complete\ExpensesProject\src\test\resources
2025-06-03 15:27:35,122 [Worker-52: Building] INFO  o.a.m.s.f.DefaultMavenResourcesFiltering - skip non existing resourceDirectory C:\Users\satyaprakashm\Downloads\Day38_Project_Complete\Day38_Project_Complete\ExpensesProject\src\main\resources
2025-06-03 15:27:35,126 [Worker-52: Building] INFO  o.a.m.s.f.DefaultMavenResourcesFiltering - skip non existing resourceDirectory C:\Users\satyaprakashm\Downloads\Day38_Project_Complete\Day38_Project_Complete\ExpensesProject\src\test\resources
2025-06-03 15:27:40,056 [Worker-49: Building] INFO  o.a.m.s.f.DefaultMavenResourcesFiltering - skip non existing resourceDirectory C:\Users\satyaprakashm\Downloads\Day38_Project_Complete\Day38_Project_Complete\ExpensesProject\src\main\resources
2025-06-03 15:27:40,059 [Worker-49: Building] INFO  o.a.m.s.f.DefaultMavenResourcesFiltering - skip non existing resourceDirectory C:\Users\satyaprakashm\Downloads\Day38_Project_Complete\Day38_Project_Complete\ExpensesProject\src\test\resources
2025-06-03 15:27:51,344 [Worker-51: Building] INFO  o.a.m.s.f.DefaultMavenResourcesFiltering - skip non existing resourceDirectory C:\Users\satyaprakashm\Downloads\Day38_Project_Complete\Day38_Project_Complete\ExpensesProject\src\main\resources
2025-06-03 15:27:51,346 [Worker-51: Building] INFO  o.a.m.s.f.DefaultMavenResourcesFiltering - skip non existing resourceDirectory C:\Users\satyaprakashm\Downloads\Day38_Project_Complete\Day38_Project_Complete\ExpensesProject\src\test\resources
2025-06-03 15:27:54,637 [Worker-53: Building] INFO  o.a.m.s.f.DefaultMavenResourcesFiltering - skip non existing resourceDirectory C:\Users\satyaprakashm\Downloads\Day38_Project_Complete\Day38_Project_Complete\ExpensesProject\src\main\resources
2025-06-03 15:27:54,641 [Worker-53: Building] INFO  o.a.m.s.f.DefaultMavenResourcesFiltering - skip non existing resourceDirectory C:\Users\satyaprakashm\Downloads\Day38_Project_Complete\Day38_Project_Complete\ExpensesProject\src\test\resources
2025-06-03 15:28:12,036 [Worker-48: Building] INFO  o.a.m.s.f.DefaultMavenResourcesFiltering - skip non existing resourceDirectory C:\Users\satyaprakashm\Downloads\Day38_Project_Complete\Day38_Project_Complete\ExpensesProject\src\main\resources
2025-06-03 15:28:12,038 [Worker-48: Building] INFO  o.a.m.s.f.DefaultMavenResourcesFiltering - skip non existing resourceDirectory C:\Users\satyaprakashm\Downloads\Day38_Project_Complete\Day38_Project_Complete\ExpensesProject\src\test\resources
2025-06-03 15:28:15,205 [Worker-51: Building] INFO  o.a.m.s.f.DefaultMavenResourcesFiltering - skip non existing resourceDirectory C:\Users\satyaprakashm\Downloads\Day38_Project_Complete\Day38_Project_Complete\ExpensesProject\src\main\resources
2025-06-03 15:28:15,207 [Worker-51: Building] INFO  o.a.m.s.f.DefaultMavenResourcesFiltering - skip non existing resourceDirectory C:\Users\satyaprakashm\Downloads\Day38_Project_Complete\Day38_Project_Complete\ExpensesProject\src\test\resources
2025-06-03 15:29:18,329 [Worker-48: Building] INFO  o.a.m.s.f.DefaultMavenResourcesFiltering - skip non existing resourceDirectory C:\Users\satyaprakashm\Downloads\Day38_Project_Complete\Day38_Project_Complete\ExpensesProject\src\main\resources
2025-06-03 15:29:18,331 [Worker-48: Building] INFO  o.a.m.s.f.DefaultMavenResourcesFiltering - skip non existing resourceDirectory C:\Users\satyaprakashm\Downloads\Day38_Project_Complete\Day38_Project_Complete\ExpensesProject\src\test\resources
2025-06-03 15:30:46,455 [Worker-48: Building] INFO  o.a.m.s.f.DefaultMavenResourcesFiltering - skip non existing resourceDirectory C:\Users\satyaprakashm\Downloads\Day38_Project_Complete\Day38_Project_Complete\ExpensesProject\src\main\resources
2025-06-03 15:30:46,458 [Worker-48: Building] INFO  o.a.m.s.f.DefaultMavenResourcesFiltering - skip non existing resourceDirectory C:\Users\satyaprakashm\Downloads\Day38_Project_Complete\Day38_Project_Complete\ExpensesProject\src\test\resources
2025-06-03 15:30:57,029 [Worker-54: Building] INFO  o.a.m.s.f.DefaultMavenResourcesFiltering - skip non existing resourceDirectory C:\Users\satyaprakashm\Downloads\Day38_Project_Complete\Day38_Project_Complete\ExpensesProject\src\main\resources
2025-06-03 15:30:57,032 [Worker-54: Building] INFO  o.a.m.s.f.DefaultMavenResourcesFiltering - skip non existing resourceDirectory C:\Users\satyaprakashm\Downloads\Day38_Project_Complete\Day38_Project_Complete\ExpensesProject\src\test\resources
2025-06-03 15:31:11,955 [Worker-53: Building] INFO  o.a.m.s.f.DefaultMavenResourcesFiltering - skip non existing resourceDirectory C:\Users\satyaprakashm\Downloads\Day38_Project_Complete\Day38_Project_Complete\ExpensesProject\src\main\resources
2025-06-03 15:31:11,957 [Worker-53: Building] INFO  o.a.m.s.f.DefaultMavenResourcesFiltering - skip non existing resourceDirectory C:\Users\satyaprakashm\Downloads\Day38_Project_Complete\Day38_Project_Complete\ExpensesProject\src\test\resources
2025-06-03 15:31:15,169 [Worker-56: Building] INFO  o.a.m.s.f.DefaultMavenResourcesFiltering - skip non existing resourceDirectory C:\Users\satyaprakashm\Downloads\Day38_Project_Complete\Day38_Project_Complete\ExpensesProject\src\main\resources
2025-06-03 15:31:15,172 [Worker-56: Building] INFO  o.a.m.s.f.DefaultMavenResourcesFiltering - skip non existing resourceDirectory C:\Users\satyaprakashm\Downloads\Day38_Project_Complete\Day38_Project_Complete\ExpensesProject\src\test\resources
2025-06-03 15:31:49,511 [Worker-40: Building] INFO  o.a.m.s.f.DefaultMavenResourcesFiltering - skip non existing resourceDirectory C:\Users\satyaprakashm\Downloads\Day38_Project_Complete\Day38_Project_Complete\ExpensesProject\src\main\resources
2025-06-03 15:31:49,513 [Worker-40: Building] INFO  o.a.m.s.f.DefaultMavenResourcesFiltering - skip non existing resourceDirectory C:\Users\satyaprakashm\Downloads\Day38_Project_Complete\Day38_Project_Complete\ExpensesProject\src\test\resources
2025-06-03 15:31:57,521 [Worker-55: Building] INFO  o.a.m.s.f.DefaultMavenResourcesFiltering - skip non existing resourceDirectory C:\Users\satyaprakashm\Downloads\Day38_Project_Complete\Day38_Project_Complete\ExpensesProject\src\main\resources
2025-06-03 15:31:57,524 [Worker-55: Building] INFO  o.a.m.s.f.DefaultMavenResourcesFiltering - skip non existing resourceDirectory C:\Users\satyaprakashm\Downloads\Day38_Project_Complete\Day38_Project_Complete\ExpensesProject\src\test\resources
2025-06-03 15:32:07,014 [Worker-56: Building] INFO  o.a.m.s.f.DefaultMavenResourcesFiltering - skip non existing resourceDirectory C:\Users\satyaprakashm\Downloads\Day38_Project_Complete\Day38_Project_Complete\ExpensesProject\src\main\resources
2025-06-03 15:32:07,016 [Worker-56: Building] INFO  o.a.m.s.f.DefaultMavenResourcesFiltering - skip non existing resourceDirectory C:\Users\satyaprakashm\Downloads\Day38_Project_Complete\Day38_Project_Complete\ExpensesProject\src\test\resources
2025-06-03 15:32:12,996 [Worker-54: Building] INFO  o.a.m.s.f.DefaultMavenResourcesFiltering - skip non existing resourceDirectory C:\Users\satyaprakashm\Downloads\Day38_Project_Complete\Day38_Project_Complete\ExpensesProject\src\main\resources
2025-06-03 15:32:12,998 [Worker-54: Building] INFO  o.a.m.s.f.DefaultMavenResourcesFiltering - skip non existing resourceDirectory C:\Users\satyaprakashm\Downloads\Day38_Project_Complete\Day38_Project_Complete\ExpensesProject\src\test\resources
2025-06-03 15:32:24,499 [Worker-53: Building] INFO  o.a.m.s.f.DefaultMavenResourcesFiltering - skip non existing resourceDirectory C:\Users\satyaprakashm\Downloads\Day38_Project_Complete\Day38_Project_Complete\ExpensesProject\src\main\resources
2025-06-03 15:32:24,501 [Worker-53: Building] INFO  o.a.m.s.f.DefaultMavenResourcesFiltering - skip non existing resourceDirectory C:\Users\satyaprakashm\Downloads\Day38_Project_Complete\Day38_Project_Complete\ExpensesProject\src\test\resources
2025-06-06 00:03:40,052 [Worker-6: Loading available Gradle versions] INFO  o.e.b.c.i.u.g.PublishedGradleVersions - Gradle version information cache is out-of-date. Trying to update.
2025-06-06 00:12:38,146 [Worker-23: Building] WARN  o.a.m.r.i.DefaultArtifactDescriptorReader - 1 problem was encountered while building the effective model for org.javassist:javassist:jar:3.18.1-GA during dependency collection step for project (use -X to see details)
2025-06-06 00:12:39,914 [Worker-23: Building] WARN  o.e.m.c.i.embedder.EclipseLogger - The artifact mysql:mysql-connector-java:jar:8.0.31 has been relocated to com.mysql:mysql-connector-j:jar:8.0.31: MySQL Connector/J artifacts moved to reverse-DNS compliant Maven 2+ coordinates.
2025-06-06 00:14:47,383 [Worker-8: Loading available Gradle versions] INFO  o.e.b.c.i.u.g.PublishedGradleVersions - Gradle version information cache is up-to-date. Trying to read.
2025-06-06 00:17:17,194 [Worker-3: Building] WARN  o.a.m.r.i.DefaultArtifactDescriptorReader - 1 problem was encountered while building the effective model for org.javassist:javassist:jar:3.18.1-GA during dependency collection step for project (use -X to see details)
2025-06-06 00:17:18,881 [Worker-3: Building] WARN  o.e.m.c.i.embedder.EclipseLogger - The artifact mysql:mysql-connector-java:jar:8.0.31 has been relocated to com.mysql:mysql-connector-j:jar:8.0.31: MySQL Connector/J artifacts moved to reverse-DNS compliant Maven 2+ coordinates.
2025-06-06 00:20:23,825 [Worker-6: Loading available Gradle versions] INFO  o.e.b.c.i.u.g.PublishedGradleVersions - Gradle version information cache is up-to-date. Trying to read.
2025-06-06 00:20:39,210 [Worker-11: Building] WARN  o.a.m.r.i.DefaultArtifactDescriptorReader - 1 problem was encountered while building the effective model for org.javassist:javassist:jar:3.18.1-GA during dependency collection step for project (use -X to see details)
2025-06-06 00:20:40,969 [Worker-11: Building] WARN  o.e.m.c.i.embedder.EclipseLogger - The artifact mysql:mysql-connector-java:jar:8.0.31 has been relocated to com.mysql:mysql-connector-j:jar:8.0.31: MySQL Connector/J artifacts moved to reverse-DNS compliant Maven 2+ coordinates.
2025-06-06 00:21:43,061 [Worker-6: Loading available Gradle versions] INFO  o.e.b.c.i.u.g.PublishedGradleVersions - Gradle version information cache is up-to-date. Trying to read.
2025-06-06 00:27:58,573 [Worker-23: Building] WARN  o.a.m.r.i.DefaultArtifactDescriptorReader - 1 problem was encountered while building the effective model for org.javassist:javassist:jar:3.18.1-GA during dependency collection step for project (use -X to see details)
2025-06-06 00:28:00,396 [Worker-23: Building] WARN  o.e.m.c.i.embedder.EclipseLogger - The artifact mysql:mysql-connector-java:jar:8.0.31 has been relocated to com.mysql:mysql-connector-j:jar:8.0.31: MySQL Connector/J artifacts moved to reverse-DNS compliant Maven 2+ coordinates.
2025-06-06 00:34:28,234 [Worker-28: Building] INFO  o.a.m.s.f.DefaultMavenResourcesFiltering - skip non existing resourceDirectory C:\Users\satyaprakashm\Downloads\Day38_Project_Complete\Day38_Project_Complete\ExpensesProject\src\main\resources
2025-06-06 00:34:28,241 [Worker-28: Building] INFO  o.a.m.s.f.DefaultMavenResourcesFiltering - skip non existing resourceDirectory C:\Users\satyaprakashm\Downloads\Day38_Project_Complete\Day38_Project_Complete\ExpensesProject\src\test\resources
2025-06-06 00:34:32,622 [Worker-29: Building] INFO  o.a.m.s.f.DefaultMavenResourcesFiltering - skip non existing resourceDirectory C:\Users\satyaprakashm\Downloads\Day38_Project_Complete\Day38_Project_Complete\ExpensesProject\src\main\resources
2025-06-06 00:34:32,625 [Worker-29: Building] INFO  o.a.m.s.f.DefaultMavenResourcesFiltering - skip non existing resourceDirectory C:\Users\satyaprakashm\Downloads\Day38_Project_Complete\Day38_Project_Complete\ExpensesProject\src\test\resources
2025-06-06 00:34:35,936 [Worker-27: Building] INFO  o.a.m.s.f.DefaultMavenResourcesFiltering - skip non existing resourceDirectory C:\Users\satyaprakashm\Downloads\Day38_Project_Complete\Day38_Project_Complete\ExpensesProject\src\main\resources
2025-06-06 00:34:35,939 [Worker-27: Building] INFO  o.a.m.s.f.DefaultMavenResourcesFiltering - skip non existing resourceDirectory C:\Users\satyaprakashm\Downloads\Day38_Project_Complete\Day38_Project_Complete\ExpensesProject\src\test\resources
2025-06-06 00:34:40,581 [Worker-29: Building] INFO  o.a.m.s.f.DefaultMavenResourcesFiltering - skip non existing resourceDirectory C:\Users\satyaprakashm\Downloads\Day38_Project_Complete\Day38_Project_Complete\ExpensesProject\src\main\resources
2025-06-06 00:34:40,583 [Worker-29: Building] INFO  o.a.m.s.f.DefaultMavenResourcesFiltering - skip non existing resourceDirectory C:\Users\satyaprakashm\Downloads\Day38_Project_Complete\Day38_Project_Complete\ExpensesProject\src\test\resources
2025-06-06 00:34:51,518 [Worker-27: Building] INFO  o.a.m.s.f.DefaultMavenResourcesFiltering - skip non existing resourceDirectory C:\Users\satyaprakashm\Downloads\Day38_Project_Complete\Day38_Project_Complete\ExpensesProject\src\main\resources
2025-06-06 00:34:51,521 [Worker-27: Building] INFO  o.a.m.s.f.DefaultMavenResourcesFiltering - skip non existing resourceDirectory C:\Users\satyaprakashm\Downloads\Day38_Project_Complete\Day38_Project_Complete\ExpensesProject\src\test\resources
2025-06-06 00:38:47,840 [Worker-4: Updating Maven Dependencies] ERROR o.e.m.j.i.l.MavenLaunchConfigurationListener - Launch configuration Dummy references non-existing project ExpensesProject.
org.eclipse.core.runtime.CoreException: Launch configuration Dummy references non-existing project ExpensesProject.
	at org.eclipse.jdt.launching.JavaRuntime.abort(JavaRuntime.java:1871)
	at org.eclipse.jdt.launching.JavaRuntime.getJavaProject(JavaRuntime.java:1748)
	at org.eclipse.m2e.jdt.internal.launch.MavenLaunchConfigurationListener.updateLaunchConfiguration(MavenLaunchConfigurationListener.java:66)
	at org.eclipse.m2e.jdt.internal.launch.MavenLaunchConfigurationListener.launchConfigurationChanged(MavenLaunchConfigurationListener.java:52)
	at org.eclipse.debug.internal.core.LaunchManager$ConfigurationNotifier.run(LaunchManager.java:220)
	at org.eclipse.core.runtime.SafeRunner.run(SafeRunner.java:47)
	at org.eclipse.debug.internal.core.LaunchManager$ConfigurationNotifier.notify(LaunchManager.java:204)
	at org.eclipse.debug.internal.core.LaunchConfigurationWorkingCopy.setDirty(LaunchConfigurationWorkingCopy.java:527)
	at org.eclipse.debug.internal.core.LaunchConfigurationWorkingCopy.setAttribute(LaunchConfigurationWorkingCopy.java:415)
	at org.eclipse.m2e.jdt.internal.launch.MavenRuntimeClasspathProvider.disable(MavenRuntimeClasspathProvider.java:409)
	at org.eclipse.m2e.jdt.internal.launch.MavenRuntimeClasspathProvider.disable(MavenRuntimeClasspathProvider.java:435)
	at org.eclipse.m2e.jdt.internal.launch.MavenLaunchConfigurationListener.mavenProjectChanged(MavenLaunchConfigurationListener.java:137)
	at org.eclipse.m2e.core.internal.project.registry.ProjectRegistryManager.notifyProjectChangeListeners(ProjectRegistryManager.java:892)
	at org.eclipse.m2e.core.internal.project.registry.ProjectRegistryManager.applyMutableProjectRegistry(ProjectRegistryManager.java:1042)
	at org.eclipse.m2e.core.internal.project.registry.ProjectRegistryRefreshJob.lambda$0(ProjectRegistryRefreshJob.java:162)
	at org.eclipse.m2e.core.internal.embedder.MavenExecutionContext.executeBare(MavenExecutionContext.java:458)
	at org.eclipse.m2e.core.internal.embedder.MavenExecutionContext.execute(MavenExecutionContext.java:339)
	at org.eclipse.m2e.core.internal.embedder.MavenExecutionContext.execute(MavenExecutionContext.java:278)
	at org.eclipse.m2e.core.internal.project.registry.ProjectRegistryRefreshJob.run(ProjectRegistryRefreshJob.java:106)
	at org.eclipse.core.internal.jobs.Worker.run(Worker.java:63)
2025-06-06 00:38:47,850 [Worker-4: Updating Maven Dependencies] ERROR o.e.m.j.i.l.MavenLaunchConfigurationListener - Launch configuration Dummy references non-existing project ExpensesProject.
org.eclipse.core.runtime.CoreException: Launch configuration Dummy references non-existing project ExpensesProject.
	at org.eclipse.jdt.launching.JavaRuntime.abort(JavaRuntime.java:1871)
	at org.eclipse.jdt.launching.JavaRuntime.getJavaProject(JavaRuntime.java:1748)
	at org.eclipse.m2e.jdt.internal.launch.MavenLaunchConfigurationListener.updateLaunchConfiguration(MavenLaunchConfigurationListener.java:66)
	at org.eclipse.m2e.jdt.internal.launch.MavenLaunchConfigurationListener.launchConfigurationChanged(MavenLaunchConfigurationListener.java:52)
	at org.eclipse.debug.internal.core.LaunchManager$ConfigurationNotifier.run(LaunchManager.java:220)
	at org.eclipse.core.runtime.SafeRunner.run(SafeRunner.java:47)
	at org.eclipse.debug.internal.core.LaunchManager$ConfigurationNotifier.notify(LaunchManager.java:204)
	at org.eclipse.debug.internal.core.LaunchConfigurationWorkingCopy.setDirty(LaunchConfigurationWorkingCopy.java:527)
	at org.eclipse.debug.internal.core.LaunchConfigurationWorkingCopy.setAttribute(LaunchConfigurationWorkingCopy.java:415)
	at org.eclipse.m2e.jdt.internal.launch.MavenRuntimeClasspathProvider.disable(MavenRuntimeClasspathProvider.java:410)
	at org.eclipse.m2e.jdt.internal.launch.MavenRuntimeClasspathProvider.disable(MavenRuntimeClasspathProvider.java:435)
	at org.eclipse.m2e.jdt.internal.launch.MavenLaunchConfigurationListener.mavenProjectChanged(MavenLaunchConfigurationListener.java:137)
	at org.eclipse.m2e.core.internal.project.registry.ProjectRegistryManager.notifyProjectChangeListeners(ProjectRegistryManager.java:892)
	at org.eclipse.m2e.core.internal.project.registry.ProjectRegistryManager.applyMutableProjectRegistry(ProjectRegistryManager.java:1042)
	at org.eclipse.m2e.core.internal.project.registry.ProjectRegistryRefreshJob.lambda$0(ProjectRegistryRefreshJob.java:162)
	at org.eclipse.m2e.core.internal.embedder.MavenExecutionContext.executeBare(MavenExecutionContext.java:458)
	at org.eclipse.m2e.core.internal.embedder.MavenExecutionContext.execute(MavenExecutionContext.java:339)
	at org.eclipse.m2e.core.internal.embedder.MavenExecutionContext.execute(MavenExecutionContext.java:278)
	at org.eclipse.m2e.core.internal.project.registry.ProjectRegistryRefreshJob.run(ProjectRegistryRefreshJob.java:106)
	at org.eclipse.core.internal.jobs.Worker.run(Worker.java:63)
2025-06-06 00:38:47,855 [Worker-4: Updating Maven Dependencies] ERROR o.e.m.j.i.l.MavenLaunchConfigurationListener - Launch configuration Dummy references non-existing project ExpensesProject.
org.eclipse.core.runtime.CoreException: Launch configuration Dummy references non-existing project ExpensesProject.
	at org.eclipse.jdt.launching.JavaRuntime.abort(JavaRuntime.java:1871)
	at org.eclipse.jdt.launching.JavaRuntime.getJavaProject(JavaRuntime.java:1748)
	at org.eclipse.m2e.jdt.internal.launch.MavenLaunchConfigurationListener.updateLaunchConfiguration(MavenLaunchConfigurationListener.java:66)
	at org.eclipse.m2e.jdt.internal.launch.MavenLaunchConfigurationListener.launchConfigurationChanged(MavenLaunchConfigurationListener.java:52)
	at org.eclipse.debug.internal.core.LaunchManager$ConfigurationNotifier.run(LaunchManager.java:220)
	at org.eclipse.core.runtime.SafeRunner.run(SafeRunner.java:47)
	at org.eclipse.debug.internal.core.LaunchManager$ConfigurationNotifier.notify(LaunchManager.java:204)
	at org.eclipse.debug.internal.core.LaunchManager.launchConfigurationChanged(LaunchManager.java:2009)
	at org.eclipse.debug.internal.core.LaunchConfigurationWorkingCopy.writeNewFile(LaunchConfigurationWorkingCopy.java:380)
	at org.eclipse.debug.internal.core.LaunchConfigurationWorkingCopy.doSave0(LaunchConfigurationWorkingCopy.java:259)
	at org.eclipse.debug.internal.core.LaunchConfigurationWorkingCopy.doSave(LaunchConfigurationWorkingCopy.java:229)
	at org.eclipse.debug.internal.core.LaunchConfigurationWorkingCopy.doSave(LaunchConfigurationWorkingCopy.java:187)
	at org.eclipse.m2e.jdt.internal.launch.MavenRuntimeClasspathProvider.disable(MavenRuntimeClasspathProvider.java:411)
	at org.eclipse.m2e.jdt.internal.launch.MavenRuntimeClasspathProvider.disable(MavenRuntimeClasspathProvider.java:435)
	at org.eclipse.m2e.jdt.internal.launch.MavenLaunchConfigurationListener.mavenProjectChanged(MavenLaunchConfigurationListener.java:137)
	at org.eclipse.m2e.core.internal.project.registry.ProjectRegistryManager.notifyProjectChangeListeners(ProjectRegistryManager.java:892)
	at org.eclipse.m2e.core.internal.project.registry.ProjectRegistryManager.applyMutableProjectRegistry(ProjectRegistryManager.java:1042)
	at org.eclipse.m2e.core.internal.project.registry.ProjectRegistryRefreshJob.lambda$0(ProjectRegistryRefreshJob.java:162)
	at org.eclipse.m2e.core.internal.embedder.MavenExecutionContext.executeBare(MavenExecutionContext.java:458)
	at org.eclipse.m2e.core.internal.embedder.MavenExecutionContext.execute(MavenExecutionContext.java:339)
	at org.eclipse.m2e.core.internal.embedder.MavenExecutionContext.execute(MavenExecutionContext.java:278)
	at org.eclipse.m2e.core.internal.project.registry.ProjectRegistryRefreshJob.run(ProjectRegistryRefreshJob.java:106)
	at org.eclipse.core.internal.jobs.Worker.run(Worker.java:63)
2025-06-06 00:38:58,127 [Worker-31: Building] INFO  o.e.m.c.i.l.LifecycleMappingFactory - Using org.maven.ide.eclipse.wtp.WarLifecycleMapping lifecycle mapping for MavenProject: infinite:ExpensesProject:0.0.1-SNAPSHOT @ C:\Users\satyaprakashm\Downloads\ExpensesProject 2\ExpensesProject\pom.xml.
2025-06-06 00:38:58,127 [Worker-32: Updating Maven Dependencies] INFO  o.e.m.c.i.l.LifecycleMappingFactory - Using org.maven.ide.eclipse.wtp.WarLifecycleMapping lifecycle mapping for MavenProject: infinite:ExpensesProject:0.0.1-SNAPSHOT @ C:\Users\satyaprakashm\Downloads\ExpensesProject 2\ExpensesProject\pom.xml.
2025-06-06 00:38:58,208 [Worker-31: Building] WARN  o.a.m.r.i.DefaultArtifactDescriptorReader - 1 problem was encountered while building the effective model for org.javassist:javassist:jar:3.18.1-GA during dependency collection step for project (use -X to see details)
2025-06-06 00:38:58,212 [Worker-32: Updating Maven Dependencies] WARN  o.a.m.r.i.DefaultArtifactDescriptorReader - 1 problem was encountered while building the effective model for org.javassist:javassist:jar:3.18.1-GA during dependency collection step for project (use -X to see details)
2025-06-06 00:39:00,251 [Worker-31: Building] WARN  o.e.m.c.i.embedder.EclipseLogger - The artifact mysql:mysql-connector-java:jar:8.0.31 has been relocated to com.mysql:mysql-connector-j:jar:8.0.31: MySQL Connector/J artifacts moved to reverse-DNS compliant Maven 2+ coordinates.
2025-06-06 00:39:00,290 [Worker-32: Updating Maven Dependencies] WARN  o.e.m.c.i.embedder.EclipseLogger - The artifact mysql:mysql-connector-java:jar:8.0.31 has been relocated to com.mysql:mysql-connector-j:jar:8.0.31: MySQL Connector/J artifacts moved to reverse-DNS compliant Maven 2+ coordinates.
2025-06-06 00:39:00,542 [Worker-31: Building] WARN  o.e.m.c.i.embedder.EclipseLogger - The artifact mysql:mysql-connector-java:jar:8.0.31 has been relocated to com.mysql:mysql-connector-j:jar:8.0.31: MySQL Connector/J artifacts moved to reverse-DNS compliant Maven 2+ coordinates.
2025-06-06 00:39:04,017 [Worker-31: Building] INFO  o.a.m.s.f.DefaultMavenResourcesFiltering - skip non existing resourceDirectory C:\Users\satyaprakashm\Downloads\ExpensesProject 2\ExpensesProject\src\main\resources
2025-06-06 00:39:04,022 [Worker-31: Building] INFO  o.a.m.s.f.DefaultMavenResourcesFiltering - skip non existing resourceDirectory C:\Users\satyaprakashm\Downloads\ExpensesProject 2\ExpensesProject\src\test\resources
2025-06-06 00:39:05,464 [Worker-38: Updating Maven Dependencies] INFO  o.e.m.c.i.l.LifecycleMappingFactory - Using org.maven.ide.eclipse.wtp.WarLifecycleMapping lifecycle mapping for MavenProject: infinite:ExpensesProject:0.0.1-SNAPSHOT @ C:\Users\satyaprakashm\Downloads\ExpensesProject 2\ExpensesProject\pom.xml.
2025-06-06 00:39:05,528 [Worker-38: Updating Maven Dependencies] WARN  o.a.m.r.i.DefaultArtifactDescriptorReader - 1 problem was encountered while building the effective model for org.javassist:javassist:jar:3.18.1-GA during dependency collection step for project (use -X to see details)
2025-06-06 00:39:07,331 [Worker-38: Updating Maven Dependencies] WARN  o.e.m.c.i.embedder.EclipseLogger - The artifact mysql:mysql-connector-java:jar:8.0.31 has been relocated to com.mysql:mysql-connector-j:jar:8.0.31: MySQL Connector/J artifacts moved to reverse-DNS compliant Maven 2+ coordinates.
2025-06-06 00:39:08,422 [Worker-38: Updating Maven Dependencies] WARN  o.e.m.c.i.embedder.EclipseLogger - The artifact mysql:mysql-connector-java:jar:8.0.31 has been relocated to com.mysql:mysql-connector-j:jar:8.0.31: MySQL Connector/J artifacts moved to reverse-DNS compliant Maven 2+ coordinates.
2025-06-06 00:40:44,641 [Worker-4: Updating Maven Dependencies] ERROR o.e.m.j.i.l.MavenLaunchConfigurationListener - Launch configuration Dummy references non-existing project ExpensesProject.
org.eclipse.core.runtime.CoreException: Launch configuration Dummy references non-existing project ExpensesProject.
	at org.eclipse.jdt.launching.JavaRuntime.abort(JavaRuntime.java:1871)
	at org.eclipse.jdt.launching.JavaRuntime.getJavaProject(JavaRuntime.java:1748)
	at org.eclipse.m2e.jdt.internal.launch.MavenLaunchConfigurationListener.updateLaunchConfiguration(MavenLaunchConfigurationListener.java:66)
	at org.eclipse.m2e.jdt.internal.launch.MavenLaunchConfigurationListener.launchConfigurationChanged(MavenLaunchConfigurationListener.java:52)
	at org.eclipse.debug.internal.core.LaunchManager$ConfigurationNotifier.run(LaunchManager.java:220)
	at org.eclipse.core.runtime.SafeRunner.run(SafeRunner.java:47)
	at org.eclipse.debug.internal.core.LaunchManager$ConfigurationNotifier.notify(LaunchManager.java:204)
	at org.eclipse.debug.internal.core.LaunchConfigurationWorkingCopy.setDirty(LaunchConfigurationWorkingCopy.java:527)
	at org.eclipse.debug.internal.core.LaunchConfigurationWorkingCopy.setAttribute(LaunchConfigurationWorkingCopy.java:415)
	at org.eclipse.m2e.jdt.internal.launch.MavenRuntimeClasspathProvider.disable(MavenRuntimeClasspathProvider.java:409)
	at org.eclipse.m2e.jdt.internal.launch.MavenRuntimeClasspathProvider.disable(MavenRuntimeClasspathProvider.java:435)
	at org.eclipse.m2e.jdt.internal.launch.MavenLaunchConfigurationListener.mavenProjectChanged(MavenLaunchConfigurationListener.java:137)
	at org.eclipse.m2e.core.internal.project.registry.ProjectRegistryManager.notifyProjectChangeListeners(ProjectRegistryManager.java:892)
	at org.eclipse.m2e.core.internal.project.registry.ProjectRegistryManager.applyMutableProjectRegistry(ProjectRegistryManager.java:1042)
	at org.eclipse.m2e.core.internal.project.registry.ProjectRegistryRefreshJob.lambda$0(ProjectRegistryRefreshJob.java:162)
	at org.eclipse.m2e.core.internal.embedder.MavenExecutionContext.executeBare(MavenExecutionContext.java:458)
	at org.eclipse.m2e.core.internal.embedder.MavenExecutionContext.execute(MavenExecutionContext.java:339)
	at org.eclipse.m2e.core.internal.embedder.MavenExecutionContext.execute(MavenExecutionContext.java:278)
	at org.eclipse.m2e.core.internal.project.registry.ProjectRegistryRefreshJob.run(ProjectRegistryRefreshJob.java:106)
	at org.eclipse.core.internal.jobs.Worker.run(Worker.java:63)
2025-06-06 00:40:44,645 [Worker-4: Updating Maven Dependencies] ERROR o.e.m.j.i.l.MavenLaunchConfigurationListener - Launch configuration Dummy references non-existing project ExpensesProject.
org.eclipse.core.runtime.CoreException: Launch configuration Dummy references non-existing project ExpensesProject.
	at org.eclipse.jdt.launching.JavaRuntime.abort(JavaRuntime.java:1871)
	at org.eclipse.jdt.launching.JavaRuntime.getJavaProject(JavaRuntime.java:1748)
	at org.eclipse.m2e.jdt.internal.launch.MavenLaunchConfigurationListener.updateLaunchConfiguration(MavenLaunchConfigurationListener.java:66)
	at org.eclipse.m2e.jdt.internal.launch.MavenLaunchConfigurationListener.launchConfigurationChanged(MavenLaunchConfigurationListener.java:52)
	at org.eclipse.debug.internal.core.LaunchManager$ConfigurationNotifier.run(LaunchManager.java:220)
	at org.eclipse.core.runtime.SafeRunner.run(SafeRunner.java:47)
	at org.eclipse.debug.internal.core.LaunchManager$ConfigurationNotifier.notify(LaunchManager.java:204)
	at org.eclipse.debug.internal.core.LaunchConfigurationWorkingCopy.setDirty(LaunchConfigurationWorkingCopy.java:527)
	at org.eclipse.debug.internal.core.LaunchConfigurationWorkingCopy.setAttribute(LaunchConfigurationWorkingCopy.java:415)
	at org.eclipse.m2e.jdt.internal.launch.MavenRuntimeClasspathProvider.disable(MavenRuntimeClasspathProvider.java:410)
	at org.eclipse.m2e.jdt.internal.launch.MavenRuntimeClasspathProvider.disable(MavenRuntimeClasspathProvider.java:435)
	at org.eclipse.m2e.jdt.internal.launch.MavenLaunchConfigurationListener.mavenProjectChanged(MavenLaunchConfigurationListener.java:137)
	at org.eclipse.m2e.core.internal.project.registry.ProjectRegistryManager.notifyProjectChangeListeners(ProjectRegistryManager.java:892)
	at org.eclipse.m2e.core.internal.project.registry.ProjectRegistryManager.applyMutableProjectRegistry(ProjectRegistryManager.java:1042)
	at org.eclipse.m2e.core.internal.project.registry.ProjectRegistryRefreshJob.lambda$0(ProjectRegistryRefreshJob.java:162)
	at org.eclipse.m2e.core.internal.embedder.MavenExecutionContext.executeBare(MavenExecutionContext.java:458)
	at org.eclipse.m2e.core.internal.embedder.MavenExecutionContext.execute(MavenExecutionContext.java:339)
	at org.eclipse.m2e.core.internal.embedder.MavenExecutionContext.execute(MavenExecutionContext.java:278)
	at org.eclipse.m2e.core.internal.project.registry.ProjectRegistryRefreshJob.run(ProjectRegistryRefreshJob.java:106)
	at org.eclipse.core.internal.jobs.Worker.run(Worker.java:63)
2025-06-06 00:40:44,656 [Worker-4: Updating Maven Dependencies] ERROR o.e.m.j.i.l.MavenLaunchConfigurationListener - Launch configuration Dummy references non-existing project ExpensesProject.
org.eclipse.core.runtime.CoreException: Launch configuration Dummy references non-existing project ExpensesProject.
	at org.eclipse.jdt.launching.JavaRuntime.abort(JavaRuntime.java:1871)
	at org.eclipse.jdt.launching.JavaRuntime.getJavaProject(JavaRuntime.java:1748)
	at org.eclipse.m2e.jdt.internal.launch.MavenLaunchConfigurationListener.updateLaunchConfiguration(MavenLaunchConfigurationListener.java:66)
	at org.eclipse.m2e.jdt.internal.launch.MavenLaunchConfigurationListener.launchConfigurationChanged(MavenLaunchConfigurationListener.java:52)
	at org.eclipse.debug.internal.core.LaunchManager$ConfigurationNotifier.run(LaunchManager.java:220)
	at org.eclipse.core.runtime.SafeRunner.run(SafeRunner.java:47)
	at org.eclipse.debug.internal.core.LaunchManager$ConfigurationNotifier.notify(LaunchManager.java:204)
	at org.eclipse.debug.internal.core.LaunchManager.launchConfigurationChanged(LaunchManager.java:2009)
	at org.eclipse.debug.internal.core.LaunchConfigurationWorkingCopy.writeNewFile(LaunchConfigurationWorkingCopy.java:380)
	at org.eclipse.debug.internal.core.LaunchConfigurationWorkingCopy.doSave0(LaunchConfigurationWorkingCopy.java:259)
	at org.eclipse.debug.internal.core.LaunchConfigurationWorkingCopy.doSave(LaunchConfigurationWorkingCopy.java:229)
	at org.eclipse.debug.internal.core.LaunchConfigurationWorkingCopy.doSave(LaunchConfigurationWorkingCopy.java:187)
	at org.eclipse.m2e.jdt.internal.launch.MavenRuntimeClasspathProvider.disable(MavenRuntimeClasspathProvider.java:411)
	at org.eclipse.m2e.jdt.internal.launch.MavenRuntimeClasspathProvider.disable(MavenRuntimeClasspathProvider.java:435)
	at org.eclipse.m2e.jdt.internal.launch.MavenLaunchConfigurationListener.mavenProjectChanged(MavenLaunchConfigurationListener.java:137)
	at org.eclipse.m2e.core.internal.project.registry.ProjectRegistryManager.notifyProjectChangeListeners(ProjectRegistryManager.java:892)
	at org.eclipse.m2e.core.internal.project.registry.ProjectRegistryManager.applyMutableProjectRegistry(ProjectRegistryManager.java:1042)
	at org.eclipse.m2e.core.internal.project.registry.ProjectRegistryRefreshJob.lambda$0(ProjectRegistryRefreshJob.java:162)
	at org.eclipse.m2e.core.internal.embedder.MavenExecutionContext.executeBare(MavenExecutionContext.java:458)
	at org.eclipse.m2e.core.internal.embedder.MavenExecutionContext.execute(MavenExecutionContext.java:339)
	at org.eclipse.m2e.core.internal.embedder.MavenExecutionContext.execute(MavenExecutionContext.java:278)
	at org.eclipse.m2e.core.internal.project.registry.ProjectRegistryRefreshJob.run(ProjectRegistryRefreshJob.java:106)
	at org.eclipse.core.internal.jobs.Worker.run(Worker.java:63)
2025-06-06 00:42:20,251 [Worker-34: Building] INFO  o.e.m.c.i.l.LifecycleMappingFactory - Using org.maven.ide.eclipse.wtp.WarLifecycleMapping lifecycle mapping for MavenProject: infinite:ExpensesProject:0.0.1-SNAPSHOT @ C:\Users\satyaprakashm\Downloads\ExpensesProject 1\ExpensesProject\pom.xml.
2025-06-06 00:42:20,376 [Worker-34: Building] WARN  o.a.m.r.i.DefaultArtifactDescriptorReader - 1 problem was encountered while building the effective model for org.javassist:javassist:jar:3.18.1-GA during dependency collection step for project (use -X to see details)
2025-06-06 00:42:21,965 [Worker-34: Building] WARN  o.e.m.c.i.embedder.EclipseLogger - The artifact mysql:mysql-connector-java:jar:8.0.31 has been relocated to com.mysql:mysql-connector-j:jar:8.0.31: MySQL Connector/J artifacts moved to reverse-DNS compliant Maven 2+ coordinates.
2025-06-06 00:42:25,103 [Worker-34: Building] INFO  o.a.m.s.f.DefaultMavenResourcesFiltering - skip non existing resourceDirectory C:\Users\satyaprakashm\Downloads\ExpensesProject 1\ExpensesProject\src\main\resources
2025-06-06 00:42:25,107 [Worker-34: Building] INFO  o.a.m.s.f.DefaultMavenResourcesFiltering - skip non existing resourceDirectory C:\Users\satyaprakashm\Downloads\ExpensesProject 1\ExpensesProject\src\test\resources
2025-06-06 00:42:26,086 [Worker-29: Updating Maven Dependencies] INFO  o.e.m.c.i.l.LifecycleMappingFactory - Using org.maven.ide.eclipse.wtp.WarLifecycleMapping lifecycle mapping for MavenProject: infinite:ExpensesProject:0.0.1-SNAPSHOT @ C:\Users\satyaprakashm\Downloads\ExpensesProject 1\ExpensesProject\pom.xml.
2025-06-06 00:42:26,148 [Worker-29: Updating Maven Dependencies] WARN  o.a.m.r.i.DefaultArtifactDescriptorReader - 1 problem was encountered while building the effective model for org.javassist:javassist:jar:3.18.1-GA during dependency collection step for project (use -X to see details)
2025-06-06 00:42:27,546 [Worker-29: Updating Maven Dependencies] WARN  o.e.m.c.i.embedder.EclipseLogger - The artifact mysql:mysql-connector-java:jar:8.0.31 has been relocated to com.mysql:mysql-connector-j:jar:8.0.31: MySQL Connector/J artifacts moved to reverse-DNS compliant Maven 2+ coordinates.
