2025-05-23 14:36:03,009 [Worker-8: Loading available Gradle versions] INFO  o.e.b.c.i.u.g.PublishedGradleVersions - Gradle version information cache is not available. Remote download required.
2025-05-23 14:36:29,318 [Worker-1: Updating Maven Dependencies] INFO  o.e.m.c.i.e.AbstractTransferListenerAdapter - Downloading https://repo.maven.apache.org/maven2/org/apache/maven/plugins/maven-compiler-plugin/3.8.1/maven-compiler-plugin-3.8.1.jar
2025-05-23 14:36:29,397 [Worker-1: Updating Maven Dependencies] INFO  o.e.m.c.i.e.AbstractTransferListenerAdapter - Downloaded https://repo.maven.apache.org/maven2/org/apache/maven/plugins/maven-compiler-plugin/3.8.1/maven-compiler-plugin-3.8.1.jar
2025-05-23 14:36:29,538 [Worker-1: Updating Maven Dependencies] INFO  o.e.m.c.i.e.AbstractTransferListenerAdapter - Downloading https://repo.maven.apache.org/maven2/org/apache/maven/plugins/maven-compiler-plugin/3.8.1/maven-compiler-plugin-3.8.1.pom
2025-05-23 14:36:29,550 [Worker-1: Updating Maven Dependencies] INFO  o.e.m.c.i.e.AbstractTransferListenerAdapter - Downloaded https://repo.maven.apache.org/maven2/org/apache/maven/plugins/maven-compiler-plugin/3.8.1/maven-compiler-plugin-3.8.1.pom
2025-05-23 14:36:29,599 [Worker-1: Updating Maven Dependencies] INFO  o.e.m.c.i.e.AbstractTransferListenerAdapter - Downloading https://repo.maven.apache.org/maven2/org/apache/maven/plugins/maven-plugins/33/maven-plugins-33.pom
2025-05-23 14:36:29,610 [Worker-1: Updating Maven Dependencies] INFO  o.e.m.c.i.e.AbstractTransferListenerAdapter - Downloaded https://repo.maven.apache.org/maven2/org/apache/maven/plugins/maven-plugins/33/maven-plugins-33.pom
2025-05-23 14:36:29,650 [Worker-1: Updating Maven Dependencies] INFO  o.e.m.c.i.e.AbstractTransferListenerAdapter - Downloading https://repo.maven.apache.org/maven2/org/apache/maven/maven-parent/33/maven-parent-33.pom
2025-05-23 14:36:29,681 [Worker-1: Updating Maven Dependencies] INFO  o.e.m.c.i.e.AbstractTransferListenerAdapter - Downloaded https://repo.maven.apache.org/maven2/org/apache/maven/maven-parent/33/maven-parent-33.pom
2025-05-23 14:36:30,108 [Worker-1: Updating Maven Dependencies] INFO  o.e.m.c.i.e.AbstractTransferListenerAdapter - Downloading https://repo.maven.apache.org/maven2/org/codehaus/plexus/plexus-utils/2.0.4/plexus-utils-2.0.4.pom
2025-05-23 14:36:30,158 [Worker-1: Updating Maven Dependencies] INFO  o.e.m.c.i.e.AbstractTransferListenerAdapter - Downloaded https://repo.maven.apache.org/maven2/org/codehaus/plexus/plexus-utils/2.0.4/plexus-utils-2.0.4.pom
2025-05-23 14:36:30,323 [Worker-1: Updating Maven Dependencies] INFO  o.e.m.c.i.e.AbstractTransferListenerAdapter - Downloading https://repo.maven.apache.org/maven2/org/codehaus/plexus/plexus-component-annotations/1.7.1/plexus-component-annotations-1.7.1.pom
2025-05-23 14:36:30,364 [Worker-1: Updating Maven Dependencies] INFO  o.e.m.c.i.e.AbstractTransferListenerAdapter - Downloaded https://repo.maven.apache.org/maven2/org/codehaus/plexus/plexus-component-annotations/1.7.1/plexus-component-annotations-1.7.1.pom
2025-05-23 14:36:30,401 [Worker-1: Updating Maven Dependencies] INFO  o.e.m.c.i.e.AbstractTransferListenerAdapter - Downloading https://repo.maven.apache.org/maven2/org/codehaus/plexus/plexus-containers/1.7.1/plexus-containers-1.7.1.pom
2025-05-23 14:36:30,416 [Worker-1: Updating Maven Dependencies] INFO  o.e.m.c.i.e.AbstractTransferListenerAdapter - Downloaded https://repo.maven.apache.org/maven2/org/codehaus/plexus/plexus-containers/1.7.1/plexus-containers-1.7.1.pom
2025-05-23 14:36:30,451 [Worker-1: Updating Maven Dependencies] INFO  o.e.m.c.i.e.AbstractTransferListenerAdapter - Downloading https://repo.maven.apache.org/maven2/org/codehaus/plexus/plexus/4.0/plexus-4.0.pom
2025-05-23 14:36:30,464 [Worker-1: Updating Maven Dependencies] INFO  o.e.m.c.i.e.AbstractTransferListenerAdapter - Downloaded https://repo.maven.apache.org/maven2/org/codehaus/plexus/plexus/4.0/plexus-4.0.pom
2025-05-23 14:36:30,512 [Worker-1: Updating Maven Dependencies] INFO  o.e.m.c.i.e.AbstractTransferListenerAdapter - Downloading https://repo.maven.apache.org/maven2/org/codehaus/plexus/plexus-utils/2.0.5/plexus-utils-2.0.5.pom
2025-05-23 14:36:30,523 [Worker-1: Updating Maven Dependencies] INFO  o.e.m.c.i.e.AbstractTransferListenerAdapter - Downloaded https://repo.maven.apache.org/maven2/org/codehaus/plexus/plexus-utils/2.0.5/plexus-utils-2.0.5.pom
2025-05-23 14:36:30,590 [Worker-1: Updating Maven Dependencies] INFO  o.e.m.c.i.e.AbstractTransferListenerAdapter - Downloading https://repo.maven.apache.org/maven2/org/apache/maven/maven-settings/3.0/maven-settings-3.0.pom
2025-05-23 14:36:30,601 [Worker-1: Updating Maven Dependencies] INFO  o.e.m.c.i.e.AbstractTransferListenerAdapter - Downloaded https://repo.maven.apache.org/maven2/org/apache/maven/maven-settings/3.0/maven-settings-3.0.pom
2025-05-23 14:36:30,775 [Worker-1: Updating Maven Dependencies] INFO  o.e.m.c.i.e.AbstractTransferListenerAdapter - Downloading https://repo.maven.apache.org/maven2/org/apache/maven/shared/maven-shared-utils/3.2.1/maven-shared-utils-3.2.1.pom
2025-05-23 14:36:30,787 [Worker-1: Updating Maven Dependencies] INFO  o.e.m.c.i.e.AbstractTransferListenerAdapter - Downloaded https://repo.maven.apache.org/maven2/org/apache/maven/shared/maven-shared-utils/3.2.1/maven-shared-utils-3.2.1.pom
2025-05-23 14:36:30,825 [Worker-1: Updating Maven Dependencies] INFO  o.e.m.c.i.e.AbstractTransferListenerAdapter - Downloading https://repo.maven.apache.org/maven2/org/apache/maven/shared/maven-shared-components/30/maven-shared-components-30.pom
2025-05-23 14:36:30,838 [Worker-1: Updating Maven Dependencies] INFO  o.e.m.c.i.e.AbstractTransferListenerAdapter - Downloaded https://repo.maven.apache.org/maven2/org/apache/maven/shared/maven-shared-components/30/maven-shared-components-30.pom
2025-05-23 14:36:30,873 [Worker-1: Updating Maven Dependencies] INFO  o.e.m.c.i.e.AbstractTransferListenerAdapter - Downloading https://repo.maven.apache.org/maven2/org/apache/maven/maven-parent/30/maven-parent-30.pom
2025-05-23 14:36:30,892 [Worker-1: Updating Maven Dependencies] INFO  o.e.m.c.i.e.AbstractTransferListenerAdapter - Downloaded https://repo.maven.apache.org/maven2/org/apache/maven/maven-parent/30/maven-parent-30.pom
2025-05-23 14:36:30,930 [Worker-1: Updating Maven Dependencies] INFO  o.e.m.c.i.e.AbstractTransferListenerAdapter - Downloading https://repo.maven.apache.org/maven2/commons-io/commons-io/2.5/commons-io-2.5.pom
2025-05-23 14:36:30,941 [Worker-1: Updating Maven Dependencies] INFO  o.e.m.c.i.e.AbstractTransferListenerAdapter - Downloaded https://repo.maven.apache.org/maven2/commons-io/commons-io/2.5/commons-io-2.5.pom
2025-05-23 14:36:31,233 [Worker-1: Updating Maven Dependencies] INFO  o.e.m.c.i.e.AbstractTransferListenerAdapter - Downloading https://repo.maven.apache.org/maven2/org/codehaus/plexus/plexus-java/0.9.10/plexus-java-0.9.10.pom
2025-05-23 14:36:31,244 [Worker-1: Updating Maven Dependencies] INFO  o.e.m.c.i.e.AbstractTransferListenerAdapter - Downloaded https://repo.maven.apache.org/maven2/org/codehaus/plexus/plexus-java/0.9.10/plexus-java-0.9.10.pom
2025-05-23 14:36:31,277 [Worker-1: Updating Maven Dependencies] INFO  o.e.m.c.i.e.AbstractTransferListenerAdapter - Downloading https://repo.maven.apache.org/maven2/org/codehaus/plexus/plexus-languages/0.9.10/plexus-languages-0.9.10.pom
2025-05-23 14:36:31,289 [Worker-1: Updating Maven Dependencies] INFO  o.e.m.c.i.e.AbstractTransferListenerAdapter - Downloaded https://repo.maven.apache.org/maven2/org/codehaus/plexus/plexus-languages/0.9.10/plexus-languages-0.9.10.pom
2025-05-23 14:36:31,321 [Worker-1: Updating Maven Dependencies] INFO  o.e.m.c.i.e.AbstractTransferListenerAdapter - Downloading https://repo.maven.apache.org/maven2/org/ow2/asm/asm/6.2/asm-6.2.pom
2025-05-23 14:36:31,329 [Worker-1: Updating Maven Dependencies] INFO  o.e.m.c.i.e.AbstractTransferListenerAdapter - Downloaded https://repo.maven.apache.org/maven2/org/ow2/asm/asm/6.2/asm-6.2.pom
2025-05-23 14:36:31,355 [Worker-1: Updating Maven Dependencies] INFO  o.e.m.c.i.e.AbstractTransferListenerAdapter - Downloading https://repo.maven.apache.org/maven2/org/ow2/ow2/1.5/ow2-1.5.pom
2025-05-23 14:36:31,363 [Worker-1: Updating Maven Dependencies] INFO  o.e.m.c.i.e.AbstractTransferListenerAdapter - Downloaded https://repo.maven.apache.org/maven2/org/ow2/ow2/1.5/ow2-1.5.pom
2025-05-23 14:36:31,432 [Worker-1: Updating Maven Dependencies] INFO  o.e.m.c.i.e.AbstractTransferListenerAdapter - Downloading https://repo.maven.apache.org/maven2/com/thoughtworks/qdox/qdox/2.0-M9/qdox-2.0-M9.pom
2025-05-23 14:36:31,443 [Worker-1: Updating Maven Dependencies] INFO  o.e.m.c.i.e.AbstractTransferListenerAdapter - Downloaded https://repo.maven.apache.org/maven2/com/thoughtworks/qdox/qdox/2.0-M9/qdox-2.0-M9.pom
2025-05-23 14:36:31,479 [Worker-1: Updating Maven Dependencies] INFO  o.e.m.c.i.e.AbstractTransferListenerAdapter - Downloading https://repo.maven.apache.org/maven2/org/codehaus/plexus/plexus-compiler-api/2.8.4/plexus-compiler-api-2.8.4.pom
2025-05-23 14:36:31,490 [Worker-1: Updating Maven Dependencies] INFO  o.e.m.c.i.e.AbstractTransferListenerAdapter - Downloaded https://repo.maven.apache.org/maven2/org/codehaus/plexus/plexus-compiler-api/2.8.4/plexus-compiler-api-2.8.4.pom
2025-05-23 14:36:31,520 [Worker-1: Updating Maven Dependencies] INFO  o.e.m.c.i.e.AbstractTransferListenerAdapter - Downloading https://repo.maven.apache.org/maven2/org/codehaus/plexus/plexus-compiler/2.8.4/plexus-compiler-2.8.4.pom
2025-05-23 14:36:31,531 [Worker-1: Updating Maven Dependencies] INFO  o.e.m.c.i.e.AbstractTransferListenerAdapter - Downloaded https://repo.maven.apache.org/maven2/org/codehaus/plexus/plexus-compiler/2.8.4/plexus-compiler-2.8.4.pom
2025-05-23 14:36:31,559 [Worker-1: Updating Maven Dependencies] INFO  o.e.m.c.i.e.AbstractTransferListenerAdapter - Downloading https://repo.maven.apache.org/maven2/org/codehaus/plexus/plexus-components/4.0/plexus-components-4.0.pom
2025-05-23 14:36:31,570 [Worker-1: Updating Maven Dependencies] INFO  o.e.m.c.i.e.AbstractTransferListenerAdapter - Downloaded https://repo.maven.apache.org/maven2/org/codehaus/plexus/plexus-components/4.0/plexus-components-4.0.pom
2025-05-23 14:36:31,600 [Worker-1: Updating Maven Dependencies] INFO  o.e.m.c.i.e.AbstractTransferListenerAdapter - Downloading https://repo.maven.apache.org/maven2/org/codehaus/plexus/plexus-utils/3.0.22/plexus-utils-3.0.22.pom
2025-05-23 14:36:31,609 [Worker-1: Updating Maven Dependencies] INFO  o.e.m.c.i.e.AbstractTransferListenerAdapter - Downloaded https://repo.maven.apache.org/maven2/org/codehaus/plexus/plexus-utils/3.0.22/plexus-utils-3.0.22.pom
2025-05-23 14:36:31,645 [Worker-1: Updating Maven Dependencies] INFO  o.e.m.c.i.e.AbstractTransferListenerAdapter - Downloading https://repo.maven.apache.org/maven2/org/codehaus/plexus/plexus-compiler-manager/2.8.4/plexus-compiler-manager-2.8.4.pom
2025-05-23 14:36:31,654 [Worker-1: Updating Maven Dependencies] INFO  o.e.m.c.i.e.AbstractTransferListenerAdapter - Downloaded https://repo.maven.apache.org/maven2/org/codehaus/plexus/plexus-compiler-manager/2.8.4/plexus-compiler-manager-2.8.4.pom
2025-05-23 14:36:31,678 [Worker-1: Updating Maven Dependencies] INFO  o.e.m.c.i.e.AbstractTransferListenerAdapter - Downloading https://repo.maven.apache.org/maven2/org/codehaus/plexus/plexus-compiler-javac/2.8.4/plexus-compiler-javac-2.8.4.pom
2025-05-23 14:36:31,688 [Worker-1: Updating Maven Dependencies] INFO  o.e.m.c.i.e.AbstractTransferListenerAdapter - Downloaded https://repo.maven.apache.org/maven2/org/codehaus/plexus/plexus-compiler-javac/2.8.4/plexus-compiler-javac-2.8.4.pom
2025-05-23 14:36:31,717 [Worker-1: Updating Maven Dependencies] INFO  o.e.m.c.i.e.AbstractTransferListenerAdapter - Downloading https://repo.maven.apache.org/maven2/org/codehaus/plexus/plexus-compilers/2.8.4/plexus-compilers-2.8.4.pom
2025-05-23 14:36:31,728 [Worker-1: Updating Maven Dependencies] INFO  o.e.m.c.i.e.AbstractTransferListenerAdapter - Downloaded https://repo.maven.apache.org/maven2/org/codehaus/plexus/plexus-compilers/2.8.4/plexus-compilers-2.8.4.pom
2025-05-23 14:36:31,907 [Worker-1: Updating Maven Dependencies] INFO  o.e.m.c.i.e.AbstractTransferListenerAdapter - Downloading https://repo.maven.apache.org/maven2/org/codehaus/plexus/plexus-utils/2.0.4/plexus-utils-2.0.4.jar
2025-05-23 14:36:31,970 [Worker-1: Updating Maven Dependencies] INFO  o.e.m.c.i.e.AbstractTransferListenerAdapter - Downloaded https://repo.maven.apache.org/maven2/org/codehaus/plexus/plexus-utils/2.0.4/plexus-utils-2.0.4.jar
2025-05-23 14:36:31,992 [BasicRepositoryConnector-repo.maven.apache.org-0-0] INFO  o.e.m.c.i.e.AbstractTransferListenerAdapter - Downloading https://repo.maven.apache.org/maven2/org/apache/maven/maven-settings/3.0/maven-settings-3.0.jar
2025-05-23 14:36:32,014 [BasicRepositoryConnector-repo.maven.apache.org-0-0] INFO  o.e.m.c.i.e.AbstractTransferListenerAdapter - Downloaded https://repo.maven.apache.org/maven2/org/apache/maven/maven-settings/3.0/maven-settings-3.0.jar
2025-05-23 14:36:32,031 [BasicRepositoryConnector-repo.maven.apache.org-0-2] INFO  o.e.m.c.i.e.AbstractTransferListenerAdapter - Downloading https://repo.maven.apache.org/maven2/org/codehaus/plexus/plexus-component-annotations/1.7.1/plexus-component-annotations-1.7.1.jar
2025-05-23 14:36:32,031 [BasicRepositoryConnector-repo.maven.apache.org-0-0] INFO  o.e.m.c.i.e.AbstractTransferListenerAdapter - Downloading https://repo.maven.apache.org/maven2/org/codehaus/plexus/plexus-java/0.9.10/plexus-java-0.9.10.jar
2025-05-23 14:36:32,043 [BasicRepositoryConnector-repo.maven.apache.org-0-2] INFO  o.e.m.c.i.e.AbstractTransferListenerAdapter - Downloaded https://repo.maven.apache.org/maven2/org/codehaus/plexus/plexus-component-annotations/1.7.1/plexus-component-annotations-1.7.1.jar
2025-05-23 14:36:32,043 [BasicRepositoryConnector-repo.maven.apache.org-0-3] INFO  o.e.m.c.i.e.AbstractTransferListenerAdapter - Downloading https://repo.maven.apache.org/maven2/org/apache/maven/shared/maven-shared-utils/3.2.1/maven-shared-utils-3.2.1.jar
2025-05-23 14:36:32,044 [BasicRepositoryConnector-repo.maven.apache.org-0-1] INFO  o.e.m.c.i.e.AbstractTransferListenerAdapter - Downloading https://repo.maven.apache.org/maven2/org/codehaus/plexus/plexus-interpolation/1.14/plexus-interpolation-1.14.jar
2025-05-23 14:36:32,044 [BasicRepositoryConnector-repo.maven.apache.org-0-4] INFO  o.e.m.c.i.e.AbstractTransferListenerAdapter - Downloading https://repo.maven.apache.org/maven2/commons-io/commons-io/2.5/commons-io-2.5.jar
2025-05-23 14:36:32,049 [BasicRepositoryConnector-repo.maven.apache.org-0-0] INFO  o.e.m.c.i.e.AbstractTransferListenerAdapter - Downloaded https://repo.maven.apache.org/maven2/org/codehaus/plexus/plexus-java/0.9.10/plexus-java-0.9.10.jar
2025-05-23 14:36:32,060 [BasicRepositoryConnector-repo.maven.apache.org-0-2] INFO  o.e.m.c.i.e.AbstractTransferListenerAdapter - Downloading https://repo.maven.apache.org/maven2/org/ow2/asm/asm/6.2/asm-6.2.jar
2025-05-23 14:36:32,065 [BasicRepositoryConnector-repo.maven.apache.org-0-0] INFO  o.e.m.c.i.e.AbstractTransferListenerAdapter - Downloading https://repo.maven.apache.org/maven2/com/thoughtworks/qdox/qdox/2.0-M9/qdox-2.0-M9.jar
2025-05-23 14:36:32,085 [BasicRepositoryConnector-repo.maven.apache.org-0-3] INFO  o.e.m.c.i.e.AbstractTransferListenerAdapter - Downloaded https://repo.maven.apache.org/maven2/org/apache/maven/shared/maven-shared-utils/3.2.1/maven-shared-utils-3.2.1.jar
2025-05-23 14:36:32,086 [BasicRepositoryConnector-repo.maven.apache.org-0-4] INFO  o.e.m.c.i.e.AbstractTransferListenerAdapter - Downloaded https://repo.maven.apache.org/maven2/commons-io/commons-io/2.5/commons-io-2.5.jar
2025-05-23 14:36:32,091 [BasicRepositoryConnector-repo.maven.apache.org-0-1] INFO  o.e.m.c.i.e.AbstractTransferListenerAdapter - Downloaded https://repo.maven.apache.org/maven2/org/codehaus/plexus/plexus-interpolation/1.14/plexus-interpolation-1.14.jar
2025-05-23 14:36:32,107 [BasicRepositoryConnector-repo.maven.apache.org-0-4] INFO  o.e.m.c.i.e.AbstractTransferListenerAdapter - Downloading https://repo.maven.apache.org/maven2/org/codehaus/plexus/plexus-compiler-manager/2.8.4/plexus-compiler-manager-2.8.4.jar
2025-05-23 14:36:32,107 [BasicRepositoryConnector-repo.maven.apache.org-0-3] INFO  o.e.m.c.i.e.AbstractTransferListenerAdapter - Downloading https://repo.maven.apache.org/maven2/org/codehaus/plexus/plexus-compiler-api/2.8.4/plexus-compiler-api-2.8.4.jar
2025-05-23 14:36:32,108 [BasicRepositoryConnector-repo.maven.apache.org-0-2] INFO  o.e.m.c.i.e.AbstractTransferListenerAdapter - Downloaded https://repo.maven.apache.org/maven2/org/ow2/asm/asm/6.2/asm-6.2.jar
2025-05-23 14:36:32,117 [BasicRepositoryConnector-repo.maven.apache.org-0-4] INFO  o.e.m.c.i.e.AbstractTransferListenerAdapter - Downloaded https://repo.maven.apache.org/maven2/org/codehaus/plexus/plexus-compiler-manager/2.8.4/plexus-compiler-manager-2.8.4.jar
2025-05-23 14:36:32,120 [BasicRepositoryConnector-repo.maven.apache.org-0-3] INFO  o.e.m.c.i.e.AbstractTransferListenerAdapter - Downloaded https://repo.maven.apache.org/maven2/org/codehaus/plexus/plexus-compiler-api/2.8.4/plexus-compiler-api-2.8.4.jar
2025-05-23 14:36:32,120 [BasicRepositoryConnector-repo.maven.apache.org-0-1] INFO  o.e.m.c.i.e.AbstractTransferListenerAdapter - Downloading https://repo.maven.apache.org/maven2/org/codehaus/plexus/plexus-compiler-javac/2.8.4/plexus-compiler-javac-2.8.4.jar
2025-05-23 14:36:32,131 [BasicRepositoryConnector-repo.maven.apache.org-0-1] INFO  o.e.m.c.i.e.AbstractTransferListenerAdapter - Downloaded https://repo.maven.apache.org/maven2/org/codehaus/plexus/plexus-compiler-javac/2.8.4/plexus-compiler-javac-2.8.4.jar
2025-05-23 14:36:32,131 [BasicRepositoryConnector-repo.maven.apache.org-0-0] INFO  o.e.m.c.i.e.AbstractTransferListenerAdapter - Downloaded https://repo.maven.apache.org/maven2/com/thoughtworks/qdox/qdox/2.0-M9/qdox-2.0-M9.jar
2025-05-23 14:36:32,580 [Worker-1: Updating Maven Dependencies] INFO  o.e.m.c.i.l.LifecycleMappingFactory - Using org.maven.ide.eclipse.wtp.WarLifecycleMapping lifecycle mapping for MavenProject: infinite:JsfEjbClient:0.0.1-SNAPSHOT @ C:\Users\satyaprakashm\Downloads\Day32_working\Day32_working\JsfEjbClient\pom.xml.
2025-05-23 14:36:32,580 [Worker-3: Building] INFO  o.e.m.c.i.l.LifecycleMappingFactory - Using org.maven.ide.eclipse.wtp.WarLifecycleMapping lifecycle mapping for MavenProject: infinite:JsfEjbClient:0.0.1-SNAPSHOT @ C:\Users\satyaprakashm\Downloads\Day32_working\Day32_working\JsfEjbClient\pom.xml.
2025-05-23 14:36:35,472 [Worker-3: Building] INFO  o.e.m.c.i.e.AbstractTransferListenerAdapter - Downloading https://repo.maven.apache.org/maven2/mysql/mysql-connector-java/8.0.18/mysql-connector-java-8.0.18.pom
2025-05-23 14:36:35,483 [Worker-3: Building] INFO  o.e.m.c.i.e.AbstractTransferListenerAdapter - Downloaded https://repo.maven.apache.org/maven2/mysql/mysql-connector-java/8.0.18/mysql-connector-java-8.0.18.pom
2025-05-23 14:36:35,512 [Worker-3: Building] INFO  o.e.m.c.i.e.AbstractTransferListenerAdapter - Downloading https://repo.maven.apache.org/maven2/com/google/protobuf/protobuf-java/3.6.1/protobuf-java-3.6.1.pom
2025-05-23 14:36:35,523 [Worker-3: Building] INFO  o.e.m.c.i.e.AbstractTransferListenerAdapter - Downloaded https://repo.maven.apache.org/maven2/com/google/protobuf/protobuf-java/3.6.1/protobuf-java-3.6.1.pom
2025-05-23 14:36:35,559 [Worker-3: Building] INFO  o.e.m.c.i.e.AbstractTransferListenerAdapter - Downloading https://repo.maven.apache.org/maven2/com/google/protobuf/protobuf-parent/3.6.1/protobuf-parent-3.6.1.pom
2025-05-23 14:36:35,571 [Worker-3: Building] INFO  o.e.m.c.i.e.AbstractTransferListenerAdapter - Downloaded https://repo.maven.apache.org/maven2/com/google/protobuf/protobuf-parent/3.6.1/protobuf-parent-3.6.1.pom
2025-05-23 14:36:36,309 [Worker-3: Building] INFO  o.e.m.c.i.e.AbstractTransferListenerAdapter - Downloading https://repo.maven.apache.org/maven2/mysql/mysql-connector-java/8.0.18/mysql-connector-java-8.0.18.jar
2025-05-23 14:36:36,493 [Worker-3: Building] INFO  o.e.m.c.i.e.AbstractTransferListenerAdapter - Downloaded https://repo.maven.apache.org/maven2/mysql/mysql-connector-java/8.0.18/mysql-connector-java-8.0.18.jar
2025-05-23 14:36:36,507 [BasicRepositoryConnector-repo.maven.apache.org-1-0] INFO  o.e.m.c.i.e.AbstractTransferListenerAdapter - Downloading https://repo.maven.apache.org/maven2/com/google/protobuf/protobuf-java/3.6.1/protobuf-java-3.6.1.jar
2025-05-23 14:36:36,655 [BasicRepositoryConnector-repo.maven.apache.org-1-0] INFO  o.e.m.c.i.e.AbstractTransferListenerAdapter - Downloaded https://repo.maven.apache.org/maven2/com/google/protobuf/protobuf-java/3.6.1/protobuf-java-3.6.1.jar
2025-05-23 14:36:39,103 [Worker-3: Building] INFO  o.a.m.s.f.DefaultMavenResourcesFiltering - skip non existing resourceDirectory C:\Users\satyaprakashm\Downloads\Day32_working\Day32_working\JsfEjbClient\src\main\resources
2025-05-23 14:36:39,113 [Worker-3: Building] INFO  o.a.m.s.f.DefaultMavenResourcesFiltering - skip non existing resourceDirectory C:\Users\satyaprakashm\Downloads\Day32_working\Day32_working\JsfEjbClient\src\test\resources
2025-05-23 14:36:39,701 [Worker-23: Download sources and javadoc] INFO  o.e.m.c.i.e.AbstractTransferListenerAdapter - Downloading https://repo.maven.apache.org/maven2/mysql/mysql-connector-java/8.0.18/mysql-connector-java-8.0.18-sources.jar
2025-05-23 14:36:39,810 [Worker-23: Download sources and javadoc] INFO  o.e.m.c.i.e.AbstractTransferListenerAdapter - Downloaded https://repo.maven.apache.org/maven2/mysql/mysql-connector-java/8.0.18/mysql-connector-java-8.0.18-sources.jar
2025-05-23 14:36:39,819 [Worker-23: Download sources and javadoc] INFO  o.e.m.j.internal.DownloadSourcesJob - Downloaded sources for mysql:mysql-connector-java:8.0.18
2025-05-23 14:36:39,893 [Worker-23: Download sources and javadoc] INFO  o.e.m.c.i.e.AbstractTransferListenerAdapter - Downloading https://repo.maven.apache.org/maven2/com/google/protobuf/protobuf-java/3.6.1/protobuf-java-3.6.1-sources.jar
2025-05-23 14:36:40,025 [Worker-23: Download sources and javadoc] INFO  o.e.m.c.i.e.AbstractTransferListenerAdapter - Downloaded https://repo.maven.apache.org/maven2/com/google/protobuf/protobuf-java/3.6.1/protobuf-java-3.6.1-sources.jar
2025-05-23 14:36:40,035 [Worker-23: Download sources and javadoc] INFO  o.e.m.j.internal.DownloadSourcesJob - Downloaded sources for com.google.protobuf:protobuf-java:3.6.1
2025-05-23 14:36:41,542 [Worker-22: Updating Maven Dependencies] INFO  o.e.m.c.i.l.LifecycleMappingFactory - Using org.maven.ide.eclipse.wtp.WarLifecycleMapping lifecycle mapping for MavenProject: infinite:JsfEjbClient:0.0.1-SNAPSHOT @ C:\Users\satyaprakashm\Downloads\Day32_working\Day32_working\JsfEjbClient\pom.xml.
2025-05-23 14:47:46,718 [Worker-31: Cleaning all projects] INFO  o.e.m.w.i.f.ResourceFilteringBuildParticipant - Cleaning filtered folder for JsfEjbClient
2025-05-23 14:47:49,114 [Worker-27: Building] INFO  o.a.m.s.f.DefaultMavenResourcesFiltering - skip non existing resourceDirectory C:\Users\satyaprakashm\Downloads\Day32_working\Day32_working\JsfEjbClient\src\main\resources
2025-05-23 14:47:49,121 [Worker-27: Building] INFO  o.a.m.s.f.DefaultMavenResourcesFiltering - skip non existing resourceDirectory C:\Users\satyaprakashm\Downloads\Day32_working\Day32_working\JsfEjbClient\src\test\resources
2025-05-23 14:47:49,122 [Worker-27: Building] INFO  o.e.m.w.i.f.ResourceFilteringBuildParticipant - Changed resources require a complete clean of filtered resources of JsfEjbClient
2025-05-23 14:47:49,129 [Worker-27: Building] INFO  o.e.m.w.i.f.ResourceFilteringBuildParticipant - Executing resource filtering for JsfEjbClient
2025-05-23 14:48:39,151 [Worker-2: Loading available Gradle versions] INFO  o.e.b.c.i.u.g.PublishedGradleVersions - Gradle version information cache is up-to-date. Trying to read.
2025-05-23 14:57:42,935 [Worker-21: Cleaning all projects] INFO  o.e.m.w.i.f.ResourceFilteringBuildParticipant - Cleaning filtered folder for JsfEjbClient
2025-05-23 14:57:44,869 [Worker-0: Building] INFO  o.a.m.s.f.DefaultMavenResourcesFiltering - skip non existing resourceDirectory C:\Users\satyaprakashm\Downloads\Day32_working\Day32_working\JsfEjbClient\src\main\resources
2025-05-23 14:57:44,878 [Worker-0: Building] INFO  o.a.m.s.f.DefaultMavenResourcesFiltering - skip non existing resourceDirectory C:\Users\satyaprakashm\Downloads\Day32_working\Day32_working\JsfEjbClient\src\test\resources
2025-05-23 14:57:44,879 [Worker-0: Building] INFO  o.e.m.w.i.f.ResourceFilteringBuildParticipant - Changed resources require a complete clean of filtered resources of JsfEjbClient
2025-05-23 14:57:44,880 [Worker-0: Building] INFO  o.e.m.w.i.f.ResourceFilteringBuildParticipant - Executing resource filtering for JsfEjbClient
2025-05-23 15:00:38,583 [Worker-8: Loading available Gradle versions] INFO  o.e.b.c.i.u.g.PublishedGradleVersions - Gradle version information cache is up-to-date. Trying to read.
2025-05-23 15:03:11,058 [Worker-12: Updating Maven Project] INFO  o.e.m.c.i.p.ProjectConfigurationManager - Update started
2025-05-23 15:03:11,943 [Worker-12: Updating Maven Project] INFO  o.e.m.c.i.l.LifecycleMappingFactory - Using org.maven.ide.eclipse.wtp.WarLifecycleMapping lifecycle mapping for MavenProject: infinite:JsfEjbClient:0.0.1-SNAPSHOT @ C:\Users\satyaprakashm\Downloads\Day32_working\Day32_working\JsfEjbClient\pom.xml.
2025-05-23 15:03:15,237 [Worker-12: Updating Maven Project] INFO  o.e.m.j.i.AbstractJavaProjectConfigurator - Adding source folder /JsfEjbClient/src/main/java
2025-05-23 15:03:15,240 [Worker-12: Updating Maven Project] INFO  o.e.m.j.i.AbstractJavaProjectConfigurator - Adding resource folder /JsfEjbClient/src/main/resources
2025-05-23 15:03:15,241 [Worker-12: Updating Maven Project] INFO  o.e.m.j.i.AbstractJavaProjectConfigurator - Adding source folder /JsfEjbClient/src/test/java
2025-05-23 15:03:15,242 [Worker-12: Updating Maven Project] INFO  o.e.m.j.i.AbstractJavaProjectConfigurator - Adding resource folder /JsfEjbClient/src/test/resources
2025-05-23 15:03:16,505 [Worker-12: Updating Maven Project] INFO  o.e.m.w.i.f.ResourceFilteringBuildParticipant - Cleaning filtered folder for JsfEjbClient
2025-05-23 15:03:16,570 [Worker-12: Updating Maven Project] INFO  o.e.m.c.i.p.ProjectConfigurationManager - Update completed for 1 poms: local refresh takes 0.00 sec, refresh facades takes 4.00 sec, update config takes 0.00 sec 
2025-05-23 15:03:17,969 [Worker-24: Building] INFO  o.a.m.s.f.DefaultMavenResourcesFiltering - skip non existing resourceDirectory C:\Users\satyaprakashm\Downloads\Day32_working\Day32_working\JsfEjbClient\src\main\resources
2025-05-23 15:03:17,977 [Worker-24: Building] INFO  o.a.m.s.f.DefaultMavenResourcesFiltering - skip non existing resourceDirectory C:\Users\satyaprakashm\Downloads\Day32_working\Day32_working\JsfEjbClient\src\test\resources
2025-05-23 15:03:17,978 [Worker-24: Building] INFO  o.e.m.w.i.f.ResourceFilteringBuildParticipant - Changed resources require a complete clean of filtered resources of JsfEjbClient
2025-05-23 15:03:17,979 [Worker-24: Building] INFO  o.e.m.w.i.f.ResourceFilteringBuildParticipant - Executing resource filtering for JsfEjbClient
2025-05-23 15:06:54,934 [Worker-2: Loading available Gradle versions] INFO  o.e.b.c.i.u.g.PublishedGradleVersions - Gradle version information cache is up-to-date. Trying to read.
2025-05-23 15:12:09,156 [Worker-4: Cleaning all projects] INFO  o.e.m.w.i.f.ResourceFilteringBuildParticipant - Cleaning filtered folder for JsfEjbClient
2025-05-23 15:12:11,875 [Worker-1: Building] INFO  o.a.m.s.f.DefaultMavenResourcesFiltering - skip non existing resourceDirectory C:\Users\satyaprakashm\Downloads\Day32_working\Day32_working\JsfEjbClient\src\main\resources
2025-05-23 15:12:11,881 [Worker-1: Building] INFO  o.a.m.s.f.DefaultMavenResourcesFiltering - skip non existing resourceDirectory C:\Users\satyaprakashm\Downloads\Day32_working\Day32_working\JsfEjbClient\src\test\resources
2025-05-23 15:12:11,882 [Worker-1: Building] INFO  o.e.m.w.i.f.ResourceFilteringBuildParticipant - Changed resources require a complete clean of filtered resources of JsfEjbClient
2025-05-23 15:12:11,883 [Worker-1: Building] INFO  o.e.m.w.i.f.ResourceFilteringBuildParticipant - Executing resource filtering for JsfEjbClient
2025-05-23 15:24:38,422 [Worker-6: Loading available Gradle versions] INFO  o.e.b.c.i.u.g.PublishedGradleVersions - Gradle version information cache is up-to-date. Trying to read.
2025-05-23 15:34:11,189 [Worker-23: Launching mavenrun-5c60b91e-0a2c-4ea5-aee2-e473730c9210] INFO  o.eclipse.m2e.core.internal.Bundles - getClasspathEntries(Bundle=org.eclipse.m2e.maven.runtime_3.9.900.20250220-2013 [637])
2025-05-23 15:34:11,194 [Worker-23: Launching mavenrun-5c60b91e-0a2c-4ea5-aee2-e473730c9210] INFO  o.eclipse.m2e.core.internal.Bundles - 	Entry: C:\Users\satyaprakashm\.p2\pool\plugins\org.eclipse.m2e.maven.runtime_3.9.900.20250220-2013
2025-05-23 15:34:11,194 [Worker-23: Launching mavenrun-5c60b91e-0a2c-4ea5-aee2-e473730c9210] INFO  o.eclipse.m2e.core.internal.Bundles - 	Entry: C:\Users\satyaprakashm\.p2\pool\plugins\org.eclipse.m2e.maven.runtime_3.9.900.20250220-2013\jars\aopalliance-1.0.jar
2025-05-23 15:34:11,194 [Worker-23: Launching mavenrun-5c60b91e-0a2c-4ea5-aee2-e473730c9210] INFO  o.eclipse.m2e.core.internal.Bundles - 	Entry: C:\Users\satyaprakashm\.p2\pool\plugins\org.eclipse.m2e.maven.runtime_3.9.900.20250220-2013\jars\guice-5.1.0.jar
2025-05-23 15:34:11,195 [Worker-23: Launching mavenrun-5c60b91e-0a2c-4ea5-aee2-e473730c9210] INFO  o.eclipse.m2e.core.internal.Bundles - 	Entry: C:\Users\satyaprakashm\.p2\pool\plugins\org.eclipse.m2e.maven.runtime_3.9.900.20250220-2013\jars\httpclient-4.5.14.jar
2025-05-23 15:34:11,195 [Worker-23: Launching mavenrun-5c60b91e-0a2c-4ea5-aee2-e473730c9210] INFO  o.eclipse.m2e.core.internal.Bundles - 	Entry: C:\Users\satyaprakashm\.p2\pool\plugins\org.eclipse.m2e.maven.runtime_3.9.900.20250220-2013\jars\httpcore-4.4.16.jar
2025-05-23 15:34:11,195 [Worker-23: Launching mavenrun-5c60b91e-0a2c-4ea5-aee2-e473730c9210] INFO  o.eclipse.m2e.core.internal.Bundles - 	Entry: C:\Users\satyaprakashm\.p2\pool\plugins\org.eclipse.m2e.maven.runtime_3.9.900.20250220-2013\jars\jansi-2.4.1.jar
2025-05-23 15:34:11,195 [Worker-23: Launching mavenrun-5c60b91e-0a2c-4ea5-aee2-e473730c9210] INFO  o.eclipse.m2e.core.internal.Bundles - 	Entry: C:\Users\satyaprakashm\.p2\pool\plugins\org.eclipse.m2e.maven.runtime_3.9.900.20250220-2013\jars\jcl-over-slf4j-1.7.36.jar
2025-05-23 15:34:11,195 [Worker-23: Launching mavenrun-5c60b91e-0a2c-4ea5-aee2-e473730c9210] INFO  o.eclipse.m2e.core.internal.Bundles - 	Entry: C:\Users\satyaprakashm\.p2\pool\plugins\org.eclipse.m2e.maven.runtime_3.9.900.20250220-2013\jars\maven-artifact-3.9.9.jar
2025-05-23 15:34:11,196 [Worker-23: Launching mavenrun-5c60b91e-0a2c-4ea5-aee2-e473730c9210] INFO  o.eclipse.m2e.core.internal.Bundles - 	Entry: C:\Users\satyaprakashm\.p2\pool\plugins\org.eclipse.m2e.maven.runtime_3.9.900.20250220-2013\jars\maven-builder-support-3.9.9.jar
2025-05-23 15:34:11,196 [Worker-23: Launching mavenrun-5c60b91e-0a2c-4ea5-aee2-e473730c9210] INFO  o.eclipse.m2e.core.internal.Bundles - 	Entry: C:\Users\satyaprakashm\.p2\pool\plugins\org.eclipse.m2e.maven.runtime_3.9.900.20250220-2013\jars\maven-compat-3.9.9.jar
2025-05-23 15:34:11,196 [Worker-23: Launching mavenrun-5c60b91e-0a2c-4ea5-aee2-e473730c9210] INFO  o.eclipse.m2e.core.internal.Bundles - 	Entry: C:\Users\satyaprakashm\.p2\pool\plugins\org.eclipse.m2e.maven.runtime_3.9.900.20250220-2013\jars\maven-core-3.9.9.jar
2025-05-23 15:34:11,196 [Worker-23: Launching mavenrun-5c60b91e-0a2c-4ea5-aee2-e473730c9210] INFO  o.eclipse.m2e.core.internal.Bundles - 	Entry: C:\Users\satyaprakashm\.p2\pool\plugins\org.eclipse.m2e.maven.runtime_3.9.900.20250220-2013\jars\maven-embedder-3.9.9.jar
2025-05-23 15:34:11,196 [Worker-23: Launching mavenrun-5c60b91e-0a2c-4ea5-aee2-e473730c9210] INFO  o.eclipse.m2e.core.internal.Bundles - 	Entry: C:\Users\satyaprakashm\.p2\pool\plugins\org.eclipse.m2e.maven.runtime_3.9.900.20250220-2013\jars\maven-model-3.9.9.jar
2025-05-23 15:34:11,197 [Worker-23: Launching mavenrun-5c60b91e-0a2c-4ea5-aee2-e473730c9210] INFO  o.eclipse.m2e.core.internal.Bundles - 	Entry: C:\Users\satyaprakashm\.p2\pool\plugins\org.eclipse.m2e.maven.runtime_3.9.900.20250220-2013\jars\maven-model-builder-3.9.9.jar
2025-05-23 15:34:11,197 [Worker-23: Launching mavenrun-5c60b91e-0a2c-4ea5-aee2-e473730c9210] INFO  o.eclipse.m2e.core.internal.Bundles - 	Entry: C:\Users\satyaprakashm\.p2\pool\plugins\org.eclipse.m2e.maven.runtime_3.9.900.20250220-2013\jars\maven-plugin-api-3.9.9.jar
2025-05-23 15:34:11,197 [Worker-23: Launching mavenrun-5c60b91e-0a2c-4ea5-aee2-e473730c9210] INFO  o.eclipse.m2e.core.internal.Bundles - 	Entry: C:\Users\satyaprakashm\.p2\pool\plugins\org.eclipse.m2e.maven.runtime_3.9.900.20250220-2013\jars\maven-repository-metadata-3.9.9.jar
2025-05-23 15:34:11,197 [Worker-23: Launching mavenrun-5c60b91e-0a2c-4ea5-aee2-e473730c9210] INFO  o.eclipse.m2e.core.internal.Bundles - 	Entry: C:\Users\satyaprakashm\.p2\pool\plugins\org.eclipse.m2e.maven.runtime_3.9.900.20250220-2013\jars\maven-resolver-api-1.9.22.jar
2025-05-23 15:34:11,197 [Worker-23: Launching mavenrun-5c60b91e-0a2c-4ea5-aee2-e473730c9210] INFO  o.eclipse.m2e.core.internal.Bundles - 	Entry: C:\Users\satyaprakashm\.p2\pool\plugins\org.eclipse.m2e.maven.runtime_3.9.900.20250220-2013\jars\maven-resolver-connector-basic-1.9.22.jar
2025-05-23 15:34:11,198 [Worker-23: Launching mavenrun-5c60b91e-0a2c-4ea5-aee2-e473730c9210] INFO  o.eclipse.m2e.core.internal.Bundles - 	Entry: C:\Users\satyaprakashm\.p2\pool\plugins\org.eclipse.m2e.maven.runtime_3.9.900.20250220-2013\jars\maven-resolver-impl-1.9.22.jar
2025-05-23 15:34:11,198 [Worker-23: Launching mavenrun-5c60b91e-0a2c-4ea5-aee2-e473730c9210] INFO  o.eclipse.m2e.core.internal.Bundles - 	Entry: C:\Users\satyaprakashm\.p2\pool\plugins\org.eclipse.m2e.maven.runtime_3.9.900.20250220-2013\jars\maven-resolver-named-locks-1.9.22.jar
2025-05-23 15:34:11,198 [Worker-23: Launching mavenrun-5c60b91e-0a2c-4ea5-aee2-e473730c9210] INFO  o.eclipse.m2e.core.internal.Bundles - 	Entry: C:\Users\satyaprakashm\.p2\pool\plugins\org.eclipse.m2e.maven.runtime_3.9.900.20250220-2013\jars\maven-resolver-provider-3.9.9.jar
2025-05-23 15:34:11,198 [Worker-23: Launching mavenrun-5c60b91e-0a2c-4ea5-aee2-e473730c9210] INFO  o.eclipse.m2e.core.internal.Bundles - 	Entry: C:\Users\satyaprakashm\.p2\pool\plugins\org.eclipse.m2e.maven.runtime_3.9.900.20250220-2013\jars\maven-resolver-spi-1.9.22.jar
2025-05-23 15:34:11,198 [Worker-23: Launching mavenrun-5c60b91e-0a2c-4ea5-aee2-e473730c9210] INFO  o.eclipse.m2e.core.internal.Bundles - 	Entry: C:\Users\satyaprakashm\.p2\pool\plugins\org.eclipse.m2e.maven.runtime_3.9.900.20250220-2013\jars\maven-resolver-transport-file-1.9.22.jar
2025-05-23 15:34:11,198 [Worker-23: Launching mavenrun-5c60b91e-0a2c-4ea5-aee2-e473730c9210] INFO  o.eclipse.m2e.core.internal.Bundles - 	Entry: C:\Users\satyaprakashm\.p2\pool\plugins\org.eclipse.m2e.maven.runtime_3.9.900.20250220-2013\jars\maven-resolver-transport-http-1.9.22.jar
2025-05-23 15:34:11,199 [Worker-23: Launching mavenrun-5c60b91e-0a2c-4ea5-aee2-e473730c9210] INFO  o.eclipse.m2e.core.internal.Bundles - 	Entry: C:\Users\satyaprakashm\.p2\pool\plugins\org.eclipse.m2e.maven.runtime_3.9.900.20250220-2013\jars\maven-resolver-transport-wagon-1.9.22.jar
2025-05-23 15:34:11,199 [Worker-23: Launching mavenrun-5c60b91e-0a2c-4ea5-aee2-e473730c9210] INFO  o.eclipse.m2e.core.internal.Bundles - 	Entry: C:\Users\satyaprakashm\.p2\pool\plugins\org.eclipse.m2e.maven.runtime_3.9.900.20250220-2013\jars\maven-resolver-util-1.9.22.jar
2025-05-23 15:34:11,199 [Worker-23: Launching mavenrun-5c60b91e-0a2c-4ea5-aee2-e473730c9210] INFO  o.eclipse.m2e.core.internal.Bundles - 	Entry: C:\Users\satyaprakashm\.p2\pool\plugins\org.eclipse.m2e.maven.runtime_3.9.900.20250220-2013\jars\maven-settings-3.9.9.jar
2025-05-23 15:34:11,199 [Worker-23: Launching mavenrun-5c60b91e-0a2c-4ea5-aee2-e473730c9210] INFO  o.eclipse.m2e.core.internal.Bundles - 	Entry: C:\Users\satyaprakashm\.p2\pool\plugins\org.eclipse.m2e.maven.runtime_3.9.900.20250220-2013\jars\maven-settings-builder-3.9.9.jar
2025-05-23 15:34:11,199 [Worker-23: Launching mavenrun-5c60b91e-0a2c-4ea5-aee2-e473730c9210] INFO  o.eclipse.m2e.core.internal.Bundles - 	Entry: C:\Users\satyaprakashm\.p2\pool\plugins\org.eclipse.m2e.maven.runtime_3.9.900.20250220-2013\jars\maven-shared-utils-3.4.2.jar
2025-05-23 15:34:11,199 [Worker-23: Launching mavenrun-5c60b91e-0a2c-4ea5-aee2-e473730c9210] INFO  o.eclipse.m2e.core.internal.Bundles - 	Entry: C:\Users\satyaprakashm\.p2\pool\plugins\org.eclipse.m2e.maven.runtime_3.9.900.20250220-2013\jars\org.eclipse.sisu.inject-0.9.0.M3.jar
2025-05-23 15:34:11,200 [Worker-23: Launching mavenrun-5c60b91e-0a2c-4ea5-aee2-e473730c9210] INFO  o.eclipse.m2e.core.internal.Bundles - 	Entry: C:\Users\satyaprakashm\.p2\pool\plugins\org.eclipse.m2e.maven.runtime_3.9.900.20250220-2013\jars\org.eclipse.sisu.plexus-0.9.0.M3.jar
2025-05-23 15:34:11,200 [Worker-23: Launching mavenrun-5c60b91e-0a2c-4ea5-aee2-e473730c9210] INFO  o.eclipse.m2e.core.internal.Bundles - 	Entry: C:\Users\satyaprakashm\.p2\pool\plugins\org.eclipse.m2e.maven.runtime_3.9.900.20250220-2013\jars\plexus-build-api-0.0.7.jar
2025-05-23 15:34:11,200 [Worker-23: Launching mavenrun-5c60b91e-0a2c-4ea5-aee2-e473730c9210] INFO  o.eclipse.m2e.core.internal.Bundles - 	Entry: C:\Users\satyaprakashm\.p2\pool\plugins\org.eclipse.m2e.maven.runtime_3.9.900.20250220-2013\jars\plexus-build-api-1.2.0.jar
2025-05-23 15:34:11,200 [Worker-23: Launching mavenrun-5c60b91e-0a2c-4ea5-aee2-e473730c9210] INFO  o.eclipse.m2e.core.internal.Bundles - 	Entry: C:\Users\satyaprakashm\.p2\pool\plugins\org.eclipse.m2e.maven.runtime_3.9.900.20250220-2013\jars\plexus-cipher-2.0.jar
2025-05-23 15:34:11,200 [Worker-23: Launching mavenrun-5c60b91e-0a2c-4ea5-aee2-e473730c9210] INFO  o.eclipse.m2e.core.internal.Bundles - 	Entry: C:\Users\satyaprakashm\.p2\pool\plugins\org.eclipse.m2e.maven.runtime_3.9.900.20250220-2013\jars\plexus-classworlds-2.8.0.jar
2025-05-23 15:34:11,201 [Worker-23: Launching mavenrun-5c60b91e-0a2c-4ea5-aee2-e473730c9210] INFO  o.eclipse.m2e.core.internal.Bundles - 	Entry: C:\Users\satyaprakashm\.p2\pool\plugins\org.eclipse.m2e.maven.runtime_3.9.900.20250220-2013\jars\plexus-component-annotations-2.1.0.jar
2025-05-23 15:34:11,201 [Worker-23: Launching mavenrun-5c60b91e-0a2c-4ea5-aee2-e473730c9210] INFO  o.eclipse.m2e.core.internal.Bundles - 	Entry: C:\Users\satyaprakashm\.p2\pool\plugins\org.eclipse.m2e.maven.runtime_3.9.900.20250220-2013\jars\plexus-interpolation-1.27.jar
2025-05-23 15:34:11,201 [Worker-23: Launching mavenrun-5c60b91e-0a2c-4ea5-aee2-e473730c9210] INFO  o.eclipse.m2e.core.internal.Bundles - 	Entry: C:\Users\satyaprakashm\.p2\pool\plugins\org.eclipse.m2e.maven.runtime_3.9.900.20250220-2013\jars\plexus-sec-dispatcher-2.0.jar
2025-05-23 15:34:11,201 [Worker-23: Launching mavenrun-5c60b91e-0a2c-4ea5-aee2-e473730c9210] INFO  o.eclipse.m2e.core.internal.Bundles - 	Entry: C:\Users\satyaprakashm\.p2\pool\plugins\org.eclipse.m2e.maven.runtime_3.9.900.20250220-2013\jars\plexus-utils-3.5.1.jar
2025-05-23 15:34:11,202 [Worker-23: Launching mavenrun-5c60b91e-0a2c-4ea5-aee2-e473730c9210] INFO  o.eclipse.m2e.core.internal.Bundles - 	Entry: C:\Users\satyaprakashm\.p2\pool\plugins\org.eclipse.m2e.maven.runtime_3.9.900.20250220-2013\jars\plexus-xml-3.0.1.jar
2025-05-23 15:34:11,202 [Worker-23: Launching mavenrun-5c60b91e-0a2c-4ea5-aee2-e473730c9210] INFO  o.eclipse.m2e.core.internal.Bundles - 	Entry: C:\Users\satyaprakashm\.p2\pool\plugins\org.eclipse.m2e.maven.runtime_3.9.900.20250220-2013\jars\wagon-file-3.5.3.jar
2025-05-23 15:34:11,203 [Worker-23: Launching mavenrun-5c60b91e-0a2c-4ea5-aee2-e473730c9210] INFO  o.eclipse.m2e.core.internal.Bundles - 	Entry: C:\Users\satyaprakashm\.p2\pool\plugins\org.eclipse.m2e.maven.runtime_3.9.900.20250220-2013\jars\wagon-http-3.5.3.jar
2025-05-23 15:34:11,203 [Worker-23: Launching mavenrun-5c60b91e-0a2c-4ea5-aee2-e473730c9210] INFO  o.eclipse.m2e.core.internal.Bundles - 	Entry: C:\Users\satyaprakashm\.p2\pool\plugins\org.eclipse.m2e.maven.runtime_3.9.900.20250220-2013\jars\wagon-http-shared-3.5.3.jar
2025-05-23 15:34:11,203 [Worker-23: Launching mavenrun-5c60b91e-0a2c-4ea5-aee2-e473730c9210] INFO  o.eclipse.m2e.core.internal.Bundles - 	Entry: C:\Users\satyaprakashm\.p2\pool\plugins\org.eclipse.m2e.maven.runtime_3.9.900.20250220-2013\jars\wagon-provider-api-3.5.3.jar
2025-05-23 15:34:11,206 [Worker-23: Launching mavenrun-5c60b91e-0a2c-4ea5-aee2-e473730c9210] INFO  o.eclipse.m2e.core.internal.Bundles - getClasspathEntries(Bundle=com.google.guava_33.4.6.jre [16])
2025-05-23 15:34:11,206 [Worker-23: Launching mavenrun-5c60b91e-0a2c-4ea5-aee2-e473730c9210] INFO  o.eclipse.m2e.core.internal.Bundles - 	Entry: C:\Users\satyaprakashm\.p2\pool\plugins\com.google.guava_33.4.6.jre.jar
2025-05-23 15:34:11,206 [Worker-23: Launching mavenrun-5c60b91e-0a2c-4ea5-aee2-e473730c9210] INFO  o.eclipse.m2e.core.internal.Bundles - getClasspathEntries(Bundle=slf4j.api_2.0.17 [1004])
2025-05-23 15:34:11,207 [Worker-23: Launching mavenrun-5c60b91e-0a2c-4ea5-aee2-e473730c9210] INFO  o.eclipse.m2e.core.internal.Bundles - 	Entry: C:\Users\satyaprakashm\.p2\pool\plugins\slf4j.api_2.0.17.jar
2025-05-23 15:34:11,207 [Worker-23: Launching mavenrun-5c60b91e-0a2c-4ea5-aee2-e473730c9210] INFO  o.eclipse.m2e.core.internal.Bundles - getClasspathEntries(Bundle=javax.inject_1.0.0.v20220405-0441 [1014])
2025-05-23 15:34:11,208 [Worker-23: Launching mavenrun-5c60b91e-0a2c-4ea5-aee2-e473730c9210] INFO  o.eclipse.m2e.core.internal.Bundles - 	Entry: C:\Users\satyaprakashm\.p2\pool\plugins\javax.inject_1.0.0.v20220405-0441.jar
2025-05-23 15:34:11,208 [Worker-23: Launching mavenrun-5c60b91e-0a2c-4ea5-aee2-e473730c9210] INFO  o.eclipse.m2e.core.internal.Bundles - getClasspathEntries(Bundle=javax.annotation_1.3.5.v20230504-0748 [1013])
2025-05-23 15:34:11,208 [Worker-23: Launching mavenrun-5c60b91e-0a2c-4ea5-aee2-e473730c9210] INFO  o.eclipse.m2e.core.internal.Bundles - 	Entry: C:\Users\satyaprakashm\.p2\pool\plugins\javax.annotation_1.3.5.v20230504-0748.jar
2025-05-23 15:34:11,208 [Worker-23: Launching mavenrun-5c60b91e-0a2c-4ea5-aee2-e473730c9210] INFO  o.eclipse.m2e.core.internal.Bundles - getClasspathEntries(Bundle=org.apache.commons.cli_1.9.0 [74])
2025-05-23 15:34:11,209 [Worker-23: Launching mavenrun-5c60b91e-0a2c-4ea5-aee2-e473730c9210] INFO  o.eclipse.m2e.core.internal.Bundles - 	Entry: C:\Users\satyaprakashm\.p2\pool\plugins\org.apache.commons.cli_1.9.0.jar
2025-05-23 15:34:11,209 [Worker-23: Launching mavenrun-5c60b91e-0a2c-4ea5-aee2-e473730c9210] INFO  o.eclipse.m2e.core.internal.Bundles - getClasspathEntries(Bundle=org.apache.commons.commons-codec_1.16.0 [76])
2025-05-23 15:34:11,209 [Worker-23: Launching mavenrun-5c60b91e-0a2c-4ea5-aee2-e473730c9210] INFO  o.eclipse.m2e.core.internal.Bundles - 	Entry: C:\Users\satyaprakashm\.p2\pool\plugins\org.apache.commons.commons-codec_1.16.0.jar
2025-05-23 15:34:11,209 [Worker-23: Launching mavenrun-5c60b91e-0a2c-4ea5-aee2-e473730c9210] INFO  o.eclipse.m2e.core.internal.Bundles - getClasspathEntries(Bundle=com.google.guava.failureaccess_1.0.3 [17])
2025-05-23 15:34:11,210 [Worker-23: Launching mavenrun-5c60b91e-0a2c-4ea5-aee2-e473730c9210] INFO  o.eclipse.m2e.core.internal.Bundles - 	Entry: C:\Users\satyaprakashm\.p2\pool\plugins\com.google.guava.failureaccess_1.0.3.jar
2025-05-23 15:34:11,214 [Worker-23: Launching mavenrun-5c60b91e-0a2c-4ea5-aee2-e473730c9210] INFO  o.e.m.i.launch.MavenLaunchDelegate - Run build in "C:\Users\SATYAP~1\AppData\Local\Temp\m2e-archetypeGenerator11602352113881877259":
2025-05-23 15:34:11,215 [Worker-23: Launching mavenrun-5c60b91e-0a2c-4ea5-aee2-e473730c9210] INFO  o.e.m.i.launch.MavenLaunchDelegate -  mvn  -DarchetypeGroupId=org.glassfish.jersey.archetypes -DarchetypeArtifactId=jersey-quickstart-webapp -DarchetypeVersion=4.0.0-M2 -DgroupId=infinite -DartifactId=JsfEjbClient1 -Dversion=0.0.1-SNAPSHOT -Dpackage=com.java.ejb -DoutputDirectory="C:\Java Training\Day32Part2" -Dstyle.color=always -U archetype:generate
2025-05-23 15:34:35,713 [Worker-27: Creating jersey-quickstart-webapp] INFO  o.e.m.c.i.p.ProjectConfigurationManager - Collecting project info '/pom.xml' C:\Java Training\Day32Part2\JsfEjbClient1\pom.xml
2025-05-23 15:34:36,400 [Worker-27: Creating jersey-quickstart-webapp] INFO  o.e.m.c.i.l.LifecycleMappingFactory - Using org.maven.ide.eclipse.wtp.WarLifecycleMapping lifecycle mapping for MavenProject: infinite:JsfEjbClient1:0.0.1-SNAPSHOT @ C:\Java Training\Day32Part2\JsfEjbClient1\pom.xml.
2025-05-23 15:34:37,885 [Worker-27: Creating jersey-quickstart-webapp] INFO  o.e.m.j.i.AbstractJavaProjectConfigurator - Adding source folder /JsfEjbClient1/src/main/java
2025-05-23 15:34:37,889 [Worker-27: Creating jersey-quickstart-webapp] INFO  o.e.m.j.i.AbstractJavaProjectConfigurator - Adding resource folder /JsfEjbClient1/src/main/resources
2025-05-23 15:34:37,895 [Worker-27: Creating jersey-quickstart-webapp] INFO  o.e.m.j.i.AbstractJavaProjectConfigurator - Adding source folder /JsfEjbClient1/src/test/java
2025-05-23 15:34:37,897 [Worker-27: Creating jersey-quickstart-webapp] INFO  o.e.m.j.i.AbstractJavaProjectConfigurator - Adding resource folder /JsfEjbClient1/src/test/resources
2025-05-23 15:34:38,511 [Worker-27: Creating jersey-quickstart-webapp] INFO  o.e.m.c.i.p.ProjectConfigurationManager - Imported and configured 1 project(s) in 2 sec
2025-05-23 15:34:38,861 [Worker-30: Building] INFO  o.a.m.s.f.DefaultMavenResourcesFiltering - skip non existing resourceDirectory C:\Java Training\Day32Part2\JsfEjbClient1\src\main\resources
2025-05-23 15:34:38,868 [Worker-30: Building] INFO  o.a.m.s.f.DefaultMavenResourcesFiltering - skip non existing resourceDirectory C:\Java Training\Day32Part2\JsfEjbClient1\src\test\resources
2025-05-23 15:34:40,411 [Worker-14: Building] INFO  o.a.m.s.f.DefaultMavenResourcesFiltering - skip non existing resourceDirectory C:\Java Training\Day32Part2\JsfEjbClient1\src\main\resources
2025-05-23 15:34:40,414 [Worker-14: Building] INFO  o.a.m.s.f.DefaultMavenResourcesFiltering - skip non existing resourceDirectory C:\Java Training\Day32Part2\JsfEjbClient1\src\test\resources
2025-05-23 15:34:44,350 [Worker-30: Building] INFO  o.a.m.s.f.DefaultMavenResourcesFiltering - skip non existing resourceDirectory C:\Java Training\Day32Part2\JsfEjbClient1\src\main\resources
2025-05-23 15:34:44,353 [Worker-30: Building] INFO  o.a.m.s.f.DefaultMavenResourcesFiltering - skip non existing resourceDirectory C:\Java Training\Day32Part2\JsfEjbClient1\src\test\resources
2025-05-23 15:35:03,592 [Worker-31: Building] INFO  o.a.m.s.f.DefaultMavenResourcesFiltering - skip non existing resourceDirectory C:\Java Training\Day32Part2\JsfEjbClient1\src\main\resources
2025-05-23 15:35:03,596 [Worker-31: Building] INFO  o.a.m.s.f.DefaultMavenResourcesFiltering - skip non existing resourceDirectory C:\Java Training\Day32Part2\JsfEjbClient1\src\test\resources
2025-05-23 15:35:47,819 [Worker-31: Building] INFO  o.a.m.s.f.DefaultMavenResourcesFiltering - skip non existing resourceDirectory C:\Java Training\Day32Part2\JsfEjbClient1\src\main\resources
2025-05-23 15:35:47,823 [Worker-31: Building] INFO  o.a.m.s.f.DefaultMavenResourcesFiltering - skip non existing resourceDirectory C:\Java Training\Day32Part2\JsfEjbClient1\src\test\resources
2025-05-23 15:39:09,776 [Worker-30: Building] INFO  o.e.m.c.i.l.LifecycleMappingFactory - Using org.maven.ide.eclipse.wtp.WarLifecycleMapping lifecycle mapping for MavenProject: infinite:JsfEjbClient:0.0.1-SNAPSHOT @ C:\Users\satyaprakashm\Downloads\Day32_working\Day32_working\JsfEjbClient\pom.xml.
2025-05-23 15:39:13,142 [Worker-30: Building] INFO  o.a.m.s.f.DefaultMavenResourcesFiltering - skip non existing resourceDirectory C:\Users\satyaprakashm\Downloads\Day32_working\Day32_working\JsfEjbClient\src\main\resources
2025-05-23 15:39:13,146 [Worker-30: Building] INFO  o.a.m.s.f.DefaultMavenResourcesFiltering - skip non existing resourceDirectory C:\Users\satyaprakashm\Downloads\Day32_working\Day32_working\JsfEjbClient\src\test\resources
2025-05-23 15:39:14,332 [Worker-30: Updating Maven Dependencies] INFO  o.e.m.c.i.l.LifecycleMappingFactory - Using org.maven.ide.eclipse.wtp.WarLifecycleMapping lifecycle mapping for MavenProject: infinite:JsfEjbClient:0.0.1-SNAPSHOT @ C:\Users\satyaprakashm\Downloads\Day32_working\Day32_working\JsfEjbClient\pom.xml.
2025-05-23 15:39:15,705 [Worker-31: Building] INFO  o.a.m.s.f.DefaultMavenResourcesFiltering - skip non existing resourceDirectory C:\Users\satyaprakashm\Downloads\Day32_working\Day32_working\JsfEjbClient\src\main\resources
2025-05-23 15:39:15,711 [Worker-31: Building] INFO  o.a.m.s.f.DefaultMavenResourcesFiltering - skip non existing resourceDirectory C:\Users\satyaprakashm\Downloads\Day32_working\Day32_working\JsfEjbClient\src\test\resources
2025-05-23 15:39:15,712 [Worker-31: Building] INFO  o.e.m.w.i.f.ResourceFilteringBuildParticipant - Changed resources require a complete clean of filtered resources of JsfEjbClient
2025-05-23 15:39:15,717 [Worker-31: Building] INFO  o.e.m.w.i.f.ResourceFilteringBuildParticipant - Executing resource filtering for JsfEjbClient
2025-05-23 15:43:43,858 [Worker-1: Loading available Gradle versions] INFO  o.e.b.c.i.u.g.PublishedGradleVersions - Gradle version information cache is up-to-date. Trying to read.
