2025-06-04 16:27:16,646 [Worker-1: Loading available Gradle versions] INFO  o.e.b.c.i.u.g.PublishedGradleVersions - Gradle version information cache is not available. Remote download required.
2025-06-04 16:31:21,896 [Worker-5: Launching mavenrun-47af05a8-c268-41ed-bd68-e5478ffcbf7b] INFO  o.eclipse.m2e.core.internal.Bundles - getClasspathEntries(Bundle=org.eclipse.m2e.maven.runtime_3.9.900.20250220-2013 [637])
2025-06-04 16:31:21,900 [Worker-5: Launching mavenrun-47af05a8-c268-41ed-bd68-e5478ffcbf7b] INFO  o.eclipse.m2e.core.internal.Bundles - 	Entry: C:\Users\satyaprakashm\.p2\pool\plugins\org.eclipse.m2e.maven.runtime_3.9.900.20250220-2013
2025-06-04 16:31:21,901 [Worker-5: Launching mavenrun-47af05a8-c268-41ed-bd68-e5478ffcbf7b] INFO  o.eclipse.m2e.core.internal.Bundles - 	Entry: C:\Users\satyaprakashm\.p2\pool\plugins\org.eclipse.m2e.maven.runtime_3.9.900.20250220-2013\jars\aopalliance-1.0.jar
2025-06-04 16:31:21,901 [Worker-5: Launching mavenrun-47af05a8-c268-41ed-bd68-e5478ffcbf7b] INFO  o.eclipse.m2e.core.internal.Bundles - 	Entry: C:\Users\satyaprakashm\.p2\pool\plugins\org.eclipse.m2e.maven.runtime_3.9.900.20250220-2013\jars\guice-5.1.0.jar
2025-06-04 16:31:21,902 [Worker-5: Launching mavenrun-47af05a8-c268-41ed-bd68-e5478ffcbf7b] INFO  o.eclipse.m2e.core.internal.Bundles - 	Entry: C:\Users\satyaprakashm\.p2\pool\plugins\org.eclipse.m2e.maven.runtime_3.9.900.20250220-2013\jars\httpclient-4.5.14.jar
2025-06-04 16:31:21,902 [Worker-5: Launching mavenrun-47af05a8-c268-41ed-bd68-e5478ffcbf7b] INFO  o.eclipse.m2e.core.internal.Bundles - 	Entry: C:\Users\satyaprakashm\.p2\pool\plugins\org.eclipse.m2e.maven.runtime_3.9.900.20250220-2013\jars\httpcore-4.4.16.jar
2025-06-04 16:31:21,902 [Worker-5: Launching mavenrun-47af05a8-c268-41ed-bd68-e5478ffcbf7b] INFO  o.eclipse.m2e.core.internal.Bundles - 	Entry: C:\Users\satyaprakashm\.p2\pool\plugins\org.eclipse.m2e.maven.runtime_3.9.900.20250220-2013\jars\jansi-2.4.1.jar
2025-06-04 16:31:21,902 [Worker-5: Launching mavenrun-47af05a8-c268-41ed-bd68-e5478ffcbf7b] INFO  o.eclipse.m2e.core.internal.Bundles - 	Entry: C:\Users\satyaprakashm\.p2\pool\plugins\org.eclipse.m2e.maven.runtime_3.9.900.20250220-2013\jars\jcl-over-slf4j-1.7.36.jar
2025-06-04 16:31:21,902 [Worker-5: Launching mavenrun-47af05a8-c268-41ed-bd68-e5478ffcbf7b] INFO  o.eclipse.m2e.core.internal.Bundles - 	Entry: C:\Users\satyaprakashm\.p2\pool\plugins\org.eclipse.m2e.maven.runtime_3.9.900.20250220-2013\jars\maven-artifact-3.9.9.jar
2025-06-04 16:31:21,903 [Worker-5: Launching mavenrun-47af05a8-c268-41ed-bd68-e5478ffcbf7b] INFO  o.eclipse.m2e.core.internal.Bundles - 	Entry: C:\Users\satyaprakashm\.p2\pool\plugins\org.eclipse.m2e.maven.runtime_3.9.900.20250220-2013\jars\maven-builder-support-3.9.9.jar
2025-06-04 16:31:21,903 [Worker-5: Launching mavenrun-47af05a8-c268-41ed-bd68-e5478ffcbf7b] INFO  o.eclipse.m2e.core.internal.Bundles - 	Entry: C:\Users\satyaprakashm\.p2\pool\plugins\org.eclipse.m2e.maven.runtime_3.9.900.20250220-2013\jars\maven-compat-3.9.9.jar
2025-06-04 16:31:21,903 [Worker-5: Launching mavenrun-47af05a8-c268-41ed-bd68-e5478ffcbf7b] INFO  o.eclipse.m2e.core.internal.Bundles - 	Entry: C:\Users\satyaprakashm\.p2\pool\plugins\org.eclipse.m2e.maven.runtime_3.9.900.20250220-2013\jars\maven-core-3.9.9.jar
2025-06-04 16:31:21,904 [Worker-5: Launching mavenrun-47af05a8-c268-41ed-bd68-e5478ffcbf7b] INFO  o.eclipse.m2e.core.internal.Bundles - 	Entry: C:\Users\satyaprakashm\.p2\pool\plugins\org.eclipse.m2e.maven.runtime_3.9.900.20250220-2013\jars\maven-embedder-3.9.9.jar
2025-06-04 16:31:21,904 [Worker-5: Launching mavenrun-47af05a8-c268-41ed-bd68-e5478ffcbf7b] INFO  o.eclipse.m2e.core.internal.Bundles - 	Entry: C:\Users\satyaprakashm\.p2\pool\plugins\org.eclipse.m2e.maven.runtime_3.9.900.20250220-2013\jars\maven-model-3.9.9.jar
2025-06-04 16:31:21,904 [Worker-5: Launching mavenrun-47af05a8-c268-41ed-bd68-e5478ffcbf7b] INFO  o.eclipse.m2e.core.internal.Bundles - 	Entry: C:\Users\satyaprakashm\.p2\pool\plugins\org.eclipse.m2e.maven.runtime_3.9.900.20250220-2013\jars\maven-model-builder-3.9.9.jar
2025-06-04 16:31:21,904 [Worker-5: Launching mavenrun-47af05a8-c268-41ed-bd68-e5478ffcbf7b] INFO  o.eclipse.m2e.core.internal.Bundles - 	Entry: C:\Users\satyaprakashm\.p2\pool\plugins\org.eclipse.m2e.maven.runtime_3.9.900.20250220-2013\jars\maven-plugin-api-3.9.9.jar
2025-06-04 16:31:21,905 [Worker-5: Launching mavenrun-47af05a8-c268-41ed-bd68-e5478ffcbf7b] INFO  o.eclipse.m2e.core.internal.Bundles - 	Entry: C:\Users\satyaprakashm\.p2\pool\plugins\org.eclipse.m2e.maven.runtime_3.9.900.20250220-2013\jars\maven-repository-metadata-3.9.9.jar
2025-06-04 16:31:21,905 [Worker-5: Launching mavenrun-47af05a8-c268-41ed-bd68-e5478ffcbf7b] INFO  o.eclipse.m2e.core.internal.Bundles - 	Entry: C:\Users\satyaprakashm\.p2\pool\plugins\org.eclipse.m2e.maven.runtime_3.9.900.20250220-2013\jars\maven-resolver-api-1.9.22.jar
2025-06-04 16:31:21,905 [Worker-5: Launching mavenrun-47af05a8-c268-41ed-bd68-e5478ffcbf7b] INFO  o.eclipse.m2e.core.internal.Bundles - 	Entry: C:\Users\satyaprakashm\.p2\pool\plugins\org.eclipse.m2e.maven.runtime_3.9.900.20250220-2013\jars\maven-resolver-connector-basic-1.9.22.jar
2025-06-04 16:31:21,905 [Worker-5: Launching mavenrun-47af05a8-c268-41ed-bd68-e5478ffcbf7b] INFO  o.eclipse.m2e.core.internal.Bundles - 	Entry: C:\Users\satyaprakashm\.p2\pool\plugins\org.eclipse.m2e.maven.runtime_3.9.900.20250220-2013\jars\maven-resolver-impl-1.9.22.jar
2025-06-04 16:31:21,905 [Worker-5: Launching mavenrun-47af05a8-c268-41ed-bd68-e5478ffcbf7b] INFO  o.eclipse.m2e.core.internal.Bundles - 	Entry: C:\Users\satyaprakashm\.p2\pool\plugins\org.eclipse.m2e.maven.runtime_3.9.900.20250220-2013\jars\maven-resolver-named-locks-1.9.22.jar
2025-06-04 16:31:21,906 [Worker-5: Launching mavenrun-47af05a8-c268-41ed-bd68-e5478ffcbf7b] INFO  o.eclipse.m2e.core.internal.Bundles - 	Entry: C:\Users\satyaprakashm\.p2\pool\plugins\org.eclipse.m2e.maven.runtime_3.9.900.20250220-2013\jars\maven-resolver-provider-3.9.9.jar
2025-06-04 16:31:21,906 [Worker-5: Launching mavenrun-47af05a8-c268-41ed-bd68-e5478ffcbf7b] INFO  o.eclipse.m2e.core.internal.Bundles - 	Entry: C:\Users\satyaprakashm\.p2\pool\plugins\org.eclipse.m2e.maven.runtime_3.9.900.20250220-2013\jars\maven-resolver-spi-1.9.22.jar
2025-06-04 16:31:21,906 [Worker-5: Launching mavenrun-47af05a8-c268-41ed-bd68-e5478ffcbf7b] INFO  o.eclipse.m2e.core.internal.Bundles - 	Entry: C:\Users\satyaprakashm\.p2\pool\plugins\org.eclipse.m2e.maven.runtime_3.9.900.20250220-2013\jars\maven-resolver-transport-file-1.9.22.jar
2025-06-04 16:31:21,906 [Worker-5: Launching mavenrun-47af05a8-c268-41ed-bd68-e5478ffcbf7b] INFO  o.eclipse.m2e.core.internal.Bundles - 	Entry: C:\Users\satyaprakashm\.p2\pool\plugins\org.eclipse.m2e.maven.runtime_3.9.900.20250220-2013\jars\maven-resolver-transport-http-1.9.22.jar
2025-06-04 16:31:21,907 [Worker-5: Launching mavenrun-47af05a8-c268-41ed-bd68-e5478ffcbf7b] INFO  o.eclipse.m2e.core.internal.Bundles - 	Entry: C:\Users\satyaprakashm\.p2\pool\plugins\org.eclipse.m2e.maven.runtime_3.9.900.20250220-2013\jars\maven-resolver-transport-wagon-1.9.22.jar
2025-06-04 16:31:21,907 [Worker-5: Launching mavenrun-47af05a8-c268-41ed-bd68-e5478ffcbf7b] INFO  o.eclipse.m2e.core.internal.Bundles - 	Entry: C:\Users\satyaprakashm\.p2\pool\plugins\org.eclipse.m2e.maven.runtime_3.9.900.20250220-2013\jars\maven-resolver-util-1.9.22.jar
2025-06-04 16:31:21,907 [Worker-5: Launching mavenrun-47af05a8-c268-41ed-bd68-e5478ffcbf7b] INFO  o.eclipse.m2e.core.internal.Bundles - 	Entry: C:\Users\satyaprakashm\.p2\pool\plugins\org.eclipse.m2e.maven.runtime_3.9.900.20250220-2013\jars\maven-settings-3.9.9.jar
2025-06-04 16:31:21,907 [Worker-5: Launching mavenrun-47af05a8-c268-41ed-bd68-e5478ffcbf7b] INFO  o.eclipse.m2e.core.internal.Bundles - 	Entry: C:\Users\satyaprakashm\.p2\pool\plugins\org.eclipse.m2e.maven.runtime_3.9.900.20250220-2013\jars\maven-settings-builder-3.9.9.jar
2025-06-04 16:31:21,908 [Worker-5: Launching mavenrun-47af05a8-c268-41ed-bd68-e5478ffcbf7b] INFO  o.eclipse.m2e.core.internal.Bundles - 	Entry: C:\Users\satyaprakashm\.p2\pool\plugins\org.eclipse.m2e.maven.runtime_3.9.900.20250220-2013\jars\maven-shared-utils-3.4.2.jar
2025-06-04 16:31:21,908 [Worker-5: Launching mavenrun-47af05a8-c268-41ed-bd68-e5478ffcbf7b] INFO  o.eclipse.m2e.core.internal.Bundles - 	Entry: C:\Users\satyaprakashm\.p2\pool\plugins\org.eclipse.m2e.maven.runtime_3.9.900.20250220-2013\jars\org.eclipse.sisu.inject-0.9.0.M3.jar
2025-06-04 16:31:21,908 [Worker-5: Launching mavenrun-47af05a8-c268-41ed-bd68-e5478ffcbf7b] INFO  o.eclipse.m2e.core.internal.Bundles - 	Entry: C:\Users\satyaprakashm\.p2\pool\plugins\org.eclipse.m2e.maven.runtime_3.9.900.20250220-2013\jars\org.eclipse.sisu.plexus-0.9.0.M3.jar
2025-06-04 16:31:21,909 [Worker-5: Launching mavenrun-47af05a8-c268-41ed-bd68-e5478ffcbf7b] INFO  o.eclipse.m2e.core.internal.Bundles - 	Entry: C:\Users\satyaprakashm\.p2\pool\plugins\org.eclipse.m2e.maven.runtime_3.9.900.20250220-2013\jars\plexus-build-api-0.0.7.jar
2025-06-04 16:31:21,909 [Worker-5: Launching mavenrun-47af05a8-c268-41ed-bd68-e5478ffcbf7b] INFO  o.eclipse.m2e.core.internal.Bundles - 	Entry: C:\Users\satyaprakashm\.p2\pool\plugins\org.eclipse.m2e.maven.runtime_3.9.900.20250220-2013\jars\plexus-build-api-1.2.0.jar
2025-06-04 16:31:21,909 [Worker-5: Launching mavenrun-47af05a8-c268-41ed-bd68-e5478ffcbf7b] INFO  o.eclipse.m2e.core.internal.Bundles - 	Entry: C:\Users\satyaprakashm\.p2\pool\plugins\org.eclipse.m2e.maven.runtime_3.9.900.20250220-2013\jars\plexus-cipher-2.0.jar
2025-06-04 16:31:21,909 [Worker-5: Launching mavenrun-47af05a8-c268-41ed-bd68-e5478ffcbf7b] INFO  o.eclipse.m2e.core.internal.Bundles - 	Entry: C:\Users\satyaprakashm\.p2\pool\plugins\org.eclipse.m2e.maven.runtime_3.9.900.20250220-2013\jars\plexus-classworlds-2.8.0.jar
2025-06-04 16:31:21,910 [Worker-5: Launching mavenrun-47af05a8-c268-41ed-bd68-e5478ffcbf7b] INFO  o.eclipse.m2e.core.internal.Bundles - 	Entry: C:\Users\satyaprakashm\.p2\pool\plugins\org.eclipse.m2e.maven.runtime_3.9.900.20250220-2013\jars\plexus-component-annotations-2.1.0.jar
2025-06-04 16:31:21,910 [Worker-5: Launching mavenrun-47af05a8-c268-41ed-bd68-e5478ffcbf7b] INFO  o.eclipse.m2e.core.internal.Bundles - 	Entry: C:\Users\satyaprakashm\.p2\pool\plugins\org.eclipse.m2e.maven.runtime_3.9.900.20250220-2013\jars\plexus-interpolation-1.27.jar
2025-06-04 16:31:21,910 [Worker-5: Launching mavenrun-47af05a8-c268-41ed-bd68-e5478ffcbf7b] INFO  o.eclipse.m2e.core.internal.Bundles - 	Entry: C:\Users\satyaprakashm\.p2\pool\plugins\org.eclipse.m2e.maven.runtime_3.9.900.20250220-2013\jars\plexus-sec-dispatcher-2.0.jar
2025-06-04 16:31:21,910 [Worker-5: Launching mavenrun-47af05a8-c268-41ed-bd68-e5478ffcbf7b] INFO  o.eclipse.m2e.core.internal.Bundles - 	Entry: C:\Users\satyaprakashm\.p2\pool\plugins\org.eclipse.m2e.maven.runtime_3.9.900.20250220-2013\jars\plexus-utils-3.5.1.jar
2025-06-04 16:31:21,911 [Worker-5: Launching mavenrun-47af05a8-c268-41ed-bd68-e5478ffcbf7b] INFO  o.eclipse.m2e.core.internal.Bundles - 	Entry: C:\Users\satyaprakashm\.p2\pool\plugins\org.eclipse.m2e.maven.runtime_3.9.900.20250220-2013\jars\plexus-xml-3.0.1.jar
2025-06-04 16:31:21,911 [Worker-5: Launching mavenrun-47af05a8-c268-41ed-bd68-e5478ffcbf7b] INFO  o.eclipse.m2e.core.internal.Bundles - 	Entry: C:\Users\satyaprakashm\.p2\pool\plugins\org.eclipse.m2e.maven.runtime_3.9.900.20250220-2013\jars\wagon-file-3.5.3.jar
2025-06-04 16:31:21,911 [Worker-5: Launching mavenrun-47af05a8-c268-41ed-bd68-e5478ffcbf7b] INFO  o.eclipse.m2e.core.internal.Bundles - 	Entry: C:\Users\satyaprakashm\.p2\pool\plugins\org.eclipse.m2e.maven.runtime_3.9.900.20250220-2013\jars\wagon-http-3.5.3.jar
2025-06-04 16:31:21,912 [Worker-5: Launching mavenrun-47af05a8-c268-41ed-bd68-e5478ffcbf7b] INFO  o.eclipse.m2e.core.internal.Bundles - 	Entry: C:\Users\satyaprakashm\.p2\pool\plugins\org.eclipse.m2e.maven.runtime_3.9.900.20250220-2013\jars\wagon-http-shared-3.5.3.jar
2025-06-04 16:31:21,912 [Worker-5: Launching mavenrun-47af05a8-c268-41ed-bd68-e5478ffcbf7b] INFO  o.eclipse.m2e.core.internal.Bundles - 	Entry: C:\Users\satyaprakashm\.p2\pool\plugins\org.eclipse.m2e.maven.runtime_3.9.900.20250220-2013\jars\wagon-provider-api-3.5.3.jar
2025-06-04 16:31:21,916 [Worker-5: Launching mavenrun-47af05a8-c268-41ed-bd68-e5478ffcbf7b] INFO  o.eclipse.m2e.core.internal.Bundles - getClasspathEntries(Bundle=com.google.guava_33.4.6.jre [16])
2025-06-04 16:31:21,916 [Worker-5: Launching mavenrun-47af05a8-c268-41ed-bd68-e5478ffcbf7b] INFO  o.eclipse.m2e.core.internal.Bundles - 	Entry: C:\Users\satyaprakashm\.p2\pool\plugins\com.google.guava_33.4.6.jre.jar
2025-06-04 16:31:21,917 [Worker-5: Launching mavenrun-47af05a8-c268-41ed-bd68-e5478ffcbf7b] INFO  o.eclipse.m2e.core.internal.Bundles - getClasspathEntries(Bundle=slf4j.api_2.0.17 [1004])
2025-06-04 16:31:21,917 [Worker-5: Launching mavenrun-47af05a8-c268-41ed-bd68-e5478ffcbf7b] INFO  o.eclipse.m2e.core.internal.Bundles - 	Entry: C:\Users\satyaprakashm\.p2\pool\plugins\slf4j.api_2.0.17.jar
2025-06-04 16:31:21,917 [Worker-5: Launching mavenrun-47af05a8-c268-41ed-bd68-e5478ffcbf7b] INFO  o.eclipse.m2e.core.internal.Bundles - getClasspathEntries(Bundle=javax.inject_1.0.0.v20220405-0441 [1014])
2025-06-04 16:31:21,918 [Worker-5: Launching mavenrun-47af05a8-c268-41ed-bd68-e5478ffcbf7b] INFO  o.eclipse.m2e.core.internal.Bundles - 	Entry: C:\Users\satyaprakashm\.p2\pool\plugins\javax.inject_1.0.0.v20220405-0441.jar
2025-06-04 16:31:21,918 [Worker-5: Launching mavenrun-47af05a8-c268-41ed-bd68-e5478ffcbf7b] INFO  o.eclipse.m2e.core.internal.Bundles - getClasspathEntries(Bundle=javax.annotation_1.3.5.v20230504-0748 [1013])
2025-06-04 16:31:21,918 [Worker-5: Launching mavenrun-47af05a8-c268-41ed-bd68-e5478ffcbf7b] INFO  o.eclipse.m2e.core.internal.Bundles - 	Entry: C:\Users\satyaprakashm\.p2\pool\plugins\javax.annotation_1.3.5.v20230504-0748.jar
2025-06-04 16:31:21,918 [Worker-5: Launching mavenrun-47af05a8-c268-41ed-bd68-e5478ffcbf7b] INFO  o.eclipse.m2e.core.internal.Bundles - getClasspathEntries(Bundle=org.apache.commons.cli_1.9.0 [74])
2025-06-04 16:31:21,918 [Worker-5: Launching mavenrun-47af05a8-c268-41ed-bd68-e5478ffcbf7b] INFO  o.eclipse.m2e.core.internal.Bundles - 	Entry: C:\Users\satyaprakashm\.p2\pool\plugins\org.apache.commons.cli_1.9.0.jar
2025-06-04 16:31:21,918 [Worker-5: Launching mavenrun-47af05a8-c268-41ed-bd68-e5478ffcbf7b] INFO  o.eclipse.m2e.core.internal.Bundles - getClasspathEntries(Bundle=org.apache.commons.commons-codec_1.16.0 [76])
2025-06-04 16:31:21,919 [Worker-5: Launching mavenrun-47af05a8-c268-41ed-bd68-e5478ffcbf7b] INFO  o.eclipse.m2e.core.internal.Bundles - 	Entry: C:\Users\satyaprakashm\.p2\pool\plugins\org.apache.commons.commons-codec_1.16.0.jar
2025-06-04 16:31:21,919 [Worker-5: Launching mavenrun-47af05a8-c268-41ed-bd68-e5478ffcbf7b] INFO  o.eclipse.m2e.core.internal.Bundles - getClasspathEntries(Bundle=com.google.guava.failureaccess_1.0.3 [17])
2025-06-04 16:31:21,919 [Worker-5: Launching mavenrun-47af05a8-c268-41ed-bd68-e5478ffcbf7b] INFO  o.eclipse.m2e.core.internal.Bundles - 	Entry: C:\Users\satyaprakashm\.p2\pool\plugins\com.google.guava.failureaccess_1.0.3.jar
2025-06-04 16:31:21,928 [Worker-5: Launching mavenrun-47af05a8-c268-41ed-bd68-e5478ffcbf7b] INFO  o.e.m.i.launch.MavenLaunchDelegate - Run build in "C:\Users\SATYAP~1\AppData\Local\Temp\m2e-archetypeGenerator4089797177657610732":
2025-06-04 16:31:21,934 [Worker-5: Launching mavenrun-47af05a8-c268-41ed-bd68-e5478ffcbf7b] INFO  o.e.m.i.launch.MavenLaunchDelegate -  mvn  -DarchetypeGroupId=de.bripkens -DarchetypeArtifactId=java-quickstart -DarchetypeVersion=0.2.0 -DgroupId=Infinite -DartifactId=PhonePe -Dversion=0.0.1-SNAPSHOT -Dpackage=com.java.pms -DoutputDirectory="C:\Java Training\PhonePe" -B -Dstyle.color=always -U archetype:generate
2025-06-04 16:31:40,594 [Worker-24: Creating java-quickstart] INFO  o.e.m.c.i.p.ProjectConfigurationManager - Collecting project info '/pom.xml' C:\Java Training\PhonePe\PhonePe\pom.xml
2025-06-04 16:31:43,283 [Worker-24: Creating java-quickstart] INFO  o.e.m.c.i.l.LifecycleMappingFactory - Using org.eclipse.m2e.jdt.JarLifecycleMapping lifecycle mapping for MavenProject: Infinite:PhonePe:0.0.1-SNAPSHOT @ C:\Java Training\PhonePe\PhonePe\pom.xml.
2025-06-04 16:31:44,330 [Worker-24: Creating java-quickstart] INFO  o.e.m.j.i.AbstractJavaProjectConfigurator - Adding source folder /PhonePe/src/main/java
2025-06-04 16:31:44,332 [Worker-24: Creating java-quickstart] INFO  o.e.m.j.i.AbstractJavaProjectConfigurator - Adding resource folder /PhonePe/src/main/resources
2025-06-04 16:31:44,337 [Worker-24: Creating java-quickstart] INFO  o.e.m.j.i.AbstractJavaProjectConfigurator - Adding source folder /PhonePe/src/test/java
2025-06-04 16:31:44,338 [Worker-24: Creating java-quickstart] INFO  o.e.m.j.i.AbstractJavaProjectConfigurator - Adding resource folder /PhonePe/src/test/resources
2025-06-04 16:31:44,546 [Worker-24: Creating java-quickstart] INFO  o.e.m.c.i.p.ProjectConfigurationManager - Imported and configured 1 project(s) in 3 sec
2025-06-04 16:31:46,313 [Worker-25: Building] INFO  o.a.m.s.f.DefaultMavenResourcesFiltering - skip non existing resourceDirectory C:\Java Training\PhonePe\PhonePe\src\main\resources
2025-06-04 16:31:46,320 [Worker-25: Building] INFO  o.a.m.s.f.DefaultMavenResourcesFiltering - skip non existing resourceDirectory C:\Java Training\PhonePe\PhonePe\src\test\resources
2025-06-04 16:32:38,861 [Worker-27: Building] INFO  o.a.m.s.f.DefaultMavenResourcesFiltering - skip non existing resourceDirectory C:\Java Training\PhonePe\PhonePe\src\main\resources
2025-06-04 16:32:38,864 [Worker-27: Building] INFO  o.a.m.s.f.DefaultMavenResourcesFiltering - skip non existing resourceDirectory C:\Java Training\PhonePe\PhonePe\src\test\resources
2025-06-04 16:33:36,452 [Worker-25: Building] INFO  o.a.m.s.f.DefaultMavenResourcesFiltering - skip non existing resourceDirectory C:\Java Training\PhonePe\PhonePe\src\main\resources
2025-06-04 16:33:36,456 [Worker-25: Building] INFO  o.a.m.s.f.DefaultMavenResourcesFiltering - skip non existing resourceDirectory C:\Java Training\PhonePe\PhonePe\src\test\resources
2025-06-04 16:33:46,135 [Worker-5: Building] INFO  o.a.m.s.f.DefaultMavenResourcesFiltering - skip non existing resourceDirectory C:\Java Training\PhonePe\PhonePe\src\main\resources
2025-06-04 16:33:46,139 [Worker-5: Building] INFO  o.a.m.s.f.DefaultMavenResourcesFiltering - skip non existing resourceDirectory C:\Java Training\PhonePe\PhonePe\src\test\resources
2025-06-04 16:34:15,485 [Worker-26: Building] INFO  o.a.m.s.f.DefaultMavenResourcesFiltering - skip non existing resourceDirectory C:\Java Training\PhonePe\PhonePe\src\main\resources
2025-06-04 16:34:15,491 [Worker-26: Building] INFO  o.a.m.s.f.DefaultMavenResourcesFiltering - skip non existing resourceDirectory C:\Java Training\PhonePe\PhonePe\src\test\resources
2025-06-04 16:34:29,384 [Worker-28: Building] INFO  o.a.m.s.f.DefaultMavenResourcesFiltering - skip non existing resourceDirectory C:\Java Training\PhonePe\PhonePe\src\main\resources
2025-06-04 16:34:29,387 [Worker-28: Building] INFO  o.a.m.s.f.DefaultMavenResourcesFiltering - skip non existing resourceDirectory C:\Java Training\PhonePe\PhonePe\src\test\resources
2025-06-04 16:34:40,562 [Worker-19: Building] INFO  o.a.m.s.f.DefaultMavenResourcesFiltering - skip non existing resourceDirectory C:\Java Training\PhonePe\PhonePe\src\main\resources
2025-06-04 16:34:40,566 [Worker-19: Building] INFO  o.a.m.s.f.DefaultMavenResourcesFiltering - skip non existing resourceDirectory C:\Java Training\PhonePe\PhonePe\src\test\resources
2025-06-04 16:34:52,399 [Worker-24: Building] INFO  o.a.m.s.f.DefaultMavenResourcesFiltering - skip non existing resourceDirectory C:\Java Training\PhonePe\PhonePe\src\main\resources
2025-06-04 16:34:52,402 [Worker-24: Building] INFO  o.a.m.s.f.DefaultMavenResourcesFiltering - skip non existing resourceDirectory C:\Java Training\PhonePe\PhonePe\src\test\resources
2025-06-04 16:37:52,643 [Worker-5: Building] INFO  o.a.m.s.f.DefaultMavenResourcesFiltering - skip non existing resourceDirectory C:\Java Training\PhonePe\PhonePe\src\main\resources
2025-06-04 16:37:52,647 [Worker-5: Building] INFO  o.a.m.s.f.DefaultMavenResourcesFiltering - skip non existing resourceDirectory C:\Java Training\PhonePe\PhonePe\src\test\resources
2025-06-04 16:38:26,199 [Worker-27: Building] WARN  o.e.m.c.i.embedder.EclipseLogger - The artifact mysql:mysql-connector-java:jar:8.0.33 has been relocated to com.mysql:mysql-connector-j:jar:8.0.33: MySQL Connector/J artifacts moved to reverse-DNS compliant Maven 2+ coordinates.
2025-06-04 16:38:26,894 [Worker-27: Building] INFO  o.e.m.c.i.l.LifecycleMappingFactory - Using org.eclipse.m2e.jdt.JarLifecycleMapping lifecycle mapping for MavenProject: Infinite:PhonepeManagementSystem:0.0.1-SNAPSHOT @ C:\Java Training\PhonePe\PhonePe\pom.xml.
2025-06-04 16:38:26,896 [Worker-27: Building] WARN  o.e.m.c.i.embedder.EclipseLogger - The artifact mysql:mysql-connector-java:jar:8.0.33 has been relocated to com.mysql:mysql-connector-j:jar:8.0.33: MySQL Connector/J artifacts moved to reverse-DNS compliant Maven 2+ coordinates.
2025-06-04 16:38:27,238 [Worker-27: Building] INFO  o.a.m.s.f.DefaultMavenResourcesFiltering - skip non existing resourceDirectory C:\Java Training\PhonePe\PhonePe\src\main\resources
2025-06-04 16:38:27,244 [Worker-27: Building] INFO  o.a.m.s.f.DefaultMavenResourcesFiltering - skip non existing resourceDirectory C:\Java Training\PhonePe\PhonePe\src\test\resources
2025-06-04 16:38:29,230 [Worker-27: Building] INFO  o.a.m.s.f.DefaultMavenResourcesFiltering - skip non existing resourceDirectory C:\Java Training\PhonePe\PhonePe\src\main\resources
2025-06-04 16:38:29,232 [Worker-27: Building] INFO  o.a.m.s.f.DefaultMavenResourcesFiltering - skip non existing resourceDirectory C:\Java Training\PhonePe\PhonePe\src\test\resources
2025-06-04 16:38:31,437 [Worker-24: Building] WARN  o.e.m.c.i.embedder.EclipseLogger - The artifact mysql:mysql-connector-java:jar:8.0.33 has been relocated to com.mysql:mysql-connector-j:jar:8.0.33: MySQL Connector/J artifacts moved to reverse-DNS compliant Maven 2+ coordinates.
2025-06-04 16:38:31,952 [Worker-24: Building] INFO  o.e.m.c.i.l.LifecycleMappingFactory - Using org.eclipse.m2e.jdt.JarLifecycleMapping lifecycle mapping for MavenProject: Infinite:Phonepe:0.0.1-SNAPSHOT @ C:\Java Training\PhonePe\PhonePe\pom.xml.
2025-06-04 16:38:31,957 [Worker-24: Building] WARN  o.e.m.c.i.embedder.EclipseLogger - The artifact mysql:mysql-connector-java:jar:8.0.33 has been relocated to com.mysql:mysql-connector-j:jar:8.0.33: MySQL Connector/J artifacts moved to reverse-DNS compliant Maven 2+ coordinates.
2025-06-04 16:38:32,189 [Worker-24: Building] INFO  o.a.m.s.f.DefaultMavenResourcesFiltering - skip non existing resourceDirectory C:\Java Training\PhonePe\PhonePe\src\main\resources
2025-06-04 16:38:32,196 [Worker-24: Building] INFO  o.a.m.s.f.DefaultMavenResourcesFiltering - skip non existing resourceDirectory C:\Java Training\PhonePe\PhonePe\src\test\resources
2025-06-04 16:38:35,262 [Worker-19: Building] INFO  o.e.m.c.i.l.LifecycleMappingFactory - Using org.eclipse.m2e.jdt.JarLifecycleMapping lifecycle mapping for MavenProject: Infinite:Phonepe:0.0.1-SNAPSHOT @ C:\Java Training\PhonePe\PhonePe\pom.xml.
2025-06-04 16:38:35,294 [Worker-19: Building] WARN  o.e.m.c.i.embedder.EclipseLogger - The artifact mysql:mysql-connector-java:jar:8.0.33 has been relocated to com.mysql:mysql-connector-j:jar:8.0.33: MySQL Connector/J artifacts moved to reverse-DNS compliant Maven 2+ coordinates.
2025-06-04 16:38:35,481 [Worker-19: Building] INFO  o.a.m.s.f.DefaultMavenResourcesFiltering - skip non existing resourceDirectory C:\Java Training\PhonePe\PhonePe\src\main\resources
2025-06-04 16:38:35,497 [Worker-19: Building] INFO  o.a.m.s.f.DefaultMavenResourcesFiltering - skip non existing resourceDirectory C:\Java Training\PhonePe\PhonePe\src\test\resources
2025-06-04 16:38:46,691 [Worker-25: Building] INFO  o.a.m.s.f.DefaultMavenResourcesFiltering - skip non existing resourceDirectory C:\Java Training\PhonePe\PhonePe\src\main\resources
2025-06-04 16:38:46,693 [Worker-25: Building] INFO  o.a.m.s.f.DefaultMavenResourcesFiltering - skip non existing resourceDirectory C:\Java Training\PhonePe\PhonePe\src\test\resources
2025-06-04 16:39:29,915 [Worker-19: Building] INFO  o.a.m.s.f.DefaultMavenResourcesFiltering - skip non existing resourceDirectory C:\Java Training\PhonePe\PhonePe\src\main\resources
2025-06-04 16:39:29,918 [Worker-19: Building] INFO  o.a.m.s.f.DefaultMavenResourcesFiltering - skip non existing resourceDirectory C:\Java Training\PhonePe\PhonePe\src\test\resources
2025-06-04 16:39:43,413 [Worker-27: Building] INFO  o.a.m.s.f.DefaultMavenResourcesFiltering - skip non existing resourceDirectory C:\Java Training\PhonePe\PhonePe\src\main\resources
2025-06-04 16:39:43,416 [Worker-27: Building] INFO  o.a.m.s.f.DefaultMavenResourcesFiltering - skip non existing resourceDirectory C:\Java Training\PhonePe\PhonePe\src\test\resources
2025-06-04 16:39:46,635 [Worker-5: Building] INFO  o.a.m.s.f.DefaultMavenResourcesFiltering - skip non existing resourceDirectory C:\Java Training\PhonePe\PhonePe\src\main\resources
2025-06-04 16:39:46,640 [Worker-5: Building] INFO  o.a.m.s.f.DefaultMavenResourcesFiltering - skip non existing resourceDirectory C:\Java Training\PhonePe\PhonePe\src\test\resources
2025-06-04 16:40:00,436 [Worker-25: Building] INFO  o.a.m.s.f.DefaultMavenResourcesFiltering - skip non existing resourceDirectory C:\Java Training\PhonePe\PhonePe\src\main\resources
2025-06-04 16:40:00,440 [Worker-25: Building] INFO  o.a.m.s.f.DefaultMavenResourcesFiltering - skip non existing resourceDirectory C:\Java Training\PhonePe\PhonePe\src\test\resources
2025-06-04 16:40:04,158 [Worker-19: Building] INFO  o.a.m.s.f.DefaultMavenResourcesFiltering - skip non existing resourceDirectory C:\Java Training\PhonePe\PhonePe\src\main\resources
2025-06-04 16:40:04,163 [Worker-19: Building] INFO  o.a.m.s.f.DefaultMavenResourcesFiltering - skip non existing resourceDirectory C:\Java Training\PhonePe\PhonePe\src\test\resources
2025-06-04 16:40:12,363 [Worker-24: Building] INFO  o.a.m.s.f.DefaultMavenResourcesFiltering - skip non existing resourceDirectory C:\Java Training\PhonePe\PhonePe\src\main\resources
2025-06-04 16:40:12,365 [Worker-24: Building] INFO  o.a.m.s.f.DefaultMavenResourcesFiltering - skip non existing resourceDirectory C:\Java Training\PhonePe\PhonePe\src\test\resources
2025-06-04 16:40:15,637 [Worker-25: Building] INFO  o.a.m.s.f.DefaultMavenResourcesFiltering - skip non existing resourceDirectory C:\Java Training\PhonePe\PhonePe\src\main\resources
2025-06-04 16:40:15,640 [Worker-25: Building] INFO  o.a.m.s.f.DefaultMavenResourcesFiltering - skip non existing resourceDirectory C:\Java Training\PhonePe\PhonePe\src\test\resources
2025-06-04 16:40:26,109 [Worker-27: Building] INFO  o.a.m.s.f.DefaultMavenResourcesFiltering - skip non existing resourceDirectory C:\Java Training\PhonePe\PhonePe\src\main\resources
2025-06-04 16:40:26,115 [Worker-27: Building] INFO  o.a.m.s.f.DefaultMavenResourcesFiltering - skip non existing resourceDirectory C:\Java Training\PhonePe\PhonePe\src\test\resources
2025-06-04 16:40:29,200 [Worker-25: Building] INFO  o.a.m.s.f.DefaultMavenResourcesFiltering - skip non existing resourceDirectory C:\Java Training\PhonePe\PhonePe\src\main\resources
2025-06-04 16:40:29,205 [Worker-25: Building] INFO  o.a.m.s.f.DefaultMavenResourcesFiltering - skip non existing resourceDirectory C:\Java Training\PhonePe\PhonePe\src\test\resources
