2025-05-26 11:38:35,874 [Worker-5: Loading available Gradle versions] INFO  o.e.b.c.i.u.g.PublishedGradleVersions - Gradle version information cache is not available. Remote download required.
2025-05-26 11:42:16,591 [Worker-26: Updating Maven Dependencies] INFO  o.e.m.c.i.l.LifecycleMappingFactory - Using org.maven.ide.eclipse.wtp.WarLifecycleMapping lifecycle mapping for MavenProject: infinite:HibJsf:0.0.1-SNAPSHOT @ C:\Users\satyaprakashm\Downloads\Day33_Part_1\Day33_Part_1\HibJsf\pom.xml.
2025-05-26 11:42:16,591 [Worker-0: Building] INFO  o.e.m.c.i.l.LifecycleMappingFactory - Using org.maven.ide.eclipse.wtp.WarLifecycleMapping lifecycle mapping for MavenProject: infinite:HibJsf:0.0.1-SNAPSHOT @ C:\Users\satyaprakashm\Downloads\Day33_Part_1\Day33_Part_1\HibJsf\pom.xml.
2025-05-26 11:42:16,834 [Worker-26: Updating Maven Dependencies] WARN  o.a.m.r.i.DefaultArtifactDescriptorReader - 1 problem was encountered while building the effective model for org.javassist:javassist:jar:3.18.1-GA during dependency collection step for project (use -X to see details)
2025-05-26 11:42:16,839 [Worker-0: Building] WARN  o.a.m.r.i.DefaultArtifactDescriptorReader - 1 problem was encountered while building the effective model for org.javassist:javassist:jar:3.18.1-GA during dependency collection step for project (use -X to see details)
2025-05-26 11:42:17,147 [Worker-26: Updating Maven Dependencies] WARN  o.e.m.c.i.embedder.EclipseLogger - The artifact mysql:mysql-connector-java:jar:8.0.31 has been relocated to com.mysql:mysql-connector-j:jar:8.0.31: MySQL Connector/J artifacts moved to reverse-DNS compliant Maven 2+ coordinates.
2025-05-26 11:42:17,148 [Worker-0: Building] WARN  o.e.m.c.i.embedder.EclipseLogger - The artifact mysql:mysql-connector-java:jar:8.0.31 has been relocated to com.mysql:mysql-connector-j:jar:8.0.31: MySQL Connector/J artifacts moved to reverse-DNS compliant Maven 2+ coordinates.
2025-05-26 11:42:17,317 [Worker-0: Building] WARN  o.e.m.c.i.embedder.EclipseLogger - The artifact mysql:mysql-connector-java:jar:8.0.31 has been relocated to com.mysql:mysql-connector-j:jar:8.0.31: MySQL Connector/J artifacts moved to reverse-DNS compliant Maven 2+ coordinates.
2025-05-26 11:42:19,701 [Worker-0: Building] INFO  o.a.m.s.f.DefaultMavenResourcesFiltering - skip non existing resourceDirectory C:\Users\satyaprakashm\Downloads\Day33_Part_1\Day33_Part_1\HibJsf\src\main\resources
2025-05-26 11:42:19,710 [Worker-0: Building] INFO  o.a.m.s.f.DefaultMavenResourcesFiltering - skip non existing resourceDirectory C:\Users\satyaprakashm\Downloads\Day33_Part_1\Day33_Part_1\HibJsf\src\test\resources
2025-05-26 11:42:21,638 [Worker-26: Updating Maven Dependencies] INFO  o.e.m.c.i.l.LifecycleMappingFactory - Using org.maven.ide.eclipse.wtp.WarLifecycleMapping lifecycle mapping for MavenProject: infinite:HibJsf:0.0.1-SNAPSHOT @ C:\Users\satyaprakashm\Downloads\Day33_Part_1\Day33_Part_1\HibJsf\pom.xml.
2025-05-26 11:42:21,704 [Worker-26: Updating Maven Dependencies] WARN  o.a.m.r.i.DefaultArtifactDescriptorReader - 1 problem was encountered while building the effective model for org.javassist:javassist:jar:3.18.1-GA during dependency collection step for project (use -X to see details)
2025-05-26 11:42:21,833 [Worker-26: Updating Maven Dependencies] WARN  o.e.m.c.i.embedder.EclipseLogger - The artifact mysql:mysql-connector-java:jar:8.0.31 has been relocated to com.mysql:mysql-connector-j:jar:8.0.31: MySQL Connector/J artifacts moved to reverse-DNS compliant Maven 2+ coordinates.
2025-05-26 11:42:21,962 [Worker-26: Updating Maven Dependencies] WARN  o.e.m.c.i.embedder.EclipseLogger - The artifact mysql:mysql-connector-java:jar:8.0.31 has been relocated to com.mysql:mysql-connector-j:jar:8.0.31: MySQL Connector/J artifacts moved to reverse-DNS compliant Maven 2+ coordinates.
2025-05-26 11:50:24,169 [Worker-33: Building] INFO  o.a.m.s.f.DefaultMavenResourcesFiltering - skip non existing resourceDirectory C:\Users\satyaprakashm\Downloads\Day33_Part_1\Day33_Part_1\HibJsf\src\main\resources
2025-05-26 11:50:24,180 [Worker-33: Building] INFO  o.a.m.s.f.DefaultMavenResourcesFiltering - skip non existing resourceDirectory C:\Users\satyaprakashm\Downloads\Day33_Part_1\Day33_Part_1\HibJsf\src\test\resources
2025-05-26 11:51:46,268 [Worker-32: Building] INFO  o.a.m.s.f.DefaultMavenResourcesFiltering - skip non existing resourceDirectory C:\Users\satyaprakashm\Downloads\Day33_Part_1\Day33_Part_1\HibJsf\src\main\resources
2025-05-26 11:51:46,273 [Worker-32: Building] INFO  o.a.m.s.f.DefaultMavenResourcesFiltering - skip non existing resourceDirectory C:\Users\satyaprakashm\Downloads\Day33_Part_1\Day33_Part_1\HibJsf\src\test\resources
2025-05-26 11:58:15,794 [Worker-0: Building] INFO  o.a.m.s.f.DefaultMavenResourcesFiltering - skip non existing resourceDirectory C:\Users\satyaprakashm\Downloads\Day33_Part_1\Day33_Part_1\HibJsf\src\main\resources
2025-05-26 11:58:15,802 [Worker-0: Building] INFO  o.a.m.s.f.DefaultMavenResourcesFiltering - skip non existing resourceDirectory C:\Users\satyaprakashm\Downloads\Day33_Part_1\Day33_Part_1\HibJsf\src\test\resources
2025-05-26 12:05:33,754 [Worker-32: Building] INFO  o.a.m.s.f.DefaultMavenResourcesFiltering - skip non existing resourceDirectory C:\Users\satyaprakashm\Downloads\Day33_Part_1\Day33_Part_1\HibJsf\src\main\resources
2025-05-26 12:05:33,761 [Worker-32: Building] INFO  o.a.m.s.f.DefaultMavenResourcesFiltering - skip non existing resourceDirectory C:\Users\satyaprakashm\Downloads\Day33_Part_1\Day33_Part_1\HibJsf\src\test\resources
2025-05-26 12:05:42,134 [Worker-34: Building] INFO  o.a.m.s.f.DefaultMavenResourcesFiltering - skip non existing resourceDirectory C:\Users\satyaprakashm\Downloads\Day33_Part_1\Day33_Part_1\HibJsf\src\main\resources
2025-05-26 12:05:42,137 [Worker-34: Building] INFO  o.a.m.s.f.DefaultMavenResourcesFiltering - skip non existing resourceDirectory C:\Users\satyaprakashm\Downloads\Day33_Part_1\Day33_Part_1\HibJsf\src\test\resources
2025-05-26 12:05:54,118 [Worker-30: Building] INFO  o.a.m.s.f.DefaultMavenResourcesFiltering - skip non existing resourceDirectory C:\Users\satyaprakashm\Downloads\Day33_Part_1\Day33_Part_1\HibJsf\src\main\resources
2025-05-26 12:05:54,123 [Worker-30: Building] INFO  o.a.m.s.f.DefaultMavenResourcesFiltering - skip non existing resourceDirectory C:\Users\satyaprakashm\Downloads\Day33_Part_1\Day33_Part_1\HibJsf\src\test\resources
2025-05-26 12:06:04,325 [Worker-33: Building] INFO  o.a.m.s.f.DefaultMavenResourcesFiltering - skip non existing resourceDirectory C:\Users\satyaprakashm\Downloads\Day33_Part_1\Day33_Part_1\HibJsf\src\main\resources
2025-05-26 12:06:04,329 [Worker-33: Building] INFO  o.a.m.s.f.DefaultMavenResourcesFiltering - skip non existing resourceDirectory C:\Users\satyaprakashm\Downloads\Day33_Part_1\Day33_Part_1\HibJsf\src\test\resources
2025-05-26 12:06:09,583 [Worker-37: Building] INFO  o.a.m.s.f.DefaultMavenResourcesFiltering - skip non existing resourceDirectory C:\Users\satyaprakashm\Downloads\Day33_Part_1\Day33_Part_1\HibJsf\src\main\resources
2025-05-26 12:06:09,587 [Worker-37: Building] INFO  o.a.m.s.f.DefaultMavenResourcesFiltering - skip non existing resourceDirectory C:\Users\satyaprakashm\Downloads\Day33_Part_1\Day33_Part_1\HibJsf\src\test\resources
2025-05-26 12:06:21,207 [Worker-34: Building] INFO  o.a.m.s.f.DefaultMavenResourcesFiltering - skip non existing resourceDirectory C:\Users\satyaprakashm\Downloads\Day33_Part_1\Day33_Part_1\HibJsf\src\main\resources
2025-05-26 12:06:21,211 [Worker-34: Building] INFO  o.a.m.s.f.DefaultMavenResourcesFiltering - skip non existing resourceDirectory C:\Users\satyaprakashm\Downloads\Day33_Part_1\Day33_Part_1\HibJsf\src\test\resources
2025-05-26 12:06:45,045 [Worker-34: Building] INFO  o.a.m.s.f.DefaultMavenResourcesFiltering - skip non existing resourceDirectory C:\Users\satyaprakashm\Downloads\Day33_Part_1\Day33_Part_1\HibJsf\src\main\resources
2025-05-26 12:06:45,051 [Worker-34: Building] INFO  o.a.m.s.f.DefaultMavenResourcesFiltering - skip non existing resourceDirectory C:\Users\satyaprakashm\Downloads\Day33_Part_1\Day33_Part_1\HibJsf\src\test\resources
2025-05-26 12:07:21,948 [Worker-33: Building] INFO  o.a.m.s.f.DefaultMavenResourcesFiltering - skip non existing resourceDirectory C:\Users\satyaprakashm\Downloads\Day33_Part_1\Day33_Part_1\HibJsf\src\main\resources
2025-05-26 12:07:21,953 [Worker-33: Building] INFO  o.a.m.s.f.DefaultMavenResourcesFiltering - skip non existing resourceDirectory C:\Users\satyaprakashm\Downloads\Day33_Part_1\Day33_Part_1\HibJsf\src\test\resources
2025-05-26 12:08:58,975 [Worker-27: Building] INFO  o.a.m.s.f.DefaultMavenResourcesFiltering - skip non existing resourceDirectory C:\Users\satyaprakashm\Downloads\Day33_Part_1\Day33_Part_1\HibJsf\src\main\resources
2025-05-26 12:08:58,983 [Worker-27: Building] INFO  o.a.m.s.f.DefaultMavenResourcesFiltering - skip non existing resourceDirectory C:\Users\satyaprakashm\Downloads\Day33_Part_1\Day33_Part_1\HibJsf\src\test\resources
2025-05-26 12:09:02,941 [Worker-32: Building] INFO  o.a.m.s.f.DefaultMavenResourcesFiltering - skip non existing resourceDirectory C:\Users\satyaprakashm\Downloads\Day33_Part_1\Day33_Part_1\HibJsf\src\main\resources
2025-05-26 12:09:02,946 [Worker-32: Building] INFO  o.a.m.s.f.DefaultMavenResourcesFiltering - skip non existing resourceDirectory C:\Users\satyaprakashm\Downloads\Day33_Part_1\Day33_Part_1\HibJsf\src\test\resources
2025-05-26 12:09:32,762 [Worker-32: Building] INFO  o.a.m.s.f.DefaultMavenResourcesFiltering - skip non existing resourceDirectory C:\Users\satyaprakashm\Downloads\Day33_Part_1\Day33_Part_1\HibJsf\src\main\resources
2025-05-26 12:09:32,768 [Worker-32: Building] INFO  o.a.m.s.f.DefaultMavenResourcesFiltering - skip non existing resourceDirectory C:\Users\satyaprakashm\Downloads\Day33_Part_1\Day33_Part_1\HibJsf\src\test\resources
2025-05-26 12:09:35,976 [Worker-38: Building] INFO  o.a.m.s.f.DefaultMavenResourcesFiltering - skip non existing resourceDirectory C:\Users\satyaprakashm\Downloads\Day33_Part_1\Day33_Part_1\HibJsf\src\main\resources
2025-05-26 12:09:35,979 [Worker-38: Building] INFO  o.a.m.s.f.DefaultMavenResourcesFiltering - skip non existing resourceDirectory C:\Users\satyaprakashm\Downloads\Day33_Part_1\Day33_Part_1\HibJsf\src\test\resources
2025-05-26 12:09:56,247 [Worker-38: Building] INFO  o.a.m.s.f.DefaultMavenResourcesFiltering - skip non existing resourceDirectory C:\Users\satyaprakashm\Downloads\Day33_Part_1\Day33_Part_1\HibJsf\src\main\resources
2025-05-26 12:09:56,252 [Worker-38: Building] INFO  o.a.m.s.f.DefaultMavenResourcesFiltering - skip non existing resourceDirectory C:\Users\satyaprakashm\Downloads\Day33_Part_1\Day33_Part_1\HibJsf\src\test\resources
2025-05-26 12:10:14,421 [Worker-33: Building] INFO  o.a.m.s.f.DefaultMavenResourcesFiltering - skip non existing resourceDirectory C:\Users\satyaprakashm\Downloads\Day33_Part_1\Day33_Part_1\HibJsf\src\main\resources
2025-05-26 12:10:14,426 [Worker-33: Building] INFO  o.a.m.s.f.DefaultMavenResourcesFiltering - skip non existing resourceDirectory C:\Users\satyaprakashm\Downloads\Day33_Part_1\Day33_Part_1\HibJsf\src\test\resources
2025-05-26 12:10:16,546 [Worker-0: Building] INFO  o.a.m.s.f.DefaultMavenResourcesFiltering - skip non existing resourceDirectory C:\Users\satyaprakashm\Downloads\Day33_Part_1\Day33_Part_1\HibJsf\src\main\resources
2025-05-26 12:10:16,550 [Worker-0: Building] INFO  o.a.m.s.f.DefaultMavenResourcesFiltering - skip non existing resourceDirectory C:\Users\satyaprakashm\Downloads\Day33_Part_1\Day33_Part_1\HibJsf\src\test\resources
2025-05-26 12:10:18,631 [Worker-37: Building] INFO  o.a.m.s.f.DefaultMavenResourcesFiltering - skip non existing resourceDirectory C:\Users\satyaprakashm\Downloads\Day33_Part_1\Day33_Part_1\HibJsf\src\main\resources
2025-05-26 12:10:18,635 [Worker-37: Building] INFO  o.a.m.s.f.DefaultMavenResourcesFiltering - skip non existing resourceDirectory C:\Users\satyaprakashm\Downloads\Day33_Part_1\Day33_Part_1\HibJsf\src\test\resources
2025-05-26 12:10:37,850 [Worker-37: Building] INFO  o.a.m.s.f.DefaultMavenResourcesFiltering - skip non existing resourceDirectory C:\Users\satyaprakashm\Downloads\Day33_Part_1\Day33_Part_1\HibJsf\src\main\resources
2025-05-26 12:10:37,855 [Worker-37: Building] INFO  o.a.m.s.f.DefaultMavenResourcesFiltering - skip non existing resourceDirectory C:\Users\satyaprakashm\Downloads\Day33_Part_1\Day33_Part_1\HibJsf\src\test\resources
2025-05-26 12:10:48,001 [Worker-0: Building] INFO  o.a.m.s.f.DefaultMavenResourcesFiltering - skip non existing resourceDirectory C:\Users\satyaprakashm\Downloads\Day33_Part_1\Day33_Part_1\HibJsf\src\main\resources
2025-05-26 12:10:48,006 [Worker-0: Building] INFO  o.a.m.s.f.DefaultMavenResourcesFiltering - skip non existing resourceDirectory C:\Users\satyaprakashm\Downloads\Day33_Part_1\Day33_Part_1\HibJsf\src\test\resources
2025-05-26 12:10:54,879 [Worker-33: Building] INFO  o.a.m.s.f.DefaultMavenResourcesFiltering - skip non existing resourceDirectory C:\Users\satyaprakashm\Downloads\Day33_Part_1\Day33_Part_1\HibJsf\src\main\resources
2025-05-26 12:10:54,883 [Worker-33: Building] INFO  o.a.m.s.f.DefaultMavenResourcesFiltering - skip non existing resourceDirectory C:\Users\satyaprakashm\Downloads\Day33_Part_1\Day33_Part_1\HibJsf\src\test\resources
2025-05-26 12:11:00,316 [Worker-0: Building] INFO  o.a.m.s.f.DefaultMavenResourcesFiltering - skip non existing resourceDirectory C:\Users\satyaprakashm\Downloads\Day33_Part_1\Day33_Part_1\HibJsf\src\main\resources
2025-05-26 12:11:00,319 [Worker-0: Building] INFO  o.a.m.s.f.DefaultMavenResourcesFiltering - skip non existing resourceDirectory C:\Users\satyaprakashm\Downloads\Day33_Part_1\Day33_Part_1\HibJsf\src\test\resources
2025-05-26 12:11:24,297 [Worker-36: Building] INFO  o.a.m.s.f.DefaultMavenResourcesFiltering - skip non existing resourceDirectory C:\Users\satyaprakashm\Downloads\Day33_Part_1\Day33_Part_1\HibJsf\src\main\resources
2025-05-26 12:11:24,301 [Worker-36: Building] INFO  o.a.m.s.f.DefaultMavenResourcesFiltering - skip non existing resourceDirectory C:\Users\satyaprakashm\Downloads\Day33_Part_1\Day33_Part_1\HibJsf\src\test\resources
2025-05-26 12:11:30,391 [Worker-35: Building] INFO  o.a.m.s.f.DefaultMavenResourcesFiltering - skip non existing resourceDirectory C:\Users\satyaprakashm\Downloads\Day33_Part_1\Day33_Part_1\HibJsf\src\main\resources
2025-05-26 12:11:30,394 [Worker-35: Building] INFO  o.a.m.s.f.DefaultMavenResourcesFiltering - skip non existing resourceDirectory C:\Users\satyaprakashm\Downloads\Day33_Part_1\Day33_Part_1\HibJsf\src\test\resources
2025-05-26 12:11:36,907 [Worker-34: Building] INFO  o.a.m.s.f.DefaultMavenResourcesFiltering - skip non existing resourceDirectory C:\Users\satyaprakashm\Downloads\Day33_Part_1\Day33_Part_1\HibJsf\src\main\resources
2025-05-26 12:11:36,911 [Worker-34: Building] INFO  o.a.m.s.f.DefaultMavenResourcesFiltering - skip non existing resourceDirectory C:\Users\satyaprakashm\Downloads\Day33_Part_1\Day33_Part_1\HibJsf\src\test\resources
2025-05-26 12:11:39,092 [Worker-34: Building] INFO  o.a.m.s.f.DefaultMavenResourcesFiltering - skip non existing resourceDirectory C:\Users\satyaprakashm\Downloads\Day33_Part_1\Day33_Part_1\HibJsf\src\main\resources
2025-05-26 12:11:39,096 [Worker-34: Building] INFO  o.a.m.s.f.DefaultMavenResourcesFiltering - skip non existing resourceDirectory C:\Users\satyaprakashm\Downloads\Day33_Part_1\Day33_Part_1\HibJsf\src\test\resources
2025-05-26 12:11:41,586 [Worker-35: Building] INFO  o.a.m.s.f.DefaultMavenResourcesFiltering - skip non existing resourceDirectory C:\Users\satyaprakashm\Downloads\Day33_Part_1\Day33_Part_1\HibJsf\src\main\resources
2025-05-26 12:11:41,589 [Worker-35: Building] INFO  o.a.m.s.f.DefaultMavenResourcesFiltering - skip non existing resourceDirectory C:\Users\satyaprakashm\Downloads\Day33_Part_1\Day33_Part_1\HibJsf\src\test\resources
2025-05-26 12:12:00,246 [Worker-0: Building] INFO  o.a.m.s.f.DefaultMavenResourcesFiltering - skip non existing resourceDirectory C:\Users\satyaprakashm\Downloads\Day33_Part_1\Day33_Part_1\HibJsf\src\main\resources
2025-05-26 12:12:00,249 [Worker-0: Building] INFO  o.a.m.s.f.DefaultMavenResourcesFiltering - skip non existing resourceDirectory C:\Users\satyaprakashm\Downloads\Day33_Part_1\Day33_Part_1\HibJsf\src\test\resources
2025-05-26 12:12:10,548 [Worker-36: Building] INFO  o.a.m.s.f.DefaultMavenResourcesFiltering - skip non existing resourceDirectory C:\Users\satyaprakashm\Downloads\Day33_Part_1\Day33_Part_1\HibJsf\src\main\resources
2025-05-26 12:12:10,552 [Worker-36: Building] INFO  o.a.m.s.f.DefaultMavenResourcesFiltering - skip non existing resourceDirectory C:\Users\satyaprakashm\Downloads\Day33_Part_1\Day33_Part_1\HibJsf\src\test\resources
2025-05-26 12:12:18,879 [Worker-27: Building] INFO  o.a.m.s.f.DefaultMavenResourcesFiltering - skip non existing resourceDirectory C:\Users\satyaprakashm\Downloads\Day33_Part_1\Day33_Part_1\HibJsf\src\main\resources
2025-05-26 12:12:18,883 [Worker-27: Building] INFO  o.a.m.s.f.DefaultMavenResourcesFiltering - skip non existing resourceDirectory C:\Users\satyaprakashm\Downloads\Day33_Part_1\Day33_Part_1\HibJsf\src\test\resources
2025-05-26 12:12:56,119 [Worker-0: Building] INFO  o.a.m.s.f.DefaultMavenResourcesFiltering - skip non existing resourceDirectory C:\Users\satyaprakashm\Downloads\Day33_Part_1\Day33_Part_1\HibJsf\src\main\resources
2025-05-26 12:12:56,121 [Worker-0: Building] INFO  o.a.m.s.f.DefaultMavenResourcesFiltering - skip non existing resourceDirectory C:\Users\satyaprakashm\Downloads\Day33_Part_1\Day33_Part_1\HibJsf\src\test\resources
2025-05-26 12:12:59,520 [Worker-30: Building] INFO  o.a.m.s.f.DefaultMavenResourcesFiltering - skip non existing resourceDirectory C:\Users\satyaprakashm\Downloads\Day33_Part_1\Day33_Part_1\HibJsf\src\main\resources
2025-05-26 12:12:59,524 [Worker-30: Building] INFO  o.a.m.s.f.DefaultMavenResourcesFiltering - skip non existing resourceDirectory C:\Users\satyaprakashm\Downloads\Day33_Part_1\Day33_Part_1\HibJsf\src\test\resources
2025-05-26 12:13:25,048 [Worker-35: Building] INFO  o.a.m.s.f.DefaultMavenResourcesFiltering - skip non existing resourceDirectory C:\Users\satyaprakashm\Downloads\Day33_Part_1\Day33_Part_1\HibJsf\src\main\resources
2025-05-26 12:13:25,050 [Worker-35: Building] INFO  o.a.m.s.f.DefaultMavenResourcesFiltering - skip non existing resourceDirectory C:\Users\satyaprakashm\Downloads\Day33_Part_1\Day33_Part_1\HibJsf\src\test\resources
2025-05-26 12:13:30,631 [Worker-30: Building] INFO  o.a.m.s.f.DefaultMavenResourcesFiltering - skip non existing resourceDirectory C:\Users\satyaprakashm\Downloads\Day33_Part_1\Day33_Part_1\HibJsf\src\main\resources
2025-05-26 12:13:30,635 [Worker-30: Building] INFO  o.a.m.s.f.DefaultMavenResourcesFiltering - skip non existing resourceDirectory C:\Users\satyaprakashm\Downloads\Day33_Part_1\Day33_Part_1\HibJsf\src\test\resources
2025-05-26 12:13:34,647 [Worker-33: Building] INFO  o.a.m.s.f.DefaultMavenResourcesFiltering - skip non existing resourceDirectory C:\Users\satyaprakashm\Downloads\Day33_Part_1\Day33_Part_1\HibJsf\src\main\resources
2025-05-26 12:13:34,649 [Worker-33: Building] INFO  o.a.m.s.f.DefaultMavenResourcesFiltering - skip non existing resourceDirectory C:\Users\satyaprakashm\Downloads\Day33_Part_1\Day33_Part_1\HibJsf\src\test\resources
2025-05-26 12:13:36,903 [Worker-33: Building] INFO  o.a.m.s.f.DefaultMavenResourcesFiltering - skip non existing resourceDirectory C:\Users\satyaprakashm\Downloads\Day33_Part_1\Day33_Part_1\HibJsf\src\main\resources
2025-05-26 12:13:36,907 [Worker-33: Building] INFO  o.a.m.s.f.DefaultMavenResourcesFiltering - skip non existing resourceDirectory C:\Users\satyaprakashm\Downloads\Day33_Part_1\Day33_Part_1\HibJsf\src\test\resources
2025-05-26 12:13:49,696 [Worker-30: Building] INFO  o.a.m.s.f.DefaultMavenResourcesFiltering - skip non existing resourceDirectory C:\Users\satyaprakashm\Downloads\Day33_Part_1\Day33_Part_1\HibJsf\src\main\resources
2025-05-26 12:13:49,700 [Worker-30: Building] INFO  o.a.m.s.f.DefaultMavenResourcesFiltering - skip non existing resourceDirectory C:\Users\satyaprakashm\Downloads\Day33_Part_1\Day33_Part_1\HibJsf\src\test\resources
2025-05-26 12:13:57,944 [Worker-0: Building] INFO  o.a.m.s.f.DefaultMavenResourcesFiltering - skip non existing resourceDirectory C:\Users\satyaprakashm\Downloads\Day33_Part_1\Day33_Part_1\HibJsf\src\main\resources
2025-05-26 12:13:57,946 [Worker-0: Building] INFO  o.a.m.s.f.DefaultMavenResourcesFiltering - skip non existing resourceDirectory C:\Users\satyaprakashm\Downloads\Day33_Part_1\Day33_Part_1\HibJsf\src\test\resources
2025-05-26 12:14:18,803 [Worker-27: Building] INFO  o.a.m.s.f.DefaultMavenResourcesFiltering - skip non existing resourceDirectory C:\Users\satyaprakashm\Downloads\Day33_Part_1\Day33_Part_1\HibJsf\src\main\resources
2025-05-26 12:14:18,806 [Worker-27: Building] INFO  o.a.m.s.f.DefaultMavenResourcesFiltering - skip non existing resourceDirectory C:\Users\satyaprakashm\Downloads\Day33_Part_1\Day33_Part_1\HibJsf\src\test\resources
2025-05-26 12:14:27,058 [Worker-0: Building] INFO  o.a.m.s.f.DefaultMavenResourcesFiltering - skip non existing resourceDirectory C:\Users\satyaprakashm\Downloads\Day33_Part_1\Day33_Part_1\HibJsf\src\main\resources
2025-05-26 12:14:27,066 [Worker-0: Building] INFO  o.a.m.s.f.DefaultMavenResourcesFiltering - skip non existing resourceDirectory C:\Users\satyaprakashm\Downloads\Day33_Part_1\Day33_Part_1\HibJsf\src\test\resources
2025-05-26 12:14:37,945 [Worker-27: Building] INFO  o.a.m.s.f.DefaultMavenResourcesFiltering - skip non existing resourceDirectory C:\Users\satyaprakashm\Downloads\Day33_Part_1\Day33_Part_1\HibJsf\src\main\resources
2025-05-26 12:14:37,949 [Worker-27: Building] INFO  o.a.m.s.f.DefaultMavenResourcesFiltering - skip non existing resourceDirectory C:\Users\satyaprakashm\Downloads\Day33_Part_1\Day33_Part_1\HibJsf\src\test\resources
2025-05-26 12:14:41,818 [Worker-34: Building] INFO  o.a.m.s.f.DefaultMavenResourcesFiltering - skip non existing resourceDirectory C:\Users\satyaprakashm\Downloads\Day33_Part_1\Day33_Part_1\HibJsf\src\main\resources
2025-05-26 12:14:41,820 [Worker-34: Building] INFO  o.a.m.s.f.DefaultMavenResourcesFiltering - skip non existing resourceDirectory C:\Users\satyaprakashm\Downloads\Day33_Part_1\Day33_Part_1\HibJsf\src\test\resources
2025-05-26 12:14:46,001 [Worker-34: Building] INFO  o.a.m.s.f.DefaultMavenResourcesFiltering - skip non existing resourceDirectory C:\Users\satyaprakashm\Downloads\Day33_Part_1\Day33_Part_1\HibJsf\src\main\resources
2025-05-26 12:14:46,004 [Worker-34: Building] INFO  o.a.m.s.f.DefaultMavenResourcesFiltering - skip non existing resourceDirectory C:\Users\satyaprakashm\Downloads\Day33_Part_1\Day33_Part_1\HibJsf\src\test\resources
2025-05-26 12:16:03,005 [Worker-36: Building] INFO  o.a.m.s.f.DefaultMavenResourcesFiltering - skip non existing resourceDirectory C:\Users\satyaprakashm\Downloads\Day33_Part_1\Day33_Part_1\HibJsf\src\main\resources
2025-05-26 12:16:03,008 [Worker-36: Building] INFO  o.a.m.s.f.DefaultMavenResourcesFiltering - skip non existing resourceDirectory C:\Users\satyaprakashm\Downloads\Day33_Part_1\Day33_Part_1\HibJsf\src\test\resources
2025-05-26 12:16:08,692 [Worker-33: Building] INFO  o.a.m.s.f.DefaultMavenResourcesFiltering - skip non existing resourceDirectory C:\Users\satyaprakashm\Downloads\Day33_Part_1\Day33_Part_1\HibJsf\src\main\resources
2025-05-26 12:16:08,695 [Worker-33: Building] INFO  o.a.m.s.f.DefaultMavenResourcesFiltering - skip non existing resourceDirectory C:\Users\satyaprakashm\Downloads\Day33_Part_1\Day33_Part_1\HibJsf\src\test\resources
2025-05-26 12:16:19,056 [Worker-30: Building] INFO  o.a.m.s.f.DefaultMavenResourcesFiltering - skip non existing resourceDirectory C:\Users\satyaprakashm\Downloads\Day33_Part_1\Day33_Part_1\HibJsf\src\main\resources
2025-05-26 12:16:19,061 [Worker-30: Building] INFO  o.a.m.s.f.DefaultMavenResourcesFiltering - skip non existing resourceDirectory C:\Users\satyaprakashm\Downloads\Day33_Part_1\Day33_Part_1\HibJsf\src\test\resources
2025-05-26 12:16:21,339 [Worker-0: Building] INFO  o.a.m.s.f.DefaultMavenResourcesFiltering - skip non existing resourceDirectory C:\Users\satyaprakashm\Downloads\Day33_Part_1\Day33_Part_1\HibJsf\src\main\resources
2025-05-26 12:16:21,343 [Worker-0: Building] INFO  o.a.m.s.f.DefaultMavenResourcesFiltering - skip non existing resourceDirectory C:\Users\satyaprakashm\Downloads\Day33_Part_1\Day33_Part_1\HibJsf\src\test\resources
2025-05-26 12:16:26,167 [Worker-34: Building] INFO  o.a.m.s.f.DefaultMavenResourcesFiltering - skip non existing resourceDirectory C:\Users\satyaprakashm\Downloads\Day33_Part_1\Day33_Part_1\HibJsf\src\main\resources
2025-05-26 12:16:26,172 [Worker-34: Building] INFO  o.a.m.s.f.DefaultMavenResourcesFiltering - skip non existing resourceDirectory C:\Users\satyaprakashm\Downloads\Day33_Part_1\Day33_Part_1\HibJsf\src\test\resources
2025-05-26 12:16:27,589 [Worker-32: Building] INFO  o.a.m.s.f.DefaultMavenResourcesFiltering - skip non existing resourceDirectory C:\Users\satyaprakashm\Downloads\Day33_Part_1\Day33_Part_1\HibJsf\src\main\resources
2025-05-26 12:16:27,594 [Worker-32: Building] INFO  o.a.m.s.f.DefaultMavenResourcesFiltering - skip non existing resourceDirectory C:\Users\satyaprakashm\Downloads\Day33_Part_1\Day33_Part_1\HibJsf\src\test\resources
2025-05-26 12:16:50,697 [Worker-34: Building] INFO  o.a.m.s.f.DefaultMavenResourcesFiltering - skip non existing resourceDirectory C:\Users\satyaprakashm\Downloads\Day33_Part_1\Day33_Part_1\HibJsf\src\main\resources
2025-05-26 12:16:50,700 [Worker-34: Building] INFO  o.a.m.s.f.DefaultMavenResourcesFiltering - skip non existing resourceDirectory C:\Users\satyaprakashm\Downloads\Day33_Part_1\Day33_Part_1\HibJsf\src\test\resources
2025-05-26 12:16:52,882 [Worker-27: Building] INFO  o.a.m.s.f.DefaultMavenResourcesFiltering - skip non existing resourceDirectory C:\Users\satyaprakashm\Downloads\Day33_Part_1\Day33_Part_1\HibJsf\src\main\resources
2025-05-26 12:16:52,885 [Worker-27: Building] INFO  o.a.m.s.f.DefaultMavenResourcesFiltering - skip non existing resourceDirectory C:\Users\satyaprakashm\Downloads\Day33_Part_1\Day33_Part_1\HibJsf\src\test\resources
2025-05-26 12:17:01,246 [Worker-33: Building] INFO  o.a.m.s.f.DefaultMavenResourcesFiltering - skip non existing resourceDirectory C:\Users\satyaprakashm\Downloads\Day33_Part_1\Day33_Part_1\HibJsf\src\main\resources
2025-05-26 12:17:01,248 [Worker-33: Building] INFO  o.a.m.s.f.DefaultMavenResourcesFiltering - skip non existing resourceDirectory C:\Users\satyaprakashm\Downloads\Day33_Part_1\Day33_Part_1\HibJsf\src\test\resources
2025-05-26 12:17:03,463 [Worker-37: Building] INFO  o.a.m.s.f.DefaultMavenResourcesFiltering - skip non existing resourceDirectory C:\Users\satyaprakashm\Downloads\Day33_Part_1\Day33_Part_1\HibJsf\src\main\resources
2025-05-26 12:17:03,466 [Worker-37: Building] INFO  o.a.m.s.f.DefaultMavenResourcesFiltering - skip non existing resourceDirectory C:\Users\satyaprakashm\Downloads\Day33_Part_1\Day33_Part_1\HibJsf\src\test\resources
2025-05-26 12:17:11,545 [Worker-33: Building] INFO  o.a.m.s.f.DefaultMavenResourcesFiltering - skip non existing resourceDirectory C:\Users\satyaprakashm\Downloads\Day33_Part_1\Day33_Part_1\HibJsf\src\main\resources
2025-05-26 12:17:11,546 [Worker-33: Building] INFO  o.a.m.s.f.DefaultMavenResourcesFiltering - skip non existing resourceDirectory C:\Users\satyaprakashm\Downloads\Day33_Part_1\Day33_Part_1\HibJsf\src\test\resources
2025-05-26 12:17:37,340 [Worker-30: Building] INFO  o.a.m.s.f.DefaultMavenResourcesFiltering - skip non existing resourceDirectory C:\Users\satyaprakashm\Downloads\Day33_Part_1\Day33_Part_1\HibJsf\src\main\resources
2025-05-26 12:17:37,344 [Worker-30: Building] INFO  o.a.m.s.f.DefaultMavenResourcesFiltering - skip non existing resourceDirectory C:\Users\satyaprakashm\Downloads\Day33_Part_1\Day33_Part_1\HibJsf\src\test\resources
2025-05-26 12:17:42,733 [Worker-33: Building] INFO  o.a.m.s.f.DefaultMavenResourcesFiltering - skip non existing resourceDirectory C:\Users\satyaprakashm\Downloads\Day33_Part_1\Day33_Part_1\HibJsf\src\main\resources
2025-05-26 12:17:42,737 [Worker-33: Building] INFO  o.a.m.s.f.DefaultMavenResourcesFiltering - skip non existing resourceDirectory C:\Users\satyaprakashm\Downloads\Day33_Part_1\Day33_Part_1\HibJsf\src\test\resources
2025-05-26 12:17:46,006 [Worker-33: Building] INFO  o.a.m.s.f.DefaultMavenResourcesFiltering - skip non existing resourceDirectory C:\Users\satyaprakashm\Downloads\Day33_Part_1\Day33_Part_1\HibJsf\src\main\resources
2025-05-26 12:17:46,009 [Worker-33: Building] INFO  o.a.m.s.f.DefaultMavenResourcesFiltering - skip non existing resourceDirectory C:\Users\satyaprakashm\Downloads\Day33_Part_1\Day33_Part_1\HibJsf\src\test\resources
2025-05-26 12:17:52,498 [Worker-36: Building] INFO  o.a.m.s.f.DefaultMavenResourcesFiltering - skip non existing resourceDirectory C:\Users\satyaprakashm\Downloads\Day33_Part_1\Day33_Part_1\HibJsf\src\main\resources
2025-05-26 12:17:52,500 [Worker-36: Building] INFO  o.a.m.s.f.DefaultMavenResourcesFiltering - skip non existing resourceDirectory C:\Users\satyaprakashm\Downloads\Day33_Part_1\Day33_Part_1\HibJsf\src\test\resources
2025-05-26 12:17:56,063 [Worker-0: Building] INFO  o.a.m.s.f.DefaultMavenResourcesFiltering - skip non existing resourceDirectory C:\Users\satyaprakashm\Downloads\Day33_Part_1\Day33_Part_1\HibJsf\src\main\resources
2025-05-26 12:17:56,067 [Worker-0: Building] INFO  o.a.m.s.f.DefaultMavenResourcesFiltering - skip non existing resourceDirectory C:\Users\satyaprakashm\Downloads\Day33_Part_1\Day33_Part_1\HibJsf\src\test\resources
2025-05-26 12:18:01,087 [Worker-39: Building] INFO  o.a.m.s.f.DefaultMavenResourcesFiltering - skip non existing resourceDirectory C:\Users\satyaprakashm\Downloads\Day33_Part_1\Day33_Part_1\HibJsf\src\main\resources
2025-05-26 12:18:01,090 [Worker-39: Building] INFO  o.a.m.s.f.DefaultMavenResourcesFiltering - skip non existing resourceDirectory C:\Users\satyaprakashm\Downloads\Day33_Part_1\Day33_Part_1\HibJsf\src\test\resources
2025-05-26 12:18:39,615 [Worker-34: Building] INFO  o.a.m.s.f.DefaultMavenResourcesFiltering - skip non existing resourceDirectory C:\Users\satyaprakashm\Downloads\Day33_Part_1\Day33_Part_1\HibJsf\src\main\resources
2025-05-26 12:18:39,618 [Worker-34: Building] INFO  o.a.m.s.f.DefaultMavenResourcesFiltering - skip non existing resourceDirectory C:\Users\satyaprakashm\Downloads\Day33_Part_1\Day33_Part_1\HibJsf\src\test\resources
2025-05-26 12:18:45,715 [Worker-30: Building] INFO  o.a.m.s.f.DefaultMavenResourcesFiltering - skip non existing resourceDirectory C:\Users\satyaprakashm\Downloads\Day33_Part_1\Day33_Part_1\HibJsf\src\main\resources
2025-05-26 12:18:45,718 [Worker-30: Building] INFO  o.a.m.s.f.DefaultMavenResourcesFiltering - skip non existing resourceDirectory C:\Users\satyaprakashm\Downloads\Day33_Part_1\Day33_Part_1\HibJsf\src\test\resources
2025-05-26 12:18:47,933 [Worker-33: Building] INFO  o.a.m.s.f.DefaultMavenResourcesFiltering - skip non existing resourceDirectory C:\Users\satyaprakashm\Downloads\Day33_Part_1\Day33_Part_1\HibJsf\src\main\resources
2025-05-26 12:18:47,941 [Worker-33: Building] INFO  o.a.m.s.f.DefaultMavenResourcesFiltering - skip non existing resourceDirectory C:\Users\satyaprakashm\Downloads\Day33_Part_1\Day33_Part_1\HibJsf\src\test\resources
2025-05-26 12:18:51,937 [Worker-39: Building] INFO  o.a.m.s.f.DefaultMavenResourcesFiltering - skip non existing resourceDirectory C:\Users\satyaprakashm\Downloads\Day33_Part_1\Day33_Part_1\HibJsf\src\main\resources
2025-05-26 12:18:51,941 [Worker-39: Building] INFO  o.a.m.s.f.DefaultMavenResourcesFiltering - skip non existing resourceDirectory C:\Users\satyaprakashm\Downloads\Day33_Part_1\Day33_Part_1\HibJsf\src\test\resources
2025-05-26 12:19:10,634 [Worker-27: Building] INFO  o.a.m.s.f.DefaultMavenResourcesFiltering - skip non existing resourceDirectory C:\Users\satyaprakashm\Downloads\Day33_Part_1\Day33_Part_1\HibJsf\src\main\resources
2025-05-26 12:19:10,636 [Worker-27: Building] INFO  o.a.m.s.f.DefaultMavenResourcesFiltering - skip non existing resourceDirectory C:\Users\satyaprakashm\Downloads\Day33_Part_1\Day33_Part_1\HibJsf\src\test\resources
2025-05-26 12:19:28,728 [Worker-27: Building] INFO  o.a.m.s.f.DefaultMavenResourcesFiltering - skip non existing resourceDirectory C:\Users\satyaprakashm\Downloads\Day33_Part_1\Day33_Part_1\HibJsf\src\main\resources
2025-05-26 12:19:28,731 [Worker-27: Building] INFO  o.a.m.s.f.DefaultMavenResourcesFiltering - skip non existing resourceDirectory C:\Users\satyaprakashm\Downloads\Day33_Part_1\Day33_Part_1\HibJsf\src\test\resources
2025-05-26 12:19:34,506 [Worker-27: Building] INFO  o.a.m.s.f.DefaultMavenResourcesFiltering - skip non existing resourceDirectory C:\Users\satyaprakashm\Downloads\Day33_Part_1\Day33_Part_1\HibJsf\src\main\resources
2025-05-26 12:19:34,510 [Worker-27: Building] INFO  o.a.m.s.f.DefaultMavenResourcesFiltering - skip non existing resourceDirectory C:\Users\satyaprakashm\Downloads\Day33_Part_1\Day33_Part_1\HibJsf\src\test\resources
2025-05-26 12:19:40,377 [Worker-37: Building] INFO  o.a.m.s.f.DefaultMavenResourcesFiltering - skip non existing resourceDirectory C:\Users\satyaprakashm\Downloads\Day33_Part_1\Day33_Part_1\HibJsf\src\main\resources
2025-05-26 12:19:40,381 [Worker-37: Building] INFO  o.a.m.s.f.DefaultMavenResourcesFiltering - skip non existing resourceDirectory C:\Users\satyaprakashm\Downloads\Day33_Part_1\Day33_Part_1\HibJsf\src\test\resources
2025-05-26 12:19:49,486 [Worker-36: Building] INFO  o.a.m.s.f.DefaultMavenResourcesFiltering - skip non existing resourceDirectory C:\Users\satyaprakashm\Downloads\Day33_Part_1\Day33_Part_1\HibJsf\src\main\resources
2025-05-26 12:19:49,490 [Worker-36: Building] INFO  o.a.m.s.f.DefaultMavenResourcesFiltering - skip non existing resourceDirectory C:\Users\satyaprakashm\Downloads\Day33_Part_1\Day33_Part_1\HibJsf\src\test\resources
2025-05-26 12:23:30,279 [Worker-0: Building] INFO  o.a.m.s.f.DefaultMavenResourcesFiltering - skip non existing resourceDirectory C:\Users\satyaprakashm\Downloads\Day33_Part_1\Day33_Part_1\HibJsf\src\main\resources
2025-05-26 12:23:30,283 [Worker-0: Building] INFO  o.a.m.s.f.DefaultMavenResourcesFiltering - skip non existing resourceDirectory C:\Users\satyaprakashm\Downloads\Day33_Part_1\Day33_Part_1\HibJsf\src\test\resources
2025-05-26 12:23:34,551 [Worker-33: Building] INFO  o.a.m.s.f.DefaultMavenResourcesFiltering - skip non existing resourceDirectory C:\Users\satyaprakashm\Downloads\Day33_Part_1\Day33_Part_1\HibJsf\src\main\resources
2025-05-26 12:23:34,554 [Worker-33: Building] INFO  o.a.m.s.f.DefaultMavenResourcesFiltering - skip non existing resourceDirectory C:\Users\satyaprakashm\Downloads\Day33_Part_1\Day33_Part_1\HibJsf\src\test\resources
2025-05-26 12:23:45,861 [Worker-40: Building] INFO  o.a.m.s.f.DefaultMavenResourcesFiltering - skip non existing resourceDirectory C:\Users\satyaprakashm\Downloads\Day33_Part_1\Day33_Part_1\HibJsf\src\main\resources
2025-05-26 12:23:45,864 [Worker-40: Building] INFO  o.a.m.s.f.DefaultMavenResourcesFiltering - skip non existing resourceDirectory C:\Users\satyaprakashm\Downloads\Day33_Part_1\Day33_Part_1\HibJsf\src\test\resources
2025-05-26 12:23:53,882 [Worker-40: Building] INFO  o.a.m.s.f.DefaultMavenResourcesFiltering - skip non existing resourceDirectory C:\Users\satyaprakashm\Downloads\Day33_Part_1\Day33_Part_1\HibJsf\src\main\resources
2025-05-26 12:23:53,884 [Worker-40: Building] INFO  o.a.m.s.f.DefaultMavenResourcesFiltering - skip non existing resourceDirectory C:\Users\satyaprakashm\Downloads\Day33_Part_1\Day33_Part_1\HibJsf\src\test\resources
2025-05-26 12:24:01,707 [Worker-37: Building] INFO  o.a.m.s.f.DefaultMavenResourcesFiltering - skip non existing resourceDirectory C:\Users\satyaprakashm\Downloads\Day33_Part_1\Day33_Part_1\HibJsf\src\main\resources
2025-05-26 12:24:01,709 [Worker-37: Building] INFO  o.a.m.s.f.DefaultMavenResourcesFiltering - skip non existing resourceDirectory C:\Users\satyaprakashm\Downloads\Day33_Part_1\Day33_Part_1\HibJsf\src\test\resources
2025-05-26 12:29:21,117 [Worker-40: Building] INFO  o.a.m.s.f.DefaultMavenResourcesFiltering - skip non existing resourceDirectory C:\Users\satyaprakashm\Downloads\Day33_Part_1\Day33_Part_1\HibJsf\src\main\resources
2025-05-26 12:29:21,128 [Worker-40: Building] INFO  o.a.m.s.f.DefaultMavenResourcesFiltering - skip non existing resourceDirectory C:\Users\satyaprakashm\Downloads\Day33_Part_1\Day33_Part_1\HibJsf\src\test\resources
2025-05-26 12:37:04,853 [Worker-38: Building] INFO  o.e.m.c.i.l.LifecycleMappingFactory - Using org.maven.ide.eclipse.wtp.WarLifecycleMapping lifecycle mapping for MavenProject: infinite:HibJsf:0.0.1-SNAPSHOT @ C:\Users\satyaprakashm\Downloads\Day33_Part_1\Day33_Part_1\HibJsf\pom.xml.
2025-05-26 12:37:05,026 [Worker-38: Building] WARN  o.a.m.r.i.DefaultArtifactDescriptorReader - 1 problem was encountered while building the effective model for org.javassist:javassist:jar:3.18.1-GA during dependency collection step for project (use -X to see details)
2025-05-26 12:37:10,530 [Worker-38: Building] WARN  o.e.m.c.i.embedder.EclipseLogger - The artifact mysql:mysql-connector-java:jar:8.0.31 has been relocated to com.mysql:mysql-connector-j:jar:8.0.31: MySQL Connector/J artifacts moved to reverse-DNS compliant Maven 2+ coordinates.
2025-05-26 12:37:11,092 [Worker-38: Building] WARN  o.e.m.c.i.embedder.EclipseLogger - The artifact mysql:mysql-connector-java:jar:8.0.31 has been relocated to com.mysql:mysql-connector-j:jar:8.0.31: MySQL Connector/J artifacts moved to reverse-DNS compliant Maven 2+ coordinates.
2025-05-26 12:37:17,415 [Worker-38: Building] INFO  o.a.m.s.f.DefaultMavenResourcesFiltering - skip non existing resourceDirectory C:\Users\satyaprakashm\Downloads\Day33_Part_1\Day33_Part_1\HibJsf\src\main\resources
2025-05-26 12:37:17,433 [Worker-38: Building] INFO  o.a.m.s.f.DefaultMavenResourcesFiltering - skip non existing resourceDirectory C:\Users\satyaprakashm\Downloads\Day33_Part_1\Day33_Part_1\HibJsf\src\test\resources
2025-05-26 12:37:17,435 [Worker-38: Building] INFO  o.e.m.w.i.f.ResourceFilteringBuildParticipant - Changed resources require a complete clean of filtered resources of HibJsf
2025-05-26 12:37:17,450 [Worker-38: Building] INFO  o.e.m.w.i.f.ResourceFilteringBuildParticipant - Executing resource filtering for HibJsf
2025-05-26 12:49:19,120 [Worker-44: Building] INFO  o.a.m.s.f.DefaultMavenResourcesFiltering - skip non existing resourceDirectory C:\Users\satyaprakashm\Downloads\Day33_Part_1\Day33_Part_1\HibJsf\src\main\resources
2025-05-26 12:49:19,379 [Worker-44: Building] INFO  o.a.m.s.f.DefaultMavenResourcesFiltering - skip non existing resourceDirectory C:\Users\satyaprakashm\Downloads\Day33_Part_1\Day33_Part_1\HibJsf\src\test\resources
2025-05-26 12:50:07,223 [Worker-43: Building] INFO  o.a.m.s.f.DefaultMavenResourcesFiltering - skip non existing resourceDirectory C:\Users\satyaprakashm\Downloads\Day33_Part_1\Day33_Part_1\HibJsf\src\main\resources
2025-05-26 12:50:07,227 [Worker-43: Building] INFO  o.a.m.s.f.DefaultMavenResourcesFiltering - skip non existing resourceDirectory C:\Users\satyaprakashm\Downloads\Day33_Part_1\Day33_Part_1\HibJsf\src\test\resources
2025-05-26 12:50:10,510 [Worker-44: Building] INFO  o.a.m.s.f.DefaultMavenResourcesFiltering - skip non existing resourceDirectory C:\Users\satyaprakashm\Downloads\Day33_Part_1\Day33_Part_1\HibJsf\src\main\resources
2025-05-26 12:50:10,512 [Worker-44: Building] INFO  o.a.m.s.f.DefaultMavenResourcesFiltering - skip non existing resourceDirectory C:\Users\satyaprakashm\Downloads\Day33_Part_1\Day33_Part_1\HibJsf\src\test\resources
2025-05-26 14:20:48,448 [Worker-41: Building] INFO  o.a.m.s.f.DefaultMavenResourcesFiltering - skip non existing resourceDirectory C:\Users\satyaprakashm\Downloads\Day33_Part_1\Day33_Part_1\HibJsf\src\main\resources
2025-05-26 14:20:48,450 [Worker-41: Building] INFO  o.a.m.s.f.DefaultMavenResourcesFiltering - skip non existing resourceDirectory C:\Users\satyaprakashm\Downloads\Day33_Part_1\Day33_Part_1\HibJsf\src\test\resources
2025-05-26 14:20:50,111 [Worker-47: Building] INFO  o.a.m.s.f.DefaultMavenResourcesFiltering - skip non existing resourceDirectory C:\Users\satyaprakashm\Downloads\Day33_Part_1\Day33_Part_1\HibJsf\src\main\resources
2025-05-26 14:20:50,115 [Worker-47: Building] INFO  o.a.m.s.f.DefaultMavenResourcesFiltering - skip non existing resourceDirectory C:\Users\satyaprakashm\Downloads\Day33_Part_1\Day33_Part_1\HibJsf\src\test\resources
2025-05-26 14:54:02,979 [Worker-53: Building] INFO  o.a.m.s.f.DefaultMavenResourcesFiltering - skip non existing resourceDirectory C:\Users\satyaprakashm\Downloads\Day33_Part_1\Day33_Part_1\HibJsf\src\main\resources
2025-05-26 14:54:02,989 [Worker-53: Building] INFO  o.a.m.s.f.DefaultMavenResourcesFiltering - skip non existing resourceDirectory C:\Users\satyaprakashm\Downloads\Day33_Part_1\Day33_Part_1\HibJsf\src\test\resources
2025-05-26 14:54:52,394 [Worker-41: Building] INFO  o.a.m.s.f.DefaultMavenResourcesFiltering - skip non existing resourceDirectory C:\Users\satyaprakashm\Downloads\Day33_Part_1\Day33_Part_1\HibJsf\src\main\resources
2025-05-26 14:54:52,397 [Worker-41: Building] INFO  o.a.m.s.f.DefaultMavenResourcesFiltering - skip non existing resourceDirectory C:\Users\satyaprakashm\Downloads\Day33_Part_1\Day33_Part_1\HibJsf\src\test\resources
2025-05-26 14:54:57,364 [Worker-54: Building] INFO  o.a.m.s.f.DefaultMavenResourcesFiltering - skip non existing resourceDirectory C:\Users\satyaprakashm\Downloads\Day33_Part_1\Day33_Part_1\HibJsf\src\main\resources
2025-05-26 14:54:57,368 [Worker-54: Building] INFO  o.a.m.s.f.DefaultMavenResourcesFiltering - skip non existing resourceDirectory C:\Users\satyaprakashm\Downloads\Day33_Part_1\Day33_Part_1\HibJsf\src\test\resources
2025-05-26 14:55:00,516 [Worker-55: Building] INFO  o.a.m.s.f.DefaultMavenResourcesFiltering - skip non existing resourceDirectory C:\Users\satyaprakashm\Downloads\Day33_Part_1\Day33_Part_1\HibJsf\src\main\resources
2025-05-26 14:55:00,518 [Worker-55: Building] INFO  o.a.m.s.f.DefaultMavenResourcesFiltering - skip non existing resourceDirectory C:\Users\satyaprakashm\Downloads\Day33_Part_1\Day33_Part_1\HibJsf\src\test\resources
2025-05-26 14:55:02,611 [Worker-54: Building] INFO  o.a.m.s.f.DefaultMavenResourcesFiltering - skip non existing resourceDirectory C:\Users\satyaprakashm\Downloads\Day33_Part_1\Day33_Part_1\HibJsf\src\main\resources
2025-05-26 14:55:02,614 [Worker-54: Building] INFO  o.a.m.s.f.DefaultMavenResourcesFiltering - skip non existing resourceDirectory C:\Users\satyaprakashm\Downloads\Day33_Part_1\Day33_Part_1\HibJsf\src\test\resources
2025-05-26 14:55:05,824 [Worker-51: Building] INFO  o.a.m.s.f.DefaultMavenResourcesFiltering - skip non existing resourceDirectory C:\Users\satyaprakashm\Downloads\Day33_Part_1\Day33_Part_1\HibJsf\src\main\resources
2025-05-26 14:55:05,828 [Worker-51: Building] INFO  o.a.m.s.f.DefaultMavenResourcesFiltering - skip non existing resourceDirectory C:\Users\satyaprakashm\Downloads\Day33_Part_1\Day33_Part_1\HibJsf\src\test\resources
2025-05-26 14:55:32,748 [Worker-55: Building] INFO  o.a.m.s.f.DefaultMavenResourcesFiltering - skip non existing resourceDirectory C:\Users\satyaprakashm\Downloads\Day33_Part_1\Day33_Part_1\HibJsf\src\main\resources
2025-05-26 14:55:32,753 [Worker-55: Building] INFO  o.a.m.s.f.DefaultMavenResourcesFiltering - skip non existing resourceDirectory C:\Users\satyaprakashm\Downloads\Day33_Part_1\Day33_Part_1\HibJsf\src\test\resources
2025-05-26 14:55:56,331 [Worker-51: Building] INFO  o.a.m.s.f.DefaultMavenResourcesFiltering - skip non existing resourceDirectory C:\Users\satyaprakashm\Downloads\Day33_Part_1\Day33_Part_1\HibJsf\src\main\resources
2025-05-26 14:55:56,340 [Worker-51: Building] INFO  o.a.m.s.f.DefaultMavenResourcesFiltering - skip non existing resourceDirectory C:\Users\satyaprakashm\Downloads\Day33_Part_1\Day33_Part_1\HibJsf\src\test\resources
2025-05-26 15:09:07,732 [Worker-41: Building] INFO  o.a.m.s.f.DefaultMavenResourcesFiltering - skip non existing resourceDirectory C:\Users\satyaprakashm\Downloads\Day33_Part_1\Day33_Part_1\HibJsf\src\main\resources
2025-05-26 15:09:07,745 [Worker-41: Building] INFO  o.a.m.s.f.DefaultMavenResourcesFiltering - skip non existing resourceDirectory C:\Users\satyaprakashm\Downloads\Day33_Part_1\Day33_Part_1\HibJsf\src\test\resources
2025-05-26 15:09:10,002 [Worker-56: Building] INFO  o.a.m.s.f.DefaultMavenResourcesFiltering - skip non existing resourceDirectory C:\Users\satyaprakashm\Downloads\Day33_Part_1\Day33_Part_1\HibJsf\src\main\resources
2025-05-26 15:09:10,004 [Worker-56: Building] INFO  o.a.m.s.f.DefaultMavenResourcesFiltering - skip non existing resourceDirectory C:\Users\satyaprakashm\Downloads\Day33_Part_1\Day33_Part_1\HibJsf\src\test\resources
2025-05-26 15:10:42,324 [Worker-53: Building] INFO  o.a.m.s.f.DefaultMavenResourcesFiltering - skip non existing resourceDirectory C:\Users\satyaprakashm\Downloads\Day33_Part_1\Day33_Part_1\HibJsf\src\main\resources
2025-05-26 15:10:42,331 [Worker-53: Building] INFO  o.a.m.s.f.DefaultMavenResourcesFiltering - skip non existing resourceDirectory C:\Users\satyaprakashm\Downloads\Day33_Part_1\Day33_Part_1\HibJsf\src\test\resources
2025-05-26 15:10:44,154 [Worker-56: Building] INFO  o.a.m.s.f.DefaultMavenResourcesFiltering - skip non existing resourceDirectory C:\Users\satyaprakashm\Downloads\Day33_Part_1\Day33_Part_1\HibJsf\src\main\resources
2025-05-26 15:10:44,160 [Worker-56: Building] INFO  o.a.m.s.f.DefaultMavenResourcesFiltering - skip non existing resourceDirectory C:\Users\satyaprakashm\Downloads\Day33_Part_1\Day33_Part_1\HibJsf\src\test\resources
2025-05-27 12:46:42,294 [Worker-84: Launching mavenrun-d4d75933-9004-401d-b0aa-770093e88cb9] INFO  o.eclipse.m2e.core.internal.Bundles - getClasspathEntries(Bundle=org.eclipse.m2e.maven.runtime_3.9.900.20250220-2013 [637])
2025-05-27 12:46:42,312 [Worker-84: Launching mavenrun-d4d75933-9004-401d-b0aa-770093e88cb9] INFO  o.eclipse.m2e.core.internal.Bundles - 	Entry: C:\Users\satyaprakashm\.p2\pool\plugins\org.eclipse.m2e.maven.runtime_3.9.900.20250220-2013
2025-05-27 12:46:42,313 [Worker-84: Launching mavenrun-d4d75933-9004-401d-b0aa-770093e88cb9] INFO  o.eclipse.m2e.core.internal.Bundles - 	Entry: C:\Users\satyaprakashm\.p2\pool\plugins\org.eclipse.m2e.maven.runtime_3.9.900.20250220-2013\jars\aopalliance-1.0.jar
2025-05-27 12:46:42,313 [Worker-84: Launching mavenrun-d4d75933-9004-401d-b0aa-770093e88cb9] INFO  o.eclipse.m2e.core.internal.Bundles - 	Entry: C:\Users\satyaprakashm\.p2\pool\plugins\org.eclipse.m2e.maven.runtime_3.9.900.20250220-2013\jars\guice-5.1.0.jar
2025-05-27 12:46:42,313 [Worker-84: Launching mavenrun-d4d75933-9004-401d-b0aa-770093e88cb9] INFO  o.eclipse.m2e.core.internal.Bundles - 	Entry: C:\Users\satyaprakashm\.p2\pool\plugins\org.eclipse.m2e.maven.runtime_3.9.900.20250220-2013\jars\httpclient-4.5.14.jar
2025-05-27 12:46:42,313 [Worker-84: Launching mavenrun-d4d75933-9004-401d-b0aa-770093e88cb9] INFO  o.eclipse.m2e.core.internal.Bundles - 	Entry: C:\Users\satyaprakashm\.p2\pool\plugins\org.eclipse.m2e.maven.runtime_3.9.900.20250220-2013\jars\httpcore-4.4.16.jar
2025-05-27 12:46:42,314 [Worker-84: Launching mavenrun-d4d75933-9004-401d-b0aa-770093e88cb9] INFO  o.eclipse.m2e.core.internal.Bundles - 	Entry: C:\Users\satyaprakashm\.p2\pool\plugins\org.eclipse.m2e.maven.runtime_3.9.900.20250220-2013\jars\jansi-2.4.1.jar
2025-05-27 12:46:42,314 [Worker-84: Launching mavenrun-d4d75933-9004-401d-b0aa-770093e88cb9] INFO  o.eclipse.m2e.core.internal.Bundles - 	Entry: C:\Users\satyaprakashm\.p2\pool\plugins\org.eclipse.m2e.maven.runtime_3.9.900.20250220-2013\jars\jcl-over-slf4j-1.7.36.jar
2025-05-27 12:46:42,315 [Worker-84: Launching mavenrun-d4d75933-9004-401d-b0aa-770093e88cb9] INFO  o.eclipse.m2e.core.internal.Bundles - 	Entry: C:\Users\satyaprakashm\.p2\pool\plugins\org.eclipse.m2e.maven.runtime_3.9.900.20250220-2013\jars\maven-artifact-3.9.9.jar
2025-05-27 12:46:42,316 [Worker-84: Launching mavenrun-d4d75933-9004-401d-b0aa-770093e88cb9] INFO  o.eclipse.m2e.core.internal.Bundles - 	Entry: C:\Users\satyaprakashm\.p2\pool\plugins\org.eclipse.m2e.maven.runtime_3.9.900.20250220-2013\jars\maven-builder-support-3.9.9.jar
2025-05-27 12:46:42,316 [Worker-84: Launching mavenrun-d4d75933-9004-401d-b0aa-770093e88cb9] INFO  o.eclipse.m2e.core.internal.Bundles - 	Entry: C:\Users\satyaprakashm\.p2\pool\plugins\org.eclipse.m2e.maven.runtime_3.9.900.20250220-2013\jars\maven-compat-3.9.9.jar
2025-05-27 12:46:42,316 [Worker-84: Launching mavenrun-d4d75933-9004-401d-b0aa-770093e88cb9] INFO  o.eclipse.m2e.core.internal.Bundles - 	Entry: C:\Users\satyaprakashm\.p2\pool\plugins\org.eclipse.m2e.maven.runtime_3.9.900.20250220-2013\jars\maven-core-3.9.9.jar
2025-05-27 12:46:42,317 [Worker-84: Launching mavenrun-d4d75933-9004-401d-b0aa-770093e88cb9] INFO  o.eclipse.m2e.core.internal.Bundles - 	Entry: C:\Users\satyaprakashm\.p2\pool\plugins\org.eclipse.m2e.maven.runtime_3.9.900.20250220-2013\jars\maven-embedder-3.9.9.jar
2025-05-27 12:46:42,317 [Worker-84: Launching mavenrun-d4d75933-9004-401d-b0aa-770093e88cb9] INFO  o.eclipse.m2e.core.internal.Bundles - 	Entry: C:\Users\satyaprakashm\.p2\pool\plugins\org.eclipse.m2e.maven.runtime_3.9.900.20250220-2013\jars\maven-model-3.9.9.jar
2025-05-27 12:46:42,318 [Worker-84: Launching mavenrun-d4d75933-9004-401d-b0aa-770093e88cb9] INFO  o.eclipse.m2e.core.internal.Bundles - 	Entry: C:\Users\satyaprakashm\.p2\pool\plugins\org.eclipse.m2e.maven.runtime_3.9.900.20250220-2013\jars\maven-model-builder-3.9.9.jar
2025-05-27 12:46:42,319 [Worker-84: Launching mavenrun-d4d75933-9004-401d-b0aa-770093e88cb9] INFO  o.eclipse.m2e.core.internal.Bundles - 	Entry: C:\Users\satyaprakashm\.p2\pool\plugins\org.eclipse.m2e.maven.runtime_3.9.900.20250220-2013\jars\maven-plugin-api-3.9.9.jar
2025-05-27 12:46:42,325 [Worker-84: Launching mavenrun-d4d75933-9004-401d-b0aa-770093e88cb9] INFO  o.eclipse.m2e.core.internal.Bundles - 	Entry: C:\Users\satyaprakashm\.p2\pool\plugins\org.eclipse.m2e.maven.runtime_3.9.900.20250220-2013\jars\maven-repository-metadata-3.9.9.jar
2025-05-27 12:46:42,331 [Worker-84: Launching mavenrun-d4d75933-9004-401d-b0aa-770093e88cb9] INFO  o.eclipse.m2e.core.internal.Bundles - 	Entry: C:\Users\satyaprakashm\.p2\pool\plugins\org.eclipse.m2e.maven.runtime_3.9.900.20250220-2013\jars\maven-resolver-api-1.9.22.jar
2025-05-27 12:46:42,332 [Worker-84: Launching mavenrun-d4d75933-9004-401d-b0aa-770093e88cb9] INFO  o.eclipse.m2e.core.internal.Bundles - 	Entry: C:\Users\satyaprakashm\.p2\pool\plugins\org.eclipse.m2e.maven.runtime_3.9.900.20250220-2013\jars\maven-resolver-connector-basic-1.9.22.jar
2025-05-27 12:46:42,332 [Worker-84: Launching mavenrun-d4d75933-9004-401d-b0aa-770093e88cb9] INFO  o.eclipse.m2e.core.internal.Bundles - 	Entry: C:\Users\satyaprakashm\.p2\pool\plugins\org.eclipse.m2e.maven.runtime_3.9.900.20250220-2013\jars\maven-resolver-impl-1.9.22.jar
2025-05-27 12:46:42,332 [Worker-84: Launching mavenrun-d4d75933-9004-401d-b0aa-770093e88cb9] INFO  o.eclipse.m2e.core.internal.Bundles - 	Entry: C:\Users\satyaprakashm\.p2\pool\plugins\org.eclipse.m2e.maven.runtime_3.9.900.20250220-2013\jars\maven-resolver-named-locks-1.9.22.jar
2025-05-27 12:46:42,333 [Worker-84: Launching mavenrun-d4d75933-9004-401d-b0aa-770093e88cb9] INFO  o.eclipse.m2e.core.internal.Bundles - 	Entry: C:\Users\satyaprakashm\.p2\pool\plugins\org.eclipse.m2e.maven.runtime_3.9.900.20250220-2013\jars\maven-resolver-provider-3.9.9.jar
2025-05-27 12:46:42,335 [Worker-84: Launching mavenrun-d4d75933-9004-401d-b0aa-770093e88cb9] INFO  o.eclipse.m2e.core.internal.Bundles - 	Entry: C:\Users\satyaprakashm\.p2\pool\plugins\org.eclipse.m2e.maven.runtime_3.9.900.20250220-2013\jars\maven-resolver-spi-1.9.22.jar
2025-05-27 12:46:42,337 [Worker-84: Launching mavenrun-d4d75933-9004-401d-b0aa-770093e88cb9] INFO  o.eclipse.m2e.core.internal.Bundles - 	Entry: C:\Users\satyaprakashm\.p2\pool\plugins\org.eclipse.m2e.maven.runtime_3.9.900.20250220-2013\jars\maven-resolver-transport-file-1.9.22.jar
2025-05-27 12:46:42,337 [Worker-84: Launching mavenrun-d4d75933-9004-401d-b0aa-770093e88cb9] INFO  o.eclipse.m2e.core.internal.Bundles - 	Entry: C:\Users\satyaprakashm\.p2\pool\plugins\org.eclipse.m2e.maven.runtime_3.9.900.20250220-2013\jars\maven-resolver-transport-http-1.9.22.jar
2025-05-27 12:46:42,338 [Worker-84: Launching mavenrun-d4d75933-9004-401d-b0aa-770093e88cb9] INFO  o.eclipse.m2e.core.internal.Bundles - 	Entry: C:\Users\satyaprakashm\.p2\pool\plugins\org.eclipse.m2e.maven.runtime_3.9.900.20250220-2013\jars\maven-resolver-transport-wagon-1.9.22.jar
2025-05-27 12:46:42,339 [Worker-84: Launching mavenrun-d4d75933-9004-401d-b0aa-770093e88cb9] INFO  o.eclipse.m2e.core.internal.Bundles - 	Entry: C:\Users\satyaprakashm\.p2\pool\plugins\org.eclipse.m2e.maven.runtime_3.9.900.20250220-2013\jars\maven-resolver-util-1.9.22.jar
2025-05-27 12:46:42,339 [Worker-84: Launching mavenrun-d4d75933-9004-401d-b0aa-770093e88cb9] INFO  o.eclipse.m2e.core.internal.Bundles - 	Entry: C:\Users\satyaprakashm\.p2\pool\plugins\org.eclipse.m2e.maven.runtime_3.9.900.20250220-2013\jars\maven-settings-3.9.9.jar
2025-05-27 12:46:42,339 [Worker-84: Launching mavenrun-d4d75933-9004-401d-b0aa-770093e88cb9] INFO  o.eclipse.m2e.core.internal.Bundles - 	Entry: C:\Users\satyaprakashm\.p2\pool\plugins\org.eclipse.m2e.maven.runtime_3.9.900.20250220-2013\jars\maven-settings-builder-3.9.9.jar
2025-05-27 12:46:42,339 [Worker-84: Launching mavenrun-d4d75933-9004-401d-b0aa-770093e88cb9] INFO  o.eclipse.m2e.core.internal.Bundles - 	Entry: C:\Users\satyaprakashm\.p2\pool\plugins\org.eclipse.m2e.maven.runtime_3.9.900.20250220-2013\jars\maven-shared-utils-3.4.2.jar
2025-05-27 12:46:42,340 [Worker-84: Launching mavenrun-d4d75933-9004-401d-b0aa-770093e88cb9] INFO  o.eclipse.m2e.core.internal.Bundles - 	Entry: C:\Users\satyaprakashm\.p2\pool\plugins\org.eclipse.m2e.maven.runtime_3.9.900.20250220-2013\jars\org.eclipse.sisu.inject-0.9.0.M3.jar
2025-05-27 12:46:42,340 [Worker-84: Launching mavenrun-d4d75933-9004-401d-b0aa-770093e88cb9] INFO  o.eclipse.m2e.core.internal.Bundles - 	Entry: C:\Users\satyaprakashm\.p2\pool\plugins\org.eclipse.m2e.maven.runtime_3.9.900.20250220-2013\jars\org.eclipse.sisu.plexus-0.9.0.M3.jar
2025-05-27 12:46:42,340 [Worker-84: Launching mavenrun-d4d75933-9004-401d-b0aa-770093e88cb9] INFO  o.eclipse.m2e.core.internal.Bundles - 	Entry: C:\Users\satyaprakashm\.p2\pool\plugins\org.eclipse.m2e.maven.runtime_3.9.900.20250220-2013\jars\plexus-build-api-0.0.7.jar
2025-05-27 12:46:42,341 [Worker-84: Launching mavenrun-d4d75933-9004-401d-b0aa-770093e88cb9] INFO  o.eclipse.m2e.core.internal.Bundles - 	Entry: C:\Users\satyaprakashm\.p2\pool\plugins\org.eclipse.m2e.maven.runtime_3.9.900.20250220-2013\jars\plexus-build-api-1.2.0.jar
2025-05-27 12:46:42,341 [Worker-84: Launching mavenrun-d4d75933-9004-401d-b0aa-770093e88cb9] INFO  o.eclipse.m2e.core.internal.Bundles - 	Entry: C:\Users\satyaprakashm\.p2\pool\plugins\org.eclipse.m2e.maven.runtime_3.9.900.20250220-2013\jars\plexus-cipher-2.0.jar
2025-05-27 12:46:42,341 [Worker-84: Launching mavenrun-d4d75933-9004-401d-b0aa-770093e88cb9] INFO  o.eclipse.m2e.core.internal.Bundles - 	Entry: C:\Users\satyaprakashm\.p2\pool\plugins\org.eclipse.m2e.maven.runtime_3.9.900.20250220-2013\jars\plexus-classworlds-2.8.0.jar
2025-05-27 12:46:42,342 [Worker-84: Launching mavenrun-d4d75933-9004-401d-b0aa-770093e88cb9] INFO  o.eclipse.m2e.core.internal.Bundles - 	Entry: C:\Users\satyaprakashm\.p2\pool\plugins\org.eclipse.m2e.maven.runtime_3.9.900.20250220-2013\jars\plexus-component-annotations-2.1.0.jar
2025-05-27 12:46:42,342 [Worker-84: Launching mavenrun-d4d75933-9004-401d-b0aa-770093e88cb9] INFO  o.eclipse.m2e.core.internal.Bundles - 	Entry: C:\Users\satyaprakashm\.p2\pool\plugins\org.eclipse.m2e.maven.runtime_3.9.900.20250220-2013\jars\plexus-interpolation-1.27.jar
2025-05-27 12:46:42,342 [Worker-84: Launching mavenrun-d4d75933-9004-401d-b0aa-770093e88cb9] INFO  o.eclipse.m2e.core.internal.Bundles - 	Entry: C:\Users\satyaprakashm\.p2\pool\plugins\org.eclipse.m2e.maven.runtime_3.9.900.20250220-2013\jars\plexus-sec-dispatcher-2.0.jar
2025-05-27 12:46:42,343 [Worker-84: Launching mavenrun-d4d75933-9004-401d-b0aa-770093e88cb9] INFO  o.eclipse.m2e.core.internal.Bundles - 	Entry: C:\Users\satyaprakashm\.p2\pool\plugins\org.eclipse.m2e.maven.runtime_3.9.900.20250220-2013\jars\plexus-utils-3.5.1.jar
2025-05-27 12:46:42,343 [Worker-84: Launching mavenrun-d4d75933-9004-401d-b0aa-770093e88cb9] INFO  o.eclipse.m2e.core.internal.Bundles - 	Entry: C:\Users\satyaprakashm\.p2\pool\plugins\org.eclipse.m2e.maven.runtime_3.9.900.20250220-2013\jars\plexus-xml-3.0.1.jar
2025-05-27 12:46:42,344 [Worker-84: Launching mavenrun-d4d75933-9004-401d-b0aa-770093e88cb9] INFO  o.eclipse.m2e.core.internal.Bundles - 	Entry: C:\Users\satyaprakashm\.p2\pool\plugins\org.eclipse.m2e.maven.runtime_3.9.900.20250220-2013\jars\wagon-file-3.5.3.jar
2025-05-27 12:46:42,344 [Worker-84: Launching mavenrun-d4d75933-9004-401d-b0aa-770093e88cb9] INFO  o.eclipse.m2e.core.internal.Bundles - 	Entry: C:\Users\satyaprakashm\.p2\pool\plugins\org.eclipse.m2e.maven.runtime_3.9.900.20250220-2013\jars\wagon-http-3.5.3.jar
2025-05-27 12:46:42,344 [Worker-84: Launching mavenrun-d4d75933-9004-401d-b0aa-770093e88cb9] INFO  o.eclipse.m2e.core.internal.Bundles - 	Entry: C:\Users\satyaprakashm\.p2\pool\plugins\org.eclipse.m2e.maven.runtime_3.9.900.20250220-2013\jars\wagon-http-shared-3.5.3.jar
2025-05-27 12:46:42,345 [Worker-84: Launching mavenrun-d4d75933-9004-401d-b0aa-770093e88cb9] INFO  o.eclipse.m2e.core.internal.Bundles - 	Entry: C:\Users\satyaprakashm\.p2\pool\plugins\org.eclipse.m2e.maven.runtime_3.9.900.20250220-2013\jars\wagon-provider-api-3.5.3.jar
2025-05-27 12:46:42,347 [Worker-84: Launching mavenrun-d4d75933-9004-401d-b0aa-770093e88cb9] INFO  o.eclipse.m2e.core.internal.Bundles - getClasspathEntries(Bundle=com.google.guava_33.4.6.jre [16])
2025-05-27 12:46:42,348 [Worker-84: Launching mavenrun-d4d75933-9004-401d-b0aa-770093e88cb9] INFO  o.eclipse.m2e.core.internal.Bundles - 	Entry: C:\Users\satyaprakashm\.p2\pool\plugins\com.google.guava_33.4.6.jre.jar
2025-05-27 12:46:42,349 [Worker-84: Launching mavenrun-d4d75933-9004-401d-b0aa-770093e88cb9] INFO  o.eclipse.m2e.core.internal.Bundles - getClasspathEntries(Bundle=slf4j.api_2.0.17 [1004])
2025-05-27 12:46:42,349 [Worker-84: Launching mavenrun-d4d75933-9004-401d-b0aa-770093e88cb9] INFO  o.eclipse.m2e.core.internal.Bundles - 	Entry: C:\Users\satyaprakashm\.p2\pool\plugins\slf4j.api_2.0.17.jar
2025-05-27 12:46:42,350 [Worker-84: Launching mavenrun-d4d75933-9004-401d-b0aa-770093e88cb9] INFO  o.eclipse.m2e.core.internal.Bundles - getClasspathEntries(Bundle=javax.inject_1.0.0.v20220405-0441 [1014])
2025-05-27 12:46:42,351 [Worker-84: Launching mavenrun-d4d75933-9004-401d-b0aa-770093e88cb9] INFO  o.eclipse.m2e.core.internal.Bundles - 	Entry: C:\Users\satyaprakashm\.p2\pool\plugins\javax.inject_1.0.0.v20220405-0441.jar
2025-05-27 12:46:42,351 [Worker-84: Launching mavenrun-d4d75933-9004-401d-b0aa-770093e88cb9] INFO  o.eclipse.m2e.core.internal.Bundles - getClasspathEntries(Bundle=javax.annotation_1.3.5.v20230504-0748 [1013])
2025-05-27 12:46:42,352 [Worker-84: Launching mavenrun-d4d75933-9004-401d-b0aa-770093e88cb9] INFO  o.eclipse.m2e.core.internal.Bundles - 	Entry: C:\Users\satyaprakashm\.p2\pool\plugins\javax.annotation_1.3.5.v20230504-0748.jar
2025-05-27 12:46:42,352 [Worker-84: Launching mavenrun-d4d75933-9004-401d-b0aa-770093e88cb9] INFO  o.eclipse.m2e.core.internal.Bundles - getClasspathEntries(Bundle=org.apache.commons.cli_1.9.0 [74])
2025-05-27 12:46:42,353 [Worker-84: Launching mavenrun-d4d75933-9004-401d-b0aa-770093e88cb9] INFO  o.eclipse.m2e.core.internal.Bundles - 	Entry: C:\Users\satyaprakashm\.p2\pool\plugins\org.apache.commons.cli_1.9.0.jar
2025-05-27 12:46:42,353 [Worker-84: Launching mavenrun-d4d75933-9004-401d-b0aa-770093e88cb9] INFO  o.eclipse.m2e.core.internal.Bundles - getClasspathEntries(Bundle=org.apache.commons.commons-codec_1.16.0 [76])
2025-05-27 12:46:42,354 [Worker-84: Launching mavenrun-d4d75933-9004-401d-b0aa-770093e88cb9] INFO  o.eclipse.m2e.core.internal.Bundles - 	Entry: C:\Users\satyaprakashm\.p2\pool\plugins\org.apache.commons.commons-codec_1.16.0.jar
2025-05-27 12:46:42,354 [Worker-84: Launching mavenrun-d4d75933-9004-401d-b0aa-770093e88cb9] INFO  o.eclipse.m2e.core.internal.Bundles - getClasspathEntries(Bundle=com.google.guava.failureaccess_1.0.3 [17])
2025-05-27 12:46:42,355 [Worker-84: Launching mavenrun-d4d75933-9004-401d-b0aa-770093e88cb9] INFO  o.eclipse.m2e.core.internal.Bundles - 	Entry: C:\Users\satyaprakashm\.p2\pool\plugins\com.google.guava.failureaccess_1.0.3.jar
2025-05-27 12:46:42,360 [Worker-84: Launching mavenrun-d4d75933-9004-401d-b0aa-770093e88cb9] INFO  o.e.m.i.launch.MavenLaunchDelegate - Run build in "C:\Users\SATYAP~1\AppData\Local\Temp\m2e-archetypeGenerator15213681218100341094":
2025-05-27 12:46:42,364 [Worker-84: Launching mavenrun-d4d75933-9004-401d-b0aa-770093e88cb9] INFO  o.e.m.i.launch.MavenLaunchDelegate -  mvn  -DarchetypeGroupId=org.glassfish.jersey.archetypes -DarchetypeArtifactId=jersey-quickstart-webapp -DarchetypeVersion=4.0.0-M2 -DgroupId=Infinite -DartifactId=JsfEjbClient -Dversion=0.0.1-SNAPSHOT -Dpackage=com.java.jsf -DoutputDirectory="C:\Java Training\Day33\Delegate Model" -B -Dstyle.color=always -U archetype:generate
2025-05-27 12:46:58,374 [Worker-82: Creating jersey-quickstart-webapp] INFO  o.e.m.c.i.p.ProjectConfigurationManager - Collecting project info '/pom.xml' C:\Java Training\Day33\Delegate Model\JsfEjbClient\pom.xml
2025-05-27 12:46:59,023 [Worker-82: Creating jersey-quickstart-webapp] INFO  o.e.m.c.i.l.LifecycleMappingFactory - Using org.maven.ide.eclipse.wtp.WarLifecycleMapping lifecycle mapping for MavenProject: Infinite:JsfEjbClient:0.0.1-SNAPSHOT @ C:\Java Training\Day33\Delegate Model\JsfEjbClient\pom.xml.
2025-05-27 12:47:00,292 [Worker-82: Creating jersey-quickstart-webapp] INFO  o.e.m.j.i.AbstractJavaProjectConfigurator - Adding source folder /JsfEjbClient/src/main/java
2025-05-27 12:47:00,294 [Worker-82: Creating jersey-quickstart-webapp] INFO  o.e.m.j.i.AbstractJavaProjectConfigurator - Adding resource folder /JsfEjbClient/src/main/resources
2025-05-27 12:47:00,298 [Worker-82: Creating jersey-quickstart-webapp] INFO  o.e.m.j.i.AbstractJavaProjectConfigurator - Adding source folder /JsfEjbClient/src/test/java
2025-05-27 12:47:00,299 [Worker-82: Creating jersey-quickstart-webapp] INFO  o.e.m.j.i.AbstractJavaProjectConfigurator - Adding resource folder /JsfEjbClient/src/test/resources
2025-05-27 12:47:00,991 [Worker-82: Creating jersey-quickstart-webapp] INFO  o.e.m.c.i.p.ProjectConfigurationManager - Imported and configured 1 project(s) in 2 sec
2025-05-27 12:47:01,331 [Worker-82: Building] INFO  o.a.m.s.f.DefaultMavenResourcesFiltering - skip non existing resourceDirectory C:\Java Training\Day33\Delegate Model\JsfEjbClient\src\main\resources
2025-05-27 12:47:01,335 [Worker-82: Building] INFO  o.a.m.s.f.DefaultMavenResourcesFiltering - skip non existing resourceDirectory C:\Java Training\Day33\Delegate Model\JsfEjbClient\src\test\resources
2025-05-27 12:47:03,051 [Worker-85: Building] INFO  o.a.m.s.f.DefaultMavenResourcesFiltering - skip non existing resourceDirectory C:\Java Training\Day33\Delegate Model\JsfEjbClient\src\main\resources
2025-05-27 12:47:03,055 [Worker-85: Building] INFO  o.a.m.s.f.DefaultMavenResourcesFiltering - skip non existing resourceDirectory C:\Java Training\Day33\Delegate Model\JsfEjbClient\src\test\resources
2025-05-27 12:47:53,571 [Worker-80: Building] INFO  o.e.m.c.i.l.LifecycleMappingFactory - Using org.maven.ide.eclipse.wtp.WarLifecycleMapping lifecycle mapping for MavenProject: Infinite:JsfEjbClient:0.0.1-SNAPSHOT @ C:\Java Training\Day33\Delegate Model\JsfEjbClient\pom.xml.
2025-05-27 12:47:53,780 [Worker-80: Building] INFO  o.a.m.s.f.DefaultMavenResourcesFiltering - skip non existing resourceDirectory C:\Java Training\Day33\Delegate Model\JsfEjbClient\src\main\resources
2025-05-27 12:47:53,784 [Worker-80: Building] INFO  o.a.m.s.f.DefaultMavenResourcesFiltering - skip non existing resourceDirectory C:\Java Training\Day33\Delegate Model\JsfEjbClient\src\test\resources
2025-05-27 12:47:53,784 [Worker-80: Building] INFO  o.e.m.w.i.f.ResourceFilteringBuildParticipant - Changed resources require a complete clean of filtered resources of JsfEjbClient
2025-05-27 12:47:53,784 [Worker-80: Building] INFO  o.e.m.w.i.f.ResourceFilteringBuildParticipant - Executing resource filtering for JsfEjbClient
2025-05-27 12:48:35,925 [Worker-84: Building] INFO  o.e.m.c.i.l.LifecycleMappingFactory - Using org.maven.ide.eclipse.wtp.WarLifecycleMapping lifecycle mapping for MavenProject: Infinite:JsfEjbClient:0.0.1-SNAPSHOT @ C:\Java Training\Day33\Delegate Model\JsfEjbClient\pom.xml.
2025-05-27 12:48:37,940 [Worker-84: Building] INFO  o.a.m.s.f.DefaultMavenResourcesFiltering - skip non existing resourceDirectory C:\Java Training\Day33\Delegate Model\JsfEjbClient\src\main\resources
2025-05-27 12:48:37,943 [Worker-84: Building] INFO  o.a.m.s.f.DefaultMavenResourcesFiltering - skip non existing resourceDirectory C:\Java Training\Day33\Delegate Model\JsfEjbClient\src\test\resources
2025-05-27 12:48:37,943 [Worker-84: Building] INFO  o.e.m.w.i.f.ResourceFilteringBuildParticipant - Changed resources require a complete clean of filtered resources of JsfEjbClient
2025-05-27 12:48:37,943 [Worker-84: Building] INFO  o.e.m.w.i.f.ResourceFilteringBuildParticipant - Executing resource filtering for JsfEjbClient
2025-05-27 12:50:18,237 [Worker-83: Building] INFO  o.a.m.s.f.DefaultMavenResourcesFiltering - skip non existing resourceDirectory C:\Java Training\Day33\Delegate Model\JsfEjbClient\src\main\resources
2025-05-27 12:50:18,239 [Worker-83: Building] INFO  o.a.m.s.f.DefaultMavenResourcesFiltering - skip non existing resourceDirectory C:\Java Training\Day33\Delegate Model\JsfEjbClient\src\test\resources
2025-05-27 12:50:49,089 [Worker-84: Building] INFO  o.a.m.s.f.DefaultMavenResourcesFiltering - skip non existing resourceDirectory C:\Java Training\Day33\Delegate Model\JsfEjbClient\src\main\resources
2025-05-27 12:50:49,092 [Worker-84: Building] INFO  o.a.m.s.f.DefaultMavenResourcesFiltering - skip non existing resourceDirectory C:\Java Training\Day33\Delegate Model\JsfEjbClient\src\test\resources
2025-05-27 12:51:08,505 [Worker-84: Building] INFO  o.a.m.s.f.DefaultMavenResourcesFiltering - skip non existing resourceDirectory C:\Java Training\Day33\Delegate Model\JsfEjbClient\src\main\resources
2025-05-27 12:51:08,508 [Worker-84: Building] INFO  o.a.m.s.f.DefaultMavenResourcesFiltering - skip non existing resourceDirectory C:\Java Training\Day33\Delegate Model\JsfEjbClient\src\test\resources
2025-05-27 12:51:26,107 [Worker-79: Building] INFO  o.a.m.s.f.DefaultMavenResourcesFiltering - skip non existing resourceDirectory C:\Java Training\Day33\Delegate Model\JsfEjbClient\src\main\resources
2025-05-27 12:51:26,107 [Worker-79: Building] INFO  o.a.m.s.f.DefaultMavenResourcesFiltering - skip non existing resourceDirectory C:\Java Training\Day33\Delegate Model\JsfEjbClient\src\test\resources
2025-05-27 12:52:46,244 [Worker-79: Building] INFO  o.a.m.s.f.DefaultMavenResourcesFiltering - skip non existing resourceDirectory C:\Java Training\Day33\Delegate Model\JsfEjbClient\src\main\resources
2025-05-27 12:52:46,248 [Worker-79: Building] INFO  o.a.m.s.f.DefaultMavenResourcesFiltering - skip non existing resourceDirectory C:\Java Training\Day33\Delegate Model\JsfEjbClient\src\test\resources
2025-05-27 12:53:43,522 [Worker-84: Building] INFO  o.a.m.s.f.DefaultMavenResourcesFiltering - skip non existing resourceDirectory C:\Java Training\Day33\Delegate Model\JsfEjbClient\src\main\resources
2025-05-27 12:53:43,523 [Worker-84: Building] INFO  o.a.m.s.f.DefaultMavenResourcesFiltering - skip non existing resourceDirectory C:\Java Training\Day33\Delegate Model\JsfEjbClient\src\test\resources
2025-05-27 12:54:22,737 [Worker-81: Building] INFO  o.a.m.s.f.DefaultMavenResourcesFiltering - skip non existing resourceDirectory C:\Java Training\Day33\Delegate Model\JsfEjbClient\src\main\resources
2025-05-27 12:54:22,740 [Worker-81: Building] INFO  o.a.m.s.f.DefaultMavenResourcesFiltering - skip non existing resourceDirectory C:\Java Training\Day33\Delegate Model\JsfEjbClient\src\test\resources
2025-05-27 12:54:39,158 [Worker-82: Building] INFO  o.a.m.s.f.DefaultMavenResourcesFiltering - skip non existing resourceDirectory C:\Java Training\Day33\Delegate Model\JsfEjbClient\src\main\resources
2025-05-27 12:54:39,161 [Worker-82: Building] INFO  o.a.m.s.f.DefaultMavenResourcesFiltering - skip non existing resourceDirectory C:\Java Training\Day33\Delegate Model\JsfEjbClient\src\test\resources
2025-05-27 12:54:59,498 [Worker-80: Building] INFO  o.a.m.s.f.DefaultMavenResourcesFiltering - skip non existing resourceDirectory C:\Java Training\Day33\Delegate Model\JsfEjbClient\src\main\resources
2025-05-27 12:54:59,503 [Worker-80: Building] INFO  o.a.m.s.f.DefaultMavenResourcesFiltering - skip non existing resourceDirectory C:\Java Training\Day33\Delegate Model\JsfEjbClient\src\test\resources
2025-05-27 12:55:13,344 [Worker-83: Building] INFO  o.a.m.s.f.DefaultMavenResourcesFiltering - skip non existing resourceDirectory C:\Java Training\Day33\Delegate Model\JsfEjbClient\src\main\resources
2025-05-27 12:55:13,347 [Worker-83: Building] INFO  o.a.m.s.f.DefaultMavenResourcesFiltering - skip non existing resourceDirectory C:\Java Training\Day33\Delegate Model\JsfEjbClient\src\test\resources
2025-05-27 12:55:25,284 [Worker-79: Building] INFO  o.a.m.s.f.DefaultMavenResourcesFiltering - skip non existing resourceDirectory C:\Java Training\Day33\Delegate Model\JsfEjbClient\src\main\resources
2025-05-27 12:55:25,286 [Worker-79: Building] INFO  o.a.m.s.f.DefaultMavenResourcesFiltering - skip non existing resourceDirectory C:\Java Training\Day33\Delegate Model\JsfEjbClient\src\test\resources
2025-05-27 12:55:47,074 [Worker-79: Building] INFO  o.a.m.s.f.DefaultMavenResourcesFiltering - skip non existing resourceDirectory C:\Java Training\Day33\Delegate Model\JsfEjbClient\src\main\resources
2025-05-27 12:55:47,074 [Worker-79: Building] INFO  o.a.m.s.f.DefaultMavenResourcesFiltering - skip non existing resourceDirectory C:\Java Training\Day33\Delegate Model\JsfEjbClient\src\test\resources
2025-05-27 12:56:46,932 [Worker-83: Building] INFO  o.a.m.s.f.DefaultMavenResourcesFiltering - skip non existing resourceDirectory C:\Java Training\Day33\Delegate Model\JsfEjbClient\src\main\resources
2025-05-27 12:56:46,935 [Worker-83: Building] INFO  o.a.m.s.f.DefaultMavenResourcesFiltering - skip non existing resourceDirectory C:\Java Training\Day33\Delegate Model\JsfEjbClient\src\test\resources
2025-05-27 12:56:59,669 [Worker-81: Building] INFO  o.a.m.s.f.DefaultMavenResourcesFiltering - skip non existing resourceDirectory C:\Java Training\Day33\Delegate Model\JsfEjbClient\src\main\resources
2025-05-27 12:56:59,671 [Worker-81: Building] INFO  o.a.m.s.f.DefaultMavenResourcesFiltering - skip non existing resourceDirectory C:\Java Training\Day33\Delegate Model\JsfEjbClient\src\test\resources
2025-05-27 12:57:14,311 [Worker-80: Building] INFO  o.a.m.s.f.DefaultMavenResourcesFiltering - skip non existing resourceDirectory C:\Java Training\Day33\Delegate Model\JsfEjbClient\src\main\resources
2025-05-27 12:57:14,313 [Worker-80: Building] INFO  o.a.m.s.f.DefaultMavenResourcesFiltering - skip non existing resourceDirectory C:\Java Training\Day33\Delegate Model\JsfEjbClient\src\test\resources
2025-05-27 12:57:34,009 [Worker-82: Building] INFO  o.a.m.s.f.DefaultMavenResourcesFiltering - skip non existing resourceDirectory C:\Java Training\Day33\Delegate Model\JsfEjbClient\src\main\resources
2025-05-27 12:57:34,013 [Worker-82: Building] INFO  o.a.m.s.f.DefaultMavenResourcesFiltering - skip non existing resourceDirectory C:\Java Training\Day33\Delegate Model\JsfEjbClient\src\test\resources
2025-05-27 12:58:33,643 [Worker-84: Building] INFO  o.a.m.s.f.DefaultMavenResourcesFiltering - skip non existing resourceDirectory C:\Java Training\Day33\Delegate Model\JsfEjbClient\src\main\resources
2025-05-27 12:58:33,645 [Worker-84: Building] INFO  o.a.m.s.f.DefaultMavenResourcesFiltering - skip non existing resourceDirectory C:\Java Training\Day33\Delegate Model\JsfEjbClient\src\test\resources
2025-05-27 12:58:37,481 [Worker-83: Building] INFO  o.a.m.s.f.DefaultMavenResourcesFiltering - skip non existing resourceDirectory C:\Java Training\Day33\Delegate Model\JsfEjbClient\src\main\resources
2025-05-27 12:58:37,482 [Worker-83: Building] INFO  o.a.m.s.f.DefaultMavenResourcesFiltering - skip non existing resourceDirectory C:\Java Training\Day33\Delegate Model\JsfEjbClient\src\test\resources
2025-05-27 12:58:54,898 [Worker-81: Building] INFO  o.a.m.s.f.DefaultMavenResourcesFiltering - skip non existing resourceDirectory C:\Java Training\Day33\Delegate Model\JsfEjbClient\src\main\resources
2025-05-27 12:58:54,900 [Worker-81: Building] INFO  o.a.m.s.f.DefaultMavenResourcesFiltering - skip non existing resourceDirectory C:\Java Training\Day33\Delegate Model\JsfEjbClient\src\test\resources
2025-05-27 12:58:58,267 [Worker-85: Building] INFO  o.a.m.s.f.DefaultMavenResourcesFiltering - skip non existing resourceDirectory C:\Java Training\Day33\Delegate Model\JsfEjbClient\src\main\resources
2025-05-27 12:58:58,269 [Worker-85: Building] INFO  o.a.m.s.f.DefaultMavenResourcesFiltering - skip non existing resourceDirectory C:\Java Training\Day33\Delegate Model\JsfEjbClient\src\test\resources
2025-05-27 12:59:18,350 [Worker-86: Building] INFO  o.a.m.s.f.DefaultMavenResourcesFiltering - skip non existing resourceDirectory C:\Java Training\Day33\Delegate Model\JsfEjbClient\src\main\resources
2025-05-27 12:59:18,352 [Worker-86: Building] INFO  o.a.m.s.f.DefaultMavenResourcesFiltering - skip non existing resourceDirectory C:\Java Training\Day33\Delegate Model\JsfEjbClient\src\test\resources
2025-05-27 12:59:21,846 [Worker-82: Building] INFO  o.a.m.s.f.DefaultMavenResourcesFiltering - skip non existing resourceDirectory C:\Java Training\Day33\Delegate Model\JsfEjbClient\src\main\resources
2025-05-27 12:59:21,848 [Worker-82: Building] INFO  o.a.m.s.f.DefaultMavenResourcesFiltering - skip non existing resourceDirectory C:\Java Training\Day33\Delegate Model\JsfEjbClient\src\test\resources
2025-05-28 09:52:03,734 [Worker-6: Loading available Gradle versions] INFO  o.e.b.c.i.u.g.PublishedGradleVersions - Gradle version information cache is out-of-date. Trying to update.
2025-05-28 09:52:12,691 [Worker-2: Building] WARN  o.a.m.r.i.DefaultArtifactDescriptorReader - 1 problem was encountered while building the effective model for org.javassist:javassist:jar:3.18.1-GA during dependency collection step for project (use -X to see details)
2025-05-28 09:52:18,184 [Worker-2: Building] WARN  o.e.m.c.i.embedder.EclipseLogger - The artifact mysql:mysql-connector-java:jar:8.0.31 has been relocated to com.mysql:mysql-connector-j:jar:8.0.31: MySQL Connector/J artifacts moved to reverse-DNS compliant Maven 2+ coordinates.
2025-05-28 10:30:04,607 [Worker-25: Updating Maven Dependencies] INFO  o.e.m.c.i.l.LifecycleMappingFactory - Using org.maven.ide.eclipse.wtp.WarLifecycleMapping lifecycle mapping for MavenProject: inf:EjbEntityClient:0.0.1-SNAPSHOT @ C:\Users\satyaprakashm\Downloads\Day35\Day35\EjbEntityClient\pom.xml.
2025-05-28 10:30:11,133 [Worker-26: Building] INFO  o.a.m.s.f.DefaultMavenResourcesFiltering - skip non existing resourceDirectory C:\Users\satyaprakashm\Downloads\Day35\Day35\EjbEntityClient\src\main\resources
2025-05-28 10:30:11,142 [Worker-26: Building] INFO  o.a.m.s.f.DefaultMavenResourcesFiltering - skip non existing resourceDirectory C:\Users\satyaprakashm\Downloads\Day35\Day35\EjbEntityClient\src\test\resources
2025-05-28 10:34:30,329 [Worker-24: Updating Maven Dependencies] INFO  o.e.m.c.i.l.LifecycleMappingFactory - Using org.maven.ide.eclipse.wtp.WarLifecycleMapping lifecycle mapping for MavenProject: inf:EjbEntityClient:0.0.1-SNAPSHOT @ C:\Users\satyaprakashm\Downloads\Day35_Part_2\Day35_Part_2\EjbEntityClient\pom.xml.
2025-05-28 10:34:35,157 [Worker-34: Building] INFO  o.a.m.s.f.DefaultMavenResourcesFiltering - skip non existing resourceDirectory C:\Users\satyaprakashm\Downloads\Day35_Part_2\Day35_Part_2\EjbEntityClient\src\main\resources
2025-05-28 10:34:35,165 [Worker-34: Building] INFO  o.a.m.s.f.DefaultMavenResourcesFiltering - skip non existing resourceDirectory C:\Users\satyaprakashm\Downloads\Day35_Part_2\Day35_Part_2\EjbEntityClient\src\test\resources
2025-05-29 11:11:06,777 [Worker-7: Loading available Gradle versions] INFO  o.e.b.c.i.u.g.PublishedGradleVersions - Gradle version information cache is out-of-date. Trying to update.
2025-05-29 11:11:12,992 [Worker-6: Building] WARN  o.a.m.r.i.DefaultArtifactDescriptorReader - 1 problem was encountered while building the effective model for org.javassist:javassist:jar:3.18.1-GA during dependency collection step for project (use -X to see details)
2025-05-29 11:11:16,171 [Worker-6: Building] WARN  o.e.m.c.i.embedder.EclipseLogger - The artifact mysql:mysql-connector-java:jar:8.0.31 has been relocated to com.mysql:mysql-connector-j:jar:8.0.31: MySQL Connector/J artifacts moved to reverse-DNS compliant Maven 2+ coordinates.
2025-05-31 20:13:07,044 [Worker-239: Building] INFO  o.a.m.s.f.DefaultMavenResourcesFiltering - skip non existing resourceDirectory C:\Users\satyaprakashm\Downloads\Day33_Part_1\Day33_Part_1\HibJsf\src\main\resources
2025-05-31 20:13:07,065 [Worker-239: Building] INFO  o.a.m.s.f.DefaultMavenResourcesFiltering - skip non existing resourceDirectory C:\Users\satyaprakashm\Downloads\Day33_Part_1\Day33_Part_1\HibJsf\src\test\resources
