2025-05-25 12:31:32,060 [Worker-6: Loading available Gradle versions] INFO  o.e.b.c.i.u.g.PublishedGradleVersions - Gradle version information cache is not available. Remote download required.
2025-05-25 12:32:25,190 [Worker-20: Updating Maven Dependencies] INFO  o.e.m.c.i.l.LifecycleMappingFactory - Using org.maven.ide.eclipse.wtp.WarLifecycleMapping lifecycle mapping for MavenProject: infinite:JsfEjbClient:0.0.1-SNAPSHOT @ C:\Users\satyaprakashm\Downloads\Day32_working (1)\Day32_working\JsfEjbClient\pom.xml.
2025-05-25 12:32:25,190 [Worker-1: Building] INFO  o.e.m.c.i.l.LifecycleMappingFactory - Using org.maven.ide.eclipse.wtp.WarLifecycleMapping lifecycle mapping for MavenProject: infinite:JsfEjbClient:0.0.1-SNAPSHOT @ C:\Users\satyaprakashm\Downloads\Day32_working (1)\Day32_working\JsfEjbClient\pom.xml.
2025-05-25 12:32:31,721 [Worker-1: Building] INFO  o.a.m.s.f.DefaultMavenResourcesFiltering - skip non existing resourceDirectory C:\Users\satyaprakashm\Downloads\Day32_working (1)\Day32_working\JsfEjbClient\src\main\resources
2025-05-25 12:32:31,728 [Worker-1: Building] INFO  o.a.m.s.f.DefaultMavenResourcesFiltering - skip non existing resourceDirectory C:\Users\satyaprakashm\Downloads\Day32_working (1)\Day32_working\JsfEjbClient\src\test\resources
2025-05-25 12:32:34,156 [Worker-6: Updating Maven Dependencies] INFO  o.e.m.c.i.l.LifecycleMappingFactory - Using org.maven.ide.eclipse.wtp.WarLifecycleMapping lifecycle mapping for MavenProject: infinite:JsfEjbClient:0.0.1-SNAPSHOT @ C:\Users\satyaprakashm\Downloads\Day32_working (1)\Day32_working\JsfEjbClient\pom.xml.
2025-05-25 12:34:24,194 [Worker-19: Building] INFO  o.e.m.c.i.l.LifecycleMappingFactory - Using org.maven.ide.eclipse.wtp.WarLifecycleMapping lifecycle mapping for MavenProject: infinite:JsfEjbClient:0.0.1-SNAPSHOT @ C:\Users\satyaprakashm\Downloads\Day32_working (1)\Day32_working\JsfEjbClient\pom.xml.
2025-05-25 12:34:24,195 [Worker-15: Updating Maven Dependencies] INFO  o.e.m.c.i.l.LifecycleMappingFactory - Using org.maven.ide.eclipse.wtp.WarLifecycleMapping lifecycle mapping for MavenProject: infinite:JsfEjbClient:0.0.1-SNAPSHOT @ C:\Users\satyaprakashm\Downloads\Day32_working (1)\Day32_working\JsfEjbClient\pom.xml.
2025-05-25 12:34:27,287 [Worker-19: Building] INFO  o.a.m.s.f.DefaultMavenResourcesFiltering - skip non existing resourceDirectory C:\Users\satyaprakashm\Downloads\Day32_working (1)\Day32_working\JsfEjbClient\src\main\resources
2025-05-25 12:34:27,293 [Worker-19: Building] INFO  o.a.m.s.f.DefaultMavenResourcesFiltering - skip non existing resourceDirectory C:\Users\satyaprakashm\Downloads\Day32_working (1)\Day32_working\JsfEjbClient\src\test\resources
2025-05-25 12:34:27,687 [Worker-13: Building] INFO  o.a.m.s.f.DefaultMavenResourcesFiltering - skip non existing resourceDirectory C:\Users\satyaprakashm\Downloads\Day32_working (1)\Day32_working\JsfEjbClient\src\main\resources
2025-05-25 12:34:27,691 [Worker-13: Building] INFO  o.a.m.s.f.DefaultMavenResourcesFiltering - skip non existing resourceDirectory C:\Users\satyaprakashm\Downloads\Day32_working (1)\Day32_working\JsfEjbClient\src\test\resources
2025-05-25 12:34:27,692 [Worker-13: Building] INFO  o.e.m.w.i.f.ResourceFilteringBuildParticipant - Changed resources require a complete clean of filtered resources of JsfEjbClient
2025-05-25 12:34:27,695 [Worker-13: Building] INFO  o.e.m.w.i.f.ResourceFilteringBuildParticipant - Executing resource filtering for JsfEjbClient
2025-05-25 12:34:29,027 [Worker-13: Updating Maven Dependencies] INFO  o.e.m.c.i.l.LifecycleMappingFactory - Using org.maven.ide.eclipse.wtp.WarLifecycleMapping lifecycle mapping for MavenProject: infinite:JsfEjbClient:0.0.1-SNAPSHOT @ C:\Users\satyaprakashm\Downloads\Day32_working (1)\Day32_working\JsfEjbClient\pom.xml.
2025-05-25 15:19:18,504 [Worker-6: Loading available Gradle versions] INFO  o.e.b.c.i.u.g.PublishedGradleVersions - Gradle version information cache is up-to-date. Trying to read.
2025-05-25 16:05:58,965 [Worker-2: Loading available Gradle versions] INFO  o.e.b.c.i.u.g.PublishedGradleVersions - Gradle version information cache is up-to-date. Trying to read.
2025-05-26 10:27:20,098 [Worker-7: Loading available Gradle versions] INFO  o.e.b.c.i.u.g.PublishedGradleVersions - Gradle version information cache is up-to-date. Trying to read.
2025-05-26 11:03:13,861 [Worker-31: Building] INFO  o.a.m.s.f.DefaultMavenResourcesFiltering - skip non existing resourceDirectory C:\Users\satyaprakashm\Downloads\Day32_working (1)\Day32_working\JsfEjbClient\src\main\resources
2025-05-26 11:03:13,870 [Worker-31: Building] INFO  o.a.m.s.f.DefaultMavenResourcesFiltering - skip non existing resourceDirectory C:\Users\satyaprakashm\Downloads\Day32_working (1)\Day32_working\JsfEjbClient\src\test\resources
2025-05-26 11:04:34,268 [Worker-28: Building] INFO  o.a.m.s.f.DefaultMavenResourcesFiltering - skip non existing resourceDirectory C:\Users\satyaprakashm\Downloads\Day32_working (1)\Day32_working\JsfEjbClient\src\main\resources
2025-05-26 11:04:34,273 [Worker-28: Building] INFO  o.a.m.s.f.DefaultMavenResourcesFiltering - skip non existing resourceDirectory C:\Users\satyaprakashm\Downloads\Day32_working (1)\Day32_working\JsfEjbClient\src\test\resources
2025-05-26 11:05:18,466 [Worker-42: Building] INFO  o.a.m.s.f.DefaultMavenResourcesFiltering - skip non existing resourceDirectory C:\Users\satyaprakashm\Downloads\Day32_working (1)\Day32_working\JsfEjbClient\src\main\resources
2025-05-26 11:05:18,471 [Worker-42: Building] INFO  o.a.m.s.f.DefaultMavenResourcesFiltering - skip non existing resourceDirectory C:\Users\satyaprakashm\Downloads\Day32_working (1)\Day32_working\JsfEjbClient\src\test\resources
2025-05-26 11:05:39,481 [Worker-40: Building] INFO  o.a.m.s.f.DefaultMavenResourcesFiltering - skip non existing resourceDirectory C:\Users\satyaprakashm\Downloads\Day32_working (1)\Day32_working\JsfEjbClient\src\main\resources
2025-05-26 11:05:39,484 [Worker-40: Building] INFO  o.a.m.s.f.DefaultMavenResourcesFiltering - skip non existing resourceDirectory C:\Users\satyaprakashm\Downloads\Day32_working (1)\Day32_working\JsfEjbClient\src\test\resources
2025-05-26 11:06:22,169 [Worker-42: Building] INFO  o.a.m.s.f.DefaultMavenResourcesFiltering - skip non existing resourceDirectory C:\Users\satyaprakashm\Downloads\Day32_working (1)\Day32_working\JsfEjbClient\src\main\resources
2025-05-26 11:06:22,172 [Worker-42: Building] INFO  o.a.m.s.f.DefaultMavenResourcesFiltering - skip non existing resourceDirectory C:\Users\satyaprakashm\Downloads\Day32_working (1)\Day32_working\JsfEjbClient\src\test\resources
2025-05-26 11:06:26,471 [Worker-42: Building] INFO  o.a.m.s.f.DefaultMavenResourcesFiltering - skip non existing resourceDirectory C:\Users\satyaprakashm\Downloads\Day32_working (1)\Day32_working\JsfEjbClient\src\main\resources
2025-05-26 11:06:26,473 [Worker-42: Building] INFO  o.a.m.s.f.DefaultMavenResourcesFiltering - skip non existing resourceDirectory C:\Users\satyaprakashm\Downloads\Day32_working (1)\Day32_working\JsfEjbClient\src\test\resources
2025-05-26 11:06:46,589 [Worker-35: Building] INFO  o.a.m.s.f.DefaultMavenResourcesFiltering - skip non existing resourceDirectory C:\Users\satyaprakashm\Downloads\Day32_working (1)\Day32_working\JsfEjbClient\src\main\resources
2025-05-26 11:06:46,592 [Worker-35: Building] INFO  o.a.m.s.f.DefaultMavenResourcesFiltering - skip non existing resourceDirectory C:\Users\satyaprakashm\Downloads\Day32_working (1)\Day32_working\JsfEjbClient\src\test\resources
2025-05-26 11:06:50,367 [Worker-35: Building] INFO  o.a.m.s.f.DefaultMavenResourcesFiltering - skip non existing resourceDirectory C:\Users\satyaprakashm\Downloads\Day32_working (1)\Day32_working\JsfEjbClient\src\main\resources
2025-05-26 11:06:50,370 [Worker-35: Building] INFO  o.a.m.s.f.DefaultMavenResourcesFiltering - skip non existing resourceDirectory C:\Users\satyaprakashm\Downloads\Day32_working (1)\Day32_working\JsfEjbClient\src\test\resources
2025-05-26 11:07:09,290 [Worker-40: Building] INFO  o.a.m.s.f.DefaultMavenResourcesFiltering - skip non existing resourceDirectory C:\Users\satyaprakashm\Downloads\Day32_working (1)\Day32_working\JsfEjbClient\src\main\resources
2025-05-26 11:07:09,293 [Worker-40: Building] INFO  o.a.m.s.f.DefaultMavenResourcesFiltering - skip non existing resourceDirectory C:\Users\satyaprakashm\Downloads\Day32_working (1)\Day32_working\JsfEjbClient\src\test\resources
2025-05-26 11:26:01,544 [Worker-33: Updating Maven Project] INFO  o.e.m.c.i.p.ProjectConfigurationManager - Update started
2025-05-26 11:26:02,582 [Worker-33: Updating Maven Project] INFO  o.e.m.c.i.l.LifecycleMappingFactory - Using org.maven.ide.eclipse.wtp.WarLifecycleMapping lifecycle mapping for MavenProject: infinite:JsfEjbClient:0.0.1-SNAPSHOT @ C:\Users\satyaprakashm\Downloads\Day32_working (1)\Day32_working\JsfEjbClient\pom.xml.
2025-05-26 11:26:06,832 [Worker-33: Updating Maven Project] INFO  o.e.m.j.i.AbstractJavaProjectConfigurator - Adding source folder /JsfEjbClient/src/main/java
2025-05-26 11:26:06,835 [Worker-33: Updating Maven Project] INFO  o.e.m.j.i.AbstractJavaProjectConfigurator - Adding resource folder /JsfEjbClient/src/main/resources
2025-05-26 11:26:06,837 [Worker-33: Updating Maven Project] INFO  o.e.m.j.i.AbstractJavaProjectConfigurator - Adding source folder /JsfEjbClient/src/test/java
2025-05-26 11:26:06,840 [Worker-33: Updating Maven Project] INFO  o.e.m.j.i.AbstractJavaProjectConfigurator - Adding resource folder /JsfEjbClient/src/test/resources
2025-05-26 11:26:08,228 [Worker-33: Updating Maven Project] INFO  o.e.m.w.i.f.ResourceFilteringBuildParticipant - Cleaning filtered folder for JsfEjbClient
2025-05-26 11:26:08,313 [Worker-33: Updating Maven Project] INFO  o.e.m.c.i.p.ProjectConfigurationManager - Update completed for 1 poms: local refresh takes 0.00 sec, refresh facades takes 5.00 sec, update config takes 0.00 sec 
2025-05-26 11:26:09,689 [Worker-33: Building] INFO  o.a.m.s.f.DefaultMavenResourcesFiltering - skip non existing resourceDirectory C:\Users\satyaprakashm\Downloads\Day32_working (1)\Day32_working\JsfEjbClient\src\main\resources
2025-05-26 11:26:09,697 [Worker-33: Building] INFO  o.a.m.s.f.DefaultMavenResourcesFiltering - skip non existing resourceDirectory C:\Users\satyaprakashm\Downloads\Day32_working (1)\Day32_working\JsfEjbClient\src\test\resources
2025-05-26 11:26:09,697 [Worker-33: Building] INFO  o.e.m.w.i.f.ResourceFilteringBuildParticipant - Changed resources require a complete clean of filtered resources of JsfEjbClient
2025-05-26 11:26:09,699 [Worker-33: Building] INFO  o.e.m.w.i.f.ResourceFilteringBuildParticipant - Executing resource filtering for JsfEjbClient
2025-05-26 11:26:50,283 [Worker-1: Loading available Gradle versions] INFO  o.e.b.c.i.u.g.PublishedGradleVersions - Gradle version information cache is up-to-date. Trying to read.
