2025-06-10 14:34:48,220 [Worker-6: Loading available Gradle versions] INFO  o.e.b.c.i.u.g.PublishedGradleVersions - Gradle version information cache is not available. Remote download required.
2025-06-10 14:36:10,412 [Worker-23: Launching mavenrun-e7343823-26b3-4dc1-93e2-e34f3ef7adb3] INFO  o.eclipse.m2e.core.internal.Bundles - getClasspathEntries(Bundle=org.eclipse.m2e.maven.runtime_3.9.900.20250220-2013 [637])
2025-06-10 14:36:10,420 [Worker-23: Launching mavenrun-e7343823-26b3-4dc1-93e2-e34f3ef7adb3] INFO  o.eclipse.m2e.core.internal.Bundles - 	Entry: C:\Users\satyaprakashm\.p2\pool\plugins\org.eclipse.m2e.maven.runtime_3.9.900.20250220-2013
2025-06-10 14:36:10,420 [Worker-23: Launching mavenrun-e7343823-26b3-4dc1-93e2-e34f3ef7adb3] INFO  o.eclipse.m2e.core.internal.Bundles - 	Entry: C:\Users\satyaprakashm\.p2\pool\plugins\org.eclipse.m2e.maven.runtime_3.9.900.20250220-2013\jars\aopalliance-1.0.jar
2025-06-10 14:36:10,421 [Worker-23: Launching mavenrun-e7343823-26b3-4dc1-93e2-e34f3ef7adb3] INFO  o.eclipse.m2e.core.internal.Bundles - 	Entry: C:\Users\satyaprakashm\.p2\pool\plugins\org.eclipse.m2e.maven.runtime_3.9.900.20250220-2013\jars\guice-5.1.0.jar
2025-06-10 14:36:10,421 [Worker-23: Launching mavenrun-e7343823-26b3-4dc1-93e2-e34f3ef7adb3] INFO  o.eclipse.m2e.core.internal.Bundles - 	Entry: C:\Users\satyaprakashm\.p2\pool\plugins\org.eclipse.m2e.maven.runtime_3.9.900.20250220-2013\jars\httpclient-4.5.14.jar
2025-06-10 14:36:10,421 [Worker-23: Launching mavenrun-e7343823-26b3-4dc1-93e2-e34f3ef7adb3] INFO  o.eclipse.m2e.core.internal.Bundles - 	Entry: C:\Users\satyaprakashm\.p2\pool\plugins\org.eclipse.m2e.maven.runtime_3.9.900.20250220-2013\jars\httpcore-4.4.16.jar
2025-06-10 14:36:10,421 [Worker-23: Launching mavenrun-e7343823-26b3-4dc1-93e2-e34f3ef7adb3] INFO  o.eclipse.m2e.core.internal.Bundles - 	Entry: C:\Users\satyaprakashm\.p2\pool\plugins\org.eclipse.m2e.maven.runtime_3.9.900.20250220-2013\jars\jansi-2.4.1.jar
2025-06-10 14:36:10,422 [Worker-23: Launching mavenrun-e7343823-26b3-4dc1-93e2-e34f3ef7adb3] INFO  o.eclipse.m2e.core.internal.Bundles - 	Entry: C:\Users\satyaprakashm\.p2\pool\plugins\org.eclipse.m2e.maven.runtime_3.9.900.20250220-2013\jars\jcl-over-slf4j-1.7.36.jar
2025-06-10 14:36:10,422 [Worker-23: Launching mavenrun-e7343823-26b3-4dc1-93e2-e34f3ef7adb3] INFO  o.eclipse.m2e.core.internal.Bundles - 	Entry: C:\Users\satyaprakashm\.p2\pool\plugins\org.eclipse.m2e.maven.runtime_3.9.900.20250220-2013\jars\maven-artifact-3.9.9.jar
2025-06-10 14:36:10,422 [Worker-23: Launching mavenrun-e7343823-26b3-4dc1-93e2-e34f3ef7adb3] INFO  o.eclipse.m2e.core.internal.Bundles - 	Entry: C:\Users\satyaprakashm\.p2\pool\plugins\org.eclipse.m2e.maven.runtime_3.9.900.20250220-2013\jars\maven-builder-support-3.9.9.jar
2025-06-10 14:36:10,422 [Worker-23: Launching mavenrun-e7343823-26b3-4dc1-93e2-e34f3ef7adb3] INFO  o.eclipse.m2e.core.internal.Bundles - 	Entry: C:\Users\satyaprakashm\.p2\pool\plugins\org.eclipse.m2e.maven.runtime_3.9.900.20250220-2013\jars\maven-compat-3.9.9.jar
2025-06-10 14:36:10,422 [Worker-23: Launching mavenrun-e7343823-26b3-4dc1-93e2-e34f3ef7adb3] INFO  o.eclipse.m2e.core.internal.Bundles - 	Entry: C:\Users\satyaprakashm\.p2\pool\plugins\org.eclipse.m2e.maven.runtime_3.9.900.20250220-2013\jars\maven-core-3.9.9.jar
2025-06-10 14:36:10,422 [Worker-23: Launching mavenrun-e7343823-26b3-4dc1-93e2-e34f3ef7adb3] INFO  o.eclipse.m2e.core.internal.Bundles - 	Entry: C:\Users\satyaprakashm\.p2\pool\plugins\org.eclipse.m2e.maven.runtime_3.9.900.20250220-2013\jars\maven-embedder-3.9.9.jar
2025-06-10 14:36:10,423 [Worker-23: Launching mavenrun-e7343823-26b3-4dc1-93e2-e34f3ef7adb3] INFO  o.eclipse.m2e.core.internal.Bundles - 	Entry: C:\Users\satyaprakashm\.p2\pool\plugins\org.eclipse.m2e.maven.runtime_3.9.900.20250220-2013\jars\maven-model-3.9.9.jar
2025-06-10 14:36:10,423 [Worker-23: Launching mavenrun-e7343823-26b3-4dc1-93e2-e34f3ef7adb3] INFO  o.eclipse.m2e.core.internal.Bundles - 	Entry: C:\Users\satyaprakashm\.p2\pool\plugins\org.eclipse.m2e.maven.runtime_3.9.900.20250220-2013\jars\maven-model-builder-3.9.9.jar
2025-06-10 14:36:10,423 [Worker-23: Launching mavenrun-e7343823-26b3-4dc1-93e2-e34f3ef7adb3] INFO  o.eclipse.m2e.core.internal.Bundles - 	Entry: C:\Users\satyaprakashm\.p2\pool\plugins\org.eclipse.m2e.maven.runtime_3.9.900.20250220-2013\jars\maven-plugin-api-3.9.9.jar
2025-06-10 14:36:10,423 [Worker-23: Launching mavenrun-e7343823-26b3-4dc1-93e2-e34f3ef7adb3] INFO  o.eclipse.m2e.core.internal.Bundles - 	Entry: C:\Users\satyaprakashm\.p2\pool\plugins\org.eclipse.m2e.maven.runtime_3.9.900.20250220-2013\jars\maven-repository-metadata-3.9.9.jar
2025-06-10 14:36:10,423 [Worker-23: Launching mavenrun-e7343823-26b3-4dc1-93e2-e34f3ef7adb3] INFO  o.eclipse.m2e.core.internal.Bundles - 	Entry: C:\Users\satyaprakashm\.p2\pool\plugins\org.eclipse.m2e.maven.runtime_3.9.900.20250220-2013\jars\maven-resolver-api-1.9.22.jar
2025-06-10 14:36:10,423 [Worker-23: Launching mavenrun-e7343823-26b3-4dc1-93e2-e34f3ef7adb3] INFO  o.eclipse.m2e.core.internal.Bundles - 	Entry: C:\Users\satyaprakashm\.p2\pool\plugins\org.eclipse.m2e.maven.runtime_3.9.900.20250220-2013\jars\maven-resolver-connector-basic-1.9.22.jar
2025-06-10 14:36:10,424 [Worker-23: Launching mavenrun-e7343823-26b3-4dc1-93e2-e34f3ef7adb3] INFO  o.eclipse.m2e.core.internal.Bundles - 	Entry: C:\Users\satyaprakashm\.p2\pool\plugins\org.eclipse.m2e.maven.runtime_3.9.900.20250220-2013\jars\maven-resolver-impl-1.9.22.jar
2025-06-10 14:36:10,424 [Worker-23: Launching mavenrun-e7343823-26b3-4dc1-93e2-e34f3ef7adb3] INFO  o.eclipse.m2e.core.internal.Bundles - 	Entry: C:\Users\satyaprakashm\.p2\pool\plugins\org.eclipse.m2e.maven.runtime_3.9.900.20250220-2013\jars\maven-resolver-named-locks-1.9.22.jar
2025-06-10 14:36:10,424 [Worker-23: Launching mavenrun-e7343823-26b3-4dc1-93e2-e34f3ef7adb3] INFO  o.eclipse.m2e.core.internal.Bundles - 	Entry: C:\Users\satyaprakashm\.p2\pool\plugins\org.eclipse.m2e.maven.runtime_3.9.900.20250220-2013\jars\maven-resolver-provider-3.9.9.jar
2025-06-10 14:36:10,424 [Worker-23: Launching mavenrun-e7343823-26b3-4dc1-93e2-e34f3ef7adb3] INFO  o.eclipse.m2e.core.internal.Bundles - 	Entry: C:\Users\satyaprakashm\.p2\pool\plugins\org.eclipse.m2e.maven.runtime_3.9.900.20250220-2013\jars\maven-resolver-spi-1.9.22.jar
2025-06-10 14:36:10,424 [Worker-23: Launching mavenrun-e7343823-26b3-4dc1-93e2-e34f3ef7adb3] INFO  o.eclipse.m2e.core.internal.Bundles - 	Entry: C:\Users\satyaprakashm\.p2\pool\plugins\org.eclipse.m2e.maven.runtime_3.9.900.20250220-2013\jars\maven-resolver-transport-file-1.9.22.jar
2025-06-10 14:36:10,424 [Worker-23: Launching mavenrun-e7343823-26b3-4dc1-93e2-e34f3ef7adb3] INFO  o.eclipse.m2e.core.internal.Bundles - 	Entry: C:\Users\satyaprakashm\.p2\pool\plugins\org.eclipse.m2e.maven.runtime_3.9.900.20250220-2013\jars\maven-resolver-transport-http-1.9.22.jar
2025-06-10 14:36:10,425 [Worker-23: Launching mavenrun-e7343823-26b3-4dc1-93e2-e34f3ef7adb3] INFO  o.eclipse.m2e.core.internal.Bundles - 	Entry: C:\Users\satyaprakashm\.p2\pool\plugins\org.eclipse.m2e.maven.runtime_3.9.900.20250220-2013\jars\maven-resolver-transport-wagon-1.9.22.jar
2025-06-10 14:36:10,425 [Worker-23: Launching mavenrun-e7343823-26b3-4dc1-93e2-e34f3ef7adb3] INFO  o.eclipse.m2e.core.internal.Bundles - 	Entry: C:\Users\satyaprakashm\.p2\pool\plugins\org.eclipse.m2e.maven.runtime_3.9.900.20250220-2013\jars\maven-resolver-util-1.9.22.jar
2025-06-10 14:36:10,425 [Worker-23: Launching mavenrun-e7343823-26b3-4dc1-93e2-e34f3ef7adb3] INFO  o.eclipse.m2e.core.internal.Bundles - 	Entry: C:\Users\satyaprakashm\.p2\pool\plugins\org.eclipse.m2e.maven.runtime_3.9.900.20250220-2013\jars\maven-settings-3.9.9.jar
2025-06-10 14:36:10,425 [Worker-23: Launching mavenrun-e7343823-26b3-4dc1-93e2-e34f3ef7adb3] INFO  o.eclipse.m2e.core.internal.Bundles - 	Entry: C:\Users\satyaprakashm\.p2\pool\plugins\org.eclipse.m2e.maven.runtime_3.9.900.20250220-2013\jars\maven-settings-builder-3.9.9.jar
2025-06-10 14:36:10,425 [Worker-23: Launching mavenrun-e7343823-26b3-4dc1-93e2-e34f3ef7adb3] INFO  o.eclipse.m2e.core.internal.Bundles - 	Entry: C:\Users\satyaprakashm\.p2\pool\plugins\org.eclipse.m2e.maven.runtime_3.9.900.20250220-2013\jars\maven-shared-utils-3.4.2.jar
2025-06-10 14:36:10,425 [Worker-23: Launching mavenrun-e7343823-26b3-4dc1-93e2-e34f3ef7adb3] INFO  o.eclipse.m2e.core.internal.Bundles - 	Entry: C:\Users\satyaprakashm\.p2\pool\plugins\org.eclipse.m2e.maven.runtime_3.9.900.20250220-2013\jars\org.eclipse.sisu.inject-0.9.0.M3.jar
2025-06-10 14:36:10,426 [Worker-23: Launching mavenrun-e7343823-26b3-4dc1-93e2-e34f3ef7adb3] INFO  o.eclipse.m2e.core.internal.Bundles - 	Entry: C:\Users\satyaprakashm\.p2\pool\plugins\org.eclipse.m2e.maven.runtime_3.9.900.20250220-2013\jars\org.eclipse.sisu.plexus-0.9.0.M3.jar
2025-06-10 14:36:10,426 [Worker-23: Launching mavenrun-e7343823-26b3-4dc1-93e2-e34f3ef7adb3] INFO  o.eclipse.m2e.core.internal.Bundles - 	Entry: C:\Users\satyaprakashm\.p2\pool\plugins\org.eclipse.m2e.maven.runtime_3.9.900.20250220-2013\jars\plexus-build-api-0.0.7.jar
2025-06-10 14:36:10,426 [Worker-23: Launching mavenrun-e7343823-26b3-4dc1-93e2-e34f3ef7adb3] INFO  o.eclipse.m2e.core.internal.Bundles - 	Entry: C:\Users\satyaprakashm\.p2\pool\plugins\org.eclipse.m2e.maven.runtime_3.9.900.20250220-2013\jars\plexus-build-api-1.2.0.jar
2025-06-10 14:36:10,426 [Worker-23: Launching mavenrun-e7343823-26b3-4dc1-93e2-e34f3ef7adb3] INFO  o.eclipse.m2e.core.internal.Bundles - 	Entry: C:\Users\satyaprakashm\.p2\pool\plugins\org.eclipse.m2e.maven.runtime_3.9.900.20250220-2013\jars\plexus-cipher-2.0.jar
2025-06-10 14:36:10,426 [Worker-23: Launching mavenrun-e7343823-26b3-4dc1-93e2-e34f3ef7adb3] INFO  o.eclipse.m2e.core.internal.Bundles - 	Entry: C:\Users\satyaprakashm\.p2\pool\plugins\org.eclipse.m2e.maven.runtime_3.9.900.20250220-2013\jars\plexus-classworlds-2.8.0.jar
2025-06-10 14:36:10,427 [Worker-23: Launching mavenrun-e7343823-26b3-4dc1-93e2-e34f3ef7adb3] INFO  o.eclipse.m2e.core.internal.Bundles - 	Entry: C:\Users\satyaprakashm\.p2\pool\plugins\org.eclipse.m2e.maven.runtime_3.9.900.20250220-2013\jars\plexus-component-annotations-2.1.0.jar
2025-06-10 14:36:10,427 [Worker-23: Launching mavenrun-e7343823-26b3-4dc1-93e2-e34f3ef7adb3] INFO  o.eclipse.m2e.core.internal.Bundles - 	Entry: C:\Users\satyaprakashm\.p2\pool\plugins\org.eclipse.m2e.maven.runtime_3.9.900.20250220-2013\jars\plexus-interpolation-1.27.jar
2025-06-10 14:36:10,427 [Worker-23: Launching mavenrun-e7343823-26b3-4dc1-93e2-e34f3ef7adb3] INFO  o.eclipse.m2e.core.internal.Bundles - 	Entry: C:\Users\satyaprakashm\.p2\pool\plugins\org.eclipse.m2e.maven.runtime_3.9.900.20250220-2013\jars\plexus-sec-dispatcher-2.0.jar
2025-06-10 14:36:10,427 [Worker-23: Launching mavenrun-e7343823-26b3-4dc1-93e2-e34f3ef7adb3] INFO  o.eclipse.m2e.core.internal.Bundles - 	Entry: C:\Users\satyaprakashm\.p2\pool\plugins\org.eclipse.m2e.maven.runtime_3.9.900.20250220-2013\jars\plexus-utils-3.5.1.jar
2025-06-10 14:36:10,428 [Worker-23: Launching mavenrun-e7343823-26b3-4dc1-93e2-e34f3ef7adb3] INFO  o.eclipse.m2e.core.internal.Bundles - 	Entry: C:\Users\satyaprakashm\.p2\pool\plugins\org.eclipse.m2e.maven.runtime_3.9.900.20250220-2013\jars\plexus-xml-3.0.1.jar
2025-06-10 14:36:10,428 [Worker-23: Launching mavenrun-e7343823-26b3-4dc1-93e2-e34f3ef7adb3] INFO  o.eclipse.m2e.core.internal.Bundles - 	Entry: C:\Users\satyaprakashm\.p2\pool\plugins\org.eclipse.m2e.maven.runtime_3.9.900.20250220-2013\jars\wagon-file-3.5.3.jar
2025-06-10 14:36:10,428 [Worker-23: Launching mavenrun-e7343823-26b3-4dc1-93e2-e34f3ef7adb3] INFO  o.eclipse.m2e.core.internal.Bundles - 	Entry: C:\Users\satyaprakashm\.p2\pool\plugins\org.eclipse.m2e.maven.runtime_3.9.900.20250220-2013\jars\wagon-http-3.5.3.jar
2025-06-10 14:36:10,428 [Worker-23: Launching mavenrun-e7343823-26b3-4dc1-93e2-e34f3ef7adb3] INFO  o.eclipse.m2e.core.internal.Bundles - 	Entry: C:\Users\satyaprakashm\.p2\pool\plugins\org.eclipse.m2e.maven.runtime_3.9.900.20250220-2013\jars\wagon-http-shared-3.5.3.jar
2025-06-10 14:36:10,429 [Worker-23: Launching mavenrun-e7343823-26b3-4dc1-93e2-e34f3ef7adb3] INFO  o.eclipse.m2e.core.internal.Bundles - 	Entry: C:\Users\satyaprakashm\.p2\pool\plugins\org.eclipse.m2e.maven.runtime_3.9.900.20250220-2013\jars\wagon-provider-api-3.5.3.jar
2025-06-10 14:36:10,431 [Worker-23: Launching mavenrun-e7343823-26b3-4dc1-93e2-e34f3ef7adb3] INFO  o.eclipse.m2e.core.internal.Bundles - getClasspathEntries(Bundle=com.google.guava_33.4.6.jre [16])
2025-06-10 14:36:10,431 [Worker-23: Launching mavenrun-e7343823-26b3-4dc1-93e2-e34f3ef7adb3] INFO  o.eclipse.m2e.core.internal.Bundles - 	Entry: C:\Users\satyaprakashm\.p2\pool\plugins\com.google.guava_33.4.6.jre.jar
2025-06-10 14:36:10,431 [Worker-23: Launching mavenrun-e7343823-26b3-4dc1-93e2-e34f3ef7adb3] INFO  o.eclipse.m2e.core.internal.Bundles - getClasspathEntries(Bundle=slf4j.api_2.0.17 [1004])
2025-06-10 14:36:10,431 [Worker-23: Launching mavenrun-e7343823-26b3-4dc1-93e2-e34f3ef7adb3] INFO  o.eclipse.m2e.core.internal.Bundles - 	Entry: C:\Users\satyaprakashm\.p2\pool\plugins\slf4j.api_2.0.17.jar
2025-06-10 14:36:10,432 [Worker-23: Launching mavenrun-e7343823-26b3-4dc1-93e2-e34f3ef7adb3] INFO  o.eclipse.m2e.core.internal.Bundles - getClasspathEntries(Bundle=javax.inject_1.0.0.v20220405-0441 [1014])
2025-06-10 14:36:10,432 [Worker-23: Launching mavenrun-e7343823-26b3-4dc1-93e2-e34f3ef7adb3] INFO  o.eclipse.m2e.core.internal.Bundles - 	Entry: C:\Users\satyaprakashm\.p2\pool\plugins\javax.inject_1.0.0.v20220405-0441.jar
2025-06-10 14:36:10,432 [Worker-23: Launching mavenrun-e7343823-26b3-4dc1-93e2-e34f3ef7adb3] INFO  o.eclipse.m2e.core.internal.Bundles - getClasspathEntries(Bundle=javax.annotation_1.3.5.v20230504-0748 [1013])
2025-06-10 14:36:10,432 [Worker-23: Launching mavenrun-e7343823-26b3-4dc1-93e2-e34f3ef7adb3] INFO  o.eclipse.m2e.core.internal.Bundles - 	Entry: C:\Users\satyaprakashm\.p2\pool\plugins\javax.annotation_1.3.5.v20230504-0748.jar
2025-06-10 14:36:10,433 [Worker-23: Launching mavenrun-e7343823-26b3-4dc1-93e2-e34f3ef7adb3] INFO  o.eclipse.m2e.core.internal.Bundles - getClasspathEntries(Bundle=org.apache.commons.cli_1.9.0 [74])
2025-06-10 14:36:10,434 [Worker-23: Launching mavenrun-e7343823-26b3-4dc1-93e2-e34f3ef7adb3] INFO  o.eclipse.m2e.core.internal.Bundles - 	Entry: C:\Users\satyaprakashm\.p2\pool\plugins\org.apache.commons.cli_1.9.0.jar
2025-06-10 14:36:10,434 [Worker-23: Launching mavenrun-e7343823-26b3-4dc1-93e2-e34f3ef7adb3] INFO  o.eclipse.m2e.core.internal.Bundles - getClasspathEntries(Bundle=org.apache.commons.commons-codec_1.16.0 [76])
2025-06-10 14:36:10,435 [Worker-23: Launching mavenrun-e7343823-26b3-4dc1-93e2-e34f3ef7adb3] INFO  o.eclipse.m2e.core.internal.Bundles - 	Entry: C:\Users\satyaprakashm\.p2\pool\plugins\org.apache.commons.commons-codec_1.16.0.jar
2025-06-10 14:36:10,435 [Worker-23: Launching mavenrun-e7343823-26b3-4dc1-93e2-e34f3ef7adb3] INFO  o.eclipse.m2e.core.internal.Bundles - getClasspathEntries(Bundle=com.google.guava.failureaccess_1.0.3 [17])
2025-06-10 14:36:10,436 [Worker-23: Launching mavenrun-e7343823-26b3-4dc1-93e2-e34f3ef7adb3] INFO  o.eclipse.m2e.core.internal.Bundles - 	Entry: C:\Users\satyaprakashm\.p2\pool\plugins\com.google.guava.failureaccess_1.0.3.jar
2025-06-10 14:36:10,442 [Worker-23: Launching mavenrun-e7343823-26b3-4dc1-93e2-e34f3ef7adb3] INFO  o.e.m.i.launch.MavenLaunchDelegate - Run build in "C:\Users\SATYAP~1\AppData\Local\Temp\m2e-archetypeGenerator5125365269710120569":
2025-06-10 14:36:10,446 [Worker-23: Launching mavenrun-e7343823-26b3-4dc1-93e2-e34f3ef7adb3] INFO  o.e.m.i.launch.MavenLaunchDelegate -  mvn  -DarchetypeGroupId=org.glassfish.jersey.archetypes -DarchetypeArtifactId=jersey-quickstart-webapp -DarchetypeVersion=4.0.0-M2 -DgroupId=Infinite -DartifactId=HospitalManagementSystem -Dversion=0.0.1-SNAPSHOT -Dpackage=com.java.hms -DoutputDirectory="C:\Java Training\HMSMain" -B -Dstyle.color=always -U archetype:generate
2025-06-10 14:36:27,922 [Worker-2: Creating jersey-quickstart-webapp] INFO  o.e.m.c.i.p.ProjectConfigurationManager - Collecting project info '/pom.xml' C:\Java Training\HMSMain\HospitalManagementSystem\pom.xml
2025-06-10 14:36:30,081 [Worker-2: Creating jersey-quickstart-webapp] INFO  o.e.m.c.i.l.LifecycleMappingFactory - Using org.maven.ide.eclipse.wtp.WarLifecycleMapping lifecycle mapping for MavenProject: Infinite:HospitalManagementSystem:0.0.1-SNAPSHOT @ C:\Java Training\HMSMain\HospitalManagementSystem\pom.xml.
2025-06-10 14:36:31,459 [Worker-2: Creating jersey-quickstart-webapp] INFO  o.e.m.j.i.AbstractJavaProjectConfigurator - Adding source folder /HospitalManagementSystem/src/main/java
2025-06-10 14:36:31,461 [Worker-2: Creating jersey-quickstart-webapp] INFO  o.e.m.j.i.AbstractJavaProjectConfigurator - Adding resource folder /HospitalManagementSystem/src/main/resources
2025-06-10 14:36:31,465 [Worker-2: Creating jersey-quickstart-webapp] INFO  o.e.m.j.i.AbstractJavaProjectConfigurator - Adding source folder /HospitalManagementSystem/src/test/java
2025-06-10 14:36:31,466 [Worker-2: Creating jersey-quickstart-webapp] INFO  o.e.m.j.i.AbstractJavaProjectConfigurator - Adding resource folder /HospitalManagementSystem/src/test/resources
2025-06-10 14:36:35,015 [Worker-2: Creating jersey-quickstart-webapp] INFO  o.e.m.c.i.p.ProjectConfigurationManager - Imported and configured 1 project(s) in 7 sec
2025-06-10 14:36:36,037 [Worker-7: Building] INFO  o.a.m.s.f.DefaultMavenResourcesFiltering - skip non existing resourceDirectory C:\Java Training\HMSMain\HospitalManagementSystem\src\main\resources
2025-06-10 14:36:36,044 [Worker-7: Building] INFO  o.a.m.s.f.DefaultMavenResourcesFiltering - skip non existing resourceDirectory C:\Java Training\HMSMain\HospitalManagementSystem\src\test\resources
2025-06-10 15:44:31,002 [Worker-33: Building] INFO  o.e.m.c.i.l.LifecycleMappingFactory - Using org.maven.ide.eclipse.wtp.WarLifecycleMapping lifecycle mapping for MavenProject: Infinite:HospitalManagementSystem:0.0.1-SNAPSHOT @ C:\Java Training\HMSMain\HospitalManagementSystem\pom.xml.
2025-06-10 15:44:31,082 [Worker-33: Building] WARN  o.a.m.r.i.DefaultArtifactDescriptorReader - 1 problem was encountered while building the effective model for org.javassist:javassist:jar:3.18.1-GA during dependency collection step for project (use -X to see details)
2025-06-10 15:44:36,958 [Worker-33: Building] INFO  o.a.m.s.f.DefaultMavenResourcesFiltering - skip non existing resourceDirectory C:\Java Training\HMSMain\HospitalManagementSystem\src\main\resources
2025-06-10 15:44:36,963 [Worker-33: Building] INFO  o.a.m.s.f.DefaultMavenResourcesFiltering - skip non existing resourceDirectory C:\Java Training\HMSMain\HospitalManagementSystem\src\test\resources
2025-06-10 15:44:36,963 [Worker-33: Building] INFO  o.e.m.w.i.f.ResourceFilteringBuildParticipant - Changed resources require a complete clean of filtered resources of HospitalManagementSystem
2025-06-10 15:44:36,970 [Worker-33: Building] INFO  o.e.m.w.i.f.ResourceFilteringBuildParticipant - Executing resource filtering for HospitalManagementSystem
2025-06-10 15:45:32,605 [Worker-33: Building] INFO  o.a.m.s.f.DefaultMavenResourcesFiltering - skip non existing resourceDirectory C:\Java Training\HMSMain\HospitalManagementSystem\src\main\resources
2025-06-10 15:45:32,608 [Worker-33: Building] INFO  o.a.m.s.f.DefaultMavenResourcesFiltering - skip non existing resourceDirectory C:\Java Training\HMSMain\HospitalManagementSystem\src\test\resources
2025-06-10 21:42:39,919 [Worker-5: Loading available Gradle versions] INFO  o.e.b.c.i.u.g.PublishedGradleVersions - Gradle version information cache is up-to-date. Trying to read.
2025-06-12 09:42:35,317 [Worker-86: reload maven project] WARN  o.a.m.r.i.DefaultArtifactDescriptorReader - 1 problem was encountered while building the effective model for org.javassist:javassist:jar:3.18.1-GA during dependency collection step for project (use -X to see details)
2025-06-12 09:49:17,351 [Worker-90: Building] INFO  o.a.m.s.f.DefaultMavenResourcesFiltering - skip non existing resourceDirectory C:\Java Training\HMSMain\HospitalManagementSystem\src\main\resources
2025-06-12 09:49:17,357 [Worker-90: Building] INFO  o.a.m.s.f.DefaultMavenResourcesFiltering - skip non existing resourceDirectory C:\Java Training\HMSMain\HospitalManagementSystem\src\test\resources
2025-06-12 09:49:25,901 [Worker-90: Building] INFO  o.a.m.s.f.DefaultMavenResourcesFiltering - skip non existing resourceDirectory C:\Java Training\HMSMain\HospitalManagementSystem\src\main\resources
2025-06-12 09:49:25,907 [Worker-90: Building] INFO  o.a.m.s.f.DefaultMavenResourcesFiltering - skip non existing resourceDirectory C:\Java Training\HMSMain\HospitalManagementSystem\src\test\resources
2025-06-12 09:49:40,245 [Worker-88: https://www.caucho.com/eclipse/p2.index] INFO  o.a.h.c.h.i.c.HttpRequestRetryExec - Recoverable I/O exception (java.net.SocketException) caught when processing request to {s}->[https://www.caucho.com:443]
2025-06-12 09:54:57,649 [Worker-95: Building] INFO  o.a.m.s.f.DefaultMavenResourcesFiltering - skip non existing resourceDirectory C:\Java Training\HMSMain\HospitalManagementSystem\src\main\resources
2025-06-12 09:54:57,651 [Worker-95: Building] INFO  o.a.m.s.f.DefaultMavenResourcesFiltering - skip non existing resourceDirectory C:\Java Training\HMSMain\HospitalManagementSystem\src\test\resources
2025-06-12 09:56:21,265 [Worker-88: Building] INFO  o.a.m.s.f.DefaultMavenResourcesFiltering - skip non existing resourceDirectory C:\Java Training\HMSMain\HospitalManagementSystem\src\main\resources
2025-06-12 09:56:21,267 [Worker-88: Building] INFO  o.a.m.s.f.DefaultMavenResourcesFiltering - skip non existing resourceDirectory C:\Java Training\HMSMain\HospitalManagementSystem\src\test\resources
2025-06-12 10:23:02,632 [Worker-91: Building] INFO  o.a.m.s.f.DefaultMavenResourcesFiltering - skip non existing resourceDirectory C:\Java Training\HMSMain\HospitalManagementSystem\src\main\resources
2025-06-12 10:23:02,637 [Worker-91: Building] INFO  o.a.m.s.f.DefaultMavenResourcesFiltering - skip non existing resourceDirectory C:\Java Training\HMSMain\HospitalManagementSystem\src\test\resources
2025-06-12 10:24:20,744 [Worker-90: Building] INFO  o.a.m.s.f.DefaultMavenResourcesFiltering - skip non existing resourceDirectory C:\Java Training\HMSMain\HospitalManagementSystem\src\main\resources
2025-06-12 10:24:20,746 [Worker-90: Building] INFO  o.a.m.s.f.DefaultMavenResourcesFiltering - skip non existing resourceDirectory C:\Java Training\HMSMain\HospitalManagementSystem\src\test\resources
2025-06-12 10:24:27,158 [Worker-97: Building] INFO  o.a.m.s.f.DefaultMavenResourcesFiltering - skip non existing resourceDirectory C:\Java Training\HMSMain\HospitalManagementSystem\src\main\resources
2025-06-12 10:24:27,161 [Worker-97: Building] INFO  o.a.m.s.f.DefaultMavenResourcesFiltering - skip non existing resourceDirectory C:\Java Training\HMSMain\HospitalManagementSystem\src\test\resources
2025-06-12 10:26:51,782 [Worker-93: Building] INFO  o.a.m.s.f.DefaultMavenResourcesFiltering - skip non existing resourceDirectory C:\Java Training\HMSMain\HospitalManagementSystem\src\main\resources
2025-06-12 10:26:51,784 [Worker-93: Building] INFO  o.a.m.s.f.DefaultMavenResourcesFiltering - skip non existing resourceDirectory C:\Java Training\HMSMain\HospitalManagementSystem\src\test\resources
2025-06-12 15:10:30,992 [Worker-101: Building] INFO  o.e.m.c.i.l.LifecycleMappingFactory - Using org.maven.ide.eclipse.wtp.WarLifecycleMapping lifecycle mapping for MavenProject: infinite:HealthSureClient:0.0.1-SNAPSHOT @ C:\Java Training\main\Central-Project-Repo-HMS-\HealthSureClient\pom.xml.
2025-06-12 15:10:31,341 [Worker-101: Building] INFO  o.e.m.c.i.e.AbstractTransferListenerAdapter - Downloading https://repo.maven.apache.org/maven2/javax/ws/rs/javax.ws.rs-api/2.0.1/javax.ws.rs-api-2.0.1.pom
2025-06-12 15:10:31,370 [Worker-101: Building] INFO  o.e.m.c.i.e.AbstractTransferListenerAdapter - Downloaded https://repo.maven.apache.org/maven2/javax/ws/rs/javax.ws.rs-api/2.0.1/javax.ws.rs-api-2.0.1.pom
2025-06-12 15:10:31,394 [Worker-101: Building] INFO  o.e.m.c.i.e.AbstractTransferListenerAdapter - Downloading https://repo.maven.apache.org/maven2/net/java/jvnet-parent/5/jvnet-parent-5.pom
2025-06-12 15:10:31,401 [Worker-101: Building] INFO  o.e.m.c.i.e.AbstractTransferListenerAdapter - Downloaded https://repo.maven.apache.org/maven2/net/java/jvnet-parent/5/jvnet-parent-5.pom
2025-06-12 15:10:33,077 [Worker-101: Building] WARN  o.a.m.r.i.DefaultArtifactDescriptorReader - 1 problem was encountered while building the effective model for org.javassist:javassist:jar:3.18.1-GA during dependency collection step for project (use -X to see details)
2025-06-12 15:10:33,478 [Worker-101: Building] INFO  o.e.m.c.i.e.AbstractTransferListenerAdapter - Downloading https://repo.maven.apache.org/maven2/javax/ws/rs/javax.ws.rs-api/2.0.1/javax.ws.rs-api-2.0.1.jar
2025-06-12 15:10:33,499 [Worker-101: Building] INFO  o.e.m.c.i.e.AbstractTransferListenerAdapter - Downloaded https://repo.maven.apache.org/maven2/javax/ws/rs/javax.ws.rs-api/2.0.1/javax.ws.rs-api-2.0.1.jar
2025-06-12 15:10:34,366 [Worker-101: Building] INFO  o.a.m.s.f.DefaultMavenResourcesFiltering - skip non existing resourceDirectory C:\Java Training\main\Central-Project-Repo-HMS-\HealthSureClient\src\main\resources
2025-06-12 15:10:34,369 [Worker-101: Building] INFO  o.a.m.s.f.DefaultMavenResourcesFiltering - skip non existing resourceDirectory C:\Java Training\main\Central-Project-Repo-HMS-\HealthSureClient\src\test\resources
2025-06-12 15:10:35,084 [Worker-111: Download sources and javadoc] INFO  o.e.m.c.i.e.AbstractTransferListenerAdapter - Downloading https://repo.maven.apache.org/maven2/javax/ws/rs/javax.ws.rs-api/2.0.1/javax.ws.rs-api-2.0.1-sources.jar
2025-06-12 15:10:35,115 [Worker-111: Download sources and javadoc] INFO  o.e.m.c.i.e.AbstractTransferListenerAdapter - Downloaded https://repo.maven.apache.org/maven2/javax/ws/rs/javax.ws.rs-api/2.0.1/javax.ws.rs-api-2.0.1-sources.jar
2025-06-12 15:10:35,121 [Worker-111: Download sources and javadoc] INFO  o.e.m.j.internal.DownloadSourcesJob - Downloaded sources for javax.ws.rs:javax.ws.rs-api:2.0.1
2025-06-12 15:10:36,139 [Worker-113: Building] INFO  o.a.m.s.f.DefaultMavenResourcesFiltering - skip non existing resourceDirectory C:\Java Training\main\Central-Project-Repo-HMS-\HealthSureClient\src\main\resources
2025-06-12 15:10:36,143 [Worker-113: Building] INFO  o.a.m.s.f.DefaultMavenResourcesFiltering - skip non existing resourceDirectory C:\Java Training\main\Central-Project-Repo-HMS-\HealthSureClient\src\test\resources
2025-06-12 15:13:08,875 [Worker-108: Building] INFO  o.a.m.s.f.DefaultMavenResourcesFiltering - skip non existing resourceDirectory C:\Java Training\main\Central-Project-Repo-HMS-\HealthSureClient\src\main\resources
2025-06-12 15:13:08,878 [Worker-108: Building] INFO  o.a.m.s.f.DefaultMavenResourcesFiltering - skip non existing resourceDirectory C:\Java Training\main\Central-Project-Repo-HMS-\HealthSureClient\src\test\resources
2025-06-12 15:13:13,958 [Worker-111: Building] INFO  o.a.m.s.f.DefaultMavenResourcesFiltering - skip non existing resourceDirectory C:\Java Training\main\Central-Project-Repo-HMS-\HealthSureClient\src\main\resources
2025-06-12 15:13:13,960 [Worker-111: Building] INFO  o.a.m.s.f.DefaultMavenResourcesFiltering - skip non existing resourceDirectory C:\Java Training\main\Central-Project-Repo-HMS-\HealthSureClient\src\test\resources
2025-06-12 15:13:43,619 [Worker-112: Building] INFO  o.a.m.s.f.DefaultMavenResourcesFiltering - skip non existing resourceDirectory C:\Java Training\main\Central-Project-Repo-HMS-\HealthSureClient\src\main\resources
2025-06-12 15:13:43,621 [Worker-112: Building] INFO  o.a.m.s.f.DefaultMavenResourcesFiltering - skip non existing resourceDirectory C:\Java Training\main\Central-Project-Repo-HMS-\HealthSureClient\src\test\resources
2025-06-12 15:13:45,923 [Worker-110: Building] INFO  o.a.m.s.f.DefaultMavenResourcesFiltering - skip non existing resourceDirectory C:\Java Training\main\Central-Project-Repo-HMS-\HealthSureClient\src\main\resources
2025-06-12 15:13:45,925 [Worker-110: Building] INFO  o.a.m.s.f.DefaultMavenResourcesFiltering - skip non existing resourceDirectory C:\Java Training\main\Central-Project-Repo-HMS-\HealthSureClient\src\test\resources
2025-06-12 15:13:48,870 [Worker-115: Building] INFO  o.a.m.s.f.DefaultMavenResourcesFiltering - skip non existing resourceDirectory C:\Java Training\main\Central-Project-Repo-HMS-\HealthSureClient\src\main\resources
2025-06-12 15:13:48,873 [Worker-115: Building] INFO  o.a.m.s.f.DefaultMavenResourcesFiltering - skip non existing resourceDirectory C:\Java Training\main\Central-Project-Repo-HMS-\HealthSureClient\src\test\resources
2025-06-12 15:19:51,539 [Worker-115: Building] INFO  o.a.m.s.f.DefaultMavenResourcesFiltering - skip non existing resourceDirectory C:\Java Training\main\Central-Project-Repo-HMS-\HealthSureClient\src\main\resources
2025-06-12 15:19:51,542 [Worker-115: Building] INFO  o.a.m.s.f.DefaultMavenResourcesFiltering - skip non existing resourceDirectory C:\Java Training\main\Central-Project-Repo-HMS-\HealthSureClient\src\test\resources
2025-06-12 15:20:06,196 [Worker-110: Building] INFO  o.a.m.s.f.DefaultMavenResourcesFiltering - skip non existing resourceDirectory C:\Java Training\main\Central-Project-Repo-HMS-\HealthSureClient\src\main\resources
2025-06-12 15:20:06,201 [Worker-110: Building] INFO  o.a.m.s.f.DefaultMavenResourcesFiltering - skip non existing resourceDirectory C:\Java Training\main\Central-Project-Repo-HMS-\HealthSureClient\src\test\resources
2025-06-12 15:20:12,005 [Worker-101: Building] INFO  o.a.m.s.f.DefaultMavenResourcesFiltering - skip non existing resourceDirectory C:\Java Training\main\Central-Project-Repo-HMS-\HealthSureClient\src\main\resources
2025-06-12 15:20:12,009 [Worker-101: Building] INFO  o.a.m.s.f.DefaultMavenResourcesFiltering - skip non existing resourceDirectory C:\Java Training\main\Central-Project-Repo-HMS-\HealthSureClient\src\test\resources
2025-06-12 15:20:23,534 [Worker-116: Building] INFO  o.a.m.s.f.DefaultMavenResourcesFiltering - skip non existing resourceDirectory C:\Java Training\main\Central-Project-Repo-HMS-\HealthSureClient\src\main\resources
2025-06-12 15:20:23,539 [Worker-116: Building] INFO  o.a.m.s.f.DefaultMavenResourcesFiltering - skip non existing resourceDirectory C:\Java Training\main\Central-Project-Repo-HMS-\HealthSureClient\src\test\resources
2025-06-12 15:31:04,435 [Worker-113: Building] INFO  o.a.m.s.f.DefaultMavenResourcesFiltering - skip non existing resourceDirectory C:\Java Training\main\Central-Project-Repo-HMS-\HealthSureClient\src\main\resources
2025-06-12 15:31:04,440 [Worker-113: Building] INFO  o.a.m.s.f.DefaultMavenResourcesFiltering - skip non existing resourceDirectory C:\Java Training\main\Central-Project-Repo-HMS-\HealthSureClient\src\test\resources
